[0.249s] DEBUG:colcon:Command line arguments: ['/usr/bin/colcon', 'build', '--build-base', '/home/ros/ros/build/src/chrono_ros/chrono_ros_interfaces', '--install-base', '/home/ros/ros/build/src/chrono_ros/chrono_ros_interfaces/']
[0.249s] DEBUG:colcon:Parsed command line arguments: Namespace(log_base=None, log_level=None, verb_name='build', build_base='/home/ros/ros/build/src/chrono_ros/chrono_ros_interfaces', install_base='/home/ros/ros/build/src/chrono_ros/chrono_ros_interfaces/', merge_install=False, symlink_install=False, test_result_base=None, continue_on_error=False, executor='parallel', parallel_workers=12, event_handlers=None, ignore_user_meta=False, metas=['./colcon.meta'], base_paths=['.'], packages_ignore=None, packages_ignore_regex=None, paths=None, packages_up_to=None, packages_up_to_regex=None, packages_above=None, packages_above_and_dependencies=None, packages_above_depth=None, packages_select_by_dep=None, packages_skip_by_dep=None, packages_skip_up_to=None, packages_select_build_failed=False, packages_skip_build_finished=False, packages_select_test_failures=False, packages_skip_test_passed=False, packages_select=None, packages_skip=None, packages_select_regex=None, packages_skip_regex=None, packages_start=None, packages_end=None, allow_overriding=[], cmake_args=None, cmake_target=None, cmake_target_skip_unavailable=False, cmake_clean_cache=False, cmake_clean_first=False, cmake_force_configure=False, ament_cmake_args=None, catkin_cmake_args=None, catkin_skip_building_tests=False, verb_parser=<colcon_defaults.argument_parser.defaults.DefaultArgumentsDecorator object at 0x7fabec2737f0>, verb_extension=<colcon_core.verb.build.BuildVerb object at 0x7fabeca95150>, main=<bound method BuildVerb.main of <colcon_core.verb.build.BuildVerb object at 0x7fabeca95150>>)
[0.277s] Level 1:colcon.colcon_core.package_discovery:discover_packages(colcon_meta) check parameters
[0.277s] Level 1:colcon.colcon_core.package_discovery:discover_packages(recursive) check parameters
[0.277s] Level 1:colcon.colcon_core.package_discovery:discover_packages(ignore) check parameters
[0.277s] Level 1:colcon.colcon_core.package_discovery:discover_packages(path) check parameters
[0.277s] Level 1:colcon.colcon_core.package_discovery:discover_packages(colcon_meta) discover
[0.277s] Level 1:colcon.colcon_core.package_discovery:discover_packages(recursive) discover
[0.277s] INFO:colcon.colcon_core.package_discovery:Crawling recursively for packages in '/home/ros/ros/src/chrono_ros/chrono_ros_interfaces'
[0.277s] Level 1:colcon.colcon_core.package_identification:_identify(.) by extensions ['ignore', 'ignore_ament_install']
[0.277s] Level 1:colcon.colcon_core.package_identification:_identify(.) by extension 'ignore'
[0.278s] Level 1:colcon.colcon_core.package_identification:_identify(.) by extension 'ignore_ament_install'
[0.278s] Level 1:colcon.colcon_core.package_identification:_identify(.) by extensions ['colcon_pkg']
[0.278s] Level 1:colcon.colcon_core.package_identification:_identify(.) by extension 'colcon_pkg'
[0.278s] Level 1:colcon.colcon_core.package_identification:_identify(.) by extensions ['colcon_meta']
[0.278s] Level 1:colcon.colcon_core.package_identification:_identify(.) by extension 'colcon_meta'
[0.278s] Level 1:colcon.colcon_core.package_identification:_identify(.) by extensions ['ros']
[0.278s] Level 1:colcon.colcon_core.package_identification:_identify(.) by extension 'ros'
[0.290s] DEBUG:colcon.colcon_core.package_identification:Package '.' with type 'ros.ament_cmake' and name 'chrono_ros_interfaces'
[0.290s] Level 1:colcon.colcon_core.package_discovery:discover_packages(recursive) using defaults
[0.290s] Level 1:colcon.colcon_core.package_discovery:discover_packages(ignore) discover
[0.290s] Level 1:colcon.colcon_core.package_discovery:discover_packages(ignore) using defaults
[0.290s] Level 1:colcon.colcon_core.package_discovery:discover_packages(path) discover
[0.290s] Level 1:colcon.colcon_core.package_discovery:discover_packages(path) using defaults
[0.308s] Level 1:colcon.colcon_core.package_discovery:discover_packages(prefix_path) check parameters
[0.308s] Level 1:colcon.colcon_core.package_discovery:discover_packages(prefix_path) discover
[0.311s] DEBUG:colcon.colcon_installed_package_information.package_discovery:Found 192 installed packages in /opt/ros/iron
[0.312s] Level 1:colcon.colcon_core.package_discovery:discover_packages(prefix_path) using defaults
[0.336s] Level 5:colcon.colcon_core.verb:set package 'chrono_ros_interfaces' build argument 'cmake_args' from command line to 'None'
[0.336s] Level 5:colcon.colcon_core.verb:set package 'chrono_ros_interfaces' build argument 'cmake_target' from command line to 'None'
[0.336s] Level 5:colcon.colcon_core.verb:set package 'chrono_ros_interfaces' build argument 'cmake_target_skip_unavailable' from command line to 'False'
[0.336s] Level 5:colcon.colcon_core.verb:set package 'chrono_ros_interfaces' build argument 'cmake_clean_cache' from command line to 'False'
[0.336s] Level 5:colcon.colcon_core.verb:set package 'chrono_ros_interfaces' build argument 'cmake_clean_first' from command line to 'False'
[0.336s] Level 5:colcon.colcon_core.verb:set package 'chrono_ros_interfaces' build argument 'cmake_force_configure' from command line to 'False'
[0.336s] Level 5:colcon.colcon_core.verb:set package 'chrono_ros_interfaces' build argument 'ament_cmake_args' from command line to 'None'
[0.336s] Level 5:colcon.colcon_core.verb:set package 'chrono_ros_interfaces' build argument 'catkin_cmake_args' from command line to 'None'
[0.336s] Level 5:colcon.colcon_core.verb:set package 'chrono_ros_interfaces' build argument 'catkin_skip_building_tests' from command line to 'False'
[0.336s] DEBUG:colcon.colcon_core.verb:Building package 'chrono_ros_interfaces' with the following arguments: {'ament_cmake_args': None, 'build_base': '/home/ros/ros/build/src/chrono_ros/chrono_ros_interfaces/chrono_ros_interfaces', 'catkin_cmake_args': None, 'catkin_skip_building_tests': False, 'cmake_args': None, 'cmake_clean_cache': False, 'cmake_clean_first': False, 'cmake_force_configure': False, 'cmake_target': None, 'cmake_target_skip_unavailable': False, 'install_base': '/home/ros/ros/build/src/chrono_ros/chrono_ros_interfaces/chrono_ros_interfaces', 'merge_install': False, 'path': '/home/ros/ros/src/chrono_ros/chrono_ros_interfaces', 'symlink_install': False, 'test_result_base': None}
[0.337s] INFO:colcon.colcon_core.executor:Executing jobs using 'parallel' executor
[0.339s] DEBUG:colcon.colcon_parallel_executor.executor.parallel:run_until_complete
[0.339s] INFO:colcon.colcon_ros.task.ament_cmake.build:Building ROS package in '/home/ros/ros/src/chrono_ros/chrono_ros_interfaces' with build type 'ament_cmake'
[0.339s] INFO:colcon.colcon_cmake.task.cmake.build:Building CMake package in '/home/ros/ros/src/chrono_ros/chrono_ros_interfaces'
[0.342s] INFO:colcon.colcon_core.plugin_system:Skipping extension 'colcon_core.shell.bat': Not used on non-Windows systems
[0.342s] INFO:colcon.colcon_core.shell:Skip shell extension 'powershell' for command environment: Not usable outside of PowerShell
[0.342s] DEBUG:colcon.colcon_core.shell:Skip shell extension 'dsv' for command environment
[0.348s] DEBUG:colcon.colcon_core.event_handler.log_command:Invoking command in '/home/ros/ros/build/src/chrono_ros/chrono_ros_interfaces/chrono_ros_interfaces': CMAKE_PREFIX_PATH=/opt/ros/iron /usr/bin/cmake /home/ros/ros/src/chrono_ros/chrono_ros_interfaces -DCMAKE_INSTALL_PREFIX=/home/ros/ros/build/src/chrono_ros/chrono_ros_interfaces/chrono_ros_interfaces
[2.071s] DEBUG:colcon.colcon_core.event_handler.log_command:Invoked command in '/home/ros/ros/build/src/chrono_ros/chrono_ros_interfaces/chrono_ros_interfaces' returned '0': CMAKE_PREFIX_PATH=/opt/ros/iron /usr/bin/cmake /home/ros/ros/src/chrono_ros/chrono_ros_interfaces -DCMAKE_INSTALL_PREFIX=/home/ros/ros/build/src/chrono_ros/chrono_ros_interfaces/chrono_ros_interfaces
[2.072s] DEBUG:colcon.colcon_core.event_handler.log_command:Invoking command in '/home/ros/ros/build/src/chrono_ros/chrono_ros_interfaces/chrono_ros_interfaces': CMAKE_PREFIX_PATH=/opt/ros/iron /usr/bin/cmake --build /home/ros/ros/build/src/chrono_ros/chrono_ros_interfaces/chrono_ros_interfaces -- -j12 -l12
[5.403s] DEBUG:colcon.colcon_core.event_handler.log_command:Invoked command in '/home/ros/ros/build/src/chrono_ros/chrono_ros_interfaces/chrono_ros_interfaces' returned '0': CMAKE_PREFIX_PATH=/opt/ros/iron /usr/bin/cmake --build /home/ros/ros/build/src/chrono_ros/chrono_ros_interfaces/chrono_ros_interfaces -- -j12 -l12
[5.486s] DEBUG:colcon.colcon_core.event_handler.log_command:Invoking command in '/home/ros/ros/build/src/chrono_ros/chrono_ros_interfaces/chrono_ros_interfaces': CMAKE_PREFIX_PATH=/opt/ros/iron /usr/bin/cmake --install /home/ros/ros/build/src/chrono_ros/chrono_ros_interfaces/chrono_ros_interfaces
[5.546s] Level 1:colcon.colcon_core.environment:create_environment_scripts_only(chrono_ros_interfaces)
[5.547s] DEBUG:colcon.colcon_core.event_handler.log_command:Invoked command in '/home/ros/ros/build/src/chrono_ros/chrono_ros_interfaces/chrono_ros_interfaces' returned '0': CMAKE_PREFIX_PATH=/opt/ros/iron /usr/bin/cmake --install /home/ros/ros/build/src/chrono_ros/chrono_ros_interfaces/chrono_ros_interfaces
[5.553s] Level 1:colcon.colcon_core.environment:checking '/home/ros/ros/build/src/chrono_ros/chrono_ros_interfaces/chrono_ros_interfaces' for CMake module files
[5.554s] Level 1:colcon.colcon_core.environment:checking '/home/ros/ros/build/src/chrono_ros/chrono_ros_interfaces/chrono_ros_interfaces' for CMake config files
[5.554s] Level 1:colcon.colcon_core.shell:create_environment_hook('chrono_ros_interfaces', 'cmake_prefix_path')
[5.556s] INFO:colcon.colcon_core.shell:Creating environment hook '/home/ros/ros/build/src/chrono_ros/chrono_ros_interfaces/chrono_ros_interfaces/share/chrono_ros_interfaces/hook/cmake_prefix_path.ps1'
[5.556s] INFO:colcon.colcon_core.shell:Creating environment descriptor '/home/ros/ros/build/src/chrono_ros/chrono_ros_interfaces/chrono_ros_interfaces/share/chrono_ros_interfaces/hook/cmake_prefix_path.dsv'
[5.557s] INFO:colcon.colcon_core.shell:Creating environment hook '/home/ros/ros/build/src/chrono_ros/chrono_ros_interfaces/chrono_ros_interfaces/share/chrono_ros_interfaces/hook/cmake_prefix_path.sh'
[5.558s] Level 1:colcon.colcon_core.environment:checking '/home/ros/ros/build/src/chrono_ros/chrono_ros_interfaces/chrono_ros_interfaces/libchrono_ros_interfaces__rosidl_typesupport_c.so'
[5.558s] Level 1:colcon.colcon_core.environment:checking '/home/ros/ros/build/src/chrono_ros/chrono_ros_interfaces/chrono_ros_interfaces/libchrono_ros_interfaces__rosidl_generator_c.so'
[5.559s] Level 1:colcon.colcon_core.environment:checking '/home/ros/ros/build/src/chrono_ros/chrono_ros_interfaces/chrono_ros_interfaces/libchrono_ros_interfaces__rosidl_typesupport_fastrtps_cpp.so'
[5.559s] Level 1:colcon.colcon_core.environment:checking '/home/ros/ros/build/src/chrono_ros/chrono_ros_interfaces/chrono_ros_interfaces/libchrono_ros_interfaces__rosidl_typesupport_introspection_c.so'
[5.559s] Level 1:colcon.colcon_core.environment:checking '/home/ros/ros/build/src/chrono_ros/chrono_ros_interfaces/chrono_ros_interfaces/libchrono_ros_interfaces__rosidl_typesupport_fastrtps_c.so'
[5.559s] Level 1:colcon.colcon_core.environment:checking '/home/ros/ros/build/src/chrono_ros/chrono_ros_interfaces/chrono_ros_interfaces/lib'
[5.559s] Level 1:colcon.colcon_core.shell:create_environment_hook('chrono_ros_interfaces', 'ld_library_path_lib')
[5.560s] INFO:colcon.colcon_core.shell:Creating environment hook '/home/ros/ros/build/src/chrono_ros/chrono_ros_interfaces/chrono_ros_interfaces/share/chrono_ros_interfaces/hook/ld_library_path_lib.ps1'
[5.561s] INFO:colcon.colcon_core.shell:Creating environment descriptor '/home/ros/ros/build/src/chrono_ros/chrono_ros_interfaces/chrono_ros_interfaces/share/chrono_ros_interfaces/hook/ld_library_path_lib.dsv'
[5.561s] INFO:colcon.colcon_core.shell:Creating environment hook '/home/ros/ros/build/src/chrono_ros/chrono_ros_interfaces/chrono_ros_interfaces/share/chrono_ros_interfaces/hook/ld_library_path_lib.sh'
[5.561s] Level 1:colcon.colcon_core.environment:checking '/home/ros/ros/build/src/chrono_ros/chrono_ros_interfaces/chrono_ros_interfaces/libchrono_ros_interfaces__rosidl_typesupport_introspection_cpp.so'
[5.562s] Level 1:colcon.colcon_core.environment:checking '/home/ros/ros/build/src/chrono_ros/chrono_ros_interfaces/chrono_ros_interfaces/libchrono_ros_interfaces__rosidl_typesupport_cpp.so'
[5.562s] Level 1:colcon.colcon_core.environment:checking '/home/ros/ros/build/src/chrono_ros/chrono_ros_interfaces/chrono_ros_interfaces/bin'
[5.562s] Level 1:colcon.colcon_core.environment:checking '/home/ros/ros/build/src/chrono_ros/chrono_ros_interfaces/chrono_ros_interfaces/lib/pkgconfig/chrono_ros_interfaces.pc'
[5.562s] Level 1:colcon.colcon_core.environment:checking '/home/ros/ros/build/src/chrono_ros/chrono_ros_interfaces/chrono_ros_interfaces/lib/python3.10/site-packages'
[5.562s] Level 1:colcon.colcon_core.shell:create_environment_hook('chrono_ros_interfaces', 'pythonpath')
[5.564s] INFO:colcon.colcon_core.shell:Creating environment hook '/home/ros/ros/build/src/chrono_ros/chrono_ros_interfaces/chrono_ros_interfaces/share/chrono_ros_interfaces/hook/pythonpath.ps1'
[5.564s] INFO:colcon.colcon_core.shell:Creating environment descriptor '/home/ros/ros/build/src/chrono_ros/chrono_ros_interfaces/chrono_ros_interfaces/share/chrono_ros_interfaces/hook/pythonpath.dsv'
[5.564s] INFO:colcon.colcon_core.shell:Creating environment hook '/home/ros/ros/build/src/chrono_ros/chrono_ros_interfaces/chrono_ros_interfaces/share/chrono_ros_interfaces/hook/pythonpath.sh'
[5.565s] Level 1:colcon.colcon_core.environment:checking '/home/ros/ros/build/src/chrono_ros/chrono_ros_interfaces/chrono_ros_interfaces/bin'
[5.567s] INFO:colcon.colcon_core.shell:Creating package script '/home/ros/ros/build/src/chrono_ros/chrono_ros_interfaces/chrono_ros_interfaces/share/chrono_ros_interfaces/package.ps1'
[5.568s] INFO:colcon.colcon_core.shell:Creating package descriptor '/home/ros/ros/build/src/chrono_ros/chrono_ros_interfaces/chrono_ros_interfaces/share/chrono_ros_interfaces/package.dsv'
[5.568s] INFO:colcon.colcon_core.shell:Creating package script '/home/ros/ros/build/src/chrono_ros/chrono_ros_interfaces/chrono_ros_interfaces/share/chrono_ros_interfaces/package.sh'
[5.569s] INFO:colcon.colcon_core.shell:Creating package script '/home/ros/ros/build/src/chrono_ros/chrono_ros_interfaces/chrono_ros_interfaces/share/chrono_ros_interfaces/package.bash'
[5.570s] INFO:colcon.colcon_core.shell:Creating package script '/home/ros/ros/build/src/chrono_ros/chrono_ros_interfaces/chrono_ros_interfaces/share/chrono_ros_interfaces/package.zsh'
[5.571s] Level 1:colcon.colcon_core.environment:create_file_with_runtime_dependencies(/home/ros/ros/build/src/chrono_ros/chrono_ros_interfaces/chrono_ros_interfaces/share/colcon-core/packages/chrono_ros_interfaces)
[5.675s] Level 1:colcon.colcon_core.environment:create_environment_scripts_only(chrono_ros_interfaces)
[5.676s] Level 1:colcon.colcon_core.environment:checking '/home/ros/ros/build/src/chrono_ros/chrono_ros_interfaces/chrono_ros_interfaces' for CMake module files
[5.677s] Level 1:colcon.colcon_core.environment:checking '/home/ros/ros/build/src/chrono_ros/chrono_ros_interfaces/chrono_ros_interfaces' for CMake config files
[5.678s] Level 1:colcon.colcon_core.shell:create_environment_hook('chrono_ros_interfaces', 'cmake_prefix_path')
[5.679s] INFO:colcon.colcon_core.shell:Creating environment hook '/home/ros/ros/build/src/chrono_ros/chrono_ros_interfaces/chrono_ros_interfaces/share/chrono_ros_interfaces/hook/cmake_prefix_path.ps1'
[5.679s] INFO:colcon.colcon_core.shell:Creating environment descriptor '/home/ros/ros/build/src/chrono_ros/chrono_ros_interfaces/chrono_ros_interfaces/share/chrono_ros_interfaces/hook/cmake_prefix_path.dsv'
[5.679s] INFO:colcon.colcon_core.shell:Creating environment hook '/home/ros/ros/build/src/chrono_ros/chrono_ros_interfaces/chrono_ros_interfaces/share/chrono_ros_interfaces/hook/cmake_prefix_path.sh'
[5.680s] Level 1:colcon.colcon_core.environment:checking '/home/ros/ros/build/src/chrono_ros/chrono_ros_interfaces/chrono_ros_interfaces/libchrono_ros_interfaces__rosidl_typesupport_c.so'
[5.680s] Level 1:colcon.colcon_core.environment:checking '/home/ros/ros/build/src/chrono_ros/chrono_ros_interfaces/chrono_ros_interfaces/libchrono_ros_interfaces__rosidl_generator_c.so'
[5.680s] Level 1:colcon.colcon_core.environment:checking '/home/ros/ros/build/src/chrono_ros/chrono_ros_interfaces/chrono_ros_interfaces/libchrono_ros_interfaces__rosidl_typesupport_fastrtps_cpp.so'
[5.680s] Level 1:colcon.colcon_core.environment:checking '/home/ros/ros/build/src/chrono_ros/chrono_ros_interfaces/chrono_ros_interfaces/libchrono_ros_interfaces__rosidl_typesupport_introspection_c.so'
[5.680s] Level 1:colcon.colcon_core.environment:checking '/home/ros/ros/build/src/chrono_ros/chrono_ros_interfaces/chrono_ros_interfaces/libchrono_ros_interfaces__rosidl_typesupport_fastrtps_c.so'
[5.680s] Level 1:colcon.colcon_core.environment:checking '/home/ros/ros/build/src/chrono_ros/chrono_ros_interfaces/chrono_ros_interfaces/lib'
[5.680s] Level 1:colcon.colcon_core.shell:create_environment_hook('chrono_ros_interfaces', 'ld_library_path_lib')
[5.682s] INFO:colcon.colcon_core.shell:Creating environment hook '/home/ros/ros/build/src/chrono_ros/chrono_ros_interfaces/chrono_ros_interfaces/share/chrono_ros_interfaces/hook/ld_library_path_lib.ps1'
[5.682s] INFO:colcon.colcon_core.shell:Creating environment descriptor '/home/ros/ros/build/src/chrono_ros/chrono_ros_interfaces/chrono_ros_interfaces/share/chrono_ros_interfaces/hook/ld_library_path_lib.dsv'
[5.682s] INFO:colcon.colcon_core.shell:Creating environment hook '/home/ros/ros/build/src/chrono_ros/chrono_ros_interfaces/chrono_ros_interfaces/share/chrono_ros_interfaces/hook/ld_library_path_lib.sh'
[5.683s] Level 1:colcon.colcon_core.environment:checking '/home/ros/ros/build/src/chrono_ros/chrono_ros_interfaces/chrono_ros_interfaces/libchrono_ros_interfaces__rosidl_typesupport_introspection_cpp.so'
[5.683s] Level 1:colcon.colcon_core.environment:checking '/home/ros/ros/build/src/chrono_ros/chrono_ros_interfaces/chrono_ros_interfaces/libchrono_ros_interfaces__rosidl_typesupport_cpp.so'
[5.683s] Level 1:colcon.colcon_core.environment:checking '/home/ros/ros/build/src/chrono_ros/chrono_ros_interfaces/chrono_ros_interfaces/bin'
[5.683s] Level 1:colcon.colcon_core.environment:checking '/home/ros/ros/build/src/chrono_ros/chrono_ros_interfaces/chrono_ros_interfaces/lib/pkgconfig/chrono_ros_interfaces.pc'
[5.683s] Level 1:colcon.colcon_core.environment:checking '/home/ros/ros/build/src/chrono_ros/chrono_ros_interfaces/chrono_ros_interfaces/lib/python3.10/site-packages'
[5.683s] Level 1:colcon.colcon_core.shell:create_environment_hook('chrono_ros_interfaces', 'pythonpath')
[5.684s] INFO:colcon.colcon_core.shell:Creating environment hook '/home/ros/ros/build/src/chrono_ros/chrono_ros_interfaces/chrono_ros_interfaces/share/chrono_ros_interfaces/hook/pythonpath.ps1'
[5.685s] INFO:colcon.colcon_core.shell:Creating environment descriptor '/home/ros/ros/build/src/chrono_ros/chrono_ros_interfaces/chrono_ros_interfaces/share/chrono_ros_interfaces/hook/pythonpath.dsv'
[5.685s] INFO:colcon.colcon_core.shell:Creating environment hook '/home/ros/ros/build/src/chrono_ros/chrono_ros_interfaces/chrono_ros_interfaces/share/chrono_ros_interfaces/hook/pythonpath.sh'
[5.685s] Level 1:colcon.colcon_core.environment:checking '/home/ros/ros/build/src/chrono_ros/chrono_ros_interfaces/chrono_ros_interfaces/bin'
[5.687s] INFO:colcon.colcon_core.shell:Creating package script '/home/ros/ros/build/src/chrono_ros/chrono_ros_interfaces/chrono_ros_interfaces/share/chrono_ros_interfaces/package.ps1'
[5.687s] INFO:colcon.colcon_core.shell:Creating package descriptor '/home/ros/ros/build/src/chrono_ros/chrono_ros_interfaces/chrono_ros_interfaces/share/chrono_ros_interfaces/package.dsv'
[5.688s] INFO:colcon.colcon_core.shell:Creating package script '/home/ros/ros/build/src/chrono_ros/chrono_ros_interfaces/chrono_ros_interfaces/share/chrono_ros_interfaces/package.sh'
[5.688s] INFO:colcon.colcon_core.shell:Creating package script '/home/ros/ros/build/src/chrono_ros/chrono_ros_interfaces/chrono_ros_interfaces/share/chrono_ros_interfaces/package.bash'
[5.689s] INFO:colcon.colcon_core.shell:Creating package script '/home/ros/ros/build/src/chrono_ros/chrono_ros_interfaces/chrono_ros_interfaces/share/chrono_ros_interfaces/package.zsh'
[5.689s] Level 1:colcon.colcon_core.environment:create_file_with_runtime_dependencies(/home/ros/ros/build/src/chrono_ros/chrono_ros_interfaces/chrono_ros_interfaces/share/colcon-core/packages/chrono_ros_interfaces)
[5.689s] DEBUG:colcon.colcon_parallel_executor.executor.parallel:closing loop
[5.690s] DEBUG:colcon.colcon_parallel_executor.executor.parallel:loop closed
[5.690s] DEBUG:colcon.colcon_parallel_executor.executor.parallel:run_until_complete finished with '0'
[5.690s] DEBUG:colcon.colcon_core.event_reactor:joining thread
[5.696s] INFO:colcon.colcon_core.plugin_system:Skipping extension 'colcon_notification.desktop_notification.notify_send': Could not find 'notify-send'
[5.696s] INFO:colcon.colcon_core.plugin_system:Skipping extension 'colcon_notification.desktop_notification.terminal_notifier': Not used on non-Darwin systems
[5.696s] INFO:colcon.colcon_core.plugin_system:Skipping extension 'colcon_notification.desktop_notification.win32': Not used on non-Windows systems
[5.696s] INFO:colcon.colcon_notification.desktop_notification:Sending desktop notification using 'notify2'
[5.696s] DEBUG:colcon.colcon_notification.desktop_notification.notify2:Failed to initialize notify2: org.freedesktop.DBus.Error.NotSupported: Unable to autolaunch a dbus-daemon without a $DISPLAY for X11
[5.696s] DEBUG:colcon.colcon_core.event_reactor:joined thread
[5.697s] INFO:colcon.colcon_core.shell:Creating prefix script '/home/ros/ros/build/src/chrono_ros/chrono_ros_interfaces/local_setup.ps1'
[5.698s] INFO:colcon.colcon_core.shell:Creating prefix util module '/home/ros/ros/build/src/chrono_ros/chrono_ros_interfaces/_local_setup_util_ps1.py'
[5.700s] INFO:colcon.colcon_core.shell:Creating prefix chain script '/home/ros/ros/build/src/chrono_ros/chrono_ros_interfaces/setup.ps1'
[5.701s] INFO:colcon.colcon_core.shell:Creating prefix script '/home/ros/ros/build/src/chrono_ros/chrono_ros_interfaces/local_setup.sh'
[5.702s] INFO:colcon.colcon_core.shell:Creating prefix util module '/home/ros/ros/build/src/chrono_ros/chrono_ros_interfaces/_local_setup_util_sh.py'
[5.702s] INFO:colcon.colcon_core.shell:Creating prefix chain script '/home/ros/ros/build/src/chrono_ros/chrono_ros_interfaces/setup.sh'
[5.703s] INFO:colcon.colcon_core.shell:Creating prefix script '/home/ros/ros/build/src/chrono_ros/chrono_ros_interfaces/local_setup.bash'
[5.704s] INFO:colcon.colcon_core.shell:Creating prefix chain script '/home/ros/ros/build/src/chrono_ros/chrono_ros_interfaces/setup.bash'
[5.705s] INFO:colcon.colcon_core.shell:Creating prefix script '/home/ros/ros/build/src/chrono_ros/chrono_ros_interfaces/local_setup.zsh'
[5.705s] INFO:colcon.colcon_core.shell:Creating prefix chain script '/home/ros/ros/build/src/chrono_ros/chrono_ros_interfaces/setup.zsh'
