[0.188s] DEBUG:colcon:Command line arguments: ['/usr/bin/colcon', 'build', '--build-base', '/home/ros/ros/build/src/chrono_ros/chrono_ros_interfaces', '--install-base', '/home/ros/ros/build/src/chrono_ros/chrono_ros_interfaces/']
[0.188s] DEBUG:colcon:Parsed command line arguments: Namespace(log_base=None, log_level=None, verb_name='build', build_base='/home/ros/ros/build/src/chrono_ros/chrono_ros_interfaces', install_base='/home/ros/ros/build/src/chrono_ros/chrono_ros_interfaces/', merge_install=False, symlink_install=False, test_result_base=None, continue_on_error=False, executor='parallel', parallel_workers=12, event_handlers=None, ignore_user_meta=False, metas=['./colcon.meta'], base_paths=['.'], packages_ignore=None, packages_ignore_regex=None, paths=None, packages_up_to=None, packages_up_to_regex=None, packages_above=None, packages_above_and_dependencies=None, packages_above_depth=None, packages_select_by_dep=None, packages_skip_by_dep=None, packages_skip_up_to=None, packages_select_build_failed=False, packages_skip_build_finished=False, packages_select_test_failures=False, packages_skip_test_passed=False, packages_select=None, packages_skip=None, packages_select_regex=None, packages_skip_regex=None, packages_start=None, packages_end=None, allow_overriding=[], cmake_args=None, cmake_target=None, cmake_target_skip_unavailable=False, cmake_clean_cache=False, cmake_clean_first=False, cmake_force_configure=False, ament_cmake_args=None, catkin_cmake_args=None, catkin_skip_building_tests=False, verb_parser=<colcon_defaults.argument_parser.defaults.DefaultArgumentsDecorator object at 0x7f873eb53a90>, verb_extension=<colcon_core.verb.build.BuildVerb object at 0x7f873f375240>, main=<bound method BuildVerb.main of <colcon_core.verb.build.BuildVerb object at 0x7f873f375240>>)
[0.210s] Level 1:colcon.colcon_core.package_discovery:discover_packages(colcon_meta) check parameters
[0.210s] Level 1:colcon.colcon_core.package_discovery:discover_packages(recursive) check parameters
[0.210s] Level 1:colcon.colcon_core.package_discovery:discover_packages(ignore) check parameters
[0.210s] Level 1:colcon.colcon_core.package_discovery:discover_packages(path) check parameters
[0.210s] Level 1:colcon.colcon_core.package_discovery:discover_packages(colcon_meta) discover
[0.210s] Level 1:colcon.colcon_core.package_discovery:discover_packages(recursive) discover
[0.210s] INFO:colcon.colcon_core.package_discovery:Crawling recursively for packages in '/home/ros/ros/src/chrono_ros/chrono_ros_interfaces'
[0.210s] Level 1:colcon.colcon_core.package_identification:_identify(.) by extensions ['ignore', 'ignore_ament_install']
[0.210s] Level 1:colcon.colcon_core.package_identification:_identify(.) by extension 'ignore'
[0.210s] Level 1:colcon.colcon_core.package_identification:_identify(.) by extension 'ignore_ament_install'
[0.210s] Level 1:colcon.colcon_core.package_identification:_identify(.) by extensions ['colcon_pkg']
[0.210s] Level 1:colcon.colcon_core.package_identification:_identify(.) by extension 'colcon_pkg'
[0.211s] Level 1:colcon.colcon_core.package_identification:_identify(.) by extensions ['colcon_meta']
[0.211s] Level 1:colcon.colcon_core.package_identification:_identify(.) by extension 'colcon_meta'
[0.211s] Level 1:colcon.colcon_core.package_identification:_identify(.) by extensions ['ros']
[0.211s] Level 1:colcon.colcon_core.package_identification:_identify(.) by extension 'ros'
[0.220s] DEBUG:colcon.colcon_core.package_identification:Package '.' with type 'ros.ament_cmake' and name 'chrono_ros_interfaces'
[0.220s] Level 1:colcon.colcon_core.package_discovery:discover_packages(recursive) using defaults
[0.220s] Level 1:colcon.colcon_core.package_discovery:discover_packages(ignore) discover
[0.220s] Level 1:colcon.colcon_core.package_discovery:discover_packages(ignore) using defaults
[0.220s] Level 1:colcon.colcon_core.package_discovery:discover_packages(path) discover
[0.220s] Level 1:colcon.colcon_core.package_discovery:discover_packages(path) using defaults
[0.236s] Level 1:colcon.colcon_core.package_discovery:discover_packages(prefix_path) check parameters
[0.236s] Level 1:colcon.colcon_core.package_discovery:discover_packages(prefix_path) discover
[0.238s] DEBUG:colcon.colcon_installed_package_information.package_discovery:Found 192 installed packages in /opt/ros/iron
[0.239s] Level 1:colcon.colcon_core.package_discovery:discover_packages(prefix_path) using defaults
[0.262s] Level 5:colcon.colcon_core.verb:set package 'chrono_ros_interfaces' build argument 'cmake_args' from command line to 'None'
[0.262s] Level 5:colcon.colcon_core.verb:set package 'chrono_ros_interfaces' build argument 'cmake_target' from command line to 'None'
[0.262s] Level 5:colcon.colcon_core.verb:set package 'chrono_ros_interfaces' build argument 'cmake_target_skip_unavailable' from command line to 'False'
[0.262s] Level 5:colcon.colcon_core.verb:set package 'chrono_ros_interfaces' build argument 'cmake_clean_cache' from command line to 'False'
[0.262s] Level 5:colcon.colcon_core.verb:set package 'chrono_ros_interfaces' build argument 'cmake_clean_first' from command line to 'False'
[0.262s] Level 5:colcon.colcon_core.verb:set package 'chrono_ros_interfaces' build argument 'cmake_force_configure' from command line to 'False'
[0.262s] Level 5:colcon.colcon_core.verb:set package 'chrono_ros_interfaces' build argument 'ament_cmake_args' from command line to 'None'
[0.262s] Level 5:colcon.colcon_core.verb:set package 'chrono_ros_interfaces' build argument 'catkin_cmake_args' from command line to 'None'
[0.262s] Level 5:colcon.colcon_core.verb:set package 'chrono_ros_interfaces' build argument 'catkin_skip_building_tests' from command line to 'False'
[0.262s] DEBUG:colcon.colcon_core.verb:Building package 'chrono_ros_interfaces' with the following arguments: {'ament_cmake_args': None, 'build_base': '/home/ros/ros/build/src/chrono_ros/chrono_ros_interfaces/chrono_ros_interfaces', 'catkin_cmake_args': None, 'catkin_skip_building_tests': False, 'cmake_args': None, 'cmake_clean_cache': False, 'cmake_clean_first': False, 'cmake_force_configure': False, 'cmake_target': None, 'cmake_target_skip_unavailable': False, 'install_base': '/home/ros/ros/build/src/chrono_ros/chrono_ros_interfaces/chrono_ros_interfaces', 'merge_install': False, 'path': '/home/ros/ros/src/chrono_ros/chrono_ros_interfaces', 'symlink_install': False, 'test_result_base': None}
[0.262s] INFO:colcon.colcon_core.executor:Executing jobs using 'parallel' executor
[0.265s] DEBUG:colcon.colcon_parallel_executor.executor.parallel:run_until_complete
[0.265s] INFO:colcon.colcon_ros.task.ament_cmake.build:Building ROS package in '/home/ros/ros/src/chrono_ros/chrono_ros_interfaces' with build type 'ament_cmake'
[0.265s] INFO:colcon.colcon_cmake.task.cmake.build:Building CMake package in '/home/ros/ros/src/chrono_ros/chrono_ros_interfaces'
[0.268s] INFO:colcon.colcon_core.plugin_system:Skipping extension 'colcon_core.shell.bat': Not used on non-Windows systems
[0.268s] INFO:colcon.colcon_core.shell:Skip shell extension 'powershell' for command environment: Not usable outside of PowerShell
[0.268s] DEBUG:colcon.colcon_core.shell:Skip shell extension 'dsv' for command environment
[0.273s] DEBUG:colcon.colcon_core.event_handler.log_command:Invoking command in '/home/ros/ros/build/src/chrono_ros/chrono_ros_interfaces/chrono_ros_interfaces': CMAKE_PREFIX_PATH=/opt/ros/iron /usr/bin/cmake /home/ros/ros/src/chrono_ros/chrono_ros_interfaces -DCMAKE_INSTALL_PREFIX=/home/ros/ros/build/src/chrono_ros/chrono_ros_interfaces/chrono_ros_interfaces
[1.902s] DEBUG:colcon.colcon_core.event_handler.log_command:Invoked command in '/home/ros/ros/build/src/chrono_ros/chrono_ros_interfaces/chrono_ros_interfaces' returned '0': CMAKE_PREFIX_PATH=/opt/ros/iron /usr/bin/cmake /home/ros/ros/src/chrono_ros/chrono_ros_interfaces -DCMAKE_INSTALL_PREFIX=/home/ros/ros/build/src/chrono_ros/chrono_ros_interfaces/chrono_ros_interfaces
[1.904s] DEBUG:colcon.colcon_core.event_handler.log_command:Invoking command in '/home/ros/ros/build/src/chrono_ros/chrono_ros_interfaces/chrono_ros_interfaces': CMAKE_PREFIX_PATH=/opt/ros/iron /usr/bin/cmake --build /home/ros/ros/build/src/chrono_ros/chrono_ros_interfaces/chrono_ros_interfaces -- -j12 -l12
[5.273s] DEBUG:colcon.colcon_core.event_handler.log_command:Invoked command in '/home/ros/ros/build/src/chrono_ros/chrono_ros_interfaces/chrono_ros_interfaces' returned '0': CMAKE_PREFIX_PATH=/opt/ros/iron /usr/bin/cmake --build /home/ros/ros/build/src/chrono_ros/chrono_ros_interfaces/chrono_ros_interfaces -- -j12 -l12
[5.358s] DEBUG:colcon.colcon_core.event_handler.log_command:Invoking command in '/home/ros/ros/build/src/chrono_ros/chrono_ros_interfaces/chrono_ros_interfaces': CMAKE_PREFIX_PATH=/opt/ros/iron /usr/bin/cmake --install /home/ros/ros/build/src/chrono_ros/chrono_ros_interfaces/chrono_ros_interfaces
[5.419s] Level 1:colcon.colcon_core.environment:create_environment_scripts_only(chrono_ros_interfaces)
[5.420s] DEBUG:colcon.colcon_core.event_handler.log_command:Invoked command in '/home/ros/ros/build/src/chrono_ros/chrono_ros_interfaces/chrono_ros_interfaces' returned '0': CMAKE_PREFIX_PATH=/opt/ros/iron /usr/bin/cmake --install /home/ros/ros/build/src/chrono_ros/chrono_ros_interfaces/chrono_ros_interfaces
[5.423s] Level 1:colcon.colcon_core.environment:checking '/home/ros/ros/build/src/chrono_ros/chrono_ros_interfaces/chrono_ros_interfaces' for CMake module files
[5.424s] Level 1:colcon.colcon_core.environment:checking '/home/ros/ros/build/src/chrono_ros/chrono_ros_interfaces/chrono_ros_interfaces' for CMake config files
[5.424s] Level 1:colcon.colcon_core.shell:create_environment_hook('chrono_ros_interfaces', 'cmake_prefix_path')
[5.425s] INFO:colcon.colcon_core.shell:Creating environment hook '/home/ros/ros/build/src/chrono_ros/chrono_ros_interfaces/chrono_ros_interfaces/share/chrono_ros_interfaces/hook/cmake_prefix_path.ps1'
[5.425s] INFO:colcon.colcon_core.shell:Creating environment descriptor '/home/ros/ros/build/src/chrono_ros/chrono_ros_interfaces/chrono_ros_interfaces/share/chrono_ros_interfaces/hook/cmake_prefix_path.dsv'
[5.425s] INFO:colcon.colcon_core.shell:Creating environment hook '/home/ros/ros/build/src/chrono_ros/chrono_ros_interfaces/chrono_ros_interfaces/share/chrono_ros_interfaces/hook/cmake_prefix_path.sh'
[5.426s] Level 1:colcon.colcon_core.environment:checking '/home/ros/ros/build/src/chrono_ros/chrono_ros_interfaces/chrono_ros_interfaces/libchrono_ros_interfaces__rosidl_typesupport_c.so'
[5.426s] Level 1:colcon.colcon_core.environment:checking '/home/ros/ros/build/src/chrono_ros/chrono_ros_interfaces/chrono_ros_interfaces/libchrono_ros_interfaces__rosidl_generator_c.so'
[5.426s] Level 1:colcon.colcon_core.environment:checking '/home/ros/ros/build/src/chrono_ros/chrono_ros_interfaces/chrono_ros_interfaces/libchrono_ros_interfaces__rosidl_typesupport_fastrtps_cpp.so'
[5.426s] Level 1:colcon.colcon_core.environment:checking '/home/ros/ros/build/src/chrono_ros/chrono_ros_interfaces/chrono_ros_interfaces/libchrono_ros_interfaces__rosidl_typesupport_introspection_c.so'
[5.426s] Level 1:colcon.colcon_core.environment:checking '/home/ros/ros/build/src/chrono_ros/chrono_ros_interfaces/chrono_ros_interfaces/libchrono_ros_interfaces__rosidl_typesupport_fastrtps_c.so'
[5.426s] Level 1:colcon.colcon_core.environment:checking '/home/ros/ros/build/src/chrono_ros/chrono_ros_interfaces/chrono_ros_interfaces/lib'
[5.426s] Level 1:colcon.colcon_core.shell:create_environment_hook('chrono_ros_interfaces', 'ld_library_path_lib')
[5.427s] INFO:colcon.colcon_core.shell:Creating environment hook '/home/ros/ros/build/src/chrono_ros/chrono_ros_interfaces/chrono_ros_interfaces/share/chrono_ros_interfaces/hook/ld_library_path_lib.ps1'
[5.427s] INFO:colcon.colcon_core.shell:Creating environment descriptor '/home/ros/ros/build/src/chrono_ros/chrono_ros_interfaces/chrono_ros_interfaces/share/chrono_ros_interfaces/hook/ld_library_path_lib.dsv'
[5.428s] INFO:colcon.colcon_core.shell:Creating environment hook '/home/ros/ros/build/src/chrono_ros/chrono_ros_interfaces/chrono_ros_interfaces/share/chrono_ros_interfaces/hook/ld_library_path_lib.sh'
[5.428s] Level 1:colcon.colcon_core.environment:checking '/home/ros/ros/build/src/chrono_ros/chrono_ros_interfaces/chrono_ros_interfaces/libchrono_ros_interfaces__rosidl_typesupport_introspection_cpp.so'
[5.428s] Level 1:colcon.colcon_core.environment:checking '/home/ros/ros/build/src/chrono_ros/chrono_ros_interfaces/chrono_ros_interfaces/libchrono_ros_interfaces__rosidl_typesupport_cpp.so'
[5.428s] Level 1:colcon.colcon_core.environment:checking '/home/ros/ros/build/src/chrono_ros/chrono_ros_interfaces/chrono_ros_interfaces/bin'
[5.428s] Level 1:colcon.colcon_core.environment:checking '/home/ros/ros/build/src/chrono_ros/chrono_ros_interfaces/chrono_ros_interfaces/lib/pkgconfig/chrono_ros_interfaces.pc'
[5.428s] Level 1:colcon.colcon_core.environment:checking '/home/ros/ros/build/src/chrono_ros/chrono_ros_interfaces/chrono_ros_interfaces/lib/python3.10/site-packages'
[5.428s] Level 1:colcon.colcon_core.shell:create_environment_hook('chrono_ros_interfaces', 'pythonpath')
[5.429s] INFO:colcon.colcon_core.shell:Creating environment hook '/home/ros/ros/build/src/chrono_ros/chrono_ros_interfaces/chrono_ros_interfaces/share/chrono_ros_interfaces/hook/pythonpath.ps1'
[5.429s] INFO:colcon.colcon_core.shell:Creating environment descriptor '/home/ros/ros/build/src/chrono_ros/chrono_ros_interfaces/chrono_ros_interfaces/share/chrono_ros_interfaces/hook/pythonpath.dsv'
[5.429s] INFO:colcon.colcon_core.shell:Creating environment hook '/home/ros/ros/build/src/chrono_ros/chrono_ros_interfaces/chrono_ros_interfaces/share/chrono_ros_interfaces/hook/pythonpath.sh'
[5.430s] Level 1:colcon.colcon_core.environment:checking '/home/ros/ros/build/src/chrono_ros/chrono_ros_interfaces/chrono_ros_interfaces/bin'
[5.431s] INFO:colcon.colcon_core.shell:Creating package script '/home/ros/ros/build/src/chrono_ros/chrono_ros_interfaces/chrono_ros_interfaces/share/chrono_ros_interfaces/package.ps1'
[5.431s] INFO:colcon.colcon_core.shell:Creating package descriptor '/home/ros/ros/build/src/chrono_ros/chrono_ros_interfaces/chrono_ros_interfaces/share/chrono_ros_interfaces/package.dsv'
[5.432s] INFO:colcon.colcon_core.shell:Creating package script '/home/ros/ros/build/src/chrono_ros/chrono_ros_interfaces/chrono_ros_interfaces/share/chrono_ros_interfaces/package.sh'
[5.432s] INFO:colcon.colcon_core.shell:Creating package script '/home/ros/ros/build/src/chrono_ros/chrono_ros_interfaces/chrono_ros_interfaces/share/chrono_ros_interfaces/package.bash'
[5.433s] INFO:colcon.colcon_core.shell:Creating package script '/home/ros/ros/build/src/chrono_ros/chrono_ros_interfaces/chrono_ros_interfaces/share/chrono_ros_interfaces/package.zsh'
[5.433s] Level 1:colcon.colcon_core.environment:create_file_with_runtime_dependencies(/home/ros/ros/build/src/chrono_ros/chrono_ros_interfaces/chrono_ros_interfaces/share/colcon-core/packages/chrono_ros_interfaces)
[5.510s] Level 1:colcon.colcon_core.environment:create_environment_scripts_only(chrono_ros_interfaces)
[5.511s] Level 1:colcon.colcon_core.environment:checking '/home/ros/ros/build/src/chrono_ros/chrono_ros_interfaces/chrono_ros_interfaces' for CMake module files
[5.512s] Level 1:colcon.colcon_core.environment:checking '/home/ros/ros/build/src/chrono_ros/chrono_ros_interfaces/chrono_ros_interfaces' for CMake config files
[5.512s] Level 1:colcon.colcon_core.shell:create_environment_hook('chrono_ros_interfaces', 'cmake_prefix_path')
[5.513s] INFO:colcon.colcon_core.shell:Creating environment hook '/home/ros/ros/build/src/chrono_ros/chrono_ros_interfaces/chrono_ros_interfaces/share/chrono_ros_interfaces/hook/cmake_prefix_path.ps1'
[5.513s] INFO:colcon.colcon_core.shell:Creating environment descriptor '/home/ros/ros/build/src/chrono_ros/chrono_ros_interfaces/chrono_ros_interfaces/share/chrono_ros_interfaces/hook/cmake_prefix_path.dsv'
[5.513s] INFO:colcon.colcon_core.shell:Creating environment hook '/home/ros/ros/build/src/chrono_ros/chrono_ros_interfaces/chrono_ros_interfaces/share/chrono_ros_interfaces/hook/cmake_prefix_path.sh'
[5.514s] Level 1:colcon.colcon_core.environment:checking '/home/ros/ros/build/src/chrono_ros/chrono_ros_interfaces/chrono_ros_interfaces/libchrono_ros_interfaces__rosidl_typesupport_c.so'
[5.514s] Level 1:colcon.colcon_core.environment:checking '/home/ros/ros/build/src/chrono_ros/chrono_ros_interfaces/chrono_ros_interfaces/libchrono_ros_interfaces__rosidl_generator_c.so'
[5.514s] Level 1:colcon.colcon_core.environment:checking '/home/ros/ros/build/src/chrono_ros/chrono_ros_interfaces/chrono_ros_interfaces/libchrono_ros_interfaces__rosidl_typesupport_fastrtps_cpp.so'
[5.514s] Level 1:colcon.colcon_core.environment:checking '/home/ros/ros/build/src/chrono_ros/chrono_ros_interfaces/chrono_ros_interfaces/libchrono_ros_interfaces__rosidl_typesupport_introspection_c.so'
[5.514s] Level 1:colcon.colcon_core.environment:checking '/home/ros/ros/build/src/chrono_ros/chrono_ros_interfaces/chrono_ros_interfaces/libchrono_ros_interfaces__rosidl_typesupport_fastrtps_c.so'
[5.514s] Level 1:colcon.colcon_core.environment:checking '/home/ros/ros/build/src/chrono_ros/chrono_ros_interfaces/chrono_ros_interfaces/lib'
[5.514s] Level 1:colcon.colcon_core.shell:create_environment_hook('chrono_ros_interfaces', 'ld_library_path_lib')
[5.515s] INFO:colcon.colcon_core.shell:Creating environment hook '/home/ros/ros/build/src/chrono_ros/chrono_ros_interfaces/chrono_ros_interfaces/share/chrono_ros_interfaces/hook/ld_library_path_lib.ps1'
[5.515s] INFO:colcon.colcon_core.shell:Creating environment descriptor '/home/ros/ros/build/src/chrono_ros/chrono_ros_interfaces/chrono_ros_interfaces/share/chrono_ros_interfaces/hook/ld_library_path_lib.dsv'
[5.515s] INFO:colcon.colcon_core.shell:Creating environment hook '/home/ros/ros/build/src/chrono_ros/chrono_ros_interfaces/chrono_ros_interfaces/share/chrono_ros_interfaces/hook/ld_library_path_lib.sh'
[5.516s] Level 1:colcon.colcon_core.environment:checking '/home/ros/ros/build/src/chrono_ros/chrono_ros_interfaces/chrono_ros_interfaces/libchrono_ros_interfaces__rosidl_typesupport_introspection_cpp.so'
[5.516s] Level 1:colcon.colcon_core.environment:checking '/home/ros/ros/build/src/chrono_ros/chrono_ros_interfaces/chrono_ros_interfaces/libchrono_ros_interfaces__rosidl_typesupport_cpp.so'
[5.516s] Level 1:colcon.colcon_core.environment:checking '/home/ros/ros/build/src/chrono_ros/chrono_ros_interfaces/chrono_ros_interfaces/bin'
[5.516s] Level 1:colcon.colcon_core.environment:checking '/home/ros/ros/build/src/chrono_ros/chrono_ros_interfaces/chrono_ros_interfaces/lib/pkgconfig/chrono_ros_interfaces.pc'
[5.516s] Level 1:colcon.colcon_core.environment:checking '/home/ros/ros/build/src/chrono_ros/chrono_ros_interfaces/chrono_ros_interfaces/lib/python3.10/site-packages'
[5.516s] Level 1:colcon.colcon_core.shell:create_environment_hook('chrono_ros_interfaces', 'pythonpath')
[5.517s] INFO:colcon.colcon_core.shell:Creating environment hook '/home/ros/ros/build/src/chrono_ros/chrono_ros_interfaces/chrono_ros_interfaces/share/chrono_ros_interfaces/hook/pythonpath.ps1'
[5.517s] INFO:colcon.colcon_core.shell:Creating environment descriptor '/home/ros/ros/build/src/chrono_ros/chrono_ros_interfaces/chrono_ros_interfaces/share/chrono_ros_interfaces/hook/pythonpath.dsv'
[5.517s] INFO:colcon.colcon_core.shell:Creating environment hook '/home/ros/ros/build/src/chrono_ros/chrono_ros_interfaces/chrono_ros_interfaces/share/chrono_ros_interfaces/hook/pythonpath.sh'
[5.517s] Level 1:colcon.colcon_core.environment:checking '/home/ros/ros/build/src/chrono_ros/chrono_ros_interfaces/chrono_ros_interfaces/bin'
[5.518s] INFO:colcon.colcon_core.shell:Creating package script '/home/ros/ros/build/src/chrono_ros/chrono_ros_interfaces/chrono_ros_interfaces/share/chrono_ros_interfaces/package.ps1'
[5.519s] INFO:colcon.colcon_core.shell:Creating package descriptor '/home/ros/ros/build/src/chrono_ros/chrono_ros_interfaces/chrono_ros_interfaces/share/chrono_ros_interfaces/package.dsv'
[5.519s] INFO:colcon.colcon_core.shell:Creating package script '/home/ros/ros/build/src/chrono_ros/chrono_ros_interfaces/chrono_ros_interfaces/share/chrono_ros_interfaces/package.sh'
[5.519s] INFO:colcon.colcon_core.shell:Creating package script '/home/ros/ros/build/src/chrono_ros/chrono_ros_interfaces/chrono_ros_interfaces/share/chrono_ros_interfaces/package.bash'
[5.520s] INFO:colcon.colcon_core.shell:Creating package script '/home/ros/ros/build/src/chrono_ros/chrono_ros_interfaces/chrono_ros_interfaces/share/chrono_ros_interfaces/package.zsh'
[5.520s] Level 1:colcon.colcon_core.environment:create_file_with_runtime_dependencies(/home/ros/ros/build/src/chrono_ros/chrono_ros_interfaces/chrono_ros_interfaces/share/colcon-core/packages/chrono_ros_interfaces)
[5.520s] DEBUG:colcon.colcon_parallel_executor.executor.parallel:closing loop
[5.520s] DEBUG:colcon.colcon_parallel_executor.executor.parallel:loop closed
[5.520s] DEBUG:colcon.colcon_parallel_executor.executor.parallel:run_until_complete finished with '0'
[5.520s] DEBUG:colcon.colcon_core.event_reactor:joining thread
[5.526s] INFO:colcon.colcon_core.plugin_system:Skipping extension 'colcon_notification.desktop_notification.notify_send': Could not find 'notify-send'
[5.526s] INFO:colcon.colcon_core.plugin_system:Skipping extension 'colcon_notification.desktop_notification.terminal_notifier': Not used on non-Darwin systems
[5.527s] INFO:colcon.colcon_core.plugin_system:Skipping extension 'colcon_notification.desktop_notification.win32': Not used on non-Windows systems
[5.527s] INFO:colcon.colcon_notification.desktop_notification:Sending desktop notification using 'notify2'
[5.527s] DEBUG:colcon.colcon_notification.desktop_notification.notify2:Failed to initialize notify2: org.freedesktop.DBus.Error.NotSupported: Unable to autolaunch a dbus-daemon without a $DISPLAY for X11
[5.527s] DEBUG:colcon.colcon_core.event_reactor:joined thread
[5.528s] INFO:colcon.colcon_core.shell:Creating prefix script '/home/ros/ros/build/src/chrono_ros/chrono_ros_interfaces/local_setup.ps1'
[5.528s] INFO:colcon.colcon_core.shell:Creating prefix util module '/home/ros/ros/build/src/chrono_ros/chrono_ros_interfaces/_local_setup_util_ps1.py'
[5.529s] INFO:colcon.colcon_core.shell:Creating prefix chain script '/home/ros/ros/build/src/chrono_ros/chrono_ros_interfaces/setup.ps1'
[5.530s] INFO:colcon.colcon_core.shell:Creating prefix script '/home/ros/ros/build/src/chrono_ros/chrono_ros_interfaces/local_setup.sh'
[5.530s] INFO:colcon.colcon_core.shell:Creating prefix util module '/home/ros/ros/build/src/chrono_ros/chrono_ros_interfaces/_local_setup_util_sh.py'
[5.530s] INFO:colcon.colcon_core.shell:Creating prefix chain script '/home/ros/ros/build/src/chrono_ros/chrono_ros_interfaces/setup.sh'
[5.531s] INFO:colcon.colcon_core.shell:Creating prefix script '/home/ros/ros/build/src/chrono_ros/chrono_ros_interfaces/local_setup.bash'
[5.531s] INFO:colcon.colcon_core.shell:Creating prefix chain script '/home/ros/ros/build/src/chrono_ros/chrono_ros_interfaces/setup.bash'
[5.532s] INFO:colcon.colcon_core.shell:Creating prefix script '/home/ros/ros/build/src/chrono_ros/chrono_ros_interfaces/local_setup.zsh'
[5.532s] INFO:colcon.colcon_core.shell:Creating prefix chain script '/home/ros/ros/build/src/chrono_ros/chrono_ros_interfaces/setup.zsh'
