[0.008s] Invoking command in '/home/ros/ros/build/src/chrono_ros/chrono_ros_interfaces/chrono_ros_interfaces': CMAKE_PREFIX_PATH=/opt/ros/iron /usr/bin/cmake /home/ros/ros/src/chrono_ros/chrono_ros_interfaces -DCMAKE_INSTALL_PREFIX=/home/ros/ros/build/src/chrono_ros/chrono_ros_interfaces/chrono_ros_interfaces
[0.047s] -- The C compiler identification is GNU 11.4.0
[0.086s] -- The CXX compiler identification is GNU 11.4.0
[0.092s] -- Detecting C compiler ABI info
[0.138s] -- Detecting C compiler ABI info - done
[0.144s] -- Check for working C compiler: /usr/bin/cc - skipped
[0.144s] -- Detecting C compile features
[0.145s] -- Detecting C compile features - done
[0.147s] -- Detecting CXX compiler ABI info
[0.201s] -- Detecting CXX compiler ABI info - done
[0.208s] -- Check for working CXX compiler: /usr/bin/c++ - skipped
[0.208s] -- Detecting CXX compile features
[0.208s] -- Detecting CXX compile features - done
[0.210s] -- Found ament_cmake: 2.0.3 (/opt/ros/iron/share/ament_cmake/cmake)
[0.309s] -- Found Python3: /usr/bin/python3.10 (found version "3.10.12") found components: Interpreter 
[0.394s] -- Found ament_cmake_auto: 2.0.3 (/opt/ros/iron/share/ament_cmake_auto/cmake)
[0.396s] -- Found geometry_msgs: 5.0.0 (/opt/ros/iron/share/geometry_msgs/cmake)
[0.425s] -- Found rosidl_generator_c: 4.0.1 (/opt/ros/iron/share/rosidl_generator_c/cmake)
[0.436s] -- Found rosidl_generator_cpp: 4.0.1 (/opt/ros/iron/share/rosidl_generator_cpp/cmake)
[0.450s] -- Using all available rosidl_typesupport_c: rosidl_typesupport_fastrtps_c;rosidl_typesupport_introspection_c
[0.467s] -- Using all available rosidl_typesupport_cpp: rosidl_typesupport_fastrtps_cpp;rosidl_typesupport_introspection_cpp
[0.559s] -- Found ament_lint_auto: 0.14.1 (/opt/ros/iron/share/ament_lint_auto/cmake)
[0.619s] -- Found rosidl_default_generators: 1.5.0 (/opt/ros/iron/share/rosidl_default_generators/cmake)
[0.630s] -- Found rosidl_adapter: 4.0.1 (/opt/ros/iron/share/rosidl_adapter/cmake)
[0.889s] -- Found ament_cmake_ros: 0.11.2 (/opt/ros/iron/share/ament_cmake_ros/cmake)
[1.187s] -- Using all available rosidl_typesupport_c: rosidl_typesupport_fastrtps_c;rosidl_typesupport_introspection_c
[1.304s] -- Using all available rosidl_typesupport_cpp: rosidl_typesupport_fastrtps_cpp;rosidl_typesupport_introspection_cpp
[1.320s] -- Found PythonInterp: /usr/bin/python3 (found suitable version "3.10.12", minimum required is "3.6") 
[1.322s] -- Found python_cmake_module: 0.10.2 (/opt/ros/iron/share/python_cmake_module/cmake)
[1.337s] -- Found PythonLibs: /usr/lib/x86_64-linux-gnu/libpython3.10.so (found suitable version "3.10.12", minimum required is "3.5") 
[1.337s] -- Using PYTHON_EXECUTABLE: /usr/bin/python3
[1.337s] -- Using PYTHON_INCLUDE_DIRS: /usr/include/python3.10
[1.337s] -- Using PYTHON_LIBRARIES: /usr/lib/x86_64-linux-gnu/libpython3.10.so
[1.349s] -- Found PythonExtra: .so  
[1.396s] -- Added test 'copyright' to check source files copyright and LICENSE
[1.449s] -- Added test 'cppcheck' to perform static code analysis on C / C++ code
[1.449s] -- Configured cppcheck include dirs: 
[1.449s] -- Configured cppcheck exclude dirs and/or files: 
[1.501s] -- Added test 'cpplint' to check C / C++ code against the Google style
[1.501s] -- Configured cpplint exclude dirs and/or files: 
[1.507s] -- Added test 'flake8' to check Python code syntax and style conventions
[1.507s] -- Configured 'flake8' exclude dirs and/or files: 
[1.522s] -- Added test 'lint_cmake' to check CMake code style
[1.529s] -- Added test 'pep257' to check Python code against some of the docstring style conventions in PEP 257
[1.580s] -- Added test 'uncrustify' to check C / C++ code style
[1.581s] -- Configured uncrustify additional arguments: 
[1.587s] -- Added test 'xmllint' to check XML markup files
[1.591s] -- Configuring done
[1.628s] -- Generating done
[1.630s] -- Build files have been written to: /home/ros/ros/build/src/chrono_ros/chrono_ros_interfaces/chrono_ros_interfaces
[1.636s] Invoked command in '/home/ros/ros/build/src/chrono_ros/chrono_ros_interfaces/chrono_ros_interfaces' returned '0': CMAKE_PREFIX_PATH=/opt/ros/iron /usr/bin/cmake /home/ros/ros/src/chrono_ros/chrono_ros_interfaces -DCMAKE_INSTALL_PREFIX=/home/ros/ros/build/src/chrono_ros/chrono_ros_interfaces/chrono_ros_interfaces
[1.638s] Invoking command in '/home/ros/ros/build/src/chrono_ros/chrono_ros_interfaces/chrono_ros_interfaces': CMAKE_PREFIX_PATH=/opt/ros/iron /usr/bin/cmake --build /home/ros/ros/build/src/chrono_ros/chrono_ros_interfaces/chrono_ros_interfaces -- -j12 -l12
[1.678s] [  1%] Generating type hashes for ROS interfaces
[1.686s] [  1%] Built target ament_cmake_python_copy_chrono_ros_interfaces
[1.823s] running egg_info
[1.823s] creating chrono_ros_interfaces.egg-info
[1.823s] writing chrono_ros_interfaces.egg-info/PKG-INFO
[1.823s] writing dependency_links to chrono_ros_interfaces.egg-info/dependency_links.txt
[1.823s] writing top-level names to chrono_ros_interfaces.egg-info/top_level.txt
[1.824s] writing manifest file 'chrono_ros_interfaces.egg-info/SOURCES.txt'
[1.825s] reading manifest file 'chrono_ros_interfaces.egg-info/SOURCES.txt'
[1.825s] writing manifest file 'chrono_ros_interfaces.egg-info/SOURCES.txt'
[1.843s] [  1%] Built target ament_cmake_python_build_chrono_ros_interfaces_egg
[1.913s] [  1%] Built target chrono_ros_interfaces__rosidl_generator_type_description
[1.922s] [  3%] Generating C code for ROS interfaces
[1.929s] [  4%] Generating C++ code for ROS interfaces
[2.356s] [  4%] Built target chrono_ros_interfaces__cpp
[2.450s] [ 10%] Building C object CMakeFiles/chrono_ros_interfaces__rosidl_generator_c.dir/rosidl_generator_c/chrono_ros_interfaces/msg/detail/ch_vehicle__type_support.c.o
[2.450s] [ 12%] Building C object CMakeFiles/chrono_ros_interfaces__rosidl_generator_c.dir/rosidl_generator_c/chrono_ros_interfaces/msg/detail/ch_driver_inputs__type_support.c.o
[2.450s] [ 14%] Building C object CMakeFiles/chrono_ros_interfaces__rosidl_generator_c.dir/rosidl_generator_c/chrono_ros_interfaces/srv/detail/ch_start_simulation__type_support.c.o
[2.450s] [ 12%] Building C object CMakeFiles/chrono_ros_interfaces__rosidl_generator_c.dir/rosidl_generator_c/chrono_ros_interfaces/msg/detail/ch_vehicle__functions.c.o
[2.450s] [ 14%] Building C object CMakeFiles/chrono_ros_interfaces__rosidl_generator_c.dir/rosidl_generator_c/chrono_ros_interfaces/msg/detail/ch_driver_inputs__functions.c.o
[2.450s] [ 17%] Building C object CMakeFiles/chrono_ros_interfaces__rosidl_generator_c.dir/rosidl_generator_c/chrono_ros_interfaces/srv/detail/ch_start_simulation__functions.c.o
[2.450s] [ 17%] Building C object CMakeFiles/chrono_ros_interfaces__rosidl_generator_c.dir/rosidl_generator_c/chrono_ros_interfaces/msg/detail/ch_vehicle__description.c.o
[2.451s] [ 18%] Building C object CMakeFiles/chrono_ros_interfaces__rosidl_generator_c.dir/rosidl_generator_c/chrono_ros_interfaces/srv/detail/ch_stop_simulation__type_support.c.o
[2.451s] [ 20%] Building C object CMakeFiles/chrono_ros_interfaces__rosidl_generator_c.dir/rosidl_generator_c/chrono_ros_interfaces/srv/detail/ch_start_simulation__description.c.o
[2.451s] [ 20%] Building C object CMakeFiles/chrono_ros_interfaces__rosidl_generator_c.dir/rosidl_generator_c/chrono_ros_interfaces/srv/detail/ch_stop_simulation__description.c.o
[2.452s] [ 23%] Building C object CMakeFiles/chrono_ros_interfaces__rosidl_generator_c.dir/rosidl_generator_c/chrono_ros_interfaces/srv/detail/ch_stop_simulation__functions.c.o
[2.452s] [ 23%] Building C object CMakeFiles/chrono_ros_interfaces__rosidl_generator_c.dir/rosidl_generator_c/chrono_ros_interfaces/msg/detail/ch_driver_inputs__description.c.o
[2.526s] [ 25%] Linking C shared library libchrono_ros_interfaces__rosidl_generator_c.so
[2.557s] [ 25%] Built target chrono_ros_interfaces__rosidl_generator_c
[2.565s] [ 28%] Generating C introspection for ROS interfaces
[2.565s] [ 28%] Generating C++ type support dispatch for ROS interfaces
[2.565s] [ 29%] Generating C type support for eProsima Fast-RTPS
[2.567s] [ 32%] Generating C type support dispatch for ROS interfaces
[2.567s] [ 32%] Generating C++ introspection for ROS interfaces
[2.567s] [ 34%] Generating C++ type support for eProsima Fast-RTPS
[2.917s] [ 35%] Building CXX object CMakeFiles/chrono_ros_interfaces__rosidl_typesupport_c.dir/rosidl_typesupport_c/chrono_ros_interfaces/msg/ch_vehicle__type_support.cpp.o
[2.917s] [ 39%] Building CXX object CMakeFiles/chrono_ros_interfaces__rosidl_typesupport_c.dir/rosidl_typesupport_c/chrono_ros_interfaces/srv/ch_start_simulation__type_support.cpp.o
[2.917s] [ 39%] Building CXX object CMakeFiles/chrono_ros_interfaces__rosidl_typesupport_c.dir/rosidl_typesupport_c/chrono_ros_interfaces/msg/ch_driver_inputs__type_support.cpp.o
[2.929s] [ 40%] Building CXX object CMakeFiles/chrono_ros_interfaces__rosidl_typesupport_c.dir/rosidl_typesupport_c/chrono_ros_interfaces/srv/ch_stop_simulation__type_support.cpp.o
[2.980s] [ 42%] Building CXX object CMakeFiles/chrono_ros_interfaces__rosidl_typesupport_introspection_cpp.dir/rosidl_typesupport_introspection_cpp/chrono_ros_interfaces/msg/detail/ch_vehicle__type_support.cpp.o
[2.980s] [ 43%] Building CXX object CMakeFiles/chrono_ros_interfaces__rosidl_typesupport_introspection_cpp.dir/rosidl_typesupport_introspection_cpp/chrono_ros_interfaces/msg/detail/ch_driver_inputs__type_support.cpp.o
[2.980s] [ 45%] Building CXX object CMakeFiles/chrono_ros_interfaces__rosidl_typesupport_introspection_cpp.dir/rosidl_typesupport_introspection_cpp/chrono_ros_interfaces/srv/detail/ch_start_simulation__type_support.cpp.o
[2.981s] [ 46%] Building CXX object CMakeFiles/chrono_ros_interfaces__rosidl_typesupport_introspection_cpp.dir/rosidl_typesupport_introspection_cpp/chrono_ros_interfaces/srv/detail/ch_stop_simulation__type_support.cpp.o
[2.988s] [ 48%] Linking CXX shared library libchrono_ros_interfaces__rosidl_typesupport_c.so
[2.998s] [ 50%] Building C object CMakeFiles/chrono_ros_interfaces__rosidl_typesupport_introspection_c.dir/rosidl_typesupport_introspection_c/chrono_ros_interfaces/msg/detail/ch_driver_inputs__type_support.c.o
[2.999s] [ 51%] Building C object CMakeFiles/chrono_ros_interfaces__rosidl_typesupport_introspection_c.dir/rosidl_typesupport_introspection_c/chrono_ros_interfaces/srv/detail/ch_stop_simulation__type_support.c.o
[3.000s] [ 53%] Building C object CMakeFiles/chrono_ros_interfaces__rosidl_typesupport_introspection_c.dir/rosidl_typesupport_introspection_c/chrono_ros_interfaces/srv/detail/ch_start_simulation__type_support.c.o
[3.009s] [ 54%] Building C object CMakeFiles/chrono_ros_interfaces__rosidl_typesupport_introspection_c.dir/rosidl_typesupport_introspection_c/chrono_ros_interfaces/msg/detail/ch_vehicle__type_support.c.o
[3.041s] [ 54%] Built target chrono_ros_interfaces__rosidl_typesupport_c
[3.062s] [ 56%] Linking C shared library libchrono_ros_interfaces__rosidl_typesupport_introspection_c.so
[3.077s] [ 57%] Building CXX object CMakeFiles/chrono_ros_interfaces__rosidl_typesupport_fastrtps_c.dir/rosidl_typesupport_fastrtps_c/chrono_ros_interfaces/msg/detail/ch_vehicle__type_support_c.cpp.o
[3.081s] [ 59%] Building CXX object CMakeFiles/chrono_ros_interfaces__rosidl_typesupport_fastrtps_c.dir/rosidl_typesupport_fastrtps_c/chrono_ros_interfaces/msg/detail/ch_driver_inputs__type_support_c.cpp.o
[3.081s] [ 60%] Building CXX object CMakeFiles/chrono_ros_interfaces__rosidl_typesupport_cpp.dir/rosidl_typesupport_cpp/chrono_ros_interfaces/msg/ch_driver_inputs__type_support.cpp.o
[3.084s] [ 62%] Building CXX object CMakeFiles/chrono_ros_interfaces__rosidl_typesupport_cpp.dir/rosidl_typesupport_cpp/chrono_ros_interfaces/msg/ch_vehicle__type_support.cpp.o
[3.089s] [ 64%] Building CXX object CMakeFiles/chrono_ros_interfaces__rosidl_typesupport_fastrtps_c.dir/rosidl_typesupport_fastrtps_c/chrono_ros_interfaces/srv/detail/ch_start_simulation__type_support_c.cpp.o
[3.093s] [ 65%] Building CXX object CMakeFiles/chrono_ros_interfaces__rosidl_typesupport_fastrtps_c.dir/rosidl_typesupport_fastrtps_c/chrono_ros_interfaces/srv/detail/ch_stop_simulation__type_support_c.cpp.o
[3.128s] [ 65%] Built target chrono_ros_interfaces__rosidl_typesupport_introspection_c
[3.140s] [ 67%] Building CXX object CMakeFiles/chrono_ros_interfaces__rosidl_typesupport_cpp.dir/rosidl_typesupport_cpp/chrono_ros_interfaces/srv/ch_start_simulation__type_support.cpp.o
[3.447s] [ 68%] Building CXX object CMakeFiles/chrono_ros_interfaces__rosidl_typesupport_cpp.dir/rosidl_typesupport_cpp/chrono_ros_interfaces/srv/ch_stop_simulation__type_support.cpp.o
[3.450s] [ 70%] Building CXX object CMakeFiles/chrono_ros_interfaces__rosidl_typesupport_fastrtps_cpp.dir/rosidl_typesupport_fastrtps_cpp/chrono_ros_interfaces/msg/detail/dds_fastrtps/ch_vehicle__type_support.cpp.o
[3.464s] [ 71%] Building CXX object CMakeFiles/chrono_ros_interfaces__rosidl_typesupport_fastrtps_cpp.dir/rosidl_typesupport_fastrtps_cpp/chrono_ros_interfaces/msg/detail/dds_fastrtps/ch_driver_inputs__type_support.cpp.o
[3.466s] [ 73%] Building CXX object CMakeFiles/chrono_ros_interfaces__rosidl_typesupport_fastrtps_cpp.dir/rosidl_typesupport_fastrtps_cpp/chrono_ros_interfaces/srv/detail/dds_fastrtps/ch_start_simulation__type_support.cpp.o
[3.490s] [ 75%] Building CXX object CMakeFiles/chrono_ros_interfaces__rosidl_typesupport_fastrtps_cpp.dir/rosidl_typesupport_fastrtps_cpp/chrono_ros_interfaces/srv/detail/dds_fastrtps/ch_stop_simulation__type_support.cpp.o
[3.502s] [ 76%] Linking CXX shared library libchrono_ros_interfaces__rosidl_typesupport_fastrtps_c.so
[3.529s] [ 78%] Linking CXX shared library libchrono_ros_interfaces__rosidl_typesupport_introspection_cpp.so
[3.583s] [ 78%] Built target chrono_ros_interfaces__rosidl_typesupport_fastrtps_c
[3.632s] [ 78%] Built target chrono_ros_interfaces__rosidl_typesupport_introspection_cpp
[3.817s] [ 79%] Linking CXX shared library libchrono_ros_interfaces__rosidl_typesupport_cpp.so
[3.880s] [ 79%] Built target chrono_ros_interfaces__rosidl_typesupport_cpp
[3.961s] [ 81%] Linking CXX shared library libchrono_ros_interfaces__rosidl_typesupport_fastrtps_cpp.so
[4.017s] [ 81%] Built target chrono_ros_interfaces__rosidl_typesupport_fastrtps_cpp
[4.030s] [ 81%] Built target chrono_ros_interfaces
[4.043s] [ 82%] Generating Python code for ROS interfaces
[4.712s] [ 82%] Built target chrono_ros_interfaces__py
[4.727s] [ 85%] Building C object CMakeFiles/chrono_ros_interfaces__rosidl_generator_py.dir/rosidl_generator_py/chrono_ros_interfaces/msg/_ch_vehicle_s.c.o
[4.727s] [ 85%] Building C object CMakeFiles/chrono_ros_interfaces__rosidl_generator_py.dir/rosidl_generator_py/chrono_ros_interfaces/srv/_ch_start_simulation_s.c.o
[4.727s] [ 89%] Building C object CMakeFiles/chrono_ros_interfaces__rosidl_generator_py.dir/rosidl_generator_py/chrono_ros_interfaces/srv/_ch_stop_simulation_s.c.o
[4.727s] [ 89%] Building C object CMakeFiles/chrono_ros_interfaces__rosidl_generator_py.dir/rosidl_generator_py/chrono_ros_interfaces/msg/_ch_driver_inputs_s.c.o
[4.819s] [ 90%] Linking C shared library rosidl_generator_py/chrono_ros_interfaces/libchrono_ros_interfaces__rosidl_generator_py.so
[4.850s] [ 90%] Built target chrono_ros_interfaces__rosidl_generator_py
[4.865s] [ 92%] Building C object CMakeFiles/chrono_ros_interfaces__rosidl_typesupport_fastrtps_c__pyext.dir/rosidl_generator_py/chrono_ros_interfaces/_chrono_ros_interfaces_s.ep.rosidl_typesupport_fastrtps_c.c.o
[4.865s] [ 95%] Building C object CMakeFiles/chrono_ros_interfaces__rosidl_typesupport_introspection_c__pyext.dir/rosidl_generator_py/chrono_ros_interfaces/_chrono_ros_interfaces_s.ep.rosidl_typesupport_introspection_c.c.o
[4.865s] [ 95%] Building C object CMakeFiles/chrono_ros_interfaces__rosidl_typesupport_c__pyext.dir/rosidl_generator_py/chrono_ros_interfaces/_chrono_ros_interfaces_s.ep.rosidl_typesupport_c.c.o
[4.965s] [ 98%] Linking C shared library rosidl_generator_py/chrono_ros_interfaces/chrono_ros_interfaces_s__rosidl_typesupport_c.cpython-310-x86_64-linux-gnu.so
[4.965s] [ 98%] Linking C shared library rosidl_generator_py/chrono_ros_interfaces/chrono_ros_interfaces_s__rosidl_typesupport_introspection_c.cpython-310-x86_64-linux-gnu.so
[4.965s] [100%] Linking C shared library rosidl_generator_py/chrono_ros_interfaces/chrono_ros_interfaces_s__rosidl_typesupport_fastrtps_c.cpython-310-x86_64-linux-gnu.so
[4.999s] [100%] Built target chrono_ros_interfaces__rosidl_typesupport_introspection_c__pyext
[4.999s] [100%] Built target chrono_ros_interfaces__rosidl_typesupport_c__pyext
[4.999s] [100%] Built target chrono_ros_interfaces__rosidl_typesupport_fastrtps_c__pyext
[5.008s] Invoked command in '/home/ros/ros/build/src/chrono_ros/chrono_ros_interfaces/chrono_ros_interfaces' returned '0': CMAKE_PREFIX_PATH=/opt/ros/iron /usr/bin/cmake --build /home/ros/ros/build/src/chrono_ros/chrono_ros_interfaces/chrono_ros_interfaces -- -j12 -l12
[5.092s] Invoking command in '/home/ros/ros/build/src/chrono_ros/chrono_ros_interfaces/chrono_ros_interfaces': CMAKE_PREFIX_PATH=/opt/ros/iron /usr/bin/cmake --install /home/ros/ros/build/src/chrono_ros/chrono_ros_interfaces/chrono_ros_interfaces
[5.098s] -- Install configuration: ""
[5.098s] -- Installing: /home/ros/ros/build/src/chrono_ros/chrono_ros_interfaces/chrono_ros_interfaces/share/ament_index/resource_index/rosidl_interfaces/chrono_ros_interfaces
[5.099s] -- Installing: /home/ros/ros/build/src/chrono_ros/chrono_ros_interfaces/chrono_ros_interfaces/share/chrono_ros_interfaces/msg/ChVehicle.json
[5.099s] -- Installing: /home/ros/ros/build/src/chrono_ros/chrono_ros_interfaces/chrono_ros_interfaces/share/chrono_ros_interfaces/msg/ChDriverInputs.json
[5.099s] -- Installing: /home/ros/ros/build/src/chrono_ros/chrono_ros_interfaces/chrono_ros_interfaces/share/chrono_ros_interfaces/srv/ChStartSimulation.json
[5.099s] -- Installing: /home/ros/ros/build/src/chrono_ros/chrono_ros_interfaces/chrono_ros_interfaces/share/chrono_ros_interfaces/srv/ChStopSimulation.json
[5.099s] -- Installing: /home/ros/ros/build/src/chrono_ros/chrono_ros_interfaces/chrono_ros_interfaces/include/chrono_ros_interfaces/chrono_ros_interfaces
[5.099s] -- Installing: /home/ros/ros/build/src/chrono_ros/chrono_ros_interfaces/chrono_ros_interfaces/include/chrono_ros_interfaces/chrono_ros_interfaces/srv
[5.099s] -- Installing: /home/ros/ros/build/src/chrono_ros/chrono_ros_interfaces/chrono_ros_interfaces/include/chrono_ros_interfaces/chrono_ros_interfaces/srv/ch_stop_simulation.h
[5.099s] -- Installing: /home/ros/ros/build/src/chrono_ros/chrono_ros_interfaces/chrono_ros_interfaces/include/chrono_ros_interfaces/chrono_ros_interfaces/srv/detail
[5.099s] -- Installing: /home/ros/ros/build/src/chrono_ros/chrono_ros_interfaces/chrono_ros_interfaces/include/chrono_ros_interfaces/chrono_ros_interfaces/srv/detail/ch_stop_simulation__struct.h
[5.099s] -- Installing: /home/ros/ros/build/src/chrono_ros/chrono_ros_interfaces/chrono_ros_interfaces/include/chrono_ros_interfaces/chrono_ros_interfaces/srv/detail/ch_start_simulation__struct.h
[5.100s] -- Installing: /home/ros/ros/build/src/chrono_ros/chrono_ros_interfaces/chrono_ros_interfaces/include/chrono_ros_interfaces/chrono_ros_interfaces/srv/detail/ch_start_simulation__functions.h
[5.100s] -- Installing: /home/ros/ros/build/src/chrono_ros/chrono_ros_interfaces/chrono_ros_interfaces/include/chrono_ros_interfaces/chrono_ros_interfaces/srv/detail/ch_stop_simulation__functions.c
[5.100s] -- Installing: /home/ros/ros/build/src/chrono_ros/chrono_ros_interfaces/chrono_ros_interfaces/include/chrono_ros_interfaces/chrono_ros_interfaces/srv/detail/ch_start_simulation__description.c
[5.100s] -- Installing: /home/ros/ros/build/src/chrono_ros/chrono_ros_interfaces/chrono_ros_interfaces/include/chrono_ros_interfaces/chrono_ros_interfaces/srv/detail/ch_stop_simulation__description.c
[5.100s] -- Installing: /home/ros/ros/build/src/chrono_ros/chrono_ros_interfaces/chrono_ros_interfaces/include/chrono_ros_interfaces/chrono_ros_interfaces/srv/detail/ch_stop_simulation__functions.h
[5.100s] -- Installing: /home/ros/ros/build/src/chrono_ros/chrono_ros_interfaces/chrono_ros_interfaces/include/chrono_ros_interfaces/chrono_ros_interfaces/srv/detail/ch_start_simulation__type_support.c
[5.100s] -- Installing: /home/ros/ros/build/src/chrono_ros/chrono_ros_interfaces/chrono_ros_interfaces/include/chrono_ros_interfaces/chrono_ros_interfaces/srv/detail/ch_stop_simulation__type_support.h
[5.100s] -- Installing: /home/ros/ros/build/src/chrono_ros/chrono_ros_interfaces/chrono_ros_interfaces/include/chrono_ros_interfaces/chrono_ros_interfaces/srv/detail/ch_start_simulation__functions.c
[5.101s] -- Installing: /home/ros/ros/build/src/chrono_ros/chrono_ros_interfaces/chrono_ros_interfaces/include/chrono_ros_interfaces/chrono_ros_interfaces/srv/detail/ch_start_simulation__type_support.h
[5.101s] -- Installing: /home/ros/ros/build/src/chrono_ros/chrono_ros_interfaces/chrono_ros_interfaces/include/chrono_ros_interfaces/chrono_ros_interfaces/srv/detail/ch_stop_simulation__type_support.c
[5.101s] -- Installing: /home/ros/ros/build/src/chrono_ros/chrono_ros_interfaces/chrono_ros_interfaces/include/chrono_ros_interfaces/chrono_ros_interfaces/srv/ch_start_simulation.h
[5.101s] -- Installing: /home/ros/ros/build/src/chrono_ros/chrono_ros_interfaces/chrono_ros_interfaces/include/chrono_ros_interfaces/chrono_ros_interfaces/msg
[5.101s] -- Installing: /home/ros/ros/build/src/chrono_ros/chrono_ros_interfaces/chrono_ros_interfaces/include/chrono_ros_interfaces/chrono_ros_interfaces/msg/rosidl_generator_c__visibility_control.h
[5.101s] -- Installing: /home/ros/ros/build/src/chrono_ros/chrono_ros_interfaces/chrono_ros_interfaces/include/chrono_ros_interfaces/chrono_ros_interfaces/msg/ch_vehicle.h
[5.101s] -- Installing: /home/ros/ros/build/src/chrono_ros/chrono_ros_interfaces/chrono_ros_interfaces/include/chrono_ros_interfaces/chrono_ros_interfaces/msg/detail
[5.101s] -- Installing: /home/ros/ros/build/src/chrono_ros/chrono_ros_interfaces/chrono_ros_interfaces/include/chrono_ros_interfaces/chrono_ros_interfaces/msg/detail/ch_driver_inputs__description.c
[5.101s] -- Installing: /home/ros/ros/build/src/chrono_ros/chrono_ros_interfaces/chrono_ros_interfaces/include/chrono_ros_interfaces/chrono_ros_interfaces/msg/detail/ch_driver_inputs__type_support.c
[5.102s] -- Installing: /home/ros/ros/build/src/chrono_ros/chrono_ros_interfaces/chrono_ros_interfaces/include/chrono_ros_interfaces/chrono_ros_interfaces/msg/detail/ch_driver_inputs__functions.c
[5.102s] -- Installing: /home/ros/ros/build/src/chrono_ros/chrono_ros_interfaces/chrono_ros_interfaces/include/chrono_ros_interfaces/chrono_ros_interfaces/msg/detail/ch_vehicle__struct.h
[5.102s] -- Installing: /home/ros/ros/build/src/chrono_ros/chrono_ros_interfaces/chrono_ros_interfaces/include/chrono_ros_interfaces/chrono_ros_interfaces/msg/detail/ch_vehicle__description.c
[5.102s] -- Installing: /home/ros/ros/build/src/chrono_ros/chrono_ros_interfaces/chrono_ros_interfaces/include/chrono_ros_interfaces/chrono_ros_interfaces/msg/detail/ch_vehicle__type_support.h
[5.102s] -- Installing: /home/ros/ros/build/src/chrono_ros/chrono_ros_interfaces/chrono_ros_interfaces/include/chrono_ros_interfaces/chrono_ros_interfaces/msg/detail/ch_driver_inputs__functions.h
[5.102s] -- Installing: /home/ros/ros/build/src/chrono_ros/chrono_ros_interfaces/chrono_ros_interfaces/include/chrono_ros_interfaces/chrono_ros_interfaces/msg/detail/ch_vehicle__functions.h
[5.102s] -- Installing: /home/ros/ros/build/src/chrono_ros/chrono_ros_interfaces/chrono_ros_interfaces/include/chrono_ros_interfaces/chrono_ros_interfaces/msg/detail/ch_vehicle__type_support.c
[5.102s] -- Installing: /home/ros/ros/build/src/chrono_ros/chrono_ros_interfaces/chrono_ros_interfaces/include/chrono_ros_interfaces/chrono_ros_interfaces/msg/detail/ch_driver_inputs__type_support.h
[5.102s] -- Installing: /home/ros/ros/build/src/chrono_ros/chrono_ros_interfaces/chrono_ros_interfaces/include/chrono_ros_interfaces/chrono_ros_interfaces/msg/detail/ch_driver_inputs__struct.h
[5.102s] -- Installing: /home/ros/ros/build/src/chrono_ros/chrono_ros_interfaces/chrono_ros_interfaces/include/chrono_ros_interfaces/chrono_ros_interfaces/msg/detail/ch_vehicle__functions.c
[5.102s] -- Installing: /home/ros/ros/build/src/chrono_ros/chrono_ros_interfaces/chrono_ros_interfaces/include/chrono_ros_interfaces/chrono_ros_interfaces/msg/ch_driver_inputs.h
[5.103s] -- Installing: /home/ros/ros/build/src/chrono_ros/chrono_ros_interfaces/chrono_ros_interfaces/share/chrono_ros_interfaces/environment/library_path.sh
[5.103s] -- Installing: /home/ros/ros/build/src/chrono_ros/chrono_ros_interfaces/chrono_ros_interfaces/share/chrono_ros_interfaces/environment/library_path.dsv
[5.103s] -- Installing: /home/ros/ros/build/src/chrono_ros/chrono_ros_interfaces/chrono_ros_interfaces/lib/libchrono_ros_interfaces__rosidl_generator_c.so
[5.103s] -- Set runtime path of "/home/ros/ros/build/src/chrono_ros/chrono_ros_interfaces/chrono_ros_interfaces/lib/libchrono_ros_interfaces__rosidl_generator_c.so" to ""
[5.103s] -- Up-to-date: /home/ros/ros/build/src/chrono_ros/chrono_ros_interfaces/chrono_ros_interfaces/include/chrono_ros_interfaces/chrono_ros_interfaces
[5.103s] -- Up-to-date: /home/ros/ros/build/src/chrono_ros/chrono_ros_interfaces/chrono_ros_interfaces/include/chrono_ros_interfaces/chrono_ros_interfaces/srv
[5.104s] -- Up-to-date: /home/ros/ros/build/src/chrono_ros/chrono_ros_interfaces/chrono_ros_interfaces/include/chrono_ros_interfaces/chrono_ros_interfaces/srv/detail
[5.104s] -- Installing: /home/ros/ros/build/src/chrono_ros/chrono_ros_interfaces/chrono_ros_interfaces/include/chrono_ros_interfaces/chrono_ros_interfaces/srv/detail/ch_start_simulation__rosidl_typesupport_fastrtps_c.h
[5.104s] -- Installing: /home/ros/ros/build/src/chrono_ros/chrono_ros_interfaces/chrono_ros_interfaces/include/chrono_ros_interfaces/chrono_ros_interfaces/srv/detail/ch_stop_simulation__rosidl_typesupport_fastrtps_c.h
[5.104s] -- Up-to-date: /home/ros/ros/build/src/chrono_ros/chrono_ros_interfaces/chrono_ros_interfaces/include/chrono_ros_interfaces/chrono_ros_interfaces/msg
[5.104s] -- Installing: /home/ros/ros/build/src/chrono_ros/chrono_ros_interfaces/chrono_ros_interfaces/include/chrono_ros_interfaces/chrono_ros_interfaces/msg/rosidl_typesupport_fastrtps_c__visibility_control.h
[5.104s] -- Up-to-date: /home/ros/ros/build/src/chrono_ros/chrono_ros_interfaces/chrono_ros_interfaces/include/chrono_ros_interfaces/chrono_ros_interfaces/msg/detail
[5.104s] -- Installing: /home/ros/ros/build/src/chrono_ros/chrono_ros_interfaces/chrono_ros_interfaces/include/chrono_ros_interfaces/chrono_ros_interfaces/msg/detail/ch_vehicle__rosidl_typesupport_fastrtps_c.h
[5.104s] -- Installing: /home/ros/ros/build/src/chrono_ros/chrono_ros_interfaces/chrono_ros_interfaces/include/chrono_ros_interfaces/chrono_ros_interfaces/msg/detail/ch_driver_inputs__rosidl_typesupport_fastrtps_c.h
[5.104s] -- Installing: /home/ros/ros/build/src/chrono_ros/chrono_ros_interfaces/chrono_ros_interfaces/lib/libchrono_ros_interfaces__rosidl_typesupport_fastrtps_c.so
[5.104s] -- Set runtime path of "/home/ros/ros/build/src/chrono_ros/chrono_ros_interfaces/chrono_ros_interfaces/lib/libchrono_ros_interfaces__rosidl_typesupport_fastrtps_c.so" to ""
[5.104s] -- Up-to-date: /home/ros/ros/build/src/chrono_ros/chrono_ros_interfaces/chrono_ros_interfaces/include/chrono_ros_interfaces/chrono_ros_interfaces
[5.105s] -- Up-to-date: /home/ros/ros/build/src/chrono_ros/chrono_ros_interfaces/chrono_ros_interfaces/include/chrono_ros_interfaces/chrono_ros_interfaces/srv
[5.105s] -- Up-to-date: /home/ros/ros/build/src/chrono_ros/chrono_ros_interfaces/chrono_ros_interfaces/include/chrono_ros_interfaces/chrono_ros_interfaces/srv/detail
[5.105s] -- Installing: /home/ros/ros/build/src/chrono_ros/chrono_ros_interfaces/chrono_ros_interfaces/include/chrono_ros_interfaces/chrono_ros_interfaces/srv/detail/ch_start_simulation__struct.hpp
[5.105s] -- Installing: /home/ros/ros/build/src/chrono_ros/chrono_ros_interfaces/chrono_ros_interfaces/include/chrono_ros_interfaces/chrono_ros_interfaces/srv/detail/ch_stop_simulation__traits.hpp
[5.105s] -- Installing: /home/ros/ros/build/src/chrono_ros/chrono_ros_interfaces/chrono_ros_interfaces/include/chrono_ros_interfaces/chrono_ros_interfaces/srv/detail/ch_stop_simulation__builder.hpp
[5.105s] -- Installing: /home/ros/ros/build/src/chrono_ros/chrono_ros_interfaces/chrono_ros_interfaces/include/chrono_ros_interfaces/chrono_ros_interfaces/srv/detail/ch_start_simulation__builder.hpp
[5.105s] -- Installing: /home/ros/ros/build/src/chrono_ros/chrono_ros_interfaces/chrono_ros_interfaces/include/chrono_ros_interfaces/chrono_ros_interfaces/srv/detail/ch_start_simulation__traits.hpp
[5.105s] -- Installing: /home/ros/ros/build/src/chrono_ros/chrono_ros_interfaces/chrono_ros_interfaces/include/chrono_ros_interfaces/chrono_ros_interfaces/srv/detail/ch_stop_simulation__struct.hpp
[5.105s] -- Installing: /home/ros/ros/build/src/chrono_ros/chrono_ros_interfaces/chrono_ros_interfaces/include/chrono_ros_interfaces/chrono_ros_interfaces/srv/ch_stop_simulation.hpp
[5.105s] -- Installing: /home/ros/ros/build/src/chrono_ros/chrono_ros_interfaces/chrono_ros_interfaces/include/chrono_ros_interfaces/chrono_ros_interfaces/srv/ch_start_simulation.hpp
[5.106s] -- Up-to-date: /home/ros/ros/build/src/chrono_ros/chrono_ros_interfaces/chrono_ros_interfaces/include/chrono_ros_interfaces/chrono_ros_interfaces/msg
[5.106s] -- Installing: /home/ros/ros/build/src/chrono_ros/chrono_ros_interfaces/chrono_ros_interfaces/include/chrono_ros_interfaces/chrono_ros_interfaces/msg/ch_driver_inputs.hpp
[5.106s] -- Up-to-date: /home/ros/ros/build/src/chrono_ros/chrono_ros_interfaces/chrono_ros_interfaces/include/chrono_ros_interfaces/chrono_ros_interfaces/msg/detail
[5.106s] -- Installing: /home/ros/ros/build/src/chrono_ros/chrono_ros_interfaces/chrono_ros_interfaces/include/chrono_ros_interfaces/chrono_ros_interfaces/msg/detail/ch_driver_inputs__traits.hpp
[5.106s] -- Installing: /home/ros/ros/build/src/chrono_ros/chrono_ros_interfaces/chrono_ros_interfaces/include/chrono_ros_interfaces/chrono_ros_interfaces/msg/detail/ch_vehicle__traits.hpp
[5.106s] -- Installing: /home/ros/ros/build/src/chrono_ros/chrono_ros_interfaces/chrono_ros_interfaces/include/chrono_ros_interfaces/chrono_ros_interfaces/msg/detail/ch_driver_inputs__struct.hpp
[5.106s] -- Installing: /home/ros/ros/build/src/chrono_ros/chrono_ros_interfaces/chrono_ros_interfaces/include/chrono_ros_interfaces/chrono_ros_interfaces/msg/detail/ch_driver_inputs__builder.hpp
[5.106s] -- Installing: /home/ros/ros/build/src/chrono_ros/chrono_ros_interfaces/chrono_ros_interfaces/include/chrono_ros_interfaces/chrono_ros_interfaces/msg/detail/ch_vehicle__struct.hpp
[5.106s] -- Installing: /home/ros/ros/build/src/chrono_ros/chrono_ros_interfaces/chrono_ros_interfaces/include/chrono_ros_interfaces/chrono_ros_interfaces/msg/detail/ch_vehicle__builder.hpp
[5.106s] -- Installing: /home/ros/ros/build/src/chrono_ros/chrono_ros_interfaces/chrono_ros_interfaces/include/chrono_ros_interfaces/chrono_ros_interfaces/msg/ch_vehicle.hpp
[5.106s] -- Up-to-date: /home/ros/ros/build/src/chrono_ros/chrono_ros_interfaces/chrono_ros_interfaces/include/chrono_ros_interfaces/chrono_ros_interfaces
[5.106s] -- Up-to-date: /home/ros/ros/build/src/chrono_ros/chrono_ros_interfaces/chrono_ros_interfaces/include/chrono_ros_interfaces/chrono_ros_interfaces/srv
[5.106s] -- Up-to-date: /home/ros/ros/build/src/chrono_ros/chrono_ros_interfaces/chrono_ros_interfaces/include/chrono_ros_interfaces/chrono_ros_interfaces/srv/detail
[5.106s] -- Installing: /home/ros/ros/build/src/chrono_ros/chrono_ros_interfaces/chrono_ros_interfaces/include/chrono_ros_interfaces/chrono_ros_interfaces/srv/detail/ch_start_simulation__rosidl_typesupport_fastrtps_cpp.hpp
[5.107s] -- Installing: /home/ros/ros/build/src/chrono_ros/chrono_ros_interfaces/chrono_ros_interfaces/include/chrono_ros_interfaces/chrono_ros_interfaces/srv/detail/ch_stop_simulation__rosidl_typesupport_fastrtps_cpp.hpp
[5.107s] -- Installing: /home/ros/ros/build/src/chrono_ros/chrono_ros_interfaces/chrono_ros_interfaces/include/chrono_ros_interfaces/chrono_ros_interfaces/srv/detail/dds_fastrtps
[5.107s] -- Up-to-date: /home/ros/ros/build/src/chrono_ros/chrono_ros_interfaces/chrono_ros_interfaces/include/chrono_ros_interfaces/chrono_ros_interfaces/msg
[5.107s] -- Up-to-date: /home/ros/ros/build/src/chrono_ros/chrono_ros_interfaces/chrono_ros_interfaces/include/chrono_ros_interfaces/chrono_ros_interfaces/msg/detail
[5.107s] -- Installing: /home/ros/ros/build/src/chrono_ros/chrono_ros_interfaces/chrono_ros_interfaces/include/chrono_ros_interfaces/chrono_ros_interfaces/msg/detail/ch_driver_inputs__rosidl_typesupport_fastrtps_cpp.hpp
[5.107s] -- Installing: /home/ros/ros/build/src/chrono_ros/chrono_ros_interfaces/chrono_ros_interfaces/include/chrono_ros_interfaces/chrono_ros_interfaces/msg/detail/dds_fastrtps
[5.107s] -- Installing: /home/ros/ros/build/src/chrono_ros/chrono_ros_interfaces/chrono_ros_interfaces/include/chrono_ros_interfaces/chrono_ros_interfaces/msg/detail/ch_vehicle__rosidl_typesupport_fastrtps_cpp.hpp
[5.107s] -- Installing: /home/ros/ros/build/src/chrono_ros/chrono_ros_interfaces/chrono_ros_interfaces/include/chrono_ros_interfaces/chrono_ros_interfaces/msg/rosidl_typesupport_fastrtps_cpp__visibility_control.h
[5.107s] -- Installing: /home/ros/ros/build/src/chrono_ros/chrono_ros_interfaces/chrono_ros_interfaces/lib/libchrono_ros_interfaces__rosidl_typesupport_fastrtps_cpp.so
[5.108s] -- Set runtime path of "/home/ros/ros/build/src/chrono_ros/chrono_ros_interfaces/chrono_ros_interfaces/lib/libchrono_ros_interfaces__rosidl_typesupport_fastrtps_cpp.so" to ""
[5.108s] -- Up-to-date: /home/ros/ros/build/src/chrono_ros/chrono_ros_interfaces/chrono_ros_interfaces/include/chrono_ros_interfaces/chrono_ros_interfaces
[5.108s] -- Up-to-date: /home/ros/ros/build/src/chrono_ros/chrono_ros_interfaces/chrono_ros_interfaces/include/chrono_ros_interfaces/chrono_ros_interfaces/srv
[5.108s] -- Up-to-date: /home/ros/ros/build/src/chrono_ros/chrono_ros_interfaces/chrono_ros_interfaces/include/chrono_ros_interfaces/chrono_ros_interfaces/srv/detail
[5.108s] -- Installing: /home/ros/ros/build/src/chrono_ros/chrono_ros_interfaces/chrono_ros_interfaces/include/chrono_ros_interfaces/chrono_ros_interfaces/srv/detail/ch_start_simulation__rosidl_typesupport_introspection_c.h
[5.108s] -- Up-to-date: /home/ros/ros/build/src/chrono_ros/chrono_ros_interfaces/chrono_ros_interfaces/include/chrono_ros_interfaces/chrono_ros_interfaces/srv/detail/ch_start_simulation__type_support.c
[5.108s] -- Installing: /home/ros/ros/build/src/chrono_ros/chrono_ros_interfaces/chrono_ros_interfaces/include/chrono_ros_interfaces/chrono_ros_interfaces/srv/detail/ch_stop_simulation__rosidl_typesupport_introspection_c.h
[5.108s] -- Up-to-date: /home/ros/ros/build/src/chrono_ros/chrono_ros_interfaces/chrono_ros_interfaces/include/chrono_ros_interfaces/chrono_ros_interfaces/srv/detail/ch_stop_simulation__type_support.c
[5.108s] -- Up-to-date: /home/ros/ros/build/src/chrono_ros/chrono_ros_interfaces/chrono_ros_interfaces/include/chrono_ros_interfaces/chrono_ros_interfaces/msg
[5.108s] -- Installing: /home/ros/ros/build/src/chrono_ros/chrono_ros_interfaces/chrono_ros_interfaces/include/chrono_ros_interfaces/chrono_ros_interfaces/msg/rosidl_typesupport_introspection_c__visibility_control.h
[5.108s] -- Up-to-date: /home/ros/ros/build/src/chrono_ros/chrono_ros_interfaces/chrono_ros_interfaces/include/chrono_ros_interfaces/chrono_ros_interfaces/msg/detail
[5.108s] -- Up-to-date: /home/ros/ros/build/src/chrono_ros/chrono_ros_interfaces/chrono_ros_interfaces/include/chrono_ros_interfaces/chrono_ros_interfaces/msg/detail/ch_driver_inputs__type_support.c
[5.108s] -- Up-to-date: /home/ros/ros/build/src/chrono_ros/chrono_ros_interfaces/chrono_ros_interfaces/include/chrono_ros_interfaces/chrono_ros_interfaces/msg/detail/ch_vehicle__type_support.c
[5.108s] -- Installing: /home/ros/ros/build/src/chrono_ros/chrono_ros_interfaces/chrono_ros_interfaces/include/chrono_ros_interfaces/chrono_ros_interfaces/msg/detail/ch_driver_inputs__rosidl_typesupport_introspection_c.h
[5.109s] -- Installing: /home/ros/ros/build/src/chrono_ros/chrono_ros_interfaces/chrono_ros_interfaces/include/chrono_ros_interfaces/chrono_ros_interfaces/msg/detail/ch_vehicle__rosidl_typesupport_introspection_c.h
[5.109s] -- Installing: /home/ros/ros/build/src/chrono_ros/chrono_ros_interfaces/chrono_ros_interfaces/lib/libchrono_ros_interfaces__rosidl_typesupport_introspection_c.so
[5.109s] -- Set runtime path of "/home/ros/ros/build/src/chrono_ros/chrono_ros_interfaces/chrono_ros_interfaces/lib/libchrono_ros_interfaces__rosidl_typesupport_introspection_c.so" to ""
[5.109s] -- Installing: /home/ros/ros/build/src/chrono_ros/chrono_ros_interfaces/chrono_ros_interfaces/lib/libchrono_ros_interfaces__rosidl_typesupport_c.so
[5.109s] -- Set runtime path of "/home/ros/ros/build/src/chrono_ros/chrono_ros_interfaces/chrono_ros_interfaces/lib/libchrono_ros_interfaces__rosidl_typesupport_c.so" to ""
[5.109s] -- Up-to-date: /home/ros/ros/build/src/chrono_ros/chrono_ros_interfaces/chrono_ros_interfaces/include/chrono_ros_interfaces/chrono_ros_interfaces
[5.109s] -- Up-to-date: /home/ros/ros/build/src/chrono_ros/chrono_ros_interfaces/chrono_ros_interfaces/include/chrono_ros_interfaces/chrono_ros_interfaces/srv
[5.109s] -- Up-to-date: /home/ros/ros/build/src/chrono_ros/chrono_ros_interfaces/chrono_ros_interfaces/include/chrono_ros_interfaces/chrono_ros_interfaces/srv/detail
[5.109s] -- Installing: /home/ros/ros/build/src/chrono_ros/chrono_ros_interfaces/chrono_ros_interfaces/include/chrono_ros_interfaces/chrono_ros_interfaces/srv/detail/ch_stop_simulation__type_support.cpp
[5.109s] -- Installing: /home/ros/ros/build/src/chrono_ros/chrono_ros_interfaces/chrono_ros_interfaces/include/chrono_ros_interfaces/chrono_ros_interfaces/srv/detail/ch_stop_simulation__rosidl_typesupport_introspection_cpp.hpp
[5.109s] -- Installing: /home/ros/ros/build/src/chrono_ros/chrono_ros_interfaces/chrono_ros_interfaces/include/chrono_ros_interfaces/chrono_ros_interfaces/srv/detail/ch_start_simulation__rosidl_typesupport_introspection_cpp.hpp
[5.109s] -- Installing: /home/ros/ros/build/src/chrono_ros/chrono_ros_interfaces/chrono_ros_interfaces/include/chrono_ros_interfaces/chrono_ros_interfaces/srv/detail/ch_start_simulation__type_support.cpp
[5.110s] -- Up-to-date: /home/ros/ros/build/src/chrono_ros/chrono_ros_interfaces/chrono_ros_interfaces/include/chrono_ros_interfaces/chrono_ros_interfaces/msg
[5.110s] -- Up-to-date: /home/ros/ros/build/src/chrono_ros/chrono_ros_interfaces/chrono_ros_interfaces/include/chrono_ros_interfaces/chrono_ros_interfaces/msg/detail
[5.110s] -- Installing: /home/ros/ros/build/src/chrono_ros/chrono_ros_interfaces/chrono_ros_interfaces/include/chrono_ros_interfaces/chrono_ros_interfaces/msg/detail/ch_vehicle__type_support.cpp
[5.110s] -- Installing: /home/ros/ros/build/src/chrono_ros/chrono_ros_interfaces/chrono_ros_interfaces/include/chrono_ros_interfaces/chrono_ros_interfaces/msg/detail/ch_vehicle__rosidl_typesupport_introspection_cpp.hpp
[5.110s] -- Installing: /home/ros/ros/build/src/chrono_ros/chrono_ros_interfaces/chrono_ros_interfaces/include/chrono_ros_interfaces/chrono_ros_interfaces/msg/detail/ch_driver_inputs__rosidl_typesupport_introspection_cpp.hpp
[5.110s] -- Installing: /home/ros/ros/build/src/chrono_ros/chrono_ros_interfaces/chrono_ros_interfaces/include/chrono_ros_interfaces/chrono_ros_interfaces/msg/detail/ch_driver_inputs__type_support.cpp
[5.110s] -- Installing: /home/ros/ros/build/src/chrono_ros/chrono_ros_interfaces/chrono_ros_interfaces/lib/libchrono_ros_interfaces__rosidl_typesupport_introspection_cpp.so
[5.111s] -- Set runtime path of "/home/ros/ros/build/src/chrono_ros/chrono_ros_interfaces/chrono_ros_interfaces/lib/libchrono_ros_interfaces__rosidl_typesupport_introspection_cpp.so" to ""
[5.111s] -- Installing: /home/ros/ros/build/src/chrono_ros/chrono_ros_interfaces/chrono_ros_interfaces/lib/libchrono_ros_interfaces__rosidl_typesupport_cpp.so
[5.111s] -- Set runtime path of "/home/ros/ros/build/src/chrono_ros/chrono_ros_interfaces/chrono_ros_interfaces/lib/libchrono_ros_interfaces__rosidl_typesupport_cpp.so" to ""
[5.111s] -- Installing: /home/ros/ros/build/src/chrono_ros/chrono_ros_interfaces/chrono_ros_interfaces/share/chrono_ros_interfaces/environment/pythonpath.sh
[5.111s] -- Installing: /home/ros/ros/build/src/chrono_ros/chrono_ros_interfaces/chrono_ros_interfaces/share/chrono_ros_interfaces/environment/pythonpath.dsv
[5.111s] -- Installing: /home/ros/ros/build/src/chrono_ros/chrono_ros_interfaces/chrono_ros_interfaces/lib/python3.10/site-packages/chrono_ros_interfaces-0.0.0-py3.10.egg-info
[5.111s] -- Installing: /home/ros/ros/build/src/chrono_ros/chrono_ros_interfaces/chrono_ros_interfaces/lib/python3.10/site-packages/chrono_ros_interfaces-0.0.0-py3.10.egg-info/SOURCES.txt
[5.111s] -- Installing: /home/ros/ros/build/src/chrono_ros/chrono_ros_interfaces/chrono_ros_interfaces/lib/python3.10/site-packages/chrono_ros_interfaces-0.0.0-py3.10.egg-info/PKG-INFO
[5.112s] -- Installing: /home/ros/ros/build/src/chrono_ros/chrono_ros_interfaces/chrono_ros_interfaces/lib/python3.10/site-packages/chrono_ros_interfaces-0.0.0-py3.10.egg-info/top_level.txt
[5.112s] -- Installing: /home/ros/ros/build/src/chrono_ros/chrono_ros_interfaces/chrono_ros_interfaces/lib/python3.10/site-packages/chrono_ros_interfaces-0.0.0-py3.10.egg-info/dependency_links.txt
[5.112s] -- Installing: /home/ros/ros/build/src/chrono_ros/chrono_ros_interfaces/chrono_ros_interfaces/lib/python3.10/site-packages/chrono_ros_interfaces
[5.112s] -- Installing: /home/ros/ros/build/src/chrono_ros/chrono_ros_interfaces/chrono_ros_interfaces/lib/python3.10/site-packages/chrono_ros_interfaces/srv
[5.112s] -- Installing: /home/ros/ros/build/src/chrono_ros/chrono_ros_interfaces/chrono_ros_interfaces/lib/python3.10/site-packages/chrono_ros_interfaces/srv/_ch_start_simulation_s.c
[5.112s] -- Installing: /home/ros/ros/build/src/chrono_ros/chrono_ros_interfaces/chrono_ros_interfaces/lib/python3.10/site-packages/chrono_ros_interfaces/srv/_ch_stop_simulation_s.c
[5.112s] -- Installing: /home/ros/ros/build/src/chrono_ros/chrono_ros_interfaces/chrono_ros_interfaces/lib/python3.10/site-packages/chrono_ros_interfaces/srv/__init__.py
[5.112s] -- Installing: /home/ros/ros/build/src/chrono_ros/chrono_ros_interfaces/chrono_ros_interfaces/lib/python3.10/site-packages/chrono_ros_interfaces/srv/_ch_start_simulation.py
[5.112s] -- Installing: /home/ros/ros/build/src/chrono_ros/chrono_ros_interfaces/chrono_ros_interfaces/lib/python3.10/site-packages/chrono_ros_interfaces/srv/_ch_stop_simulation.py
[5.112s] -- Installing: /home/ros/ros/build/src/chrono_ros/chrono_ros_interfaces/chrono_ros_interfaces/lib/python3.10/site-packages/chrono_ros_interfaces/__init__.py
[5.113s] -- Installing: /home/ros/ros/build/src/chrono_ros/chrono_ros_interfaces/chrono_ros_interfaces/lib/python3.10/site-packages/chrono_ros_interfaces/chrono_ros_interfaces_s__rosidl_typesupport_fastrtps_c.cpython-310-x86_64-linux-gnu.so
[5.113s] -- Installing: /home/ros/ros/build/src/chrono_ros/chrono_ros_interfaces/chrono_ros_interfaces/lib/python3.10/site-packages/chrono_ros_interfaces/msg
[5.113s] -- Installing: /home/ros/ros/build/src/chrono_ros/chrono_ros_interfaces/chrono_ros_interfaces/lib/python3.10/site-packages/chrono_ros_interfaces/msg/_ch_driver_inputs_s.c
[5.113s] -- Installing: /home/ros/ros/build/src/chrono_ros/chrono_ros_interfaces/chrono_ros_interfaces/lib/python3.10/site-packages/chrono_ros_interfaces/msg/__init__.py
[5.113s] -- Installing: /home/ros/ros/build/src/chrono_ros/chrono_ros_interfaces/chrono_ros_interfaces/lib/python3.10/site-packages/chrono_ros_interfaces/msg/_ch_vehicle_s.c
[5.113s] -- Installing: /home/ros/ros/build/src/chrono_ros/chrono_ros_interfaces/chrono_ros_interfaces/lib/python3.10/site-packages/chrono_ros_interfaces/msg/_ch_driver_inputs.py
[5.113s] -- Installing: /home/ros/ros/build/src/chrono_ros/chrono_ros_interfaces/chrono_ros_interfaces/lib/python3.10/site-packages/chrono_ros_interfaces/msg/_ch_vehicle.py
[5.113s] -- Installing: /home/ros/ros/build/src/chrono_ros/chrono_ros_interfaces/chrono_ros_interfaces/lib/python3.10/site-packages/chrono_ros_interfaces/_chrono_ros_interfaces_s.ep.rosidl_typesupport_introspection_c.c
[5.113s] -- Installing: /home/ros/ros/build/src/chrono_ros/chrono_ros_interfaces/chrono_ros_interfaces/lib/python3.10/site-packages/chrono_ros_interfaces/chrono_ros_interfaces_s__rosidl_typesupport_introspection_c.cpython-310-x86_64-linux-gnu.so
[5.113s] -- Installing: /home/ros/ros/build/src/chrono_ros/chrono_ros_interfaces/chrono_ros_interfaces/lib/python3.10/site-packages/chrono_ros_interfaces/chrono_ros_interfaces_s__rosidl_typesupport_c.cpython-310-x86_64-linux-gnu.so
[5.114s] -- Installing: /home/ros/ros/build/src/chrono_ros/chrono_ros_interfaces/chrono_ros_interfaces/lib/python3.10/site-packages/chrono_ros_interfaces/libchrono_ros_interfaces__rosidl_generator_py.so
[5.114s] -- Installing: /home/ros/ros/build/src/chrono_ros/chrono_ros_interfaces/chrono_ros_interfaces/lib/python3.10/site-packages/chrono_ros_interfaces/_chrono_ros_interfaces_s.ep.rosidl_typesupport_c.c
[5.114s] -- Installing: /home/ros/ros/build/src/chrono_ros/chrono_ros_interfaces/chrono_ros_interfaces/lib/python3.10/site-packages/chrono_ros_interfaces/_chrono_ros_interfaces_s.ep.rosidl_typesupport_fastrtps_c.c
[5.142s] Listing '/home/ros/ros/build/src/chrono_ros/chrono_ros_interfaces/chrono_ros_interfaces/lib/python3.10/site-packages/chrono_ros_interfaces'...
[5.142s] Compiling '/home/ros/ros/build/src/chrono_ros/chrono_ros_interfaces/chrono_ros_interfaces/lib/python3.10/site-packages/chrono_ros_interfaces/__init__.py'...
[5.142s] Listing '/home/ros/ros/build/src/chrono_ros/chrono_ros_interfaces/chrono_ros_interfaces/lib/python3.10/site-packages/chrono_ros_interfaces/msg'...
[5.142s] Compiling '/home/ros/ros/build/src/chrono_ros/chrono_ros_interfaces/chrono_ros_interfaces/lib/python3.10/site-packages/chrono_ros_interfaces/msg/__init__.py'...
[5.142s] Compiling '/home/ros/ros/build/src/chrono_ros/chrono_ros_interfaces/chrono_ros_interfaces/lib/python3.10/site-packages/chrono_ros_interfaces/msg/_ch_driver_inputs.py'...
[5.142s] Compiling '/home/ros/ros/build/src/chrono_ros/chrono_ros_interfaces/chrono_ros_interfaces/lib/python3.10/site-packages/chrono_ros_interfaces/msg/_ch_vehicle.py'...
[5.142s] Listing '/home/ros/ros/build/src/chrono_ros/chrono_ros_interfaces/chrono_ros_interfaces/lib/python3.10/site-packages/chrono_ros_interfaces/srv'...
[5.142s] Compiling '/home/ros/ros/build/src/chrono_ros/chrono_ros_interfaces/chrono_ros_interfaces/lib/python3.10/site-packages/chrono_ros_interfaces/srv/__init__.py'...
[5.142s] Compiling '/home/ros/ros/build/src/chrono_ros/chrono_ros_interfaces/chrono_ros_interfaces/lib/python3.10/site-packages/chrono_ros_interfaces/srv/_ch_start_simulation.py'...
[5.142s] Compiling '/home/ros/ros/build/src/chrono_ros/chrono_ros_interfaces/chrono_ros_interfaces/lib/python3.10/site-packages/chrono_ros_interfaces/srv/_ch_stop_simulation.py'...
[5.145s] -- Installing: /home/ros/ros/build/src/chrono_ros/chrono_ros_interfaces/chrono_ros_interfaces/lib/python3.10/site-packages/chrono_ros_interfaces/chrono_ros_interfaces_s__rosidl_typesupport_fastrtps_c.cpython-310-x86_64-linux-gnu.so
[5.145s] -- Set runtime path of "/home/ros/ros/build/src/chrono_ros/chrono_ros_interfaces/chrono_ros_interfaces/lib/python3.10/site-packages/chrono_ros_interfaces/chrono_ros_interfaces_s__rosidl_typesupport_fastrtps_c.cpython-310-x86_64-linux-gnu.so" to ""
[5.145s] -- Installing: /home/ros/ros/build/src/chrono_ros/chrono_ros_interfaces/chrono_ros_interfaces/lib/python3.10/site-packages/chrono_ros_interfaces/chrono_ros_interfaces_s__rosidl_typesupport_introspection_c.cpython-310-x86_64-linux-gnu.so
[5.145s] -- Set runtime path of "/home/ros/ros/build/src/chrono_ros/chrono_ros_interfaces/chrono_ros_interfaces/lib/python3.10/site-packages/chrono_ros_interfaces/chrono_ros_interfaces_s__rosidl_typesupport_introspection_c.cpython-310-x86_64-linux-gnu.so" to ""
[5.146s] -- Installing: /home/ros/ros/build/src/chrono_ros/chrono_ros_interfaces/chrono_ros_interfaces/lib/python3.10/site-packages/chrono_ros_interfaces/chrono_ros_interfaces_s__rosidl_typesupport_c.cpython-310-x86_64-linux-gnu.so
[5.146s] -- Set runtime path of "/home/ros/ros/build/src/chrono_ros/chrono_ros_interfaces/chrono_ros_interfaces/lib/python3.10/site-packages/chrono_ros_interfaces/chrono_ros_interfaces_s__rosidl_typesupport_c.cpython-310-x86_64-linux-gnu.so" to ""
[5.146s] -- Installing: /home/ros/ros/build/src/chrono_ros/chrono_ros_interfaces/chrono_ros_interfaces/lib/libchrono_ros_interfaces__rosidl_generator_py.so
[5.146s] -- Set runtime path of "/home/ros/ros/build/src/chrono_ros/chrono_ros_interfaces/chrono_ros_interfaces/lib/libchrono_ros_interfaces__rosidl_generator_py.so" to ""
[5.146s] -- Installing: /home/ros/ros/build/src/chrono_ros/chrono_ros_interfaces/chrono_ros_interfaces/share/chrono_ros_interfaces/msg/ChVehicle.idl
[5.146s] -- Installing: /home/ros/ros/build/src/chrono_ros/chrono_ros_interfaces/chrono_ros_interfaces/share/chrono_ros_interfaces/msg/ChDriverInputs.idl
[5.146s] -- Installing: /home/ros/ros/build/src/chrono_ros/chrono_ros_interfaces/chrono_ros_interfaces/share/chrono_ros_interfaces/srv/ChStartSimulation.idl
[5.147s] -- Installing: /home/ros/ros/build/src/chrono_ros/chrono_ros_interfaces/chrono_ros_interfaces/share/chrono_ros_interfaces/srv/ChStopSimulation.idl
[5.147s] -- Installing: /home/ros/ros/build/src/chrono_ros/chrono_ros_interfaces/chrono_ros_interfaces/share/chrono_ros_interfaces/msg/ChVehicle.msg
[5.147s] -- Installing: /home/ros/ros/build/src/chrono_ros/chrono_ros_interfaces/chrono_ros_interfaces/share/chrono_ros_interfaces/msg/ChDriverInputs.msg
[5.147s] -- Installing: /home/ros/ros/build/src/chrono_ros/chrono_ros_interfaces/chrono_ros_interfaces/share/chrono_ros_interfaces/srv/ChStartSimulation.srv
[5.147s] -- Installing: /home/ros/ros/build/src/chrono_ros/chrono_ros_interfaces/chrono_ros_interfaces/share/chrono_ros_interfaces/srv/ChStartSimulation_Request.msg
[5.147s] -- Installing: /home/ros/ros/build/src/chrono_ros/chrono_ros_interfaces/chrono_ros_interfaces/share/chrono_ros_interfaces/srv/ChStartSimulation_Response.msg
[5.147s] -- Installing: /home/ros/ros/build/src/chrono_ros/chrono_ros_interfaces/chrono_ros_interfaces/share/chrono_ros_interfaces/srv/ChStopSimulation.srv
[5.147s] -- Installing: /home/ros/ros/build/src/chrono_ros/chrono_ros_interfaces/chrono_ros_interfaces/share/chrono_ros_interfaces/srv/ChStopSimulation_Request.msg
[5.147s] -- Installing: /home/ros/ros/build/src/chrono_ros/chrono_ros_interfaces/chrono_ros_interfaces/share/chrono_ros_interfaces/srv/ChStopSimulation_Response.msg
[5.148s] -- Installing: /home/ros/ros/build/src/chrono_ros/chrono_ros_interfaces/chrono_ros_interfaces/share/ament_index/resource_index/package_run_dependencies/chrono_ros_interfaces
[5.148s] -- Installing: /home/ros/ros/build/src/chrono_ros/chrono_ros_interfaces/chrono_ros_interfaces/share/ament_index/resource_index/parent_prefix_path/chrono_ros_interfaces
[5.148s] -- Installing: /home/ros/ros/build/src/chrono_ros/chrono_ros_interfaces/chrono_ros_interfaces/share/chrono_ros_interfaces/environment/ament_prefix_path.sh
[5.148s] -- Installing: /home/ros/ros/build/src/chrono_ros/chrono_ros_interfaces/chrono_ros_interfaces/share/chrono_ros_interfaces/environment/ament_prefix_path.dsv
[5.148s] -- Installing: /home/ros/ros/build/src/chrono_ros/chrono_ros_interfaces/chrono_ros_interfaces/share/chrono_ros_interfaces/environment/path.sh
[5.148s] -- Installing: /home/ros/ros/build/src/chrono_ros/chrono_ros_interfaces/chrono_ros_interfaces/share/chrono_ros_interfaces/environment/path.dsv
[5.148s] -- Installing: /home/ros/ros/build/src/chrono_ros/chrono_ros_interfaces/chrono_ros_interfaces/share/chrono_ros_interfaces/local_setup.bash
[5.149s] -- Installing: /home/ros/ros/build/src/chrono_ros/chrono_ros_interfaces/chrono_ros_interfaces/share/chrono_ros_interfaces/local_setup.sh
[5.149s] -- Installing: /home/ros/ros/build/src/chrono_ros/chrono_ros_interfaces/chrono_ros_interfaces/share/chrono_ros_interfaces/local_setup.zsh
[5.149s] -- Installing: /home/ros/ros/build/src/chrono_ros/chrono_ros_interfaces/chrono_ros_interfaces/share/chrono_ros_interfaces/local_setup.dsv
[5.149s] -- Installing: /home/ros/ros/build/src/chrono_ros/chrono_ros_interfaces/chrono_ros_interfaces/share/chrono_ros_interfaces/package.dsv
[5.149s] -- Installing: /home/ros/ros/build/src/chrono_ros/chrono_ros_interfaces/chrono_ros_interfaces/share/ament_index/resource_index/packages/chrono_ros_interfaces
[5.149s] -- Installing: /home/ros/ros/build/src/chrono_ros/chrono_ros_interfaces/chrono_ros_interfaces/share/chrono_ros_interfaces/cmake/export_chrono_ros_interfaces__rosidl_generator_cExport.cmake
[5.149s] -- Installing: /home/ros/ros/build/src/chrono_ros/chrono_ros_interfaces/chrono_ros_interfaces/share/chrono_ros_interfaces/cmake/export_chrono_ros_interfaces__rosidl_generator_cExport-noconfig.cmake
[5.150s] -- Installing: /home/ros/ros/build/src/chrono_ros/chrono_ros_interfaces/chrono_ros_interfaces/share/chrono_ros_interfaces/cmake/export_chrono_ros_interfaces__rosidl_typesupport_fastrtps_cExport.cmake
[5.150s] -- Installing: /home/ros/ros/build/src/chrono_ros/chrono_ros_interfaces/chrono_ros_interfaces/share/chrono_ros_interfaces/cmake/export_chrono_ros_interfaces__rosidl_typesupport_fastrtps_cExport-noconfig.cmake
[5.150s] -- Installing: /home/ros/ros/build/src/chrono_ros/chrono_ros_interfaces/chrono_ros_interfaces/share/chrono_ros_interfaces/cmake/export_chrono_ros_interfaces__rosidl_generator_cppExport.cmake
[5.150s] -- Installing: /home/ros/ros/build/src/chrono_ros/chrono_ros_interfaces/chrono_ros_interfaces/share/chrono_ros_interfaces/cmake/export_chrono_ros_interfaces__rosidl_typesupport_fastrtps_cppExport.cmake
[5.150s] -- Installing: /home/ros/ros/build/src/chrono_ros/chrono_ros_interfaces/chrono_ros_interfaces/share/chrono_ros_interfaces/cmake/export_chrono_ros_interfaces__rosidl_typesupport_fastrtps_cppExport-noconfig.cmake
[5.150s] -- Installing: /home/ros/ros/build/src/chrono_ros/chrono_ros_interfaces/chrono_ros_interfaces/share/chrono_ros_interfaces/cmake/chrono_ros_interfaces__rosidl_typesupport_introspection_cExport.cmake
[5.150s] -- Installing: /home/ros/ros/build/src/chrono_ros/chrono_ros_interfaces/chrono_ros_interfaces/share/chrono_ros_interfaces/cmake/chrono_ros_interfaces__rosidl_typesupport_introspection_cExport-noconfig.cmake
[5.150s] -- Installing: /home/ros/ros/build/src/chrono_ros/chrono_ros_interfaces/chrono_ros_interfaces/share/chrono_ros_interfaces/cmake/chrono_ros_interfaces__rosidl_typesupport_cExport.cmake
[5.151s] -- Installing: /home/ros/ros/build/src/chrono_ros/chrono_ros_interfaces/chrono_ros_interfaces/share/chrono_ros_interfaces/cmake/chrono_ros_interfaces__rosidl_typesupport_cExport-noconfig.cmake
[5.151s] -- Installing: /home/ros/ros/build/src/chrono_ros/chrono_ros_interfaces/chrono_ros_interfaces/share/chrono_ros_interfaces/cmake/chrono_ros_interfaces__rosidl_typesupport_introspection_cppExport.cmake
[5.151s] -- Installing: /home/ros/ros/build/src/chrono_ros/chrono_ros_interfaces/chrono_ros_interfaces/share/chrono_ros_interfaces/cmake/chrono_ros_interfaces__rosidl_typesupport_introspection_cppExport-noconfig.cmake
[5.151s] -- Installing: /home/ros/ros/build/src/chrono_ros/chrono_ros_interfaces/chrono_ros_interfaces/share/chrono_ros_interfaces/cmake/chrono_ros_interfaces__rosidl_typesupport_cppExport.cmake
[5.151s] -- Installing: /home/ros/ros/build/src/chrono_ros/chrono_ros_interfaces/chrono_ros_interfaces/share/chrono_ros_interfaces/cmake/chrono_ros_interfaces__rosidl_typesupport_cppExport-noconfig.cmake
[5.151s] -- Installing: /home/ros/ros/build/src/chrono_ros/chrono_ros_interfaces/chrono_ros_interfaces/share/chrono_ros_interfaces/cmake/export_chrono_ros_interfaces__rosidl_generator_pyExport.cmake
[5.151s] -- Installing: /home/ros/ros/build/src/chrono_ros/chrono_ros_interfaces/chrono_ros_interfaces/share/chrono_ros_interfaces/cmake/export_chrono_ros_interfaces__rosidl_generator_pyExport-noconfig.cmake
[5.151s] -- Installing: /home/ros/ros/build/src/chrono_ros/chrono_ros_interfaces/chrono_ros_interfaces/share/chrono_ros_interfaces/cmake/rosidl_cmake-extras.cmake
[5.152s] -- Installing: /home/ros/ros/build/src/chrono_ros/chrono_ros_interfaces/chrono_ros_interfaces/share/chrono_ros_interfaces/cmake/ament_cmake_export_dependencies-extras.cmake
[5.152s] -- Installing: /home/ros/ros/build/src/chrono_ros/chrono_ros_interfaces/chrono_ros_interfaces/share/chrono_ros_interfaces/cmake/ament_cmake_export_include_directories-extras.cmake
[5.152s] -- Installing: /home/ros/ros/build/src/chrono_ros/chrono_ros_interfaces/chrono_ros_interfaces/share/chrono_ros_interfaces/cmake/ament_cmake_export_libraries-extras.cmake
[5.152s] -- Installing: /home/ros/ros/build/src/chrono_ros/chrono_ros_interfaces/chrono_ros_interfaces/share/chrono_ros_interfaces/cmake/ament_cmake_export_targets-extras.cmake
[5.152s] -- Installing: /home/ros/ros/build/src/chrono_ros/chrono_ros_interfaces/chrono_ros_interfaces/share/chrono_ros_interfaces/cmake/rosidl_cmake_export_typesupport_targets-extras.cmake
[5.152s] -- Installing: /home/ros/ros/build/src/chrono_ros/chrono_ros_interfaces/chrono_ros_interfaces/share/chrono_ros_interfaces/cmake/rosidl_cmake_export_typesupport_libraries-extras.cmake
[5.152s] -- Installing: /home/ros/ros/build/src/chrono_ros/chrono_ros_interfaces/chrono_ros_interfaces/share/chrono_ros_interfaces/cmake/chrono_ros_interfacesConfig.cmake
[5.152s] -- Installing: /home/ros/ros/build/src/chrono_ros/chrono_ros_interfaces/chrono_ros_interfaces/share/chrono_ros_interfaces/cmake/chrono_ros_interfacesConfig-version.cmake
[5.152s] -- Installing: /home/ros/ros/build/src/chrono_ros/chrono_ros_interfaces/chrono_ros_interfaces/share/chrono_ros_interfaces/package.xml
[5.155s] Invoked command in '/home/ros/ros/build/src/chrono_ros/chrono_ros_interfaces/chrono_ros_interfaces' returned '0': CMAKE_PREFIX_PATH=/opt/ros/iron /usr/bin/cmake --install /home/ros/ros/build/src/chrono_ros/chrono_ros_interfaces/chrono_ros_interfaces
