[0.013s] Invoking command in '/home/ros/ros/build/src/chrono_ros/chrono_ros_interfaces/chrono_ros_interfaces': CMAKE_PREFIX_PATH=${CMAKE_PREFIX_PATH}:/opt/ros/iron /usr/bin/cmake --build /home/ros/ros/build/src/chrono_ros/chrono_ros_interfaces/chrono_ros_interfaces -- -j12 -l12
[0.035s] -- Found ament_cmake: 2.0.3 (/opt/ros/iron/share/ament_cmake/cmake)
[0.136s] -- Found ament_cmake_auto: 2.0.3 (/opt/ros/iron/share/ament_cmake_auto/cmake)
[0.137s] -- Found geometry_msgs: 5.0.0 (/opt/ros/iron/share/geometry_msgs/cmake)
[0.157s] -- Found rosidl_generator_c: 4.0.1 (/opt/ros/iron/share/rosidl_generator_c/cmake)
[0.164s] -- Found rosidl_generator_cpp: 4.0.1 (/opt/ros/iron/share/rosidl_generator_cpp/cmake)
[0.175s] -- Using all available rosidl_typesupport_c: rosidl_typesupport_fastrtps_c;rosidl_typesupport_introspection_c
[0.189s] -- Using all available rosidl_typesupport_cpp: rosidl_typesupport_fastrtps_cpp;rosidl_typesupport_introspection_cpp
[0.279s] -- Found ament_lint_auto: 0.14.1 (/opt/ros/iron/share/ament_lint_auto/cmake)
[0.327s] -- Found rosidl_default_generators: 1.5.0 (/opt/ros/iron/share/rosidl_default_generators/cmake)
[0.334s] -- Found rosidl_adapter: 4.0.1 (/opt/ros/iron/share/rosidl_adapter/cmake)
[0.610s] -- Found ament_cmake_ros: 0.11.2 (/opt/ros/iron/share/ament_cmake_ros/cmake)
[0.941s] -- Using all available rosidl_typesupport_c: rosidl_typesupport_fastrtps_c;rosidl_typesupport_introspection_c
[1.062s] -- Using all available rosidl_typesupport_cpp: rosidl_typesupport_fastrtps_cpp;rosidl_typesupport_introspection_cpp
[1.076s] -- Found python_cmake_module: 0.10.2 (/opt/ros/iron/share/python_cmake_module/cmake)
[1.089s] -- Using PYTHON_EXECUTABLE: /usr/bin/python3
[1.089s] -- Using PYTHON_INCLUDE_DIRS: /usr/include/python3.10
[1.089s] -- Using PYTHON_LIBRARIES: /usr/lib/x86_64-linux-gnu/libpython3.10.so
[1.126s] -- Added test 'copyright' to check source files copyright and LICENSE
[1.211s] -- Added test 'cppcheck' to perform static code analysis on C / C++ code
[1.211s] -- Configured cppcheck include dirs: 
[1.211s] -- Configured cppcheck exclude dirs and/or files: 
[1.286s] -- Added test 'cpplint' to check C / C++ code against the Google style
[1.286s] -- Configured cpplint exclude dirs and/or files: 
[1.295s] -- Added test 'flake8' to check Python code syntax and style conventions
[1.295s] -- Configured 'flake8' exclude dirs and/or files: 
[1.314s] -- Added test 'lint_cmake' to check CMake code style
[1.323s] -- Added test 'pep257' to check Python code against some of the docstring style conventions in PEP 257
[1.401s] -- Added test 'uncrustify' to check C / C++ code style
[1.401s] -- Configured uncrustify additional arguments: 
[1.410s] -- Added test 'xmllint' to check XML markup files
[1.413s] -- Configuring done
[1.454s] -- Generating done
[1.456s] -- Build files have been written to: /home/ros/ros/build/src/chrono_ros/chrono_ros_interfaces/chrono_ros_interfaces
[1.485s] [  1%] Generating type hashes for ROS interfaces
[1.492s] [  1%] Built target ament_cmake_python_copy_chrono_ros_interfaces
[1.647s] running egg_info
[1.648s] writing chrono_ros_interfaces.egg-info/PKG-INFO
[1.648s] writing dependency_links to chrono_ros_interfaces.egg-info/dependency_links.txt
[1.648s] writing top-level names to chrono_ros_interfaces.egg-info/top_level.txt
[1.650s] reading manifest file 'chrono_ros_interfaces.egg-info/SOURCES.txt'
[1.650s] writing manifest file 'chrono_ros_interfaces.egg-info/SOURCES.txt'
[1.671s] [  1%] Built target ament_cmake_python_build_chrono_ros_interfaces_egg
[1.742s] [  1%] Built target chrono_ros_interfaces__rosidl_generator_type_description
[1.752s] [  2%] Generating C code for ROS interfaces
[1.759s] [  4%] Generating C++ code for ROS interfaces
[2.243s] [  4%] Built target chrono_ros_interfaces__cpp
[2.432s] Consolidate compiler generated dependencies of target chrono_ros_interfaces__rosidl_generator_c
[2.444s] [  6%] Building C object CMakeFiles/chrono_ros_interfaces__rosidl_generator_c.dir/rosidl_generator_c/chrono_ros_interfaces/msg/detail/ch_vehicle__functions.c.o
[2.444s] [  6%] Building C object CMakeFiles/chrono_ros_interfaces__rosidl_generator_c.dir/rosidl_generator_c/chrono_ros_interfaces/msg/detail/ch_vehicle__description.c.o
[2.444s] [  9%] Building C object CMakeFiles/chrono_ros_interfaces__rosidl_generator_c.dir/rosidl_generator_c/chrono_ros_interfaces/msg/detail/ch_driver_inputs__type_support.c.o
[2.444s] [  9%] Building C object CMakeFiles/chrono_ros_interfaces__rosidl_generator_c.dir/rosidl_generator_c/chrono_ros_interfaces/msg/detail/ch_body__description.c.o
[2.445s] [ 12%] Building C object CMakeFiles/chrono_ros_interfaces__rosidl_generator_c.dir/rosidl_generator_c/chrono_ros_interfaces/msg/detail/ch_driver_inputs__description.c.o
[2.445s] [ 12%] Building C object CMakeFiles/chrono_ros_interfaces__rosidl_generator_c.dir/rosidl_generator_c/chrono_ros_interfaces/msg/detail/ch_driver_inputs__functions.c.o
[2.445s] [ 13%] Building C object CMakeFiles/chrono_ros_interfaces__rosidl_generator_c.dir/rosidl_generator_c/chrono_ros_interfaces/msg/detail/ch_body__type_support.c.o
[2.445s] [ 14%] Building C object CMakeFiles/chrono_ros_interfaces__rosidl_generator_c.dir/rosidl_generator_c/chrono_ros_interfaces/msg/detail/ch_vehicle__type_support.c.o
[2.447s] [ 16%] Building C object CMakeFiles/chrono_ros_interfaces__rosidl_generator_c.dir/rosidl_generator_c/chrono_ros_interfaces/msg/detail/ch_body__functions.c.o
[2.448s] [ 17%] Building C object CMakeFiles/chrono_ros_interfaces__rosidl_generator_c.dir/rosidl_generator_c/chrono_ros_interfaces/srv/detail/ch_start_simulation__type_support.c.o
[2.455s] [ 20%] Building C object CMakeFiles/chrono_ros_interfaces__rosidl_generator_c.dir/rosidl_generator_c/chrono_ros_interfaces/srv/detail/ch_start_simulation__description.c.o
[2.455s] [ 20%] Building C object CMakeFiles/chrono_ros_interfaces__rosidl_generator_c.dir/rosidl_generator_c/chrono_ros_interfaces/srv/detail/ch_start_simulation__functions.c.o
[2.497s] [ 21%] Building C object CMakeFiles/chrono_ros_interfaces__rosidl_generator_c.dir/rosidl_generator_c/chrono_ros_interfaces/srv/detail/ch_stop_simulation__description.c.o
[2.501s] [ 24%] Building C object CMakeFiles/chrono_ros_interfaces__rosidl_generator_c.dir/rosidl_generator_c/chrono_ros_interfaces/srv/detail/ch_stop_simulation__type_support.c.o
[2.501s] [ 24%] Building C object CMakeFiles/chrono_ros_interfaces__rosidl_generator_c.dir/rosidl_generator_c/chrono_ros_interfaces/srv/detail/ch_stop_simulation__functions.c.o
[2.559s] [ 25%] Linking C shared library libchrono_ros_interfaces__rosidl_generator_c.so
[2.592s] [ 25%] Built target chrono_ros_interfaces__rosidl_generator_c
[2.600s] [ 27%] Generating C++ type support dispatch for ROS interfaces
[2.601s] [ 28%] Generating C++ introspection for ROS interfaces
[2.601s] [ 29%] Generating C type support for eProsima Fast-RTPS
[2.603s] [ 31%] Generating C++ type support for eProsima Fast-RTPS
[2.603s] [ 32%] Generating C introspection for ROS interfaces
[2.603s] [ 33%] Generating C type support dispatch for ROS interfaces
[2.951s] Consolidate compiler generated dependencies of target chrono_ros_interfaces__rosidl_typesupport_c
[2.963s] [ 37%] Building CXX object CMakeFiles/chrono_ros_interfaces__rosidl_typesupport_c.dir/rosidl_typesupport_c/chrono_ros_interfaces/msg/ch_body__type_support.cpp.o
[2.963s] [ 37%] Building CXX object CMakeFiles/chrono_ros_interfaces__rosidl_typesupport_c.dir/rosidl_typesupport_c/chrono_ros_interfaces/msg/ch_driver_inputs__type_support.cpp.o
[2.964s] [ 37%] Building CXX object CMakeFiles/chrono_ros_interfaces__rosidl_typesupport_c.dir/rosidl_typesupport_c/chrono_ros_interfaces/msg/ch_vehicle__type_support.cpp.o
[2.964s] [ 39%] Building CXX object CMakeFiles/chrono_ros_interfaces__rosidl_typesupport_c.dir/rosidl_typesupport_c/chrono_ros_interfaces/srv/ch_stop_simulation__type_support.cpp.o
[2.965s] [ 40%] Building CXX object CMakeFiles/chrono_ros_interfaces__rosidl_typesupport_c.dir/rosidl_typesupport_c/chrono_ros_interfaces/srv/ch_start_simulation__type_support.cpp.o
[3.018s] [ 41%] Linking CXX shared library libchrono_ros_interfaces__rosidl_typesupport_c.so
[3.057s] [ 41%] Built target chrono_ros_interfaces__rosidl_typesupport_c
[3.065s] Consolidate compiler generated dependencies of target chrono_ros_interfaces__rosidl_typesupport_fastrtps_c
[3.082s] [ 43%] Building CXX object CMakeFiles/chrono_ros_interfaces__rosidl_typesupport_fastrtps_c.dir/rosidl_typesupport_fastrtps_c/chrono_ros_interfaces/msg/detail/ch_vehicle__type_support_c.cpp.o
[3.086s] [ 44%] Building CXX object CMakeFiles/chrono_ros_interfaces__rosidl_typesupport_fastrtps_c.dir/rosidl_typesupport_fastrtps_c/chrono_ros_interfaces/msg/detail/ch_driver_inputs__type_support_c.cpp.o
[3.086s] [ 45%] Building CXX object CMakeFiles/chrono_ros_interfaces__rosidl_typesupport_fastrtps_c.dir/rosidl_typesupport_fastrtps_c/chrono_ros_interfaces/srv/detail/ch_start_simulation__type_support_c.cpp.o
[3.087s] [ 47%] Building CXX object CMakeFiles/chrono_ros_interfaces__rosidl_typesupport_fastrtps_c.dir/rosidl_typesupport_fastrtps_c/chrono_ros_interfaces/msg/detail/ch_body__type_support_c.cpp.o
[3.089s] [ 48%] Building CXX object CMakeFiles/chrono_ros_interfaces__rosidl_typesupport_fastrtps_c.dir/rosidl_typesupport_fastrtps_c/chrono_ros_interfaces/srv/detail/ch_stop_simulation__type_support_c.cpp.o
[3.090s] Consolidate compiler generated dependencies of target chrono_ros_interfaces__rosidl_typesupport_introspection_cpp
[3.103s] Consolidate compiler generated dependencies of target chrono_ros_interfaces__rosidl_typesupport_fastrtps_cpp
[3.105s] [ 50%] Building CXX object CMakeFiles/chrono_ros_interfaces__rosidl_typesupport_introspection_cpp.dir/rosidl_typesupport_introspection_cpp/chrono_ros_interfaces/msg/detail/ch_vehicle__type_support.cpp.o
[3.108s] [ 51%] Building CXX object CMakeFiles/chrono_ros_interfaces__rosidl_typesupport_introspection_cpp.dir/rosidl_typesupport_introspection_cpp/chrono_ros_interfaces/msg/detail/ch_body__type_support.cpp.o
[3.109s] [ 52%] Building CXX object CMakeFiles/chrono_ros_interfaces__rosidl_typesupport_introspection_cpp.dir/rosidl_typesupport_introspection_cpp/chrono_ros_interfaces/msg/detail/ch_driver_inputs__type_support.cpp.o
[3.119s] [ 54%] Building CXX object CMakeFiles/chrono_ros_interfaces__rosidl_typesupport_introspection_cpp.dir/rosidl_typesupport_introspection_cpp/chrono_ros_interfaces/srv/detail/ch_start_simulation__type_support.cpp.o
[3.119s] [ 55%] Building CXX object CMakeFiles/chrono_ros_interfaces__rosidl_typesupport_fastrtps_cpp.dir/rosidl_typesupport_fastrtps_cpp/chrono_ros_interfaces/msg/detail/dds_fastrtps/ch_vehicle__type_support.cpp.o
[3.257s] Consolidate compiler generated dependencies of target chrono_ros_interfaces__rosidl_typesupport_cpp
[3.285s] [ 56%] Building CXX object CMakeFiles/chrono_ros_interfaces__rosidl_typesupport_cpp.dir/rosidl_typesupport_cpp/chrono_ros_interfaces/msg/ch_vehicle__type_support.cpp.o
[3.499s] [ 58%] Building CXX object CMakeFiles/chrono_ros_interfaces__rosidl_typesupport_cpp.dir/rosidl_typesupport_cpp/chrono_ros_interfaces/msg/ch_driver_inputs__type_support.cpp.o
[3.501s] [ 59%] Building CXX object CMakeFiles/chrono_ros_interfaces__rosidl_typesupport_fastrtps_cpp.dir/rosidl_typesupport_fastrtps_cpp/chrono_ros_interfaces/msg/detail/dds_fastrtps/ch_driver_inputs__type_support.cpp.o
[3.510s] [ 60%] Building CXX object CMakeFiles/chrono_ros_interfaces__rosidl_typesupport_fastrtps_cpp.dir/rosidl_typesupport_fastrtps_cpp/chrono_ros_interfaces/msg/detail/dds_fastrtps/ch_body__type_support.cpp.o
[3.514s] Consolidate compiler generated dependencies of target chrono_ros_interfaces__rosidl_typesupport_introspection_c
[3.543s] [ 62%] Building C object CMakeFiles/chrono_ros_interfaces__rosidl_typesupport_introspection_c.dir/rosidl_typesupport_introspection_c/chrono_ros_interfaces/msg/detail/ch_vehicle__type_support.c.o
[3.555s] [ 63%] Building CXX object CMakeFiles/chrono_ros_interfaces__rosidl_typesupport_introspection_cpp.dir/rosidl_typesupport_introspection_cpp/chrono_ros_interfaces/srv/detail/ch_stop_simulation__type_support.cpp.o
[3.556s] [ 64%] Linking CXX shared library libchrono_ros_interfaces__rosidl_typesupport_fastrtps_c.so
[3.564s] [ 66%] Building C object CMakeFiles/chrono_ros_interfaces__rosidl_typesupport_introspection_c.dir/rosidl_typesupport_introspection_c/chrono_ros_interfaces/msg/detail/ch_driver_inputs__type_support.c.o
[3.574s] [ 67%] Building C object CMakeFiles/chrono_ros_interfaces__rosidl_typesupport_introspection_c.dir/rosidl_typesupport_introspection_c/chrono_ros_interfaces/msg/detail/ch_body__type_support.c.o
[3.620s] [ 68%] Building CXX object CMakeFiles/chrono_ros_interfaces__rosidl_typesupport_fastrtps_cpp.dir/rosidl_typesupport_fastrtps_cpp/chrono_ros_interfaces/srv/detail/dds_fastrtps/ch_start_simulation__type_support.cpp.o
[3.632s] [ 70%] Building C object CMakeFiles/chrono_ros_interfaces__rosidl_typesupport_introspection_c.dir/rosidl_typesupport_introspection_c/chrono_ros_interfaces/srv/detail/ch_start_simulation__type_support.c.o
[3.648s] [ 71%] Building CXX object CMakeFiles/chrono_ros_interfaces__rosidl_typesupport_fastrtps_cpp.dir/rosidl_typesupport_fastrtps_cpp/chrono_ros_interfaces/srv/detail/dds_fastrtps/ch_stop_simulation__type_support.cpp.o
[3.654s] [ 72%] Building C object CMakeFiles/chrono_ros_interfaces__rosidl_typesupport_introspection_c.dir/rosidl_typesupport_introspection_c/chrono_ros_interfaces/srv/detail/ch_stop_simulation__type_support.c.o
[3.701s] [ 72%] Built target chrono_ros_interfaces__rosidl_typesupport_fastrtps_c
[3.713s] [ 74%] Building CXX object CMakeFiles/chrono_ros_interfaces__rosidl_typesupport_cpp.dir/rosidl_typesupport_cpp/chrono_ros_interfaces/msg/ch_body__type_support.cpp.o
[3.723s] [ 75%] Building CXX object CMakeFiles/chrono_ros_interfaces__rosidl_typesupport_cpp.dir/rosidl_typesupport_cpp/chrono_ros_interfaces/srv/ch_start_simulation__type_support.cpp.o
[3.729s] [ 77%] Linking C shared library libchrono_ros_interfaces__rosidl_typesupport_introspection_c.so
[3.746s] [ 78%] Building CXX object CMakeFiles/chrono_ros_interfaces__rosidl_typesupport_cpp.dir/rosidl_typesupport_cpp/chrono_ros_interfaces/srv/ch_stop_simulation__type_support.cpp.o
[3.776s] [ 78%] Built target chrono_ros_interfaces__rosidl_typesupport_introspection_c
[4.091s] [ 79%] Linking CXX shared library libchrono_ros_interfaces__rosidl_typesupport_introspection_cpp.so
[4.189s] [ 79%] Built target chrono_ros_interfaces__rosidl_typesupport_introspection_cpp
[4.232s] [ 81%] Linking CXX shared library libchrono_ros_interfaces__rosidl_typesupport_cpp.so
[4.273s] [ 82%] Linking CXX shared library libchrono_ros_interfaces__rosidl_typesupport_fastrtps_cpp.so
[4.292s] [ 82%] Built target chrono_ros_interfaces__rosidl_typesupport_cpp
[4.333s] [ 82%] Built target chrono_ros_interfaces__rosidl_typesupport_fastrtps_cpp
[4.347s] [ 82%] Built target chrono_ros_interfaces
[4.361s] [ 83%] Generating Python code for ROS interfaces
[5.156s] [ 83%] Built target chrono_ros_interfaces__py
[5.168s] Consolidate compiler generated dependencies of target chrono_ros_interfaces__rosidl_generator_py
[5.178s] [ 85%] Building C object CMakeFiles/chrono_ros_interfaces__rosidl_generator_py.dir/rosidl_generator_py/chrono_ros_interfaces/msg/_ch_vehicle_s.c.o
[5.179s] [ 86%] Building C object CMakeFiles/chrono_ros_interfaces__rosidl_generator_py.dir/rosidl_generator_py/chrono_ros_interfaces/msg/_ch_body_s.c.o
[5.179s] [ 87%] Building C object CMakeFiles/chrono_ros_interfaces__rosidl_generator_py.dir/rosidl_generator_py/chrono_ros_interfaces/msg/_ch_driver_inputs_s.c.o
[5.181s] [ 89%] Building C object CMakeFiles/chrono_ros_interfaces__rosidl_generator_py.dir/rosidl_generator_py/chrono_ros_interfaces/srv/_ch_start_simulation_s.c.o
[5.181s] [ 90%] Building C object CMakeFiles/chrono_ros_interfaces__rosidl_generator_py.dir/rosidl_generator_py/chrono_ros_interfaces/srv/_ch_stop_simulation_s.c.o
[5.295s] [ 91%] Linking C shared library rosidl_generator_py/chrono_ros_interfaces/libchrono_ros_interfaces__rosidl_generator_py.so
[5.329s] [ 91%] Built target chrono_ros_interfaces__rosidl_generator_py
[5.338s] Consolidate compiler generated dependencies of target chrono_ros_interfaces__rosidl_typesupport_introspection_c__pyext
[5.338s] Consolidate compiler generated dependencies of target chrono_ros_interfaces__rosidl_typesupport_fastrtps_c__pyext
[5.339s] Consolidate compiler generated dependencies of target chrono_ros_interfaces__rosidl_typesupport_c__pyext
[5.349s] [ 94%] Building C object CMakeFiles/chrono_ros_interfaces__rosidl_typesupport_introspection_c__pyext.dir/rosidl_generator_py/chrono_ros_interfaces/_chrono_ros_interfaces_s.ep.rosidl_typesupport_introspection_c.c.o
[5.349s] [ 94%] Building C object CMakeFiles/chrono_ros_interfaces__rosidl_typesupport_c__pyext.dir/rosidl_generator_py/chrono_ros_interfaces/_chrono_ros_interfaces_s.ep.rosidl_typesupport_c.c.o
[5.349s] [ 95%] Building C object CMakeFiles/chrono_ros_interfaces__rosidl_typesupport_fastrtps_c__pyext.dir/rosidl_generator_py/chrono_ros_interfaces/_chrono_ros_interfaces_s.ep.rosidl_typesupport_fastrtps_c.c.o
[5.455s] [ 97%] Linking C shared library rosidl_generator_py/chrono_ros_interfaces/chrono_ros_interfaces_s__rosidl_typesupport_introspection_c.cpython-310-x86_64-linux-gnu.so
[5.456s] [ 98%] Linking C shared library rosidl_generator_py/chrono_ros_interfaces/chrono_ros_interfaces_s__rosidl_typesupport_fastrtps_c.cpython-310-x86_64-linux-gnu.so
[5.460s] [100%] Linking C shared library rosidl_generator_py/chrono_ros_interfaces/chrono_ros_interfaces_s__rosidl_typesupport_c.cpython-310-x86_64-linux-gnu.so
[5.495s] [100%] Built target chrono_ros_interfaces__rosidl_typesupport_introspection_c__pyext
[5.495s] [100%] Built target chrono_ros_interfaces__rosidl_typesupport_c__pyext
[5.499s] [100%] Built target chrono_ros_interfaces__rosidl_typesupport_fastrtps_c__pyext
[5.509s] Invoked command in '/home/ros/ros/build/src/chrono_ros/chrono_ros_interfaces/chrono_ros_interfaces' returned '0': CMAKE_PREFIX_PATH=${CMAKE_PREFIX_PATH}:/opt/ros/iron /usr/bin/cmake --build /home/ros/ros/build/src/chrono_ros/chrono_ros_interfaces/chrono_ros_interfaces -- -j12 -l12
[5.615s] Invoking command in '/home/ros/ros/build/src/chrono_ros/chrono_ros_interfaces/chrono_ros_interfaces': CMAKE_PREFIX_PATH=${CMAKE_PREFIX_PATH}:/opt/ros/iron /usr/bin/cmake --install /home/ros/ros/build/src/chrono_ros/chrono_ros_interfaces/chrono_ros_interfaces
[5.621s] -- Install configuration: ""
[5.621s] -- Installing: /home/ros/ros/build/src/chrono_ros/chrono_ros_interfaces/chrono_ros_interfaces/share/ament_index/resource_index/rosidl_interfaces/chrono_ros_interfaces
[5.621s] -- Installing: /home/ros/ros/build/src/chrono_ros/chrono_ros_interfaces/chrono_ros_interfaces/share/chrono_ros_interfaces/msg/ChVehicle.json
[5.621s] -- Installing: /home/ros/ros/build/src/chrono_ros/chrono_ros_interfaces/chrono_ros_interfaces/share/chrono_ros_interfaces/msg/ChDriverInputs.json
[5.621s] -- Installing: /home/ros/ros/build/src/chrono_ros/chrono_ros_interfaces/chrono_ros_interfaces/share/chrono_ros_interfaces/msg/ChBody.json
[5.621s] -- Installing: /home/ros/ros/build/src/chrono_ros/chrono_ros_interfaces/chrono_ros_interfaces/share/chrono_ros_interfaces/srv/ChStartSimulation.json
[5.621s] -- Installing: /home/ros/ros/build/src/chrono_ros/chrono_ros_interfaces/chrono_ros_interfaces/share/chrono_ros_interfaces/srv/ChStopSimulation.json
[5.622s] -- Up-to-date: /home/ros/ros/build/src/chrono_ros/chrono_ros_interfaces/chrono_ros_interfaces/include/chrono_ros_interfaces/chrono_ros_interfaces
[5.622s] -- Up-to-date: /home/ros/ros/build/src/chrono_ros/chrono_ros_interfaces/chrono_ros_interfaces/include/chrono_ros_interfaces/chrono_ros_interfaces/srv
[5.622s] -- Installing: /home/ros/ros/build/src/chrono_ros/chrono_ros_interfaces/chrono_ros_interfaces/include/chrono_ros_interfaces/chrono_ros_interfaces/srv/ch_stop_simulation.h
[5.622s] -- Up-to-date: /home/ros/ros/build/src/chrono_ros/chrono_ros_interfaces/chrono_ros_interfaces/include/chrono_ros_interfaces/chrono_ros_interfaces/srv/detail
[5.622s] -- Installing: /home/ros/ros/build/src/chrono_ros/chrono_ros_interfaces/chrono_ros_interfaces/include/chrono_ros_interfaces/chrono_ros_interfaces/srv/detail/ch_stop_simulation__struct.h
[5.622s] -- Installing: /home/ros/ros/build/src/chrono_ros/chrono_ros_interfaces/chrono_ros_interfaces/include/chrono_ros_interfaces/chrono_ros_interfaces/srv/detail/ch_start_simulation__struct.h
[5.622s] -- Installing: /home/ros/ros/build/src/chrono_ros/chrono_ros_interfaces/chrono_ros_interfaces/include/chrono_ros_interfaces/chrono_ros_interfaces/srv/detail/ch_start_simulation__functions.h
[5.622s] -- Installing: /home/ros/ros/build/src/chrono_ros/chrono_ros_interfaces/chrono_ros_interfaces/include/chrono_ros_interfaces/chrono_ros_interfaces/srv/detail/ch_stop_simulation__functions.c
[5.622s] -- Installing: /home/ros/ros/build/src/chrono_ros/chrono_ros_interfaces/chrono_ros_interfaces/include/chrono_ros_interfaces/chrono_ros_interfaces/srv/detail/ch_start_simulation__description.c
[5.622s] -- Installing: /home/ros/ros/build/src/chrono_ros/chrono_ros_interfaces/chrono_ros_interfaces/include/chrono_ros_interfaces/chrono_ros_interfaces/srv/detail/ch_stop_simulation__description.c
[5.623s] -- Installing: /home/ros/ros/build/src/chrono_ros/chrono_ros_interfaces/chrono_ros_interfaces/include/chrono_ros_interfaces/chrono_ros_interfaces/srv/detail/ch_stop_simulation__functions.h
[5.623s] -- Installing: /home/ros/ros/build/src/chrono_ros/chrono_ros_interfaces/chrono_ros_interfaces/include/chrono_ros_interfaces/chrono_ros_interfaces/srv/detail/ch_start_simulation__type_support.c
[5.623s] -- Installing: /home/ros/ros/build/src/chrono_ros/chrono_ros_interfaces/chrono_ros_interfaces/include/chrono_ros_interfaces/chrono_ros_interfaces/srv/detail/ch_stop_simulation__type_support.h
[5.623s] -- Installing: /home/ros/ros/build/src/chrono_ros/chrono_ros_interfaces/chrono_ros_interfaces/include/chrono_ros_interfaces/chrono_ros_interfaces/srv/detail/ch_start_simulation__functions.c
[5.623s] -- Installing: /home/ros/ros/build/src/chrono_ros/chrono_ros_interfaces/chrono_ros_interfaces/include/chrono_ros_interfaces/chrono_ros_interfaces/srv/detail/ch_start_simulation__type_support.h
[5.623s] -- Installing: /home/ros/ros/build/src/chrono_ros/chrono_ros_interfaces/chrono_ros_interfaces/include/chrono_ros_interfaces/chrono_ros_interfaces/srv/detail/ch_stop_simulation__type_support.c
[5.623s] -- Installing: /home/ros/ros/build/src/chrono_ros/chrono_ros_interfaces/chrono_ros_interfaces/include/chrono_ros_interfaces/chrono_ros_interfaces/srv/ch_start_simulation.h
[5.624s] -- Up-to-date: /home/ros/ros/build/src/chrono_ros/chrono_ros_interfaces/chrono_ros_interfaces/include/chrono_ros_interfaces/chrono_ros_interfaces/msg
[5.624s] -- Up-to-date: /home/ros/ros/build/src/chrono_ros/chrono_ros_interfaces/chrono_ros_interfaces/include/chrono_ros_interfaces/chrono_ros_interfaces/msg/rosidl_generator_c__visibility_control.h
[5.624s] -- Installing: /home/ros/ros/build/src/chrono_ros/chrono_ros_interfaces/chrono_ros_interfaces/include/chrono_ros_interfaces/chrono_ros_interfaces/msg/ch_vehicle.h
[5.624s] -- Installing: /home/ros/ros/build/src/chrono_ros/chrono_ros_interfaces/chrono_ros_interfaces/include/chrono_ros_interfaces/chrono_ros_interfaces/msg/ch_body.h
[5.624s] -- Up-to-date: /home/ros/ros/build/src/chrono_ros/chrono_ros_interfaces/chrono_ros_interfaces/include/chrono_ros_interfaces/chrono_ros_interfaces/msg/detail
[5.624s] -- Installing: /home/ros/ros/build/src/chrono_ros/chrono_ros_interfaces/chrono_ros_interfaces/include/chrono_ros_interfaces/chrono_ros_interfaces/msg/detail/ch_driver_inputs__description.c
[5.624s] -- Installing: /home/ros/ros/build/src/chrono_ros/chrono_ros_interfaces/chrono_ros_interfaces/include/chrono_ros_interfaces/chrono_ros_interfaces/msg/detail/ch_driver_inputs__type_support.c
[5.624s] -- Installing: /home/ros/ros/build/src/chrono_ros/chrono_ros_interfaces/chrono_ros_interfaces/include/chrono_ros_interfaces/chrono_ros_interfaces/msg/detail/ch_driver_inputs__functions.c
[5.624s] -- Installing: /home/ros/ros/build/src/chrono_ros/chrono_ros_interfaces/chrono_ros_interfaces/include/chrono_ros_interfaces/chrono_ros_interfaces/msg/detail/ch_body__functions.h
[5.624s] -- Installing: /home/ros/ros/build/src/chrono_ros/chrono_ros_interfaces/chrono_ros_interfaces/include/chrono_ros_interfaces/chrono_ros_interfaces/msg/detail/ch_vehicle__struct.h
[5.624s] -- Installing: /home/ros/ros/build/src/chrono_ros/chrono_ros_interfaces/chrono_ros_interfaces/include/chrono_ros_interfaces/chrono_ros_interfaces/msg/detail/ch_vehicle__description.c
[5.624s] -- Installing: /home/ros/ros/build/src/chrono_ros/chrono_ros_interfaces/chrono_ros_interfaces/include/chrono_ros_interfaces/chrono_ros_interfaces/msg/detail/ch_vehicle__type_support.h
[5.625s] -- Installing: /home/ros/ros/build/src/chrono_ros/chrono_ros_interfaces/chrono_ros_interfaces/include/chrono_ros_interfaces/chrono_ros_interfaces/msg/detail/ch_body__type_support.h
[5.625s] -- Installing: /home/ros/ros/build/src/chrono_ros/chrono_ros_interfaces/chrono_ros_interfaces/include/chrono_ros_interfaces/chrono_ros_interfaces/msg/detail/ch_driver_inputs__functions.h
[5.625s] -- Installing: /home/ros/ros/build/src/chrono_ros/chrono_ros_interfaces/chrono_ros_interfaces/include/chrono_ros_interfaces/chrono_ros_interfaces/msg/detail/ch_vehicle__functions.h
[5.625s] -- Installing: /home/ros/ros/build/src/chrono_ros/chrono_ros_interfaces/chrono_ros_interfaces/include/chrono_ros_interfaces/chrono_ros_interfaces/msg/detail/ch_vehicle__type_support.c
[5.625s] -- Installing: /home/ros/ros/build/src/chrono_ros/chrono_ros_interfaces/chrono_ros_interfaces/include/chrono_ros_interfaces/chrono_ros_interfaces/msg/detail/ch_driver_inputs__type_support.h
[5.625s] -- Installing: /home/ros/ros/build/src/chrono_ros/chrono_ros_interfaces/chrono_ros_interfaces/include/chrono_ros_interfaces/chrono_ros_interfaces/msg/detail/ch_body__struct.h
[5.625s] -- Installing: /home/ros/ros/build/src/chrono_ros/chrono_ros_interfaces/chrono_ros_interfaces/include/chrono_ros_interfaces/chrono_ros_interfaces/msg/detail/ch_driver_inputs__struct.h
[5.625s] -- Installing: /home/ros/ros/build/src/chrono_ros/chrono_ros_interfaces/chrono_ros_interfaces/include/chrono_ros_interfaces/chrono_ros_interfaces/msg/detail/ch_body__functions.c
[5.625s] -- Installing: /home/ros/ros/build/src/chrono_ros/chrono_ros_interfaces/chrono_ros_interfaces/include/chrono_ros_interfaces/chrono_ros_interfaces/msg/detail/ch_body__description.c
[5.626s] -- Installing: /home/ros/ros/build/src/chrono_ros/chrono_ros_interfaces/chrono_ros_interfaces/include/chrono_ros_interfaces/chrono_ros_interfaces/msg/detail/ch_vehicle__functions.c
[5.626s] -- Installing: /home/ros/ros/build/src/chrono_ros/chrono_ros_interfaces/chrono_ros_interfaces/include/chrono_ros_interfaces/chrono_ros_interfaces/msg/detail/ch_body__type_support.c
[5.626s] -- Installing: /home/ros/ros/build/src/chrono_ros/chrono_ros_interfaces/chrono_ros_interfaces/include/chrono_ros_interfaces/chrono_ros_interfaces/msg/ch_driver_inputs.h
[5.626s] -- Up-to-date: /home/ros/ros/build/src/chrono_ros/chrono_ros_interfaces/chrono_ros_interfaces/share/chrono_ros_interfaces/environment/library_path.sh
[5.626s] -- Up-to-date: /home/ros/ros/build/src/chrono_ros/chrono_ros_interfaces/chrono_ros_interfaces/share/chrono_ros_interfaces/environment/library_path.dsv
[5.626s] -- Installing: /home/ros/ros/build/src/chrono_ros/chrono_ros_interfaces/chrono_ros_interfaces/lib/libchrono_ros_interfaces__rosidl_generator_c.so
[5.627s] -- Set runtime path of "/home/ros/ros/build/src/chrono_ros/chrono_ros_interfaces/chrono_ros_interfaces/lib/libchrono_ros_interfaces__rosidl_generator_c.so" to ""
[5.627s] -- Up-to-date: /home/ros/ros/build/src/chrono_ros/chrono_ros_interfaces/chrono_ros_interfaces/include/chrono_ros_interfaces/chrono_ros_interfaces
[5.627s] -- Up-to-date: /home/ros/ros/build/src/chrono_ros/chrono_ros_interfaces/chrono_ros_interfaces/include/chrono_ros_interfaces/chrono_ros_interfaces/srv
[5.627s] -- Up-to-date: /home/ros/ros/build/src/chrono_ros/chrono_ros_interfaces/chrono_ros_interfaces/include/chrono_ros_interfaces/chrono_ros_interfaces/srv/detail
[5.627s] -- Installing: /home/ros/ros/build/src/chrono_ros/chrono_ros_interfaces/chrono_ros_interfaces/include/chrono_ros_interfaces/chrono_ros_interfaces/srv/detail/ch_start_simulation__rosidl_typesupport_fastrtps_c.h
[5.627s] -- Installing: /home/ros/ros/build/src/chrono_ros/chrono_ros_interfaces/chrono_ros_interfaces/include/chrono_ros_interfaces/chrono_ros_interfaces/srv/detail/ch_stop_simulation__rosidl_typesupport_fastrtps_c.h
[5.627s] -- Up-to-date: /home/ros/ros/build/src/chrono_ros/chrono_ros_interfaces/chrono_ros_interfaces/include/chrono_ros_interfaces/chrono_ros_interfaces/msg
[5.627s] -- Up-to-date: /home/ros/ros/build/src/chrono_ros/chrono_ros_interfaces/chrono_ros_interfaces/include/chrono_ros_interfaces/chrono_ros_interfaces/msg/rosidl_typesupport_fastrtps_c__visibility_control.h
[5.627s] -- Up-to-date: /home/ros/ros/build/src/chrono_ros/chrono_ros_interfaces/chrono_ros_interfaces/include/chrono_ros_interfaces/chrono_ros_interfaces/msg/detail
[5.627s] -- Installing: /home/ros/ros/build/src/chrono_ros/chrono_ros_interfaces/chrono_ros_interfaces/include/chrono_ros_interfaces/chrono_ros_interfaces/msg/detail/ch_body__rosidl_typesupport_fastrtps_c.h
[5.627s] -- Installing: /home/ros/ros/build/src/chrono_ros/chrono_ros_interfaces/chrono_ros_interfaces/include/chrono_ros_interfaces/chrono_ros_interfaces/msg/detail/ch_vehicle__rosidl_typesupport_fastrtps_c.h
[5.627s] -- Installing: /home/ros/ros/build/src/chrono_ros/chrono_ros_interfaces/chrono_ros_interfaces/include/chrono_ros_interfaces/chrono_ros_interfaces/msg/detail/ch_driver_inputs__rosidl_typesupport_fastrtps_c.h
[5.628s] -- Installing: /home/ros/ros/build/src/chrono_ros/chrono_ros_interfaces/chrono_ros_interfaces/lib/libchrono_ros_interfaces__rosidl_typesupport_fastrtps_c.so
[5.628s] -- Set runtime path of "/home/ros/ros/build/src/chrono_ros/chrono_ros_interfaces/chrono_ros_interfaces/lib/libchrono_ros_interfaces__rosidl_typesupport_fastrtps_c.so" to ""
[5.628s] -- Up-to-date: /home/ros/ros/build/src/chrono_ros/chrono_ros_interfaces/chrono_ros_interfaces/include/chrono_ros_interfaces/chrono_ros_interfaces
[5.628s] -- Up-to-date: /home/ros/ros/build/src/chrono_ros/chrono_ros_interfaces/chrono_ros_interfaces/include/chrono_ros_interfaces/chrono_ros_interfaces/srv
[5.628s] -- Up-to-date: /home/ros/ros/build/src/chrono_ros/chrono_ros_interfaces/chrono_ros_interfaces/include/chrono_ros_interfaces/chrono_ros_interfaces/srv/detail
[5.628s] -- Installing: /home/ros/ros/build/src/chrono_ros/chrono_ros_interfaces/chrono_ros_interfaces/include/chrono_ros_interfaces/chrono_ros_interfaces/srv/detail/ch_start_simulation__struct.hpp
[5.628s] -- Installing: /home/ros/ros/build/src/chrono_ros/chrono_ros_interfaces/chrono_ros_interfaces/include/chrono_ros_interfaces/chrono_ros_interfaces/srv/detail/ch_stop_simulation__traits.hpp
[5.628s] -- Installing: /home/ros/ros/build/src/chrono_ros/chrono_ros_interfaces/chrono_ros_interfaces/include/chrono_ros_interfaces/chrono_ros_interfaces/srv/detail/ch_stop_simulation__builder.hpp
[5.628s] -- Installing: /home/ros/ros/build/src/chrono_ros/chrono_ros_interfaces/chrono_ros_interfaces/include/chrono_ros_interfaces/chrono_ros_interfaces/srv/detail/ch_start_simulation__builder.hpp
[5.628s] -- Installing: /home/ros/ros/build/src/chrono_ros/chrono_ros_interfaces/chrono_ros_interfaces/include/chrono_ros_interfaces/chrono_ros_interfaces/srv/detail/ch_start_simulation__traits.hpp
[5.629s] -- Installing: /home/ros/ros/build/src/chrono_ros/chrono_ros_interfaces/chrono_ros_interfaces/include/chrono_ros_interfaces/chrono_ros_interfaces/srv/detail/ch_stop_simulation__struct.hpp
[5.629s] -- Installing: /home/ros/ros/build/src/chrono_ros/chrono_ros_interfaces/chrono_ros_interfaces/include/chrono_ros_interfaces/chrono_ros_interfaces/srv/ch_stop_simulation.hpp
[5.629s] -- Installing: /home/ros/ros/build/src/chrono_ros/chrono_ros_interfaces/chrono_ros_interfaces/include/chrono_ros_interfaces/chrono_ros_interfaces/srv/ch_start_simulation.hpp
[5.629s] -- Up-to-date: /home/ros/ros/build/src/chrono_ros/chrono_ros_interfaces/chrono_ros_interfaces/include/chrono_ros_interfaces/chrono_ros_interfaces/msg
[5.629s] -- Installing: /home/ros/ros/build/src/chrono_ros/chrono_ros_interfaces/chrono_ros_interfaces/include/chrono_ros_interfaces/chrono_ros_interfaces/msg/ch_driver_inputs.hpp
[5.629s] -- Up-to-date: /home/ros/ros/build/src/chrono_ros/chrono_ros_interfaces/chrono_ros_interfaces/include/chrono_ros_interfaces/chrono_ros_interfaces/msg/detail
[5.629s] -- Installing: /home/ros/ros/build/src/chrono_ros/chrono_ros_interfaces/chrono_ros_interfaces/include/chrono_ros_interfaces/chrono_ros_interfaces/msg/detail/ch_driver_inputs__traits.hpp
[5.629s] -- Installing: /home/ros/ros/build/src/chrono_ros/chrono_ros_interfaces/chrono_ros_interfaces/include/chrono_ros_interfaces/chrono_ros_interfaces/msg/detail/ch_vehicle__traits.hpp
[5.629s] -- Installing: /home/ros/ros/build/src/chrono_ros/chrono_ros_interfaces/chrono_ros_interfaces/include/chrono_ros_interfaces/chrono_ros_interfaces/msg/detail/ch_driver_inputs__struct.hpp
[5.629s] -- Installing: /home/ros/ros/build/src/chrono_ros/chrono_ros_interfaces/chrono_ros_interfaces/include/chrono_ros_interfaces/chrono_ros_interfaces/msg/detail/ch_driver_inputs__builder.hpp
[5.630s] -- Installing: /home/ros/ros/build/src/chrono_ros/chrono_ros_interfaces/chrono_ros_interfaces/include/chrono_ros_interfaces/chrono_ros_interfaces/msg/detail/ch_vehicle__struct.hpp
[5.630s] -- Installing: /home/ros/ros/build/src/chrono_ros/chrono_ros_interfaces/chrono_ros_interfaces/include/chrono_ros_interfaces/chrono_ros_interfaces/msg/detail/ch_body__builder.hpp
[5.630s] -- Installing: /home/ros/ros/build/src/chrono_ros/chrono_ros_interfaces/chrono_ros_interfaces/include/chrono_ros_interfaces/chrono_ros_interfaces/msg/detail/ch_body__traits.hpp
[5.630s] -- Installing: /home/ros/ros/build/src/chrono_ros/chrono_ros_interfaces/chrono_ros_interfaces/include/chrono_ros_interfaces/chrono_ros_interfaces/msg/detail/ch_vehicle__builder.hpp
[5.630s] -- Installing: /home/ros/ros/build/src/chrono_ros/chrono_ros_interfaces/chrono_ros_interfaces/include/chrono_ros_interfaces/chrono_ros_interfaces/msg/detail/ch_body__struct.hpp
[5.630s] -- Installing: /home/ros/ros/build/src/chrono_ros/chrono_ros_interfaces/chrono_ros_interfaces/include/chrono_ros_interfaces/chrono_ros_interfaces/msg/ch_body.hpp
[5.630s] -- Installing: /home/ros/ros/build/src/chrono_ros/chrono_ros_interfaces/chrono_ros_interfaces/include/chrono_ros_interfaces/chrono_ros_interfaces/msg/ch_vehicle.hpp
[5.630s] -- Up-to-date: /home/ros/ros/build/src/chrono_ros/chrono_ros_interfaces/chrono_ros_interfaces/include/chrono_ros_interfaces/chrono_ros_interfaces
[5.631s] -- Up-to-date: /home/ros/ros/build/src/chrono_ros/chrono_ros_interfaces/chrono_ros_interfaces/include/chrono_ros_interfaces/chrono_ros_interfaces/srv
[5.631s] -- Up-to-date: /home/ros/ros/build/src/chrono_ros/chrono_ros_interfaces/chrono_ros_interfaces/include/chrono_ros_interfaces/chrono_ros_interfaces/srv/detail
[5.631s] -- Installing: /home/ros/ros/build/src/chrono_ros/chrono_ros_interfaces/chrono_ros_interfaces/include/chrono_ros_interfaces/chrono_ros_interfaces/srv/detail/ch_start_simulation__rosidl_typesupport_fastrtps_cpp.hpp
[5.631s] -- Installing: /home/ros/ros/build/src/chrono_ros/chrono_ros_interfaces/chrono_ros_interfaces/include/chrono_ros_interfaces/chrono_ros_interfaces/srv/detail/ch_stop_simulation__rosidl_typesupport_fastrtps_cpp.hpp
[5.631s] -- Up-to-date: /home/ros/ros/build/src/chrono_ros/chrono_ros_interfaces/chrono_ros_interfaces/include/chrono_ros_interfaces/chrono_ros_interfaces/srv/detail/dds_fastrtps
[5.631s] -- Up-to-date: /home/ros/ros/build/src/chrono_ros/chrono_ros_interfaces/chrono_ros_interfaces/include/chrono_ros_interfaces/chrono_ros_interfaces/msg
[5.631s] -- Up-to-date: /home/ros/ros/build/src/chrono_ros/chrono_ros_interfaces/chrono_ros_interfaces/include/chrono_ros_interfaces/chrono_ros_interfaces/msg/detail
[5.631s] -- Installing: /home/ros/ros/build/src/chrono_ros/chrono_ros_interfaces/chrono_ros_interfaces/include/chrono_ros_interfaces/chrono_ros_interfaces/msg/detail/ch_body__rosidl_typesupport_fastrtps_cpp.hpp
[5.631s] -- Installing: /home/ros/ros/build/src/chrono_ros/chrono_ros_interfaces/chrono_ros_interfaces/include/chrono_ros_interfaces/chrono_ros_interfaces/msg/detail/ch_driver_inputs__rosidl_typesupport_fastrtps_cpp.hpp
[5.631s] -- Up-to-date: /home/ros/ros/build/src/chrono_ros/chrono_ros_interfaces/chrono_ros_interfaces/include/chrono_ros_interfaces/chrono_ros_interfaces/msg/detail/dds_fastrtps
[5.631s] -- Installing: /home/ros/ros/build/src/chrono_ros/chrono_ros_interfaces/chrono_ros_interfaces/include/chrono_ros_interfaces/chrono_ros_interfaces/msg/detail/ch_vehicle__rosidl_typesupport_fastrtps_cpp.hpp
[5.631s] -- Up-to-date: /home/ros/ros/build/src/chrono_ros/chrono_ros_interfaces/chrono_ros_interfaces/include/chrono_ros_interfaces/chrono_ros_interfaces/msg/rosidl_typesupport_fastrtps_cpp__visibility_control.h
[5.631s] -- Installing: /home/ros/ros/build/src/chrono_ros/chrono_ros_interfaces/chrono_ros_interfaces/lib/libchrono_ros_interfaces__rosidl_typesupport_fastrtps_cpp.so
[5.632s] -- Set runtime path of "/home/ros/ros/build/src/chrono_ros/chrono_ros_interfaces/chrono_ros_interfaces/lib/libchrono_ros_interfaces__rosidl_typesupport_fastrtps_cpp.so" to ""
[5.632s] -- Up-to-date: /home/ros/ros/build/src/chrono_ros/chrono_ros_interfaces/chrono_ros_interfaces/include/chrono_ros_interfaces/chrono_ros_interfaces
[5.632s] -- Up-to-date: /home/ros/ros/build/src/chrono_ros/chrono_ros_interfaces/chrono_ros_interfaces/include/chrono_ros_interfaces/chrono_ros_interfaces/srv
[5.632s] -- Up-to-date: /home/ros/ros/build/src/chrono_ros/chrono_ros_interfaces/chrono_ros_interfaces/include/chrono_ros_interfaces/chrono_ros_interfaces/srv/detail
[5.632s] -- Installing: /home/ros/ros/build/src/chrono_ros/chrono_ros_interfaces/chrono_ros_interfaces/include/chrono_ros_interfaces/chrono_ros_interfaces/srv/detail/ch_start_simulation__rosidl_typesupport_introspection_c.h
[5.632s] -- Installing: /home/ros/ros/build/src/chrono_ros/chrono_ros_interfaces/chrono_ros_interfaces/include/chrono_ros_interfaces/chrono_ros_interfaces/srv/detail/ch_start_simulation__type_support.c
[5.632s] -- Installing: /home/ros/ros/build/src/chrono_ros/chrono_ros_interfaces/chrono_ros_interfaces/include/chrono_ros_interfaces/chrono_ros_interfaces/srv/detail/ch_stop_simulation__rosidl_typesupport_introspection_c.h
[5.633s] -- Up-to-date: /home/ros/ros/build/src/chrono_ros/chrono_ros_interfaces/chrono_ros_interfaces/include/chrono_ros_interfaces/chrono_ros_interfaces/srv/detail/ch_stop_simulation__type_support.c
[5.633s] -- Up-to-date: /home/ros/ros/build/src/chrono_ros/chrono_ros_interfaces/chrono_ros_interfaces/include/chrono_ros_interfaces/chrono_ros_interfaces/msg
[5.633s] -- Up-to-date: /home/ros/ros/build/src/chrono_ros/chrono_ros_interfaces/chrono_ros_interfaces/include/chrono_ros_interfaces/chrono_ros_interfaces/msg/rosidl_typesupport_introspection_c__visibility_control.h
[5.633s] -- Up-to-date: /home/ros/ros/build/src/chrono_ros/chrono_ros_interfaces/chrono_ros_interfaces/include/chrono_ros_interfaces/chrono_ros_interfaces/msg/detail
[5.633s] -- Installing: /home/ros/ros/build/src/chrono_ros/chrono_ros_interfaces/chrono_ros_interfaces/include/chrono_ros_interfaces/chrono_ros_interfaces/msg/detail/ch_driver_inputs__type_support.c
[5.633s] -- Installing: /home/ros/ros/build/src/chrono_ros/chrono_ros_interfaces/chrono_ros_interfaces/include/chrono_ros_interfaces/chrono_ros_interfaces/msg/detail/ch_body__rosidl_typesupport_introspection_c.h
[5.633s] -- Installing: /home/ros/ros/build/src/chrono_ros/chrono_ros_interfaces/chrono_ros_interfaces/include/chrono_ros_interfaces/chrono_ros_interfaces/msg/detail/ch_vehicle__type_support.c
[5.633s] -- Installing: /home/ros/ros/build/src/chrono_ros/chrono_ros_interfaces/chrono_ros_interfaces/include/chrono_ros_interfaces/chrono_ros_interfaces/msg/detail/ch_driver_inputs__rosidl_typesupport_introspection_c.h
[5.633s] -- Installing: /home/ros/ros/build/src/chrono_ros/chrono_ros_interfaces/chrono_ros_interfaces/include/chrono_ros_interfaces/chrono_ros_interfaces/msg/detail/ch_vehicle__rosidl_typesupport_introspection_c.h
[5.633s] -- Up-to-date: /home/ros/ros/build/src/chrono_ros/chrono_ros_interfaces/chrono_ros_interfaces/include/chrono_ros_interfaces/chrono_ros_interfaces/msg/detail/ch_body__type_support.c
[5.633s] -- Installing: /home/ros/ros/build/src/chrono_ros/chrono_ros_interfaces/chrono_ros_interfaces/lib/libchrono_ros_interfaces__rosidl_typesupport_introspection_c.so
[5.634s] -- Set runtime path of "/home/ros/ros/build/src/chrono_ros/chrono_ros_interfaces/chrono_ros_interfaces/lib/libchrono_ros_interfaces__rosidl_typesupport_introspection_c.so" to ""
[5.634s] -- Installing: /home/ros/ros/build/src/chrono_ros/chrono_ros_interfaces/chrono_ros_interfaces/lib/libchrono_ros_interfaces__rosidl_typesupport_c.so
[5.634s] -- Set runtime path of "/home/ros/ros/build/src/chrono_ros/chrono_ros_interfaces/chrono_ros_interfaces/lib/libchrono_ros_interfaces__rosidl_typesupport_c.so" to ""
[5.634s] -- Up-to-date: /home/ros/ros/build/src/chrono_ros/chrono_ros_interfaces/chrono_ros_interfaces/include/chrono_ros_interfaces/chrono_ros_interfaces
[5.634s] -- Up-to-date: /home/ros/ros/build/src/chrono_ros/chrono_ros_interfaces/chrono_ros_interfaces/include/chrono_ros_interfaces/chrono_ros_interfaces/srv
[5.634s] -- Up-to-date: /home/ros/ros/build/src/chrono_ros/chrono_ros_interfaces/chrono_ros_interfaces/include/chrono_ros_interfaces/chrono_ros_interfaces/srv/detail
[5.634s] -- Installing: /home/ros/ros/build/src/chrono_ros/chrono_ros_interfaces/chrono_ros_interfaces/include/chrono_ros_interfaces/chrono_ros_interfaces/srv/detail/ch_stop_simulation__type_support.cpp
[5.635s] -- Installing: /home/ros/ros/build/src/chrono_ros/chrono_ros_interfaces/chrono_ros_interfaces/include/chrono_ros_interfaces/chrono_ros_interfaces/srv/detail/ch_stop_simulation__rosidl_typesupport_introspection_cpp.hpp
[5.635s] -- Installing: /home/ros/ros/build/src/chrono_ros/chrono_ros_interfaces/chrono_ros_interfaces/include/chrono_ros_interfaces/chrono_ros_interfaces/srv/detail/ch_start_simulation__rosidl_typesupport_introspection_cpp.hpp
[5.635s] -- Installing: /home/ros/ros/build/src/chrono_ros/chrono_ros_interfaces/chrono_ros_interfaces/include/chrono_ros_interfaces/chrono_ros_interfaces/srv/detail/ch_start_simulation__type_support.cpp
[5.635s] -- Up-to-date: /home/ros/ros/build/src/chrono_ros/chrono_ros_interfaces/chrono_ros_interfaces/include/chrono_ros_interfaces/chrono_ros_interfaces/msg
[5.635s] -- Up-to-date: /home/ros/ros/build/src/chrono_ros/chrono_ros_interfaces/chrono_ros_interfaces/include/chrono_ros_interfaces/chrono_ros_interfaces/msg/detail
[5.635s] -- Installing: /home/ros/ros/build/src/chrono_ros/chrono_ros_interfaces/chrono_ros_interfaces/include/chrono_ros_interfaces/chrono_ros_interfaces/msg/detail/ch_body__type_support.cpp
[5.635s] -- Installing: /home/ros/ros/build/src/chrono_ros/chrono_ros_interfaces/chrono_ros_interfaces/include/chrono_ros_interfaces/chrono_ros_interfaces/msg/detail/ch_vehicle__type_support.cpp
[5.635s] -- Installing: /home/ros/ros/build/src/chrono_ros/chrono_ros_interfaces/chrono_ros_interfaces/include/chrono_ros_interfaces/chrono_ros_interfaces/msg/detail/ch_vehicle__rosidl_typesupport_introspection_cpp.hpp
[5.635s] -- Installing: /home/ros/ros/build/src/chrono_ros/chrono_ros_interfaces/chrono_ros_interfaces/include/chrono_ros_interfaces/chrono_ros_interfaces/msg/detail/ch_driver_inputs__rosidl_typesupport_introspection_cpp.hpp
[5.636s] -- Installing: /home/ros/ros/build/src/chrono_ros/chrono_ros_interfaces/chrono_ros_interfaces/include/chrono_ros_interfaces/chrono_ros_interfaces/msg/detail/ch_body__rosidl_typesupport_introspection_cpp.hpp
[5.636s] -- Installing: /home/ros/ros/build/src/chrono_ros/chrono_ros_interfaces/chrono_ros_interfaces/include/chrono_ros_interfaces/chrono_ros_interfaces/msg/detail/ch_driver_inputs__type_support.cpp
[5.636s] -- Installing: /home/ros/ros/build/src/chrono_ros/chrono_ros_interfaces/chrono_ros_interfaces/lib/libchrono_ros_interfaces__rosidl_typesupport_introspection_cpp.so
[5.637s] -- Set runtime path of "/home/ros/ros/build/src/chrono_ros/chrono_ros_interfaces/chrono_ros_interfaces/lib/libchrono_ros_interfaces__rosidl_typesupport_introspection_cpp.so" to ""
[5.637s] -- Installing: /home/ros/ros/build/src/chrono_ros/chrono_ros_interfaces/chrono_ros_interfaces/lib/libchrono_ros_interfaces__rosidl_typesupport_cpp.so
[5.637s] -- Set runtime path of "/home/ros/ros/build/src/chrono_ros/chrono_ros_interfaces/chrono_ros_interfaces/lib/libchrono_ros_interfaces__rosidl_typesupport_cpp.so" to ""
[5.637s] -- Up-to-date: /home/ros/ros/build/src/chrono_ros/chrono_ros_interfaces/chrono_ros_interfaces/share/chrono_ros_interfaces/environment/pythonpath.sh
[5.637s] -- Up-to-date: /home/ros/ros/build/src/chrono_ros/chrono_ros_interfaces/chrono_ros_interfaces/share/chrono_ros_interfaces/environment/pythonpath.dsv
[5.638s] -- Up-to-date: /home/ros/ros/build/src/chrono_ros/chrono_ros_interfaces/chrono_ros_interfaces/lib/python3.10/site-packages/chrono_ros_interfaces-0.0.0-py3.10.egg-info
[5.638s] -- Installing: /home/ros/ros/build/src/chrono_ros/chrono_ros_interfaces/chrono_ros_interfaces/lib/python3.10/site-packages/chrono_ros_interfaces-0.0.0-py3.10.egg-info/SOURCES.txt
[5.638s] -- Installing: /home/ros/ros/build/src/chrono_ros/chrono_ros_interfaces/chrono_ros_interfaces/lib/python3.10/site-packages/chrono_ros_interfaces-0.0.0-py3.10.egg-info/PKG-INFO
[5.638s] -- Installing: /home/ros/ros/build/src/chrono_ros/chrono_ros_interfaces/chrono_ros_interfaces/lib/python3.10/site-packages/chrono_ros_interfaces-0.0.0-py3.10.egg-info/top_level.txt
[5.638s] -- Installing: /home/ros/ros/build/src/chrono_ros/chrono_ros_interfaces/chrono_ros_interfaces/lib/python3.10/site-packages/chrono_ros_interfaces-0.0.0-py3.10.egg-info/dependency_links.txt
[5.638s] -- Up-to-date: /home/ros/ros/build/src/chrono_ros/chrono_ros_interfaces/chrono_ros_interfaces/lib/python3.10/site-packages/chrono_ros_interfaces
[5.638s] -- Up-to-date: /home/ros/ros/build/src/chrono_ros/chrono_ros_interfaces/chrono_ros_interfaces/lib/python3.10/site-packages/chrono_ros_interfaces/srv
[5.638s] -- Installing: /home/ros/ros/build/src/chrono_ros/chrono_ros_interfaces/chrono_ros_interfaces/lib/python3.10/site-packages/chrono_ros_interfaces/srv/_ch_start_simulation_s.c
[5.638s] -- Installing: /home/ros/ros/build/src/chrono_ros/chrono_ros_interfaces/chrono_ros_interfaces/lib/python3.10/site-packages/chrono_ros_interfaces/srv/_ch_stop_simulation_s.c
[5.638s] -- Installing: /home/ros/ros/build/src/chrono_ros/chrono_ros_interfaces/chrono_ros_interfaces/lib/python3.10/site-packages/chrono_ros_interfaces/srv/__init__.py
[5.639s] -- Installing: /home/ros/ros/build/src/chrono_ros/chrono_ros_interfaces/chrono_ros_interfaces/lib/python3.10/site-packages/chrono_ros_interfaces/srv/_ch_start_simulation.py
[5.639s] -- Installing: /home/ros/ros/build/src/chrono_ros/chrono_ros_interfaces/chrono_ros_interfaces/lib/python3.10/site-packages/chrono_ros_interfaces/srv/_ch_stop_simulation.py
[5.639s] -- Installing: /home/ros/ros/build/src/chrono_ros/chrono_ros_interfaces/chrono_ros_interfaces/lib/python3.10/site-packages/chrono_ros_interfaces/__init__.py
[5.639s] -- Installing: /home/ros/ros/build/src/chrono_ros/chrono_ros_interfaces/chrono_ros_interfaces/lib/python3.10/site-packages/chrono_ros_interfaces/chrono_ros_interfaces_s__rosidl_typesupport_fastrtps_c.cpython-310-x86_64-linux-gnu.so
[5.639s] -- Up-to-date: /home/ros/ros/build/src/chrono_ros/chrono_ros_interfaces/chrono_ros_interfaces/lib/python3.10/site-packages/chrono_ros_interfaces/msg
[5.639s] -- Installing: /home/ros/ros/build/src/chrono_ros/chrono_ros_interfaces/chrono_ros_interfaces/lib/python3.10/site-packages/chrono_ros_interfaces/msg/_ch_body_s.c
[5.639s] -- Installing: /home/ros/ros/build/src/chrono_ros/chrono_ros_interfaces/chrono_ros_interfaces/lib/python3.10/site-packages/chrono_ros_interfaces/msg/_ch_driver_inputs_s.c
[5.639s] -- Installing: /home/ros/ros/build/src/chrono_ros/chrono_ros_interfaces/chrono_ros_interfaces/lib/python3.10/site-packages/chrono_ros_interfaces/msg/__init__.py
[5.640s] -- Installing: /home/ros/ros/build/src/chrono_ros/chrono_ros_interfaces/chrono_ros_interfaces/lib/python3.10/site-packages/chrono_ros_interfaces/msg/_ch_vehicle_s.c
[5.640s] -- Installing: /home/ros/ros/build/src/chrono_ros/chrono_ros_interfaces/chrono_ros_interfaces/lib/python3.10/site-packages/chrono_ros_interfaces/msg/_ch_driver_inputs.py
[5.640s] -- Installing: /home/ros/ros/build/src/chrono_ros/chrono_ros_interfaces/chrono_ros_interfaces/lib/python3.10/site-packages/chrono_ros_interfaces/msg/_ch_vehicle.py
[5.640s] -- Installing: /home/ros/ros/build/src/chrono_ros/chrono_ros_interfaces/chrono_ros_interfaces/lib/python3.10/site-packages/chrono_ros_interfaces/msg/_ch_body.py
[5.640s] -- Installing: /home/ros/ros/build/src/chrono_ros/chrono_ros_interfaces/chrono_ros_interfaces/lib/python3.10/site-packages/chrono_ros_interfaces/_chrono_ros_interfaces_s.ep.rosidl_typesupport_introspection_c.c
[5.640s] -- Installing: /home/ros/ros/build/src/chrono_ros/chrono_ros_interfaces/chrono_ros_interfaces/lib/python3.10/site-packages/chrono_ros_interfaces/chrono_ros_interfaces_s__rosidl_typesupport_introspection_c.cpython-310-x86_64-linux-gnu.so
[5.641s] -- Installing: /home/ros/ros/build/src/chrono_ros/chrono_ros_interfaces/chrono_ros_interfaces/lib/python3.10/site-packages/chrono_ros_interfaces/chrono_ros_interfaces_s__rosidl_typesupport_c.cpython-310-x86_64-linux-gnu.so
[5.641s] -- Installing: /home/ros/ros/build/src/chrono_ros/chrono_ros_interfaces/chrono_ros_interfaces/lib/python3.10/site-packages/chrono_ros_interfaces/libchrono_ros_interfaces__rosidl_generator_py.so
[5.641s] -- Installing: /home/ros/ros/build/src/chrono_ros/chrono_ros_interfaces/chrono_ros_interfaces/lib/python3.10/site-packages/chrono_ros_interfaces/_chrono_ros_interfaces_s.ep.rosidl_typesupport_c.c
[5.641s] -- Installing: /home/ros/ros/build/src/chrono_ros/chrono_ros_interfaces/chrono_ros_interfaces/lib/python3.10/site-packages/chrono_ros_interfaces/_chrono_ros_interfaces_s.ep.rosidl_typesupport_fastrtps_c.c
[5.671s] Listing '/home/ros/ros/build/src/chrono_ros/chrono_ros_interfaces/chrono_ros_interfaces/lib/python3.10/site-packages/chrono_ros_interfaces'...
[5.671s] Compiling '/home/ros/ros/build/src/chrono_ros/chrono_ros_interfaces/chrono_ros_interfaces/lib/python3.10/site-packages/chrono_ros_interfaces/__init__.py'...
[5.671s] Listing '/home/ros/ros/build/src/chrono_ros/chrono_ros_interfaces/chrono_ros_interfaces/lib/python3.10/site-packages/chrono_ros_interfaces/msg'...
[5.671s] Compiling '/home/ros/ros/build/src/chrono_ros/chrono_ros_interfaces/chrono_ros_interfaces/lib/python3.10/site-packages/chrono_ros_interfaces/msg/__init__.py'...
[5.671s] Compiling '/home/ros/ros/build/src/chrono_ros/chrono_ros_interfaces/chrono_ros_interfaces/lib/python3.10/site-packages/chrono_ros_interfaces/msg/_ch_body.py'...
[5.671s] Compiling '/home/ros/ros/build/src/chrono_ros/chrono_ros_interfaces/chrono_ros_interfaces/lib/python3.10/site-packages/chrono_ros_interfaces/msg/_ch_driver_inputs.py'...
[5.671s] Compiling '/home/ros/ros/build/src/chrono_ros/chrono_ros_interfaces/chrono_ros_interfaces/lib/python3.10/site-packages/chrono_ros_interfaces/msg/_ch_vehicle.py'...
[5.671s] Listing '/home/ros/ros/build/src/chrono_ros/chrono_ros_interfaces/chrono_ros_interfaces/lib/python3.10/site-packages/chrono_ros_interfaces/srv'...
[5.671s] Compiling '/home/ros/ros/build/src/chrono_ros/chrono_ros_interfaces/chrono_ros_interfaces/lib/python3.10/site-packages/chrono_ros_interfaces/srv/__init__.py'...
[5.672s] Compiling '/home/ros/ros/build/src/chrono_ros/chrono_ros_interfaces/chrono_ros_interfaces/lib/python3.10/site-packages/chrono_ros_interfaces/srv/_ch_start_simulation.py'...
[5.672s] Compiling '/home/ros/ros/build/src/chrono_ros/chrono_ros_interfaces/chrono_ros_interfaces/lib/python3.10/site-packages/chrono_ros_interfaces/srv/_ch_stop_simulation.py'...
[5.674s] -- Installing: /home/ros/ros/build/src/chrono_ros/chrono_ros_interfaces/chrono_ros_interfaces/lib/python3.10/site-packages/chrono_ros_interfaces/chrono_ros_interfaces_s__rosidl_typesupport_fastrtps_c.cpython-310-x86_64-linux-gnu.so
[5.674s] -- Set runtime path of "/home/ros/ros/build/src/chrono_ros/chrono_ros_interfaces/chrono_ros_interfaces/lib/python3.10/site-packages/chrono_ros_interfaces/chrono_ros_interfaces_s__rosidl_typesupport_fastrtps_c.cpython-310-x86_64-linux-gnu.so" to ""
[5.675s] -- Installing: /home/ros/ros/build/src/chrono_ros/chrono_ros_interfaces/chrono_ros_interfaces/lib/python3.10/site-packages/chrono_ros_interfaces/chrono_ros_interfaces_s__rosidl_typesupport_introspection_c.cpython-310-x86_64-linux-gnu.so
[5.675s] -- Set runtime path of "/home/ros/ros/build/src/chrono_ros/chrono_ros_interfaces/chrono_ros_interfaces/lib/python3.10/site-packages/chrono_ros_interfaces/chrono_ros_interfaces_s__rosidl_typesupport_introspection_c.cpython-310-x86_64-linux-gnu.so" to ""
[5.675s] -- Installing: /home/ros/ros/build/src/chrono_ros/chrono_ros_interfaces/chrono_ros_interfaces/lib/python3.10/site-packages/chrono_ros_interfaces/chrono_ros_interfaces_s__rosidl_typesupport_c.cpython-310-x86_64-linux-gnu.so
[5.675s] -- Set runtime path of "/home/ros/ros/build/src/chrono_ros/chrono_ros_interfaces/chrono_ros_interfaces/lib/python3.10/site-packages/chrono_ros_interfaces/chrono_ros_interfaces_s__rosidl_typesupport_c.cpython-310-x86_64-linux-gnu.so" to ""
[5.676s] -- Installing: /home/ros/ros/build/src/chrono_ros/chrono_ros_interfaces/chrono_ros_interfaces/lib/libchrono_ros_interfaces__rosidl_generator_py.so
[5.676s] -- Set runtime path of "/home/ros/ros/build/src/chrono_ros/chrono_ros_interfaces/chrono_ros_interfaces/lib/libchrono_ros_interfaces__rosidl_generator_py.so" to ""
[5.676s] -- Up-to-date: /home/ros/ros/build/src/chrono_ros/chrono_ros_interfaces/chrono_ros_interfaces/share/chrono_ros_interfaces/msg/ChVehicle.idl
[5.676s] -- Up-to-date: /home/ros/ros/build/src/chrono_ros/chrono_ros_interfaces/chrono_ros_interfaces/share/chrono_ros_interfaces/msg/ChDriverInputs.idl
[5.676s] -- Installing: /home/ros/ros/build/src/chrono_ros/chrono_ros_interfaces/chrono_ros_interfaces/share/chrono_ros_interfaces/msg/ChBody.idl
[5.676s] -- Up-to-date: /home/ros/ros/build/src/chrono_ros/chrono_ros_interfaces/chrono_ros_interfaces/share/chrono_ros_interfaces/srv/ChStartSimulation.idl
[5.676s] -- Up-to-date: /home/ros/ros/build/src/chrono_ros/chrono_ros_interfaces/chrono_ros_interfaces/share/chrono_ros_interfaces/srv/ChStopSimulation.idl
[5.676s] -- Up-to-date: /home/ros/ros/build/src/chrono_ros/chrono_ros_interfaces/chrono_ros_interfaces/share/chrono_ros_interfaces/msg/ChVehicle.msg
[5.677s] -- Up-to-date: /home/ros/ros/build/src/chrono_ros/chrono_ros_interfaces/chrono_ros_interfaces/share/chrono_ros_interfaces/msg/ChDriverInputs.msg
[5.677s] -- Installing: /home/ros/ros/build/src/chrono_ros/chrono_ros_interfaces/chrono_ros_interfaces/share/chrono_ros_interfaces/msg/ChBody.msg
[5.677s] -- Up-to-date: /home/ros/ros/build/src/chrono_ros/chrono_ros_interfaces/chrono_ros_interfaces/share/chrono_ros_interfaces/srv/ChStartSimulation.srv
[5.677s] -- Up-to-date: /home/ros/ros/build/src/chrono_ros/chrono_ros_interfaces/chrono_ros_interfaces/share/chrono_ros_interfaces/srv/ChStartSimulation_Request.msg
[5.677s] -- Up-to-date: /home/ros/ros/build/src/chrono_ros/chrono_ros_interfaces/chrono_ros_interfaces/share/chrono_ros_interfaces/srv/ChStartSimulation_Response.msg
[5.677s] -- Up-to-date: /home/ros/ros/build/src/chrono_ros/chrono_ros_interfaces/chrono_ros_interfaces/share/chrono_ros_interfaces/srv/ChStopSimulation.srv
[5.677s] -- Up-to-date: /home/ros/ros/build/src/chrono_ros/chrono_ros_interfaces/chrono_ros_interfaces/share/chrono_ros_interfaces/srv/ChStopSimulation_Request.msg
[5.677s] -- Up-to-date: /home/ros/ros/build/src/chrono_ros/chrono_ros_interfaces/chrono_ros_interfaces/share/chrono_ros_interfaces/srv/ChStopSimulation_Response.msg
[5.677s] -- Up-to-date: /home/ros/ros/build/src/chrono_ros/chrono_ros_interfaces/chrono_ros_interfaces/share/ament_index/resource_index/package_run_dependencies/chrono_ros_interfaces
[5.678s] -- Up-to-date: /home/ros/ros/build/src/chrono_ros/chrono_ros_interfaces/chrono_ros_interfaces/share/ament_index/resource_index/parent_prefix_path/chrono_ros_interfaces
[5.678s] -- Up-to-date: /home/ros/ros/build/src/chrono_ros/chrono_ros_interfaces/chrono_ros_interfaces/share/chrono_ros_interfaces/environment/ament_prefix_path.sh
[5.678s] -- Up-to-date: /home/ros/ros/build/src/chrono_ros/chrono_ros_interfaces/chrono_ros_interfaces/share/chrono_ros_interfaces/environment/ament_prefix_path.dsv
[5.678s] -- Up-to-date: /home/ros/ros/build/src/chrono_ros/chrono_ros_interfaces/chrono_ros_interfaces/share/chrono_ros_interfaces/environment/path.sh
[5.678s] -- Up-to-date: /home/ros/ros/build/src/chrono_ros/chrono_ros_interfaces/chrono_ros_interfaces/share/chrono_ros_interfaces/environment/path.dsv
[5.678s] -- Up-to-date: /home/ros/ros/build/src/chrono_ros/chrono_ros_interfaces/chrono_ros_interfaces/share/chrono_ros_interfaces/local_setup.bash
[5.678s] -- Up-to-date: /home/ros/ros/build/src/chrono_ros/chrono_ros_interfaces/chrono_ros_interfaces/share/chrono_ros_interfaces/local_setup.sh
[5.678s] -- Up-to-date: /home/ros/ros/build/src/chrono_ros/chrono_ros_interfaces/chrono_ros_interfaces/share/chrono_ros_interfaces/local_setup.zsh
[5.678s] -- Up-to-date: /home/ros/ros/build/src/chrono_ros/chrono_ros_interfaces/chrono_ros_interfaces/share/chrono_ros_interfaces/local_setup.dsv
[5.678s] -- Installing: /home/ros/ros/build/src/chrono_ros/chrono_ros_interfaces/chrono_ros_interfaces/share/chrono_ros_interfaces/package.dsv
[5.678s] -- Up-to-date: /home/ros/ros/build/src/chrono_ros/chrono_ros_interfaces/chrono_ros_interfaces/share/ament_index/resource_index/packages/chrono_ros_interfaces
[5.678s] -- Up-to-date: /home/ros/ros/build/src/chrono_ros/chrono_ros_interfaces/chrono_ros_interfaces/share/chrono_ros_interfaces/cmake/export_chrono_ros_interfaces__rosidl_generator_cExport.cmake
[5.678s] -- Up-to-date: /home/ros/ros/build/src/chrono_ros/chrono_ros_interfaces/chrono_ros_interfaces/share/chrono_ros_interfaces/cmake/export_chrono_ros_interfaces__rosidl_generator_cExport-noconfig.cmake
[5.679s] -- Up-to-date: /home/ros/ros/build/src/chrono_ros/chrono_ros_interfaces/chrono_ros_interfaces/share/chrono_ros_interfaces/cmake/export_chrono_ros_interfaces__rosidl_typesupport_fastrtps_cExport.cmake
[5.679s] -- Up-to-date: /home/ros/ros/build/src/chrono_ros/chrono_ros_interfaces/chrono_ros_interfaces/share/chrono_ros_interfaces/cmake/export_chrono_ros_interfaces__rosidl_typesupport_fastrtps_cExport-noconfig.cmake
[5.679s] -- Up-to-date: /home/ros/ros/build/src/chrono_ros/chrono_ros_interfaces/chrono_ros_interfaces/share/chrono_ros_interfaces/cmake/export_chrono_ros_interfaces__rosidl_generator_cppExport.cmake
[5.679s] -- Up-to-date: /home/ros/ros/build/src/chrono_ros/chrono_ros_interfaces/chrono_ros_interfaces/share/chrono_ros_interfaces/cmake/export_chrono_ros_interfaces__rosidl_typesupport_fastrtps_cppExport.cmake
[5.679s] -- Up-to-date: /home/ros/ros/build/src/chrono_ros/chrono_ros_interfaces/chrono_ros_interfaces/share/chrono_ros_interfaces/cmake/export_chrono_ros_interfaces__rosidl_typesupport_fastrtps_cppExport-noconfig.cmake
[5.679s] -- Up-to-date: /home/ros/ros/build/src/chrono_ros/chrono_ros_interfaces/chrono_ros_interfaces/share/chrono_ros_interfaces/cmake/chrono_ros_interfaces__rosidl_typesupport_introspection_cExport.cmake
[5.679s] -- Up-to-date: /home/ros/ros/build/src/chrono_ros/chrono_ros_interfaces/chrono_ros_interfaces/share/chrono_ros_interfaces/cmake/chrono_ros_interfaces__rosidl_typesupport_introspection_cExport-noconfig.cmake
[5.679s] -- Up-to-date: /home/ros/ros/build/src/chrono_ros/chrono_ros_interfaces/chrono_ros_interfaces/share/chrono_ros_interfaces/cmake/chrono_ros_interfaces__rosidl_typesupport_cExport.cmake
[5.679s] -- Up-to-date: /home/ros/ros/build/src/chrono_ros/chrono_ros_interfaces/chrono_ros_interfaces/share/chrono_ros_interfaces/cmake/chrono_ros_interfaces__rosidl_typesupport_cExport-noconfig.cmake
[5.679s] -- Up-to-date: /home/ros/ros/build/src/chrono_ros/chrono_ros_interfaces/chrono_ros_interfaces/share/chrono_ros_interfaces/cmake/chrono_ros_interfaces__rosidl_typesupport_introspection_cppExport.cmake
[5.679s] -- Up-to-date: /home/ros/ros/build/src/chrono_ros/chrono_ros_interfaces/chrono_ros_interfaces/share/chrono_ros_interfaces/cmake/chrono_ros_interfaces__rosidl_typesupport_introspection_cppExport-noconfig.cmake
[5.679s] -- Up-to-date: /home/ros/ros/build/src/chrono_ros/chrono_ros_interfaces/chrono_ros_interfaces/share/chrono_ros_interfaces/cmake/chrono_ros_interfaces__rosidl_typesupport_cppExport.cmake
[5.679s] -- Up-to-date: /home/ros/ros/build/src/chrono_ros/chrono_ros_interfaces/chrono_ros_interfaces/share/chrono_ros_interfaces/cmake/chrono_ros_interfaces__rosidl_typesupport_cppExport-noconfig.cmake
[5.679s] -- Up-to-date: /home/ros/ros/build/src/chrono_ros/chrono_ros_interfaces/chrono_ros_interfaces/share/chrono_ros_interfaces/cmake/export_chrono_ros_interfaces__rosidl_generator_pyExport.cmake
[5.680s] -- Up-to-date: /home/ros/ros/build/src/chrono_ros/chrono_ros_interfaces/chrono_ros_interfaces/share/chrono_ros_interfaces/cmake/export_chrono_ros_interfaces__rosidl_generator_pyExport-noconfig.cmake
[5.680s] -- Installing: /home/ros/ros/build/src/chrono_ros/chrono_ros_interfaces/chrono_ros_interfaces/share/chrono_ros_interfaces/cmake/rosidl_cmake-extras.cmake
[5.680s] -- Up-to-date: /home/ros/ros/build/src/chrono_ros/chrono_ros_interfaces/chrono_ros_interfaces/share/chrono_ros_interfaces/cmake/ament_cmake_export_dependencies-extras.cmake
[5.680s] -- Up-to-date: /home/ros/ros/build/src/chrono_ros/chrono_ros_interfaces/chrono_ros_interfaces/share/chrono_ros_interfaces/cmake/ament_cmake_export_include_directories-extras.cmake
[5.680s] -- Up-to-date: /home/ros/ros/build/src/chrono_ros/chrono_ros_interfaces/chrono_ros_interfaces/share/chrono_ros_interfaces/cmake/ament_cmake_export_libraries-extras.cmake
[5.680s] -- Up-to-date: /home/ros/ros/build/src/chrono_ros/chrono_ros_interfaces/chrono_ros_interfaces/share/chrono_ros_interfaces/cmake/ament_cmake_export_targets-extras.cmake
[5.680s] -- Up-to-date: /home/ros/ros/build/src/chrono_ros/chrono_ros_interfaces/chrono_ros_interfaces/share/chrono_ros_interfaces/cmake/rosidl_cmake_export_typesupport_targets-extras.cmake
[5.680s] -- Up-to-date: /home/ros/ros/build/src/chrono_ros/chrono_ros_interfaces/chrono_ros_interfaces/share/chrono_ros_interfaces/cmake/rosidl_cmake_export_typesupport_libraries-extras.cmake
[5.680s] -- Up-to-date: /home/ros/ros/build/src/chrono_ros/chrono_ros_interfaces/chrono_ros_interfaces/share/chrono_ros_interfaces/cmake/chrono_ros_interfacesConfig.cmake
[5.680s] -- Up-to-date: /home/ros/ros/build/src/chrono_ros/chrono_ros_interfaces/chrono_ros_interfaces/share/chrono_ros_interfaces/cmake/chrono_ros_interfacesConfig-version.cmake
[5.680s] -- Up-to-date: /home/ros/ros/build/src/chrono_ros/chrono_ros_interfaces/chrono_ros_interfaces/share/chrono_ros_interfaces/package.xml
[5.682s] Invoked command in '/home/ros/ros/build/src/chrono_ros/chrono_ros_interfaces/chrono_ros_interfaces' returned '0': CMAKE_PREFIX_PATH=${CMAKE_PREFIX_PATH}:/opt/ros/iron /usr/bin/cmake --install /home/ros/ros/build/src/chrono_ros/chrono_ros_interfaces/chrono_ros_interfaces
