[0.009s] Invoking command in '/home/ros/ros/build/src/chrono_ros/chrono_ros_interfaces/chrono_ros_interfaces': CMAKE_PREFIX_PATH=${CMAKE_PREFIX_PATH}:/opt/ros/iron /usr/bin/cmake --build /home/ros/ros/build/src/chrono_ros/chrono_ros_interfaces/chrono_ros_interfaces -- -j12 -l12
[0.053s] [  1%] Built target chrono_ros_interfaces__rosidl_generator_type_description
[0.062s] [  1%] Built target ament_cmake_python_copy_chrono_ros_interfaces
[0.073s] [  3%] Built target chrono_ros_interfaces__cpp
[0.074s] [ 25%] Built target chrono_ros_interfaces__rosidl_generator_c
[0.101s] [ 53%] Built target chrono_ros_interfaces__rosidl_typesupport_cpp
[0.101s] [ 53%] Built target chrono_ros_interfaces__rosidl_typesupport_c
[0.101s] [ 53%] Built target chrono_ros_interfaces__rosidl_typesupport_introspection_c
[0.102s] [ 62%] Built target chrono_ros_interfaces__rosidl_typesupport_introspection_cpp
[0.102s] [ 73%] Built target chrono_ros_interfaces__rosidl_typesupport_fastrtps_c
[0.103s] [ 81%] Built target chrono_ros_interfaces__rosidl_typesupport_fastrtps_cpp
[0.127s] [ 81%] Built target chrono_ros_interfaces
[0.146s] [ 82%] Built target chrono_ros_interfaces__py
[0.169s] [ 90%] Built target chrono_ros_interfaces__rosidl_generator_py
[0.187s] [ 96%] Built target chrono_ros_interfaces__rosidl_typesupport_introspection_c__pyext
[0.188s] [ 96%] Built target chrono_ros_interfaces__rosidl_typesupport_c__pyext
[0.189s] [100%] Built target chrono_ros_interfaces__rosidl_typesupport_fastrtps_c__pyext
[0.221s] running egg_info
[0.221s] writing chrono_ros_interfaces.egg-info/PKG-INFO
[0.221s] writing dependency_links to chrono_ros_interfaces.egg-info/dependency_links.txt
[0.221s] writing top-level names to chrono_ros_interfaces.egg-info/top_level.txt
[0.223s] reading manifest file 'chrono_ros_interfaces.egg-info/SOURCES.txt'
[0.223s] writing manifest file 'chrono_ros_interfaces.egg-info/SOURCES.txt'
[0.243s] [100%] Built target ament_cmake_python_build_chrono_ros_interfaces_egg
[0.252s] Invoked command in '/home/ros/ros/build/src/chrono_ros/chrono_ros_interfaces/chrono_ros_interfaces' returned '0': CMAKE_PREFIX_PATH=${CMAKE_PREFIX_PATH}:/opt/ros/iron /usr/bin/cmake --build /home/ros/ros/build/src/chrono_ros/chrono_ros_interfaces/chrono_ros_interfaces -- -j12 -l12
[0.344s] Invoking command in '/home/ros/ros/build/src/chrono_ros/chrono_ros_interfaces/chrono_ros_interfaces': CMAKE_PREFIX_PATH=${CMAKE_PREFIX_PATH}:/opt/ros/iron /usr/bin/cmake --install /home/ros/ros/build/src/chrono_ros/chrono_ros_interfaces/chrono_ros_interfaces
[0.350s] -- Install configuration: ""
[0.350s] -- Up-to-date: /home/ros/ros/build/src/chrono_ros/chrono_ros_interfaces/chrono_ros_interfaces/share/ament_index/resource_index/rosidl_interfaces/chrono_ros_interfaces
[0.351s] -- Up-to-date: /home/ros/ros/build/src/chrono_ros/chrono_ros_interfaces/chrono_ros_interfaces/share/chrono_ros_interfaces/msg/ChVehicle.json
[0.351s] -- Up-to-date: /home/ros/ros/build/src/chrono_ros/chrono_ros_interfaces/chrono_ros_interfaces/share/chrono_ros_interfaces/msg/ChDriverInputs.json
[0.351s] -- Up-to-date: /home/ros/ros/build/src/chrono_ros/chrono_ros_interfaces/chrono_ros_interfaces/share/chrono_ros_interfaces/srv/ChStartSimulation.json
[0.351s] -- Up-to-date: /home/ros/ros/build/src/chrono_ros/chrono_ros_interfaces/chrono_ros_interfaces/share/chrono_ros_interfaces/srv/ChStopSimulation.json
[0.351s] -- Up-to-date: /home/ros/ros/build/src/chrono_ros/chrono_ros_interfaces/chrono_ros_interfaces/include/chrono_ros_interfaces/chrono_ros_interfaces
[0.352s] -- Up-to-date: /home/ros/ros/build/src/chrono_ros/chrono_ros_interfaces/chrono_ros_interfaces/include/chrono_ros_interfaces/chrono_ros_interfaces/srv
[0.352s] -- Up-to-date: /home/ros/ros/build/src/chrono_ros/chrono_ros_interfaces/chrono_ros_interfaces/include/chrono_ros_interfaces/chrono_ros_interfaces/srv/ch_stop_simulation.h
[0.352s] -- Up-to-date: /home/ros/ros/build/src/chrono_ros/chrono_ros_interfaces/chrono_ros_interfaces/include/chrono_ros_interfaces/chrono_ros_interfaces/srv/detail
[0.352s] -- Up-to-date: /home/ros/ros/build/src/chrono_ros/chrono_ros_interfaces/chrono_ros_interfaces/include/chrono_ros_interfaces/chrono_ros_interfaces/srv/detail/ch_stop_simulation__struct.h
[0.353s] -- Up-to-date: /home/ros/ros/build/src/chrono_ros/chrono_ros_interfaces/chrono_ros_interfaces/include/chrono_ros_interfaces/chrono_ros_interfaces/srv/detail/ch_start_simulation__struct.h
[0.353s] -- Up-to-date: /home/ros/ros/build/src/chrono_ros/chrono_ros_interfaces/chrono_ros_interfaces/include/chrono_ros_interfaces/chrono_ros_interfaces/srv/detail/ch_start_simulation__functions.h
[0.353s] -- Up-to-date: /home/ros/ros/build/src/chrono_ros/chrono_ros_interfaces/chrono_ros_interfaces/include/chrono_ros_interfaces/chrono_ros_interfaces/srv/detail/ch_stop_simulation__functions.c
[0.353s] -- Up-to-date: /home/ros/ros/build/src/chrono_ros/chrono_ros_interfaces/chrono_ros_interfaces/include/chrono_ros_interfaces/chrono_ros_interfaces/srv/detail/ch_start_simulation__description.c
[0.353s] -- Up-to-date: /home/ros/ros/build/src/chrono_ros/chrono_ros_interfaces/chrono_ros_interfaces/include/chrono_ros_interfaces/chrono_ros_interfaces/srv/detail/ch_stop_simulation__description.c
[0.353s] -- Up-to-date: /home/ros/ros/build/src/chrono_ros/chrono_ros_interfaces/chrono_ros_interfaces/include/chrono_ros_interfaces/chrono_ros_interfaces/srv/detail/ch_stop_simulation__functions.h
[0.354s] -- Up-to-date: /home/ros/ros/build/src/chrono_ros/chrono_ros_interfaces/chrono_ros_interfaces/include/chrono_ros_interfaces/chrono_ros_interfaces/srv/detail/ch_start_simulation__type_support.c
[0.354s] -- Up-to-date: /home/ros/ros/build/src/chrono_ros/chrono_ros_interfaces/chrono_ros_interfaces/include/chrono_ros_interfaces/chrono_ros_interfaces/srv/detail/ch_stop_simulation__type_support.h
[0.354s] -- Up-to-date: /home/ros/ros/build/src/chrono_ros/chrono_ros_interfaces/chrono_ros_interfaces/include/chrono_ros_interfaces/chrono_ros_interfaces/srv/detail/ch_start_simulation__functions.c
[0.354s] -- Up-to-date: /home/ros/ros/build/src/chrono_ros/chrono_ros_interfaces/chrono_ros_interfaces/include/chrono_ros_interfaces/chrono_ros_interfaces/srv/detail/ch_start_simulation__type_support.h
[0.354s] -- Up-to-date: /home/ros/ros/build/src/chrono_ros/chrono_ros_interfaces/chrono_ros_interfaces/include/chrono_ros_interfaces/chrono_ros_interfaces/srv/detail/ch_stop_simulation__type_support.c
[0.354s] -- Up-to-date: /home/ros/ros/build/src/chrono_ros/chrono_ros_interfaces/chrono_ros_interfaces/include/chrono_ros_interfaces/chrono_ros_interfaces/srv/ch_start_simulation.h
[0.354s] -- Up-to-date: /home/ros/ros/build/src/chrono_ros/chrono_ros_interfaces/chrono_ros_interfaces/include/chrono_ros_interfaces/chrono_ros_interfaces/msg
[0.354s] -- Up-to-date: /home/ros/ros/build/src/chrono_ros/chrono_ros_interfaces/chrono_ros_interfaces/include/chrono_ros_interfaces/chrono_ros_interfaces/msg/rosidl_generator_c__visibility_control.h
[0.355s] -- Up-to-date: /home/ros/ros/build/src/chrono_ros/chrono_ros_interfaces/chrono_ros_interfaces/include/chrono_ros_interfaces/chrono_ros_interfaces/msg/ch_vehicle.h
[0.355s] -- Up-to-date: /home/ros/ros/build/src/chrono_ros/chrono_ros_interfaces/chrono_ros_interfaces/include/chrono_ros_interfaces/chrono_ros_interfaces/msg/detail
[0.355s] -- Up-to-date: /home/ros/ros/build/src/chrono_ros/chrono_ros_interfaces/chrono_ros_interfaces/include/chrono_ros_interfaces/chrono_ros_interfaces/msg/detail/ch_driver_inputs__description.c
[0.355s] -- Up-to-date: /home/ros/ros/build/src/chrono_ros/chrono_ros_interfaces/chrono_ros_interfaces/include/chrono_ros_interfaces/chrono_ros_interfaces/msg/detail/ch_driver_inputs__type_support.c
[0.355s] -- Up-to-date: /home/ros/ros/build/src/chrono_ros/chrono_ros_interfaces/chrono_ros_interfaces/include/chrono_ros_interfaces/chrono_ros_interfaces/msg/detail/ch_driver_inputs__functions.c
[0.355s] -- Up-to-date: /home/ros/ros/build/src/chrono_ros/chrono_ros_interfaces/chrono_ros_interfaces/include/chrono_ros_interfaces/chrono_ros_interfaces/msg/detail/ch_vehicle__struct.h
[0.355s] -- Up-to-date: /home/ros/ros/build/src/chrono_ros/chrono_ros_interfaces/chrono_ros_interfaces/include/chrono_ros_interfaces/chrono_ros_interfaces/msg/detail/ch_vehicle__description.c
[0.355s] -- Up-to-date: /home/ros/ros/build/src/chrono_ros/chrono_ros_interfaces/chrono_ros_interfaces/include/chrono_ros_interfaces/chrono_ros_interfaces/msg/detail/ch_vehicle__type_support.h
[0.356s] -- Up-to-date: /home/ros/ros/build/src/chrono_ros/chrono_ros_interfaces/chrono_ros_interfaces/include/chrono_ros_interfaces/chrono_ros_interfaces/msg/detail/ch_driver_inputs__functions.h
[0.356s] -- Up-to-date: /home/ros/ros/build/src/chrono_ros/chrono_ros_interfaces/chrono_ros_interfaces/include/chrono_ros_interfaces/chrono_ros_interfaces/msg/detail/ch_vehicle__functions.h
[0.356s] -- Up-to-date: /home/ros/ros/build/src/chrono_ros/chrono_ros_interfaces/chrono_ros_interfaces/include/chrono_ros_interfaces/chrono_ros_interfaces/msg/detail/ch_vehicle__type_support.c
[0.356s] -- Up-to-date: /home/ros/ros/build/src/chrono_ros/chrono_ros_interfaces/chrono_ros_interfaces/include/chrono_ros_interfaces/chrono_ros_interfaces/msg/detail/ch_driver_inputs__type_support.h
[0.356s] -- Up-to-date: /home/ros/ros/build/src/chrono_ros/chrono_ros_interfaces/chrono_ros_interfaces/include/chrono_ros_interfaces/chrono_ros_interfaces/msg/detail/ch_driver_inputs__struct.h
[0.356s] -- Up-to-date: /home/ros/ros/build/src/chrono_ros/chrono_ros_interfaces/chrono_ros_interfaces/include/chrono_ros_interfaces/chrono_ros_interfaces/msg/detail/ch_vehicle__functions.c
[0.356s] -- Up-to-date: /home/ros/ros/build/src/chrono_ros/chrono_ros_interfaces/chrono_ros_interfaces/include/chrono_ros_interfaces/chrono_ros_interfaces/msg/ch_driver_inputs.h
[0.356s] -- Up-to-date: /home/ros/ros/build/src/chrono_ros/chrono_ros_interfaces/chrono_ros_interfaces/share/chrono_ros_interfaces/environment/library_path.sh
[0.356s] -- Up-to-date: /home/ros/ros/build/src/chrono_ros/chrono_ros_interfaces/chrono_ros_interfaces/share/chrono_ros_interfaces/environment/library_path.dsv
[0.356s] -- Up-to-date: /home/ros/ros/build/src/chrono_ros/chrono_ros_interfaces/chrono_ros_interfaces/lib/libchrono_ros_interfaces__rosidl_generator_c.so
[0.356s] -- Up-to-date: /home/ros/ros/build/src/chrono_ros/chrono_ros_interfaces/chrono_ros_interfaces/include/chrono_ros_interfaces/chrono_ros_interfaces
[0.356s] -- Up-to-date: /home/ros/ros/build/src/chrono_ros/chrono_ros_interfaces/chrono_ros_interfaces/include/chrono_ros_interfaces/chrono_ros_interfaces/srv
[0.357s] -- Up-to-date: /home/ros/ros/build/src/chrono_ros/chrono_ros_interfaces/chrono_ros_interfaces/include/chrono_ros_interfaces/chrono_ros_interfaces/srv/detail
[0.357s] -- Up-to-date: /home/ros/ros/build/src/chrono_ros/chrono_ros_interfaces/chrono_ros_interfaces/include/chrono_ros_interfaces/chrono_ros_interfaces/srv/detail/ch_start_simulation__rosidl_typesupport_fastrtps_c.h
[0.357s] -- Up-to-date: /home/ros/ros/build/src/chrono_ros/chrono_ros_interfaces/chrono_ros_interfaces/include/chrono_ros_interfaces/chrono_ros_interfaces/srv/detail/ch_stop_simulation__rosidl_typesupport_fastrtps_c.h
[0.357s] -- Up-to-date: /home/ros/ros/build/src/chrono_ros/chrono_ros_interfaces/chrono_ros_interfaces/include/chrono_ros_interfaces/chrono_ros_interfaces/msg
[0.357s] -- Up-to-date: /home/ros/ros/build/src/chrono_ros/chrono_ros_interfaces/chrono_ros_interfaces/include/chrono_ros_interfaces/chrono_ros_interfaces/msg/rosidl_typesupport_fastrtps_c__visibility_control.h
[0.357s] -- Up-to-date: /home/ros/ros/build/src/chrono_ros/chrono_ros_interfaces/chrono_ros_interfaces/include/chrono_ros_interfaces/chrono_ros_interfaces/msg/detail
[0.357s] -- Up-to-date: /home/ros/ros/build/src/chrono_ros/chrono_ros_interfaces/chrono_ros_interfaces/include/chrono_ros_interfaces/chrono_ros_interfaces/msg/detail/ch_vehicle__rosidl_typesupport_fastrtps_c.h
[0.357s] -- Up-to-date: /home/ros/ros/build/src/chrono_ros/chrono_ros_interfaces/chrono_ros_interfaces/include/chrono_ros_interfaces/chrono_ros_interfaces/msg/detail/ch_driver_inputs__rosidl_typesupport_fastrtps_c.h
[0.357s] -- Up-to-date: /home/ros/ros/build/src/chrono_ros/chrono_ros_interfaces/chrono_ros_interfaces/lib/libchrono_ros_interfaces__rosidl_typesupport_fastrtps_c.so
[0.357s] -- Up-to-date: /home/ros/ros/build/src/chrono_ros/chrono_ros_interfaces/chrono_ros_interfaces/include/chrono_ros_interfaces/chrono_ros_interfaces
[0.357s] -- Up-to-date: /home/ros/ros/build/src/chrono_ros/chrono_ros_interfaces/chrono_ros_interfaces/include/chrono_ros_interfaces/chrono_ros_interfaces/srv
[0.357s] -- Up-to-date: /home/ros/ros/build/src/chrono_ros/chrono_ros_interfaces/chrono_ros_interfaces/include/chrono_ros_interfaces/chrono_ros_interfaces/srv/detail
[0.357s] -- Up-to-date: /home/ros/ros/build/src/chrono_ros/chrono_ros_interfaces/chrono_ros_interfaces/include/chrono_ros_interfaces/chrono_ros_interfaces/srv/detail/ch_start_simulation__struct.hpp
[0.357s] -- Up-to-date: /home/ros/ros/build/src/chrono_ros/chrono_ros_interfaces/chrono_ros_interfaces/include/chrono_ros_interfaces/chrono_ros_interfaces/srv/detail/ch_stop_simulation__traits.hpp
[0.357s] -- Up-to-date: /home/ros/ros/build/src/chrono_ros/chrono_ros_interfaces/chrono_ros_interfaces/include/chrono_ros_interfaces/chrono_ros_interfaces/srv/detail/ch_stop_simulation__builder.hpp
[0.357s] -- Up-to-date: /home/ros/ros/build/src/chrono_ros/chrono_ros_interfaces/chrono_ros_interfaces/include/chrono_ros_interfaces/chrono_ros_interfaces/srv/detail/ch_start_simulation__builder.hpp
[0.357s] -- Up-to-date: /home/ros/ros/build/src/chrono_ros/chrono_ros_interfaces/chrono_ros_interfaces/include/chrono_ros_interfaces/chrono_ros_interfaces/srv/detail/ch_start_simulation__traits.hpp
[0.358s] -- Up-to-date: /home/ros/ros/build/src/chrono_ros/chrono_ros_interfaces/chrono_ros_interfaces/include/chrono_ros_interfaces/chrono_ros_interfaces/srv/detail/ch_stop_simulation__struct.hpp
[0.358s] -- Up-to-date: /home/ros/ros/build/src/chrono_ros/chrono_ros_interfaces/chrono_ros_interfaces/include/chrono_ros_interfaces/chrono_ros_interfaces/srv/ch_stop_simulation.hpp
[0.358s] -- Up-to-date: /home/ros/ros/build/src/chrono_ros/chrono_ros_interfaces/chrono_ros_interfaces/include/chrono_ros_interfaces/chrono_ros_interfaces/srv/ch_start_simulation.hpp
[0.358s] -- Up-to-date: /home/ros/ros/build/src/chrono_ros/chrono_ros_interfaces/chrono_ros_interfaces/include/chrono_ros_interfaces/chrono_ros_interfaces/msg
[0.358s] -- Up-to-date: /home/ros/ros/build/src/chrono_ros/chrono_ros_interfaces/chrono_ros_interfaces/include/chrono_ros_interfaces/chrono_ros_interfaces/msg/ch_driver_inputs.hpp
[0.358s] -- Up-to-date: /home/ros/ros/build/src/chrono_ros/chrono_ros_interfaces/chrono_ros_interfaces/include/chrono_ros_interfaces/chrono_ros_interfaces/msg/detail
[0.358s] -- Up-to-date: /home/ros/ros/build/src/chrono_ros/chrono_ros_interfaces/chrono_ros_interfaces/include/chrono_ros_interfaces/chrono_ros_interfaces/msg/detail/ch_driver_inputs__traits.hpp
[0.358s] -- Up-to-date: /home/ros/ros/build/src/chrono_ros/chrono_ros_interfaces/chrono_ros_interfaces/include/chrono_ros_interfaces/chrono_ros_interfaces/msg/detail/ch_vehicle__traits.hpp
[0.358s] -- Up-to-date: /home/ros/ros/build/src/chrono_ros/chrono_ros_interfaces/chrono_ros_interfaces/include/chrono_ros_interfaces/chrono_ros_interfaces/msg/detail/ch_driver_inputs__struct.hpp
[0.358s] -- Up-to-date: /home/ros/ros/build/src/chrono_ros/chrono_ros_interfaces/chrono_ros_interfaces/include/chrono_ros_interfaces/chrono_ros_interfaces/msg/detail/ch_driver_inputs__builder.hpp
[0.358s] -- Up-to-date: /home/ros/ros/build/src/chrono_ros/chrono_ros_interfaces/chrono_ros_interfaces/include/chrono_ros_interfaces/chrono_ros_interfaces/msg/detail/ch_vehicle__struct.hpp
[0.358s] -- Up-to-date: /home/ros/ros/build/src/chrono_ros/chrono_ros_interfaces/chrono_ros_interfaces/include/chrono_ros_interfaces/chrono_ros_interfaces/msg/detail/ch_vehicle__builder.hpp
[0.358s] -- Up-to-date: /home/ros/ros/build/src/chrono_ros/chrono_ros_interfaces/chrono_ros_interfaces/include/chrono_ros_interfaces/chrono_ros_interfaces/msg/ch_vehicle.hpp
[0.358s] -- Up-to-date: /home/ros/ros/build/src/chrono_ros/chrono_ros_interfaces/chrono_ros_interfaces/include/chrono_ros_interfaces/chrono_ros_interfaces
[0.358s] -- Up-to-date: /home/ros/ros/build/src/chrono_ros/chrono_ros_interfaces/chrono_ros_interfaces/include/chrono_ros_interfaces/chrono_ros_interfaces/srv
[0.358s] -- Up-to-date: /home/ros/ros/build/src/chrono_ros/chrono_ros_interfaces/chrono_ros_interfaces/include/chrono_ros_interfaces/chrono_ros_interfaces/srv/detail
[0.359s] -- Up-to-date: /home/ros/ros/build/src/chrono_ros/chrono_ros_interfaces/chrono_ros_interfaces/include/chrono_ros_interfaces/chrono_ros_interfaces/srv/detail/ch_start_simulation__rosidl_typesupport_fastrtps_cpp.hpp
[0.359s] -- Up-to-date: /home/ros/ros/build/src/chrono_ros/chrono_ros_interfaces/chrono_ros_interfaces/include/chrono_ros_interfaces/chrono_ros_interfaces/srv/detail/ch_stop_simulation__rosidl_typesupport_fastrtps_cpp.hpp
[0.359s] -- Up-to-date: /home/ros/ros/build/src/chrono_ros/chrono_ros_interfaces/chrono_ros_interfaces/include/chrono_ros_interfaces/chrono_ros_interfaces/srv/detail/dds_fastrtps
[0.359s] -- Up-to-date: /home/ros/ros/build/src/chrono_ros/chrono_ros_interfaces/chrono_ros_interfaces/include/chrono_ros_interfaces/chrono_ros_interfaces/msg
[0.359s] -- Up-to-date: /home/ros/ros/build/src/chrono_ros/chrono_ros_interfaces/chrono_ros_interfaces/include/chrono_ros_interfaces/chrono_ros_interfaces/msg/detail
[0.359s] -- Up-to-date: /home/ros/ros/build/src/chrono_ros/chrono_ros_interfaces/chrono_ros_interfaces/include/chrono_ros_interfaces/chrono_ros_interfaces/msg/detail/ch_driver_inputs__rosidl_typesupport_fastrtps_cpp.hpp
[0.359s] -- Up-to-date: /home/ros/ros/build/src/chrono_ros/chrono_ros_interfaces/chrono_ros_interfaces/include/chrono_ros_interfaces/chrono_ros_interfaces/msg/detail/dds_fastrtps
[0.359s] -- Up-to-date: /home/ros/ros/build/src/chrono_ros/chrono_ros_interfaces/chrono_ros_interfaces/include/chrono_ros_interfaces/chrono_ros_interfaces/msg/detail/ch_vehicle__rosidl_typesupport_fastrtps_cpp.hpp
[0.359s] -- Up-to-date: /home/ros/ros/build/src/chrono_ros/chrono_ros_interfaces/chrono_ros_interfaces/include/chrono_ros_interfaces/chrono_ros_interfaces/msg/rosidl_typesupport_fastrtps_cpp__visibility_control.h
[0.359s] -- Up-to-date: /home/ros/ros/build/src/chrono_ros/chrono_ros_interfaces/chrono_ros_interfaces/lib/libchrono_ros_interfaces__rosidl_typesupport_fastrtps_cpp.so
[0.359s] -- Up-to-date: /home/ros/ros/build/src/chrono_ros/chrono_ros_interfaces/chrono_ros_interfaces/include/chrono_ros_interfaces/chrono_ros_interfaces
[0.359s] -- Up-to-date: /home/ros/ros/build/src/chrono_ros/chrono_ros_interfaces/chrono_ros_interfaces/include/chrono_ros_interfaces/chrono_ros_interfaces/srv
[0.359s] -- Up-to-date: /home/ros/ros/build/src/chrono_ros/chrono_ros_interfaces/chrono_ros_interfaces/include/chrono_ros_interfaces/chrono_ros_interfaces/srv/detail
[0.359s] -- Up-to-date: /home/ros/ros/build/src/chrono_ros/chrono_ros_interfaces/chrono_ros_interfaces/include/chrono_ros_interfaces/chrono_ros_interfaces/srv/detail/ch_start_simulation__rosidl_typesupport_introspection_c.h
[0.359s] -- Up-to-date: /home/ros/ros/build/src/chrono_ros/chrono_ros_interfaces/chrono_ros_interfaces/include/chrono_ros_interfaces/chrono_ros_interfaces/srv/detail/ch_start_simulation__type_support.c
[0.359s] -- Up-to-date: /home/ros/ros/build/src/chrono_ros/chrono_ros_interfaces/chrono_ros_interfaces/include/chrono_ros_interfaces/chrono_ros_interfaces/srv/detail/ch_stop_simulation__rosidl_typesupport_introspection_c.h
[0.359s] -- Up-to-date: /home/ros/ros/build/src/chrono_ros/chrono_ros_interfaces/chrono_ros_interfaces/include/chrono_ros_interfaces/chrono_ros_interfaces/srv/detail/ch_stop_simulation__type_support.c
[0.360s] -- Up-to-date: /home/ros/ros/build/src/chrono_ros/chrono_ros_interfaces/chrono_ros_interfaces/include/chrono_ros_interfaces/chrono_ros_interfaces/msg
[0.360s] -- Up-to-date: /home/ros/ros/build/src/chrono_ros/chrono_ros_interfaces/chrono_ros_interfaces/include/chrono_ros_interfaces/chrono_ros_interfaces/msg/rosidl_typesupport_introspection_c__visibility_control.h
[0.360s] -- Up-to-date: /home/ros/ros/build/src/chrono_ros/chrono_ros_interfaces/chrono_ros_interfaces/include/chrono_ros_interfaces/chrono_ros_interfaces/msg/detail
[0.360s] -- Up-to-date: /home/ros/ros/build/src/chrono_ros/chrono_ros_interfaces/chrono_ros_interfaces/include/chrono_ros_interfaces/chrono_ros_interfaces/msg/detail/ch_driver_inputs__type_support.c
[0.360s] -- Up-to-date: /home/ros/ros/build/src/chrono_ros/chrono_ros_interfaces/chrono_ros_interfaces/include/chrono_ros_interfaces/chrono_ros_interfaces/msg/detail/ch_vehicle__type_support.c
[0.360s] -- Up-to-date: /home/ros/ros/build/src/chrono_ros/chrono_ros_interfaces/chrono_ros_interfaces/include/chrono_ros_interfaces/chrono_ros_interfaces/msg/detail/ch_driver_inputs__rosidl_typesupport_introspection_c.h
[0.360s] -- Up-to-date: /home/ros/ros/build/src/chrono_ros/chrono_ros_interfaces/chrono_ros_interfaces/include/chrono_ros_interfaces/chrono_ros_interfaces/msg/detail/ch_vehicle__rosidl_typesupport_introspection_c.h
[0.360s] -- Up-to-date: /home/ros/ros/build/src/chrono_ros/chrono_ros_interfaces/chrono_ros_interfaces/lib/libchrono_ros_interfaces__rosidl_typesupport_introspection_c.so
[0.360s] -- Up-to-date: /home/ros/ros/build/src/chrono_ros/chrono_ros_interfaces/chrono_ros_interfaces/lib/libchrono_ros_interfaces__rosidl_typesupport_c.so
[0.360s] -- Up-to-date: /home/ros/ros/build/src/chrono_ros/chrono_ros_interfaces/chrono_ros_interfaces/include/chrono_ros_interfaces/chrono_ros_interfaces
[0.360s] -- Up-to-date: /home/ros/ros/build/src/chrono_ros/chrono_ros_interfaces/chrono_ros_interfaces/include/chrono_ros_interfaces/chrono_ros_interfaces/srv
[0.360s] -- Up-to-date: /home/ros/ros/build/src/chrono_ros/chrono_ros_interfaces/chrono_ros_interfaces/include/chrono_ros_interfaces/chrono_ros_interfaces/srv/detail
[0.360s] -- Up-to-date: /home/ros/ros/build/src/chrono_ros/chrono_ros_interfaces/chrono_ros_interfaces/include/chrono_ros_interfaces/chrono_ros_interfaces/srv/detail/ch_stop_simulation__type_support.cpp
[0.360s] -- Up-to-date: /home/ros/ros/build/src/chrono_ros/chrono_ros_interfaces/chrono_ros_interfaces/include/chrono_ros_interfaces/chrono_ros_interfaces/srv/detail/ch_stop_simulation__rosidl_typesupport_introspection_cpp.hpp
[0.360s] -- Up-to-date: /home/ros/ros/build/src/chrono_ros/chrono_ros_interfaces/chrono_ros_interfaces/include/chrono_ros_interfaces/chrono_ros_interfaces/srv/detail/ch_start_simulation__rosidl_typesupport_introspection_cpp.hpp
[0.360s] -- Up-to-date: /home/ros/ros/build/src/chrono_ros/chrono_ros_interfaces/chrono_ros_interfaces/include/chrono_ros_interfaces/chrono_ros_interfaces/srv/detail/ch_start_simulation__type_support.cpp
[0.361s] -- Up-to-date: /home/ros/ros/build/src/chrono_ros/chrono_ros_interfaces/chrono_ros_interfaces/include/chrono_ros_interfaces/chrono_ros_interfaces/msg
[0.361s] -- Up-to-date: /home/ros/ros/build/src/chrono_ros/chrono_ros_interfaces/chrono_ros_interfaces/include/chrono_ros_interfaces/chrono_ros_interfaces/msg/detail
[0.361s] -- Up-to-date: /home/ros/ros/build/src/chrono_ros/chrono_ros_interfaces/chrono_ros_interfaces/include/chrono_ros_interfaces/chrono_ros_interfaces/msg/detail/ch_vehicle__type_support.cpp
[0.361s] -- Up-to-date: /home/ros/ros/build/src/chrono_ros/chrono_ros_interfaces/chrono_ros_interfaces/include/chrono_ros_interfaces/chrono_ros_interfaces/msg/detail/ch_vehicle__rosidl_typesupport_introspection_cpp.hpp
[0.361s] -- Up-to-date: /home/ros/ros/build/src/chrono_ros/chrono_ros_interfaces/chrono_ros_interfaces/include/chrono_ros_interfaces/chrono_ros_interfaces/msg/detail/ch_driver_inputs__rosidl_typesupport_introspection_cpp.hpp
[0.361s] -- Up-to-date: /home/ros/ros/build/src/chrono_ros/chrono_ros_interfaces/chrono_ros_interfaces/include/chrono_ros_interfaces/chrono_ros_interfaces/msg/detail/ch_driver_inputs__type_support.cpp
[0.361s] -- Up-to-date: /home/ros/ros/build/src/chrono_ros/chrono_ros_interfaces/chrono_ros_interfaces/lib/libchrono_ros_interfaces__rosidl_typesupport_introspection_cpp.so
[0.361s] -- Up-to-date: /home/ros/ros/build/src/chrono_ros/chrono_ros_interfaces/chrono_ros_interfaces/lib/libchrono_ros_interfaces__rosidl_typesupport_cpp.so
[0.361s] -- Up-to-date: /home/ros/ros/build/src/chrono_ros/chrono_ros_interfaces/chrono_ros_interfaces/share/chrono_ros_interfaces/environment/pythonpath.sh
[0.361s] -- Up-to-date: /home/ros/ros/build/src/chrono_ros/chrono_ros_interfaces/chrono_ros_interfaces/share/chrono_ros_interfaces/environment/pythonpath.dsv
[0.361s] -- Up-to-date: /home/ros/ros/build/src/chrono_ros/chrono_ros_interfaces/chrono_ros_interfaces/lib/python3.10/site-packages/chrono_ros_interfaces-0.0.0-py3.10.egg-info
[0.361s] -- Installing: /home/ros/ros/build/src/chrono_ros/chrono_ros_interfaces/chrono_ros_interfaces/lib/python3.10/site-packages/chrono_ros_interfaces-0.0.0-py3.10.egg-info/SOURCES.txt
[0.361s] -- Installing: /home/ros/ros/build/src/chrono_ros/chrono_ros_interfaces/chrono_ros_interfaces/lib/python3.10/site-packages/chrono_ros_interfaces-0.0.0-py3.10.egg-info/PKG-INFO
[0.361s] -- Installing: /home/ros/ros/build/src/chrono_ros/chrono_ros_interfaces/chrono_ros_interfaces/lib/python3.10/site-packages/chrono_ros_interfaces-0.0.0-py3.10.egg-info/top_level.txt
[0.361s] -- Installing: /home/ros/ros/build/src/chrono_ros/chrono_ros_interfaces/chrono_ros_interfaces/lib/python3.10/site-packages/chrono_ros_interfaces-0.0.0-py3.10.egg-info/dependency_links.txt
[0.361s] -- Up-to-date: /home/ros/ros/build/src/chrono_ros/chrono_ros_interfaces/chrono_ros_interfaces/lib/python3.10/site-packages/chrono_ros_interfaces
[0.361s] -- Up-to-date: /home/ros/ros/build/src/chrono_ros/chrono_ros_interfaces/chrono_ros_interfaces/lib/python3.10/site-packages/chrono_ros_interfaces/srv
[0.362s] -- Up-to-date: /home/ros/ros/build/src/chrono_ros/chrono_ros_interfaces/chrono_ros_interfaces/lib/python3.10/site-packages/chrono_ros_interfaces/srv/_ch_start_simulation_s.c
[0.362s] -- Up-to-date: /home/ros/ros/build/src/chrono_ros/chrono_ros_interfaces/chrono_ros_interfaces/lib/python3.10/site-packages/chrono_ros_interfaces/srv/_ch_stop_simulation_s.c
[0.362s] -- Up-to-date: /home/ros/ros/build/src/chrono_ros/chrono_ros_interfaces/chrono_ros_interfaces/lib/python3.10/site-packages/chrono_ros_interfaces/srv/__init__.py
[0.362s] -- Up-to-date: /home/ros/ros/build/src/chrono_ros/chrono_ros_interfaces/chrono_ros_interfaces/lib/python3.10/site-packages/chrono_ros_interfaces/srv/_ch_start_simulation.py
[0.362s] -- Up-to-date: /home/ros/ros/build/src/chrono_ros/chrono_ros_interfaces/chrono_ros_interfaces/lib/python3.10/site-packages/chrono_ros_interfaces/srv/_ch_stop_simulation.py
[0.362s] -- Up-to-date: /home/ros/ros/build/src/chrono_ros/chrono_ros_interfaces/chrono_ros_interfaces/lib/python3.10/site-packages/chrono_ros_interfaces/__init__.py
[0.362s] -- Up-to-date: /home/ros/ros/build/src/chrono_ros/chrono_ros_interfaces/chrono_ros_interfaces/lib/python3.10/site-packages/chrono_ros_interfaces/chrono_ros_interfaces_s__rosidl_typesupport_fastrtps_c.cpython-310-x86_64-linux-gnu.so
[0.362s] -- Up-to-date: /home/ros/ros/build/src/chrono_ros/chrono_ros_interfaces/chrono_ros_interfaces/lib/python3.10/site-packages/chrono_ros_interfaces/msg
[0.362s] -- Up-to-date: /home/ros/ros/build/src/chrono_ros/chrono_ros_interfaces/chrono_ros_interfaces/lib/python3.10/site-packages/chrono_ros_interfaces/msg/_ch_driver_inputs_s.c
[0.362s] -- Up-to-date: /home/ros/ros/build/src/chrono_ros/chrono_ros_interfaces/chrono_ros_interfaces/lib/python3.10/site-packages/chrono_ros_interfaces/msg/__init__.py
[0.362s] -- Up-to-date: /home/ros/ros/build/src/chrono_ros/chrono_ros_interfaces/chrono_ros_interfaces/lib/python3.10/site-packages/chrono_ros_interfaces/msg/_ch_vehicle_s.c
[0.362s] -- Up-to-date: /home/ros/ros/build/src/chrono_ros/chrono_ros_interfaces/chrono_ros_interfaces/lib/python3.10/site-packages/chrono_ros_interfaces/msg/_ch_driver_inputs.py
[0.362s] -- Up-to-date: /home/ros/ros/build/src/chrono_ros/chrono_ros_interfaces/chrono_ros_interfaces/lib/python3.10/site-packages/chrono_ros_interfaces/msg/_ch_vehicle.py
[0.362s] -- Up-to-date: /home/ros/ros/build/src/chrono_ros/chrono_ros_interfaces/chrono_ros_interfaces/lib/python3.10/site-packages/chrono_ros_interfaces/_chrono_ros_interfaces_s.ep.rosidl_typesupport_introspection_c.c
[0.362s] -- Up-to-date: /home/ros/ros/build/src/chrono_ros/chrono_ros_interfaces/chrono_ros_interfaces/lib/python3.10/site-packages/chrono_ros_interfaces/chrono_ros_interfaces_s__rosidl_typesupport_introspection_c.cpython-310-x86_64-linux-gnu.so
[0.362s] -- Up-to-date: /home/ros/ros/build/src/chrono_ros/chrono_ros_interfaces/chrono_ros_interfaces/lib/python3.10/site-packages/chrono_ros_interfaces/chrono_ros_interfaces_s__rosidl_typesupport_c.cpython-310-x86_64-linux-gnu.so
[0.363s] -- Up-to-date: /home/ros/ros/build/src/chrono_ros/chrono_ros_interfaces/chrono_ros_interfaces/lib/python3.10/site-packages/chrono_ros_interfaces/libchrono_ros_interfaces__rosidl_generator_py.so
[0.363s] -- Up-to-date: /home/ros/ros/build/src/chrono_ros/chrono_ros_interfaces/chrono_ros_interfaces/lib/python3.10/site-packages/chrono_ros_interfaces/_chrono_ros_interfaces_s.ep.rosidl_typesupport_c.c
[0.363s] -- Up-to-date: /home/ros/ros/build/src/chrono_ros/chrono_ros_interfaces/chrono_ros_interfaces/lib/python3.10/site-packages/chrono_ros_interfaces/_chrono_ros_interfaces_s.ep.rosidl_typesupport_fastrtps_c.c
[0.377s] Listing '/home/ros/ros/build/src/chrono_ros/chrono_ros_interfaces/chrono_ros_interfaces/lib/python3.10/site-packages/chrono_ros_interfaces'...
[0.377s] Listing '/home/ros/ros/build/src/chrono_ros/chrono_ros_interfaces/chrono_ros_interfaces/lib/python3.10/site-packages/chrono_ros_interfaces/msg'...
[0.378s] Listing '/home/ros/ros/build/src/chrono_ros/chrono_ros_interfaces/chrono_ros_interfaces/lib/python3.10/site-packages/chrono_ros_interfaces/srv'...
[0.380s] -- Up-to-date: /home/ros/ros/build/src/chrono_ros/chrono_ros_interfaces/chrono_ros_interfaces/lib/python3.10/site-packages/chrono_ros_interfaces/chrono_ros_interfaces_s__rosidl_typesupport_fastrtps_c.cpython-310-x86_64-linux-gnu.so
[0.380s] -- Up-to-date: /home/ros/ros/build/src/chrono_ros/chrono_ros_interfaces/chrono_ros_interfaces/lib/python3.10/site-packages/chrono_ros_interfaces/chrono_ros_interfaces_s__rosidl_typesupport_introspection_c.cpython-310-x86_64-linux-gnu.so
[0.380s] -- Up-to-date: /home/ros/ros/build/src/chrono_ros/chrono_ros_interfaces/chrono_ros_interfaces/lib/python3.10/site-packages/chrono_ros_interfaces/chrono_ros_interfaces_s__rosidl_typesupport_c.cpython-310-x86_64-linux-gnu.so
[0.380s] -- Up-to-date: /home/ros/ros/build/src/chrono_ros/chrono_ros_interfaces/chrono_ros_interfaces/lib/libchrono_ros_interfaces__rosidl_generator_py.so
[0.381s] -- Up-to-date: /home/ros/ros/build/src/chrono_ros/chrono_ros_interfaces/chrono_ros_interfaces/share/chrono_ros_interfaces/msg/ChVehicle.idl
[0.381s] -- Up-to-date: /home/ros/ros/build/src/chrono_ros/chrono_ros_interfaces/chrono_ros_interfaces/share/chrono_ros_interfaces/msg/ChDriverInputs.idl
[0.381s] -- Up-to-date: /home/ros/ros/build/src/chrono_ros/chrono_ros_interfaces/chrono_ros_interfaces/share/chrono_ros_interfaces/srv/ChStartSimulation.idl
[0.382s] -- Up-to-date: /home/ros/ros/build/src/chrono_ros/chrono_ros_interfaces/chrono_ros_interfaces/share/chrono_ros_interfaces/srv/ChStopSimulation.idl
[0.382s] -- Up-to-date: /home/ros/ros/build/src/chrono_ros/chrono_ros_interfaces/chrono_ros_interfaces/share/chrono_ros_interfaces/msg/ChVehicle.msg
[0.382s] -- Up-to-date: /home/ros/ros/build/src/chrono_ros/chrono_ros_interfaces/chrono_ros_interfaces/share/chrono_ros_interfaces/msg/ChDriverInputs.msg
[0.382s] -- Up-to-date: /home/ros/ros/build/src/chrono_ros/chrono_ros_interfaces/chrono_ros_interfaces/share/chrono_ros_interfaces/srv/ChStartSimulation.srv
[0.382s] -- Up-to-date: /home/ros/ros/build/src/chrono_ros/chrono_ros_interfaces/chrono_ros_interfaces/share/chrono_ros_interfaces/srv/ChStartSimulation_Request.msg
[0.382s] -- Up-to-date: /home/ros/ros/build/src/chrono_ros/chrono_ros_interfaces/chrono_ros_interfaces/share/chrono_ros_interfaces/srv/ChStartSimulation_Response.msg
[0.382s] -- Up-to-date: /home/ros/ros/build/src/chrono_ros/chrono_ros_interfaces/chrono_ros_interfaces/share/chrono_ros_interfaces/srv/ChStopSimulation.srv
[0.382s] -- Up-to-date: /home/ros/ros/build/src/chrono_ros/chrono_ros_interfaces/chrono_ros_interfaces/share/chrono_ros_interfaces/srv/ChStopSimulation_Request.msg
[0.383s] -- Up-to-date: /home/ros/ros/build/src/chrono_ros/chrono_ros_interfaces/chrono_ros_interfaces/share/chrono_ros_interfaces/srv/ChStopSimulation_Response.msg
[0.383s] -- Up-to-date: /home/ros/ros/build/src/chrono_ros/chrono_ros_interfaces/chrono_ros_interfaces/share/ament_index/resource_index/package_run_dependencies/chrono_ros_interfaces
[0.383s] -- Up-to-date: /home/ros/ros/build/src/chrono_ros/chrono_ros_interfaces/chrono_ros_interfaces/share/ament_index/resource_index/parent_prefix_path/chrono_ros_interfaces
[0.383s] -- Up-to-date: /home/ros/ros/build/src/chrono_ros/chrono_ros_interfaces/chrono_ros_interfaces/share/chrono_ros_interfaces/environment/ament_prefix_path.sh
[0.383s] -- Up-to-date: /home/ros/ros/build/src/chrono_ros/chrono_ros_interfaces/chrono_ros_interfaces/share/chrono_ros_interfaces/environment/ament_prefix_path.dsv
[0.383s] -- Up-to-date: /home/ros/ros/build/src/chrono_ros/chrono_ros_interfaces/chrono_ros_interfaces/share/chrono_ros_interfaces/environment/path.sh
[0.383s] -- Up-to-date: /home/ros/ros/build/src/chrono_ros/chrono_ros_interfaces/chrono_ros_interfaces/share/chrono_ros_interfaces/environment/path.dsv
[0.384s] -- Up-to-date: /home/ros/ros/build/src/chrono_ros/chrono_ros_interfaces/chrono_ros_interfaces/share/chrono_ros_interfaces/local_setup.bash
[0.384s] -- Up-to-date: /home/ros/ros/build/src/chrono_ros/chrono_ros_interfaces/chrono_ros_interfaces/share/chrono_ros_interfaces/local_setup.sh
[0.384s] -- Up-to-date: /home/ros/ros/build/src/chrono_ros/chrono_ros_interfaces/chrono_ros_interfaces/share/chrono_ros_interfaces/local_setup.zsh
[0.384s] -- Up-to-date: /home/ros/ros/build/src/chrono_ros/chrono_ros_interfaces/chrono_ros_interfaces/share/chrono_ros_interfaces/local_setup.dsv
[0.384s] -- Installing: /home/ros/ros/build/src/chrono_ros/chrono_ros_interfaces/chrono_ros_interfaces/share/chrono_ros_interfaces/package.dsv
[0.384s] -- Up-to-date: /home/ros/ros/build/src/chrono_ros/chrono_ros_interfaces/chrono_ros_interfaces/share/ament_index/resource_index/packages/chrono_ros_interfaces
[0.384s] -- Up-to-date: /home/ros/ros/build/src/chrono_ros/chrono_ros_interfaces/chrono_ros_interfaces/share/chrono_ros_interfaces/cmake/export_chrono_ros_interfaces__rosidl_generator_cExport.cmake
[0.384s] -- Up-to-date: /home/ros/ros/build/src/chrono_ros/chrono_ros_interfaces/chrono_ros_interfaces/share/chrono_ros_interfaces/cmake/export_chrono_ros_interfaces__rosidl_generator_cExport-noconfig.cmake
[0.384s] -- Up-to-date: /home/ros/ros/build/src/chrono_ros/chrono_ros_interfaces/chrono_ros_interfaces/share/chrono_ros_interfaces/cmake/export_chrono_ros_interfaces__rosidl_typesupport_fastrtps_cExport.cmake
[0.384s] -- Up-to-date: /home/ros/ros/build/src/chrono_ros/chrono_ros_interfaces/chrono_ros_interfaces/share/chrono_ros_interfaces/cmake/export_chrono_ros_interfaces__rosidl_typesupport_fastrtps_cExport-noconfig.cmake
[0.384s] -- Up-to-date: /home/ros/ros/build/src/chrono_ros/chrono_ros_interfaces/chrono_ros_interfaces/share/chrono_ros_interfaces/cmake/export_chrono_ros_interfaces__rosidl_generator_cppExport.cmake
[0.384s] -- Up-to-date: /home/ros/ros/build/src/chrono_ros/chrono_ros_interfaces/chrono_ros_interfaces/share/chrono_ros_interfaces/cmake/export_chrono_ros_interfaces__rosidl_typesupport_fastrtps_cppExport.cmake
[0.384s] -- Up-to-date: /home/ros/ros/build/src/chrono_ros/chrono_ros_interfaces/chrono_ros_interfaces/share/chrono_ros_interfaces/cmake/export_chrono_ros_interfaces__rosidl_typesupport_fastrtps_cppExport-noconfig.cmake
[0.384s] -- Up-to-date: /home/ros/ros/build/src/chrono_ros/chrono_ros_interfaces/chrono_ros_interfaces/share/chrono_ros_interfaces/cmake/chrono_ros_interfaces__rosidl_typesupport_introspection_cExport.cmake
[0.384s] -- Up-to-date: /home/ros/ros/build/src/chrono_ros/chrono_ros_interfaces/chrono_ros_interfaces/share/chrono_ros_interfaces/cmake/chrono_ros_interfaces__rosidl_typesupport_introspection_cExport-noconfig.cmake
[0.384s] -- Up-to-date: /home/ros/ros/build/src/chrono_ros/chrono_ros_interfaces/chrono_ros_interfaces/share/chrono_ros_interfaces/cmake/chrono_ros_interfaces__rosidl_typesupport_cExport.cmake
[0.385s] -- Up-to-date: /home/ros/ros/build/src/chrono_ros/chrono_ros_interfaces/chrono_ros_interfaces/share/chrono_ros_interfaces/cmake/chrono_ros_interfaces__rosidl_typesupport_cExport-noconfig.cmake
[0.385s] -- Up-to-date: /home/ros/ros/build/src/chrono_ros/chrono_ros_interfaces/chrono_ros_interfaces/share/chrono_ros_interfaces/cmake/chrono_ros_interfaces__rosidl_typesupport_introspection_cppExport.cmake
[0.385s] -- Up-to-date: /home/ros/ros/build/src/chrono_ros/chrono_ros_interfaces/chrono_ros_interfaces/share/chrono_ros_interfaces/cmake/chrono_ros_interfaces__rosidl_typesupport_introspection_cppExport-noconfig.cmake
[0.385s] -- Up-to-date: /home/ros/ros/build/src/chrono_ros/chrono_ros_interfaces/chrono_ros_interfaces/share/chrono_ros_interfaces/cmake/chrono_ros_interfaces__rosidl_typesupport_cppExport.cmake
[0.386s] -- Up-to-date: /home/ros/ros/build/src/chrono_ros/chrono_ros_interfaces/chrono_ros_interfaces/share/chrono_ros_interfaces/cmake/chrono_ros_interfaces__rosidl_typesupport_cppExport-noconfig.cmake
[0.386s] -- Up-to-date: /home/ros/ros/build/src/chrono_ros/chrono_ros_interfaces/chrono_ros_interfaces/share/chrono_ros_interfaces/cmake/export_chrono_ros_interfaces__rosidl_generator_pyExport.cmake
[0.386s] -- Up-to-date: /home/ros/ros/build/src/chrono_ros/chrono_ros_interfaces/chrono_ros_interfaces/share/chrono_ros_interfaces/cmake/export_chrono_ros_interfaces__rosidl_generator_pyExport-noconfig.cmake
[0.386s] -- Up-to-date: /home/ros/ros/build/src/chrono_ros/chrono_ros_interfaces/chrono_ros_interfaces/share/chrono_ros_interfaces/cmake/rosidl_cmake-extras.cmake
[0.387s] -- Up-to-date: /home/ros/ros/build/src/chrono_ros/chrono_ros_interfaces/chrono_ros_interfaces/share/chrono_ros_interfaces/cmake/ament_cmake_export_dependencies-extras.cmake
[0.387s] -- Up-to-date: /home/ros/ros/build/src/chrono_ros/chrono_ros_interfaces/chrono_ros_interfaces/share/chrono_ros_interfaces/cmake/ament_cmake_export_include_directories-extras.cmake
[0.387s] -- Up-to-date: /home/ros/ros/build/src/chrono_ros/chrono_ros_interfaces/chrono_ros_interfaces/share/chrono_ros_interfaces/cmake/ament_cmake_export_libraries-extras.cmake
[0.387s] -- Up-to-date: /home/ros/ros/build/src/chrono_ros/chrono_ros_interfaces/chrono_ros_interfaces/share/chrono_ros_interfaces/cmake/ament_cmake_export_targets-extras.cmake
[0.388s] -- Up-to-date: /home/ros/ros/build/src/chrono_ros/chrono_ros_interfaces/chrono_ros_interfaces/share/chrono_ros_interfaces/cmake/rosidl_cmake_export_typesupport_targets-extras.cmake
[0.388s] -- Up-to-date: /home/ros/ros/build/src/chrono_ros/chrono_ros_interfaces/chrono_ros_interfaces/share/chrono_ros_interfaces/cmake/rosidl_cmake_export_typesupport_libraries-extras.cmake
[0.388s] -- Up-to-date: /home/ros/ros/build/src/chrono_ros/chrono_ros_interfaces/chrono_ros_interfaces/share/chrono_ros_interfaces/cmake/chrono_ros_interfacesConfig.cmake
[0.389s] -- Up-to-date: /home/ros/ros/build/src/chrono_ros/chrono_ros_interfaces/chrono_ros_interfaces/share/chrono_ros_interfaces/cmake/chrono_ros_interfacesConfig-version.cmake
[0.389s] -- Up-to-date: /home/ros/ros/build/src/chrono_ros/chrono_ros_interfaces/chrono_ros_interfaces/share/chrono_ros_interfaces/package.xml
[0.389s] Invoked command in '/home/ros/ros/build/src/chrono_ros/chrono_ros_interfaces/chrono_ros_interfaces' returned '0': CMAKE_PREFIX_PATH=${CMAKE_PREFIX_PATH}:/opt/ros/iron /usr/bin/cmake --install /home/ros/ros/build/src/chrono_ros/chrono_ros_interfaces/chrono_ros_interfaces
