[0.008s] Invoking command in '/home/ros/ros/build/src/chrono_ros/chrono_ros_interface/chrono_ros_interfaces': CMAKE_PREFIX_PATH=/opt/ros/iron /usr/bin/cmake /home/ros/ros/src/chrono_ros/chrono_ros_interfaces -DCMAKE_INSTALL_PREFIX=/home/ros/ros/build/src/chrono_ros/chrono_ros_interface/chrono_ros_interfaces
[0.047s] -- The C compiler identification is GNU 11.4.0
[0.087s] -- The CXX compiler identification is GNU 11.4.0
[0.093s] -- Detecting C compiler ABI info
[0.144s] -- Detecting C compiler ABI info - done
[0.150s] -- Check for working C compiler: /usr/bin/cc - skipped
[0.150s] -- Detecting C compile features
[0.151s] -- Detecting C compile features - done
[0.153s] -- Detecting CXX compiler ABI info
[0.209s] -- Detecting CXX compiler ABI info - done
[0.216s] -- Check for working CXX compiler: /usr/bin/c++ - skipped
[0.216s] -- Detecting CXX compile features
[0.216s] -- Detecting CXX compile features - done
[0.218s] -- Found ament_cmake: 2.0.3 (/opt/ros/iron/share/ament_cmake/cmake)
[0.320s] -- Found Python3: /usr/bin/python3.10 (found version "3.10.12") found components: Interpreter 
[0.410s] -- Found ament_cmake_auto: 2.0.3 (/opt/ros/iron/share/ament_cmake_auto/cmake)
[0.414s] -- Found geometry_msgs: 5.0.0 (/opt/ros/iron/share/geometry_msgs/cmake)
[0.457s] -- Found rosidl_generator_c: 4.0.1 (/opt/ros/iron/share/rosidl_generator_c/cmake)
[0.471s] -- Found rosidl_generator_cpp: 4.0.1 (/opt/ros/iron/share/rosidl_generator_cpp/cmake)
[0.488s] -- Using all available rosidl_typesupport_c: rosidl_typesupport_fastrtps_c;rosidl_typesupport_introspection_c
[0.506s] -- Using all available rosidl_typesupport_cpp: rosidl_typesupport_fastrtps_cpp;rosidl_typesupport_introspection_cpp
[0.611s] -- Found ament_lint_auto: 0.14.1 (/opt/ros/iron/share/ament_lint_auto/cmake)
[0.669s] -- Found rosidl_default_generators: 1.5.0 (/opt/ros/iron/share/rosidl_default_generators/cmake)
[0.680s] -- Found rosidl_adapter: 4.0.1 (/opt/ros/iron/share/rosidl_adapter/cmake)
[0.934s] -- Found ament_cmake_ros: 0.11.2 (/opt/ros/iron/share/ament_cmake_ros/cmake)
[1.248s] -- Using all available rosidl_typesupport_c: rosidl_typesupport_fastrtps_c;rosidl_typesupport_introspection_c
[1.368s] -- Using all available rosidl_typesupport_cpp: rosidl_typesupport_fastrtps_cpp;rosidl_typesupport_introspection_cpp
[1.382s] -- Found PythonInterp: /usr/bin/python3 (found suitable version "3.10.12", minimum required is "3.6") 
[1.384s] -- Found python_cmake_module: 0.10.2 (/opt/ros/iron/share/python_cmake_module/cmake)
[1.401s] -- Found PythonLibs: /usr/lib/x86_64-linux-gnu/libpython3.10.so (found suitable version "3.10.12", minimum required is "3.5") 
[1.401s] -- Using PYTHON_EXECUTABLE: /usr/bin/python3
[1.401s] -- Using PYTHON_INCLUDE_DIRS: /usr/include/python3.10
[1.401s] -- Using PYTHON_LIBRARIES: /usr/lib/x86_64-linux-gnu/libpython3.10.so
[1.412s] -- Found PythonExtra: .so  
[1.477s] -- Added test 'copyright' to check source files copyright and LICENSE
[1.526s] -- Added test 'cppcheck' to perform static code analysis on C / C++ code
[1.527s] -- Configured cppcheck include dirs: 
[1.527s] -- Configured cppcheck exclude dirs and/or files: 
[1.578s] -- Added test 'cpplint' to check C / C++ code against the Google style
[1.578s] -- Configured cpplint exclude dirs and/or files: 
[1.585s] -- Added test 'flake8' to check Python code syntax and style conventions
[1.585s] -- Configured 'flake8' exclude dirs and/or files: 
[1.598s] -- Added test 'lint_cmake' to check CMake code style
[1.605s] -- Added test 'pep257' to check Python code against some of the docstring style conventions in PEP 257
[1.654s] -- Added test 'uncrustify' to check C / C++ code style
[1.654s] -- Configured uncrustify additional arguments: 
[1.660s] -- Added test 'xmllint' to check XML markup files
[1.664s] -- Configuring done
[1.701s] -- Generating done
[1.704s] -- Build files have been written to: /home/ros/ros/build/src/chrono_ros/chrono_ros_interface/chrono_ros_interfaces
[1.710s] Invoked command in '/home/ros/ros/build/src/chrono_ros/chrono_ros_interface/chrono_ros_interfaces' returned '0': CMAKE_PREFIX_PATH=/opt/ros/iron /usr/bin/cmake /home/ros/ros/src/chrono_ros/chrono_ros_interfaces -DCMAKE_INSTALL_PREFIX=/home/ros/ros/build/src/chrono_ros/chrono_ros_interface/chrono_ros_interfaces
[1.711s] Invoking command in '/home/ros/ros/build/src/chrono_ros/chrono_ros_interface/chrono_ros_interfaces': CMAKE_PREFIX_PATH=/opt/ros/iron /usr/bin/cmake --build /home/ros/ros/build/src/chrono_ros/chrono_ros_interface/chrono_ros_interfaces -- -j12 -l12
[1.756s] [  1%] Generating type hashes for ROS interfaces
[1.761s] [  1%] Built target ament_cmake_python_copy_chrono_ros_interfaces
[1.903s] running egg_info
[1.904s] creating chrono_ros_interfaces.egg-info
[1.904s] writing chrono_ros_interfaces.egg-info/PKG-INFO
[1.904s] writing dependency_links to chrono_ros_interfaces.egg-info/dependency_links.txt
[1.904s] writing top-level names to chrono_ros_interfaces.egg-info/top_level.txt
[1.905s] writing manifest file 'chrono_ros_interfaces.egg-info/SOURCES.txt'
[1.906s] reading manifest file 'chrono_ros_interfaces.egg-info/SOURCES.txt'
[1.906s] writing manifest file 'chrono_ros_interfaces.egg-info/SOURCES.txt'
[1.928s] [  1%] Built target ament_cmake_python_build_chrono_ros_interfaces_egg
[1.988s] [  1%] Built target chrono_ros_interfaces__rosidl_generator_type_description
[1.997s] [  3%] Generating C code for ROS interfaces
[2.005s] [  4%] Generating C++ code for ROS interfaces
[2.435s] [  4%] Built target chrono_ros_interfaces__cpp
[2.545s] [  6%] Building C object CMakeFiles/chrono_ros_interfaces__rosidl_generator_c.dir/rosidl_generator_c/chrono_ros_interfaces/msg/detail/ch_vehicle__description.c.o
[2.545s] [  7%] Building C object CMakeFiles/chrono_ros_interfaces__rosidl_generator_c.dir/rosidl_generator_c/chrono_ros_interfaces/msg/detail/ch_vehicle__type_support.c.o
[2.546s] [ 10%] Building C object CMakeFiles/chrono_ros_interfaces__rosidl_generator_c.dir/rosidl_generator_c/chrono_ros_interfaces/srv/detail/ch_start_simulation__description.c.o
[2.546s] [ 10%] Building C object CMakeFiles/chrono_ros_interfaces__rosidl_generator_c.dir/rosidl_generator_c/chrono_ros_interfaces/msg/detail/ch_driver_inputs__description.c.o
[2.546s] [ 12%] Building C object CMakeFiles/chrono_ros_interfaces__rosidl_generator_c.dir/rosidl_generator_c/chrono_ros_interfaces/srv/detail/ch_start_simulation__type_support.c.o
[2.546s] [ 14%] Building C object CMakeFiles/chrono_ros_interfaces__rosidl_generator_c.dir/rosidl_generator_c/chrono_ros_interfaces/srv/detail/ch_stop_simulation__functions.c.o
[2.547s] [ 15%] Building C object CMakeFiles/chrono_ros_interfaces__rosidl_generator_c.dir/rosidl_generator_c/chrono_ros_interfaces/srv/detail/ch_stop_simulation__type_support.c.o
[2.547s] [ 18%] Building C object CMakeFiles/chrono_ros_interfaces__rosidl_generator_c.dir/rosidl_generator_c/chrono_ros_interfaces/srv/detail/ch_stop_simulation__description.c.o
[2.547s] [ 18%] Building C object CMakeFiles/chrono_ros_interfaces__rosidl_generator_c.dir/rosidl_generator_c/chrono_ros_interfaces/msg/detail/ch_vehicle__functions.c.o
[2.549s] [ 20%] Building C object CMakeFiles/chrono_ros_interfaces__rosidl_generator_c.dir/rosidl_generator_c/chrono_ros_interfaces/msg/detail/ch_driver_inputs__type_support.c.o
[2.550s] [ 21%] Building C object CMakeFiles/chrono_ros_interfaces__rosidl_generator_c.dir/rosidl_generator_c/chrono_ros_interfaces/srv/detail/ch_start_simulation__functions.c.o
[2.550s] [ 23%] Building C object CMakeFiles/chrono_ros_interfaces__rosidl_generator_c.dir/rosidl_generator_c/chrono_ros_interfaces/msg/detail/ch_driver_inputs__functions.c.o
[2.620s] [ 25%] Linking C shared library libchrono_ros_interfaces__rosidl_generator_c.so
[2.651s] [ 25%] Built target chrono_ros_interfaces__rosidl_generator_c
[2.659s] [ 32%] Generating C++ type support for eProsima Fast-RTPS
[2.659s] [ 32%] Generating C introspection for ROS interfaces
[2.659s] [ 32%] Generating C type support for eProsima Fast-RTPS
[2.659s] [ 32%] Generating C++ type support dispatch for ROS interfaces
[2.659s] [ 32%] Generating C type support dispatch for ROS interfaces
[2.661s] [ 34%] Generating C++ introspection for ROS interfaces
[2.969s] [ 35%] Building CXX object CMakeFiles/chrono_ros_interfaces__rosidl_typesupport_c.dir/rosidl_typesupport_c/chrono_ros_interfaces/msg/ch_vehicle__type_support.cpp.o
[2.970s] [ 37%] Building CXX object CMakeFiles/chrono_ros_interfaces__rosidl_typesupport_c.dir/rosidl_typesupport_c/chrono_ros_interfaces/msg/ch_driver_inputs__type_support.cpp.o
[2.971s] [ 39%] Building CXX object CMakeFiles/chrono_ros_interfaces__rosidl_typesupport_c.dir/rosidl_typesupport_c/chrono_ros_interfaces/srv/ch_stop_simulation__type_support.cpp.o
[2.973s] [ 40%] Building CXX object CMakeFiles/chrono_ros_interfaces__rosidl_typesupport_c.dir/rosidl_typesupport_c/chrono_ros_interfaces/srv/ch_start_simulation__type_support.cpp.o
[3.028s] [ 42%] Linking CXX shared library libchrono_ros_interfaces__rosidl_typesupport_c.so
[3.037s] [ 43%] Building CXX object CMakeFiles/chrono_ros_interfaces__rosidl_typesupport_introspection_cpp.dir/rosidl_typesupport_introspection_cpp/chrono_ros_interfaces/msg/detail/ch_driver_inputs__type_support.cpp.o
[3.037s] [ 45%] Building CXX object CMakeFiles/chrono_ros_interfaces__rosidl_typesupport_introspection_cpp.dir/rosidl_typesupport_introspection_cpp/chrono_ros_interfaces/msg/detail/ch_vehicle__type_support.cpp.o
[3.038s] [ 46%] Building CXX object CMakeFiles/chrono_ros_interfaces__rosidl_typesupport_introspection_cpp.dir/rosidl_typesupport_introspection_cpp/chrono_ros_interfaces/srv/detail/ch_start_simulation__type_support.cpp.o
[3.039s] [ 48%] Building CXX object CMakeFiles/chrono_ros_interfaces__rosidl_typesupport_introspection_cpp.dir/rosidl_typesupport_introspection_cpp/chrono_ros_interfaces/srv/detail/ch_stop_simulation__type_support.cpp.o
[3.074s] [ 48%] Built target chrono_ros_interfaces__rosidl_typesupport_c
[3.099s] [ 53%] Building C object CMakeFiles/chrono_ros_interfaces__rosidl_typesupport_introspection_c.dir/rosidl_typesupport_introspection_c/chrono_ros_interfaces/msg/detail/ch_vehicle__type_support.c.o
[3.099s] [ 53%] Building C object CMakeFiles/chrono_ros_interfaces__rosidl_typesupport_introspection_c.dir/rosidl_typesupport_introspection_c/chrono_ros_interfaces/srv/detail/ch_stop_simulation__type_support.c.o
[3.100s] [ 54%] Building C object CMakeFiles/chrono_ros_interfaces__rosidl_typesupport_introspection_c.dir/rosidl_typesupport_introspection_c/chrono_ros_interfaces/srv/detail/ch_start_simulation__type_support.c.o
[3.100s] [ 54%] Building C object CMakeFiles/chrono_ros_interfaces__rosidl_typesupport_introspection_c.dir/rosidl_typesupport_introspection_c/chrono_ros_interfaces/msg/detail/ch_driver_inputs__type_support.c.o
[3.157s] [ 56%] Linking C shared library libchrono_ros_interfaces__rosidl_typesupport_introspection_c.so
[3.166s] [ 57%] Building CXX object CMakeFiles/chrono_ros_interfaces__rosidl_typesupport_cpp.dir/rosidl_typesupport_cpp/chrono_ros_interfaces/msg/ch_driver_inputs__type_support.cpp.o
[3.168s] [ 60%] Building CXX object CMakeFiles/chrono_ros_interfaces__rosidl_typesupport_cpp.dir/rosidl_typesupport_cpp/chrono_ros_interfaces/srv/ch_stop_simulation__type_support.cpp.o
[3.168s] [ 60%] Building CXX object CMakeFiles/chrono_ros_interfaces__rosidl_typesupport_cpp.dir/rosidl_typesupport_cpp/chrono_ros_interfaces/msg/ch_vehicle__type_support.cpp.o
[3.169s] [ 64%] Building CXX object CMakeFiles/chrono_ros_interfaces__rosidl_typesupport_fastrtps_cpp.dir/rosidl_typesupport_fastrtps_cpp/chrono_ros_interfaces/msg/detail/dds_fastrtps/ch_vehicle__type_support.cpp.o
[3.169s] [ 64%] Building CXX object CMakeFiles/chrono_ros_interfaces__rosidl_typesupport_fastrtps_cpp.dir/rosidl_typesupport_fastrtps_cpp/chrono_ros_interfaces/msg/detail/dds_fastrtps/ch_driver_inputs__type_support.cpp.o
[3.186s] [ 65%] Building CXX object CMakeFiles/chrono_ros_interfaces__rosidl_typesupport_cpp.dir/rosidl_typesupport_cpp/chrono_ros_interfaces/srv/ch_start_simulation__type_support.cpp.o
[3.194s] [ 65%] Built target chrono_ros_interfaces__rosidl_typesupport_introspection_c
[3.204s] [ 67%] Building CXX object CMakeFiles/chrono_ros_interfaces__rosidl_typesupport_fastrtps_cpp.dir/rosidl_typesupport_fastrtps_cpp/chrono_ros_interfaces/srv/detail/dds_fastrtps/ch_start_simulation__type_support.cpp.o
[3.333s] [ 68%] Building CXX object CMakeFiles/chrono_ros_interfaces__rosidl_typesupport_fastrtps_c.dir/rosidl_typesupport_fastrtps_c/chrono_ros_interfaces/msg/detail/ch_vehicle__type_support_c.cpp.o
[3.469s] [ 70%] Building CXX object CMakeFiles/chrono_ros_interfaces__rosidl_typesupport_fastrtps_c.dir/rosidl_typesupport_fastrtps_c/chrono_ros_interfaces/msg/detail/ch_driver_inputs__type_support_c.cpp.o
[3.500s] [ 71%] Building CXX object CMakeFiles/chrono_ros_interfaces__rosidl_typesupport_fastrtps_c.dir/rosidl_typesupport_fastrtps_c/chrono_ros_interfaces/srv/detail/ch_start_simulation__type_support_c.cpp.o
[3.611s] [ 73%] Linking CXX shared library libchrono_ros_interfaces__rosidl_typesupport_introspection_cpp.so
[3.628s] [ 75%] Building CXX object CMakeFiles/chrono_ros_interfaces__rosidl_typesupport_fastrtps_c.dir/rosidl_typesupport_fastrtps_c/chrono_ros_interfaces/srv/detail/ch_stop_simulation__type_support_c.cpp.o
[3.657s] [ 76%] Building CXX object CMakeFiles/chrono_ros_interfaces__rosidl_typesupport_fastrtps_cpp.dir/rosidl_typesupport_fastrtps_cpp/chrono_ros_interfaces/srv/detail/dds_fastrtps/ch_stop_simulation__type_support.cpp.o
[3.740s] [ 76%] Built target chrono_ros_interfaces__rosidl_typesupport_introspection_cpp
[3.828s] [ 78%] Linking CXX shared library libchrono_ros_interfaces__rosidl_typesupport_cpp.so
[3.898s] [ 78%] Built target chrono_ros_interfaces__rosidl_typesupport_cpp
[3.993s] [ 79%] Linking CXX shared library libchrono_ros_interfaces__rosidl_typesupport_fastrtps_c.so
[4.051s] [ 79%] Built target chrono_ros_interfaces__rosidl_typesupport_fastrtps_c
[4.187s] [ 81%] Linking CXX shared library libchrono_ros_interfaces__rosidl_typesupport_fastrtps_cpp.so
[4.260s] [ 81%] Built target chrono_ros_interfaces__rosidl_typesupport_fastrtps_cpp
[4.274s] [ 81%] Built target chrono_ros_interfaces
[4.288s] [ 82%] Generating Python code for ROS interfaces
[4.957s] [ 82%] Built target chrono_ros_interfaces__py
[4.970s] [ 85%] Building C object CMakeFiles/chrono_ros_interfaces__rosidl_generator_py.dir/rosidl_generator_py/chrono_ros_interfaces/msg/_ch_vehicle_s.c.o
[4.970s] [ 89%] Building C object CMakeFiles/chrono_ros_interfaces__rosidl_generator_py.dir/rosidl_generator_py/chrono_ros_interfaces/srv/_ch_start_simulation_s.c.o
[4.970s] [ 89%] Building C object CMakeFiles/chrono_ros_interfaces__rosidl_generator_py.dir/rosidl_generator_py/chrono_ros_interfaces/srv/_ch_stop_simulation_s.c.o
[4.971s] [ 89%] Building C object CMakeFiles/chrono_ros_interfaces__rosidl_generator_py.dir/rosidl_generator_py/chrono_ros_interfaces/msg/_ch_driver_inputs_s.c.o
[5.065s] [ 90%] Linking C shared library rosidl_generator_py/chrono_ros_interfaces/libchrono_ros_interfaces__rosidl_generator_py.so
[5.094s] [ 90%] Built target chrono_ros_interfaces__rosidl_generator_py
[5.108s] [ 93%] Building C object CMakeFiles/chrono_ros_interfaces__rosidl_typesupport_c__pyext.dir/rosidl_generator_py/chrono_ros_interfaces/_chrono_ros_interfaces_s.ep.rosidl_typesupport_c.c.o
[5.108s] [ 93%] Building C object CMakeFiles/chrono_ros_interfaces__rosidl_typesupport_fastrtps_c__pyext.dir/rosidl_generator_py/chrono_ros_interfaces/_chrono_ros_interfaces_s.ep.rosidl_typesupport_fastrtps_c.c.o
[5.110s] [ 95%] Building C object CMakeFiles/chrono_ros_interfaces__rosidl_typesupport_introspection_c__pyext.dir/rosidl_generator_py/chrono_ros_interfaces/_chrono_ros_interfaces_s.ep.rosidl_typesupport_introspection_c.c.o
[5.206s] [ 98%] Linking C shared library rosidl_generator_py/chrono_ros_interfaces/chrono_ros_interfaces_s__rosidl_typesupport_c.cpython-310-x86_64-linux-gnu.so
[5.207s] [ 98%] Linking C shared library rosidl_generator_py/chrono_ros_interfaces/chrono_ros_interfaces_s__rosidl_typesupport_fastrtps_c.cpython-310-x86_64-linux-gnu.so
[5.208s] [100%] Linking C shared library rosidl_generator_py/chrono_ros_interfaces/chrono_ros_interfaces_s__rosidl_typesupport_introspection_c.cpython-310-x86_64-linux-gnu.so
[5.240s] [100%] Built target chrono_ros_interfaces__rosidl_typesupport_c__pyext
[5.240s] [100%] Built target chrono_ros_interfaces__rosidl_typesupport_fastrtps_c__pyext
[5.240s] [100%] Built target chrono_ros_interfaces__rosidl_typesupport_introspection_c__pyext
[5.248s] Invoked command in '/home/ros/ros/build/src/chrono_ros/chrono_ros_interface/chrono_ros_interfaces' returned '0': CMAKE_PREFIX_PATH=/opt/ros/iron /usr/bin/cmake --build /home/ros/ros/build/src/chrono_ros/chrono_ros_interface/chrono_ros_interfaces -- -j12 -l12
[5.330s] Invoking command in '/home/ros/ros/build/src/chrono_ros/chrono_ros_interface/chrono_ros_interfaces': CMAKE_PREFIX_PATH=/opt/ros/iron /usr/bin/cmake --install /home/ros/ros/build/src/chrono_ros/chrono_ros_interface/chrono_ros_interfaces
[5.336s] -- Install configuration: ""
[5.336s] -- Installing: /home/ros/ros/build/src/chrono_ros/chrono_ros_interface/chrono_ros_interfaces/share/ament_index/resource_index/rosidl_interfaces/chrono_ros_interfaces
[5.336s] -- Installing: /home/ros/ros/build/src/chrono_ros/chrono_ros_interface/chrono_ros_interfaces/share/chrono_ros_interfaces/msg/ChVehicle.json
[5.336s] -- Installing: /home/ros/ros/build/src/chrono_ros/chrono_ros_interface/chrono_ros_interfaces/share/chrono_ros_interfaces/msg/ChDriverInputs.json
[5.336s] -- Installing: /home/ros/ros/build/src/chrono_ros/chrono_ros_interface/chrono_ros_interfaces/share/chrono_ros_interfaces/srv/ChStartSimulation.json
[5.337s] -- Installing: /home/ros/ros/build/src/chrono_ros/chrono_ros_interface/chrono_ros_interfaces/share/chrono_ros_interfaces/srv/ChStopSimulation.json
[5.337s] -- Installing: /home/ros/ros/build/src/chrono_ros/chrono_ros_interface/chrono_ros_interfaces/include/chrono_ros_interfaces/chrono_ros_interfaces
[5.337s] -- Installing: /home/ros/ros/build/src/chrono_ros/chrono_ros_interface/chrono_ros_interfaces/include/chrono_ros_interfaces/chrono_ros_interfaces/srv
[5.337s] -- Installing: /home/ros/ros/build/src/chrono_ros/chrono_ros_interface/chrono_ros_interfaces/include/chrono_ros_interfaces/chrono_ros_interfaces/srv/ch_stop_simulation.h
[5.337s] -- Installing: /home/ros/ros/build/src/chrono_ros/chrono_ros_interface/chrono_ros_interfaces/include/chrono_ros_interfaces/chrono_ros_interfaces/srv/detail
[5.337s] -- Installing: /home/ros/ros/build/src/chrono_ros/chrono_ros_interface/chrono_ros_interfaces/include/chrono_ros_interfaces/chrono_ros_interfaces/srv/detail/ch_stop_simulation__struct.h
[5.337s] -- Installing: /home/ros/ros/build/src/chrono_ros/chrono_ros_interface/chrono_ros_interfaces/include/chrono_ros_interfaces/chrono_ros_interfaces/srv/detail/ch_start_simulation__struct.h
[5.337s] -- Installing: /home/ros/ros/build/src/chrono_ros/chrono_ros_interface/chrono_ros_interfaces/include/chrono_ros_interfaces/chrono_ros_interfaces/srv/detail/ch_start_simulation__functions.h
[5.337s] -- Installing: /home/ros/ros/build/src/chrono_ros/chrono_ros_interface/chrono_ros_interfaces/include/chrono_ros_interfaces/chrono_ros_interfaces/srv/detail/ch_stop_simulation__functions.c
[5.337s] -- Installing: /home/ros/ros/build/src/chrono_ros/chrono_ros_interface/chrono_ros_interfaces/include/chrono_ros_interfaces/chrono_ros_interfaces/srv/detail/ch_start_simulation__description.c
[5.338s] -- Installing: /home/ros/ros/build/src/chrono_ros/chrono_ros_interface/chrono_ros_interfaces/include/chrono_ros_interfaces/chrono_ros_interfaces/srv/detail/ch_stop_simulation__description.c
[5.338s] -- Installing: /home/ros/ros/build/src/chrono_ros/chrono_ros_interface/chrono_ros_interfaces/include/chrono_ros_interfaces/chrono_ros_interfaces/srv/detail/ch_stop_simulation__functions.h
[5.338s] -- Installing: /home/ros/ros/build/src/chrono_ros/chrono_ros_interface/chrono_ros_interfaces/include/chrono_ros_interfaces/chrono_ros_interfaces/srv/detail/ch_start_simulation__type_support.c
[5.338s] -- Installing: /home/ros/ros/build/src/chrono_ros/chrono_ros_interface/chrono_ros_interfaces/include/chrono_ros_interfaces/chrono_ros_interfaces/srv/detail/ch_stop_simulation__type_support.h
[5.338s] -- Installing: /home/ros/ros/build/src/chrono_ros/chrono_ros_interface/chrono_ros_interfaces/include/chrono_ros_interfaces/chrono_ros_interfaces/srv/detail/ch_start_simulation__functions.c
[5.338s] -- Installing: /home/ros/ros/build/src/chrono_ros/chrono_ros_interface/chrono_ros_interfaces/include/chrono_ros_interfaces/chrono_ros_interfaces/srv/detail/ch_start_simulation__type_support.h
[5.338s] -- Installing: /home/ros/ros/build/src/chrono_ros/chrono_ros_interface/chrono_ros_interfaces/include/chrono_ros_interfaces/chrono_ros_interfaces/srv/detail/ch_stop_simulation__type_support.c
[5.338s] -- Installing: /home/ros/ros/build/src/chrono_ros/chrono_ros_interface/chrono_ros_interfaces/include/chrono_ros_interfaces/chrono_ros_interfaces/srv/ch_start_simulation.h
[5.338s] -- Installing: /home/ros/ros/build/src/chrono_ros/chrono_ros_interface/chrono_ros_interfaces/include/chrono_ros_interfaces/chrono_ros_interfaces/msg
[5.339s] -- Installing: /home/ros/ros/build/src/chrono_ros/chrono_ros_interface/chrono_ros_interfaces/include/chrono_ros_interfaces/chrono_ros_interfaces/msg/rosidl_generator_c__visibility_control.h
[5.339s] -- Installing: /home/ros/ros/build/src/chrono_ros/chrono_ros_interface/chrono_ros_interfaces/include/chrono_ros_interfaces/chrono_ros_interfaces/msg/ch_vehicle.h
[5.339s] -- Installing: /home/ros/ros/build/src/chrono_ros/chrono_ros_interface/chrono_ros_interfaces/include/chrono_ros_interfaces/chrono_ros_interfaces/msg/detail
[5.339s] -- Installing: /home/ros/ros/build/src/chrono_ros/chrono_ros_interface/chrono_ros_interfaces/include/chrono_ros_interfaces/chrono_ros_interfaces/msg/detail/ch_driver_inputs__description.c
[5.339s] -- Installing: /home/ros/ros/build/src/chrono_ros/chrono_ros_interface/chrono_ros_interfaces/include/chrono_ros_interfaces/chrono_ros_interfaces/msg/detail/ch_driver_inputs__type_support.c
[5.339s] -- Installing: /home/ros/ros/build/src/chrono_ros/chrono_ros_interface/chrono_ros_interfaces/include/chrono_ros_interfaces/chrono_ros_interfaces/msg/detail/ch_driver_inputs__functions.c
[5.339s] -- Installing: /home/ros/ros/build/src/chrono_ros/chrono_ros_interface/chrono_ros_interfaces/include/chrono_ros_interfaces/chrono_ros_interfaces/msg/detail/ch_vehicle__struct.h
[5.339s] -- Installing: /home/ros/ros/build/src/chrono_ros/chrono_ros_interface/chrono_ros_interfaces/include/chrono_ros_interfaces/chrono_ros_interfaces/msg/detail/ch_vehicle__description.c
[5.339s] -- Installing: /home/ros/ros/build/src/chrono_ros/chrono_ros_interface/chrono_ros_interfaces/include/chrono_ros_interfaces/chrono_ros_interfaces/msg/detail/ch_vehicle__type_support.h
[5.339s] -- Installing: /home/ros/ros/build/src/chrono_ros/chrono_ros_interface/chrono_ros_interfaces/include/chrono_ros_interfaces/chrono_ros_interfaces/msg/detail/ch_driver_inputs__functions.h
[5.339s] -- Installing: /home/ros/ros/build/src/chrono_ros/chrono_ros_interface/chrono_ros_interfaces/include/chrono_ros_interfaces/chrono_ros_interfaces/msg/detail/ch_vehicle__functions.h
[5.340s] -- Installing: /home/ros/ros/build/src/chrono_ros/chrono_ros_interface/chrono_ros_interfaces/include/chrono_ros_interfaces/chrono_ros_interfaces/msg/detail/ch_vehicle__type_support.c
[5.340s] -- Installing: /home/ros/ros/build/src/chrono_ros/chrono_ros_interface/chrono_ros_interfaces/include/chrono_ros_interfaces/chrono_ros_interfaces/msg/detail/ch_driver_inputs__type_support.h
[5.340s] -- Installing: /home/ros/ros/build/src/chrono_ros/chrono_ros_interface/chrono_ros_interfaces/include/chrono_ros_interfaces/chrono_ros_interfaces/msg/detail/ch_driver_inputs__struct.h
[5.340s] -- Installing: /home/ros/ros/build/src/chrono_ros/chrono_ros_interface/chrono_ros_interfaces/include/chrono_ros_interfaces/chrono_ros_interfaces/msg/detail/ch_vehicle__functions.c
[5.340s] -- Installing: /home/ros/ros/build/src/chrono_ros/chrono_ros_interface/chrono_ros_interfaces/include/chrono_ros_interfaces/chrono_ros_interfaces/msg/ch_driver_inputs.h
[5.340s] -- Installing: /home/ros/ros/build/src/chrono_ros/chrono_ros_interface/chrono_ros_interfaces/share/chrono_ros_interfaces/environment/library_path.sh
[5.340s] -- Installing: /home/ros/ros/build/src/chrono_ros/chrono_ros_interface/chrono_ros_interfaces/share/chrono_ros_interfaces/environment/library_path.dsv
[5.340s] -- Installing: /home/ros/ros/build/src/chrono_ros/chrono_ros_interface/chrono_ros_interfaces/lib/libchrono_ros_interfaces__rosidl_generator_c.so
[5.341s] -- Set runtime path of "/home/ros/ros/build/src/chrono_ros/chrono_ros_interface/chrono_ros_interfaces/lib/libchrono_ros_interfaces__rosidl_generator_c.so" to ""
[5.341s] -- Up-to-date: /home/ros/ros/build/src/chrono_ros/chrono_ros_interface/chrono_ros_interfaces/include/chrono_ros_interfaces/chrono_ros_interfaces
[5.341s] -- Up-to-date: /home/ros/ros/build/src/chrono_ros/chrono_ros_interface/chrono_ros_interfaces/include/chrono_ros_interfaces/chrono_ros_interfaces/srv
[5.341s] -- Up-to-date: /home/ros/ros/build/src/chrono_ros/chrono_ros_interface/chrono_ros_interfaces/include/chrono_ros_interfaces/chrono_ros_interfaces/srv/detail
[5.341s] -- Installing: /home/ros/ros/build/src/chrono_ros/chrono_ros_interface/chrono_ros_interfaces/include/chrono_ros_interfaces/chrono_ros_interfaces/srv/detail/ch_start_simulation__rosidl_typesupport_fastrtps_c.h
[5.341s] -- Installing: /home/ros/ros/build/src/chrono_ros/chrono_ros_interface/chrono_ros_interfaces/include/chrono_ros_interfaces/chrono_ros_interfaces/srv/detail/ch_stop_simulation__rosidl_typesupport_fastrtps_c.h
[5.341s] -- Up-to-date: /home/ros/ros/build/src/chrono_ros/chrono_ros_interface/chrono_ros_interfaces/include/chrono_ros_interfaces/chrono_ros_interfaces/msg
[5.341s] -- Installing: /home/ros/ros/build/src/chrono_ros/chrono_ros_interface/chrono_ros_interfaces/include/chrono_ros_interfaces/chrono_ros_interfaces/msg/rosidl_typesupport_fastrtps_c__visibility_control.h
[5.341s] -- Up-to-date: /home/ros/ros/build/src/chrono_ros/chrono_ros_interface/chrono_ros_interfaces/include/chrono_ros_interfaces/chrono_ros_interfaces/msg/detail
[5.341s] -- Installing: /home/ros/ros/build/src/chrono_ros/chrono_ros_interface/chrono_ros_interfaces/include/chrono_ros_interfaces/chrono_ros_interfaces/msg/detail/ch_vehicle__rosidl_typesupport_fastrtps_c.h
[5.341s] -- Installing: /home/ros/ros/build/src/chrono_ros/chrono_ros_interface/chrono_ros_interfaces/include/chrono_ros_interfaces/chrono_ros_interfaces/msg/detail/ch_driver_inputs__rosidl_typesupport_fastrtps_c.h
[5.341s] -- Installing: /home/ros/ros/build/src/chrono_ros/chrono_ros_interface/chrono_ros_interfaces/lib/libchrono_ros_interfaces__rosidl_typesupport_fastrtps_c.so
[5.342s] -- Set runtime path of "/home/ros/ros/build/src/chrono_ros/chrono_ros_interface/chrono_ros_interfaces/lib/libchrono_ros_interfaces__rosidl_typesupport_fastrtps_c.so" to ""
[5.342s] -- Up-to-date: /home/ros/ros/build/src/chrono_ros/chrono_ros_interface/chrono_ros_interfaces/include/chrono_ros_interfaces/chrono_ros_interfaces
[5.342s] -- Up-to-date: /home/ros/ros/build/src/chrono_ros/chrono_ros_interface/chrono_ros_interfaces/include/chrono_ros_interfaces/chrono_ros_interfaces/srv
[5.342s] -- Up-to-date: /home/ros/ros/build/src/chrono_ros/chrono_ros_interface/chrono_ros_interfaces/include/chrono_ros_interfaces/chrono_ros_interfaces/srv/detail
[5.342s] -- Installing: /home/ros/ros/build/src/chrono_ros/chrono_ros_interface/chrono_ros_interfaces/include/chrono_ros_interfaces/chrono_ros_interfaces/srv/detail/ch_start_simulation__struct.hpp
[5.342s] -- Installing: /home/ros/ros/build/src/chrono_ros/chrono_ros_interface/chrono_ros_interfaces/include/chrono_ros_interfaces/chrono_ros_interfaces/srv/detail/ch_stop_simulation__traits.hpp
[5.342s] -- Installing: /home/ros/ros/build/src/chrono_ros/chrono_ros_interface/chrono_ros_interfaces/include/chrono_ros_interfaces/chrono_ros_interfaces/srv/detail/ch_stop_simulation__builder.hpp
[5.342s] -- Installing: /home/ros/ros/build/src/chrono_ros/chrono_ros_interface/chrono_ros_interfaces/include/chrono_ros_interfaces/chrono_ros_interfaces/srv/detail/ch_start_simulation__builder.hpp
[5.342s] -- Installing: /home/ros/ros/build/src/chrono_ros/chrono_ros_interface/chrono_ros_interfaces/include/chrono_ros_interfaces/chrono_ros_interfaces/srv/detail/ch_start_simulation__traits.hpp
[5.342s] -- Installing: /home/ros/ros/build/src/chrono_ros/chrono_ros_interface/chrono_ros_interfaces/include/chrono_ros_interfaces/chrono_ros_interfaces/srv/detail/ch_stop_simulation__struct.hpp
[5.343s] -- Installing: /home/ros/ros/build/src/chrono_ros/chrono_ros_interface/chrono_ros_interfaces/include/chrono_ros_interfaces/chrono_ros_interfaces/srv/ch_stop_simulation.hpp
[5.343s] -- Installing: /home/ros/ros/build/src/chrono_ros/chrono_ros_interface/chrono_ros_interfaces/include/chrono_ros_interfaces/chrono_ros_interfaces/srv/ch_start_simulation.hpp
[5.343s] -- Up-to-date: /home/ros/ros/build/src/chrono_ros/chrono_ros_interface/chrono_ros_interfaces/include/chrono_ros_interfaces/chrono_ros_interfaces/msg
[5.343s] -- Installing: /home/ros/ros/build/src/chrono_ros/chrono_ros_interface/chrono_ros_interfaces/include/chrono_ros_interfaces/chrono_ros_interfaces/msg/ch_driver_inputs.hpp
[5.343s] -- Up-to-date: /home/ros/ros/build/src/chrono_ros/chrono_ros_interface/chrono_ros_interfaces/include/chrono_ros_interfaces/chrono_ros_interfaces/msg/detail
[5.343s] -- Installing: /home/ros/ros/build/src/chrono_ros/chrono_ros_interface/chrono_ros_interfaces/include/chrono_ros_interfaces/chrono_ros_interfaces/msg/detail/ch_driver_inputs__traits.hpp
[5.343s] -- Installing: /home/ros/ros/build/src/chrono_ros/chrono_ros_interface/chrono_ros_interfaces/include/chrono_ros_interfaces/chrono_ros_interfaces/msg/detail/ch_vehicle__traits.hpp
[5.343s] -- Installing: /home/ros/ros/build/src/chrono_ros/chrono_ros_interface/chrono_ros_interfaces/include/chrono_ros_interfaces/chrono_ros_interfaces/msg/detail/ch_driver_inputs__struct.hpp
[5.343s] -- Installing: /home/ros/ros/build/src/chrono_ros/chrono_ros_interface/chrono_ros_interfaces/include/chrono_ros_interfaces/chrono_ros_interfaces/msg/detail/ch_driver_inputs__builder.hpp
[5.343s] -- Installing: /home/ros/ros/build/src/chrono_ros/chrono_ros_interface/chrono_ros_interfaces/include/chrono_ros_interfaces/chrono_ros_interfaces/msg/detail/ch_vehicle__struct.hpp
[5.343s] -- Installing: /home/ros/ros/build/src/chrono_ros/chrono_ros_interface/chrono_ros_interfaces/include/chrono_ros_interfaces/chrono_ros_interfaces/msg/detail/ch_vehicle__builder.hpp
[5.343s] -- Installing: /home/ros/ros/build/src/chrono_ros/chrono_ros_interface/chrono_ros_interfaces/include/chrono_ros_interfaces/chrono_ros_interfaces/msg/ch_vehicle.hpp
[5.344s] -- Up-to-date: /home/ros/ros/build/src/chrono_ros/chrono_ros_interface/chrono_ros_interfaces/include/chrono_ros_interfaces/chrono_ros_interfaces
[5.344s] -- Up-to-date: /home/ros/ros/build/src/chrono_ros/chrono_ros_interface/chrono_ros_interfaces/include/chrono_ros_interfaces/chrono_ros_interfaces/srv
[5.344s] -- Up-to-date: /home/ros/ros/build/src/chrono_ros/chrono_ros_interface/chrono_ros_interfaces/include/chrono_ros_interfaces/chrono_ros_interfaces/srv/detail
[5.344s] -- Installing: /home/ros/ros/build/src/chrono_ros/chrono_ros_interface/chrono_ros_interfaces/include/chrono_ros_interfaces/chrono_ros_interfaces/srv/detail/ch_start_simulation__rosidl_typesupport_fastrtps_cpp.hpp
[5.344s] -- Installing: /home/ros/ros/build/src/chrono_ros/chrono_ros_interface/chrono_ros_interfaces/include/chrono_ros_interfaces/chrono_ros_interfaces/srv/detail/ch_stop_simulation__rosidl_typesupport_fastrtps_cpp.hpp
[5.344s] -- Installing: /home/ros/ros/build/src/chrono_ros/chrono_ros_interface/chrono_ros_interfaces/include/chrono_ros_interfaces/chrono_ros_interfaces/srv/detail/dds_fastrtps
[5.344s] -- Up-to-date: /home/ros/ros/build/src/chrono_ros/chrono_ros_interface/chrono_ros_interfaces/include/chrono_ros_interfaces/chrono_ros_interfaces/msg
[5.344s] -- Up-to-date: /home/ros/ros/build/src/chrono_ros/chrono_ros_interface/chrono_ros_interfaces/include/chrono_ros_interfaces/chrono_ros_interfaces/msg/detail
[5.344s] -- Installing: /home/ros/ros/build/src/chrono_ros/chrono_ros_interface/chrono_ros_interfaces/include/chrono_ros_interfaces/chrono_ros_interfaces/msg/detail/ch_driver_inputs__rosidl_typesupport_fastrtps_cpp.hpp
[5.344s] -- Installing: /home/ros/ros/build/src/chrono_ros/chrono_ros_interface/chrono_ros_interfaces/include/chrono_ros_interfaces/chrono_ros_interfaces/msg/detail/dds_fastrtps
[5.344s] -- Installing: /home/ros/ros/build/src/chrono_ros/chrono_ros_interface/chrono_ros_interfaces/include/chrono_ros_interfaces/chrono_ros_interfaces/msg/detail/ch_vehicle__rosidl_typesupport_fastrtps_cpp.hpp
[5.344s] -- Installing: /home/ros/ros/build/src/chrono_ros/chrono_ros_interface/chrono_ros_interfaces/include/chrono_ros_interfaces/chrono_ros_interfaces/msg/rosidl_typesupport_fastrtps_cpp__visibility_control.h
[5.344s] -- Installing: /home/ros/ros/build/src/chrono_ros/chrono_ros_interface/chrono_ros_interfaces/lib/libchrono_ros_interfaces__rosidl_typesupport_fastrtps_cpp.so
[5.345s] -- Set runtime path of "/home/ros/ros/build/src/chrono_ros/chrono_ros_interface/chrono_ros_interfaces/lib/libchrono_ros_interfaces__rosidl_typesupport_fastrtps_cpp.so" to ""
[5.345s] -- Up-to-date: /home/ros/ros/build/src/chrono_ros/chrono_ros_interface/chrono_ros_interfaces/include/chrono_ros_interfaces/chrono_ros_interfaces
[5.345s] -- Up-to-date: /home/ros/ros/build/src/chrono_ros/chrono_ros_interface/chrono_ros_interfaces/include/chrono_ros_interfaces/chrono_ros_interfaces/srv
[5.345s] -- Up-to-date: /home/ros/ros/build/src/chrono_ros/chrono_ros_interface/chrono_ros_interfaces/include/chrono_ros_interfaces/chrono_ros_interfaces/srv/detail
[5.345s] -- Installing: /home/ros/ros/build/src/chrono_ros/chrono_ros_interface/chrono_ros_interfaces/include/chrono_ros_interfaces/chrono_ros_interfaces/srv/detail/ch_start_simulation__rosidl_typesupport_introspection_c.h
[5.345s] -- Up-to-date: /home/ros/ros/build/src/chrono_ros/chrono_ros_interface/chrono_ros_interfaces/include/chrono_ros_interfaces/chrono_ros_interfaces/srv/detail/ch_start_simulation__type_support.c
[5.345s] -- Installing: /home/ros/ros/build/src/chrono_ros/chrono_ros_interface/chrono_ros_interfaces/include/chrono_ros_interfaces/chrono_ros_interfaces/srv/detail/ch_stop_simulation__rosidl_typesupport_introspection_c.h
[5.345s] -- Up-to-date: /home/ros/ros/build/src/chrono_ros/chrono_ros_interface/chrono_ros_interfaces/include/chrono_ros_interfaces/chrono_ros_interfaces/srv/detail/ch_stop_simulation__type_support.c
[5.346s] -- Up-to-date: /home/ros/ros/build/src/chrono_ros/chrono_ros_interface/chrono_ros_interfaces/include/chrono_ros_interfaces/chrono_ros_interfaces/msg
[5.346s] -- Installing: /home/ros/ros/build/src/chrono_ros/chrono_ros_interface/chrono_ros_interfaces/include/chrono_ros_interfaces/chrono_ros_interfaces/msg/rosidl_typesupport_introspection_c__visibility_control.h
[5.346s] -- Up-to-date: /home/ros/ros/build/src/chrono_ros/chrono_ros_interface/chrono_ros_interfaces/include/chrono_ros_interfaces/chrono_ros_interfaces/msg/detail
[5.346s] -- Up-to-date: /home/ros/ros/build/src/chrono_ros/chrono_ros_interface/chrono_ros_interfaces/include/chrono_ros_interfaces/chrono_ros_interfaces/msg/detail/ch_driver_inputs__type_support.c
[5.346s] -- Up-to-date: /home/ros/ros/build/src/chrono_ros/chrono_ros_interface/chrono_ros_interfaces/include/chrono_ros_interfaces/chrono_ros_interfaces/msg/detail/ch_vehicle__type_support.c
[5.346s] -- Installing: /home/ros/ros/build/src/chrono_ros/chrono_ros_interface/chrono_ros_interfaces/include/chrono_ros_interfaces/chrono_ros_interfaces/msg/detail/ch_driver_inputs__rosidl_typesupport_introspection_c.h
[5.346s] -- Installing: /home/ros/ros/build/src/chrono_ros/chrono_ros_interface/chrono_ros_interfaces/include/chrono_ros_interfaces/chrono_ros_interfaces/msg/detail/ch_vehicle__rosidl_typesupport_introspection_c.h
[5.346s] -- Installing: /home/ros/ros/build/src/chrono_ros/chrono_ros_interface/chrono_ros_interfaces/lib/libchrono_ros_interfaces__rosidl_typesupport_introspection_c.so
[5.346s] -- Set runtime path of "/home/ros/ros/build/src/chrono_ros/chrono_ros_interface/chrono_ros_interfaces/lib/libchrono_ros_interfaces__rosidl_typesupport_introspection_c.so" to ""
[5.346s] -- Installing: /home/ros/ros/build/src/chrono_ros/chrono_ros_interface/chrono_ros_interfaces/lib/libchrono_ros_interfaces__rosidl_typesupport_c.so
[5.346s] -- Set runtime path of "/home/ros/ros/build/src/chrono_ros/chrono_ros_interface/chrono_ros_interfaces/lib/libchrono_ros_interfaces__rosidl_typesupport_c.so" to ""
[5.346s] -- Up-to-date: /home/ros/ros/build/src/chrono_ros/chrono_ros_interface/chrono_ros_interfaces/include/chrono_ros_interfaces/chrono_ros_interfaces
[5.347s] -- Up-to-date: /home/ros/ros/build/src/chrono_ros/chrono_ros_interface/chrono_ros_interfaces/include/chrono_ros_interfaces/chrono_ros_interfaces/srv
[5.347s] -- Up-to-date: /home/ros/ros/build/src/chrono_ros/chrono_ros_interface/chrono_ros_interfaces/include/chrono_ros_interfaces/chrono_ros_interfaces/srv/detail
[5.347s] -- Installing: /home/ros/ros/build/src/chrono_ros/chrono_ros_interface/chrono_ros_interfaces/include/chrono_ros_interfaces/chrono_ros_interfaces/srv/detail/ch_stop_simulation__type_support.cpp
[5.347s] -- Installing: /home/ros/ros/build/src/chrono_ros/chrono_ros_interface/chrono_ros_interfaces/include/chrono_ros_interfaces/chrono_ros_interfaces/srv/detail/ch_stop_simulation__rosidl_typesupport_introspection_cpp.hpp
[5.347s] -- Installing: /home/ros/ros/build/src/chrono_ros/chrono_ros_interface/chrono_ros_interfaces/include/chrono_ros_interfaces/chrono_ros_interfaces/srv/detail/ch_start_simulation__rosidl_typesupport_introspection_cpp.hpp
[5.347s] -- Installing: /home/ros/ros/build/src/chrono_ros/chrono_ros_interface/chrono_ros_interfaces/include/chrono_ros_interfaces/chrono_ros_interfaces/srv/detail/ch_start_simulation__type_support.cpp
[5.347s] -- Up-to-date: /home/ros/ros/build/src/chrono_ros/chrono_ros_interface/chrono_ros_interfaces/include/chrono_ros_interfaces/chrono_ros_interfaces/msg
[5.347s] -- Up-to-date: /home/ros/ros/build/src/chrono_ros/chrono_ros_interface/chrono_ros_interfaces/include/chrono_ros_interfaces/chrono_ros_interfaces/msg/detail
[5.347s] -- Installing: /home/ros/ros/build/src/chrono_ros/chrono_ros_interface/chrono_ros_interfaces/include/chrono_ros_interfaces/chrono_ros_interfaces/msg/detail/ch_vehicle__type_support.cpp
[5.347s] -- Installing: /home/ros/ros/build/src/chrono_ros/chrono_ros_interface/chrono_ros_interfaces/include/chrono_ros_interfaces/chrono_ros_interfaces/msg/detail/ch_vehicle__rosidl_typesupport_introspection_cpp.hpp
[5.347s] -- Installing: /home/ros/ros/build/src/chrono_ros/chrono_ros_interface/chrono_ros_interfaces/include/chrono_ros_interfaces/chrono_ros_interfaces/msg/detail/ch_driver_inputs__rosidl_typesupport_introspection_cpp.hpp
[5.347s] -- Installing: /home/ros/ros/build/src/chrono_ros/chrono_ros_interface/chrono_ros_interfaces/include/chrono_ros_interfaces/chrono_ros_interfaces/msg/detail/ch_driver_inputs__type_support.cpp
[5.347s] -- Installing: /home/ros/ros/build/src/chrono_ros/chrono_ros_interface/chrono_ros_interfaces/lib/libchrono_ros_interfaces__rosidl_typesupport_introspection_cpp.so
[5.348s] -- Set runtime path of "/home/ros/ros/build/src/chrono_ros/chrono_ros_interface/chrono_ros_interfaces/lib/libchrono_ros_interfaces__rosidl_typesupport_introspection_cpp.so" to ""
[5.348s] -- Installing: /home/ros/ros/build/src/chrono_ros/chrono_ros_interface/chrono_ros_interfaces/lib/libchrono_ros_interfaces__rosidl_typesupport_cpp.so
[5.348s] -- Set runtime path of "/home/ros/ros/build/src/chrono_ros/chrono_ros_interface/chrono_ros_interfaces/lib/libchrono_ros_interfaces__rosidl_typesupport_cpp.so" to ""
[5.348s] -- Installing: /home/ros/ros/build/src/chrono_ros/chrono_ros_interface/chrono_ros_interfaces/share/chrono_ros_interfaces/environment/pythonpath.sh
[5.349s] -- Installing: /home/ros/ros/build/src/chrono_ros/chrono_ros_interface/chrono_ros_interfaces/share/chrono_ros_interfaces/environment/pythonpath.dsv
[5.349s] -- Installing: /home/ros/ros/build/src/chrono_ros/chrono_ros_interface/chrono_ros_interfaces/lib/python3.10/site-packages/chrono_ros_interfaces-0.0.0-py3.10.egg-info
[5.349s] -- Installing: /home/ros/ros/build/src/chrono_ros/chrono_ros_interface/chrono_ros_interfaces/lib/python3.10/site-packages/chrono_ros_interfaces-0.0.0-py3.10.egg-info/SOURCES.txt
[5.349s] -- Installing: /home/ros/ros/build/src/chrono_ros/chrono_ros_interface/chrono_ros_interfaces/lib/python3.10/site-packages/chrono_ros_interfaces-0.0.0-py3.10.egg-info/PKG-INFO
[5.349s] -- Installing: /home/ros/ros/build/src/chrono_ros/chrono_ros_interface/chrono_ros_interfaces/lib/python3.10/site-packages/chrono_ros_interfaces-0.0.0-py3.10.egg-info/top_level.txt
[5.349s] -- Installing: /home/ros/ros/build/src/chrono_ros/chrono_ros_interface/chrono_ros_interfaces/lib/python3.10/site-packages/chrono_ros_interfaces-0.0.0-py3.10.egg-info/dependency_links.txt
[5.349s] -- Installing: /home/ros/ros/build/src/chrono_ros/chrono_ros_interface/chrono_ros_interfaces/lib/python3.10/site-packages/chrono_ros_interfaces
[5.349s] -- Installing: /home/ros/ros/build/src/chrono_ros/chrono_ros_interface/chrono_ros_interfaces/lib/python3.10/site-packages/chrono_ros_interfaces/srv
[5.349s] -- Installing: /home/ros/ros/build/src/chrono_ros/chrono_ros_interface/chrono_ros_interfaces/lib/python3.10/site-packages/chrono_ros_interfaces/srv/_ch_start_simulation_s.c
[5.349s] -- Installing: /home/ros/ros/build/src/chrono_ros/chrono_ros_interface/chrono_ros_interfaces/lib/python3.10/site-packages/chrono_ros_interfaces/srv/_ch_stop_simulation_s.c
[5.349s] -- Installing: /home/ros/ros/build/src/chrono_ros/chrono_ros_interface/chrono_ros_interfaces/lib/python3.10/site-packages/chrono_ros_interfaces/srv/__init__.py
[5.350s] -- Installing: /home/ros/ros/build/src/chrono_ros/chrono_ros_interface/chrono_ros_interfaces/lib/python3.10/site-packages/chrono_ros_interfaces/srv/_ch_start_simulation.py
[5.350s] -- Installing: /home/ros/ros/build/src/chrono_ros/chrono_ros_interface/chrono_ros_interfaces/lib/python3.10/site-packages/chrono_ros_interfaces/srv/_ch_stop_simulation.py
[5.350s] -- Installing: /home/ros/ros/build/src/chrono_ros/chrono_ros_interface/chrono_ros_interfaces/lib/python3.10/site-packages/chrono_ros_interfaces/__init__.py
[5.350s] -- Installing: /home/ros/ros/build/src/chrono_ros/chrono_ros_interface/chrono_ros_interfaces/lib/python3.10/site-packages/chrono_ros_interfaces/chrono_ros_interfaces_s__rosidl_typesupport_fastrtps_c.cpython-310-x86_64-linux-gnu.so
[5.350s] -- Installing: /home/ros/ros/build/src/chrono_ros/chrono_ros_interface/chrono_ros_interfaces/lib/python3.10/site-packages/chrono_ros_interfaces/msg
[5.350s] -- Installing: /home/ros/ros/build/src/chrono_ros/chrono_ros_interface/chrono_ros_interfaces/lib/python3.10/site-packages/chrono_ros_interfaces/msg/_ch_driver_inputs_s.c
[5.350s] -- Installing: /home/ros/ros/build/src/chrono_ros/chrono_ros_interface/chrono_ros_interfaces/lib/python3.10/site-packages/chrono_ros_interfaces/msg/__init__.py
[5.350s] -- Installing: /home/ros/ros/build/src/chrono_ros/chrono_ros_interface/chrono_ros_interfaces/lib/python3.10/site-packages/chrono_ros_interfaces/msg/_ch_vehicle_s.c
[5.350s] -- Installing: /home/ros/ros/build/src/chrono_ros/chrono_ros_interface/chrono_ros_interfaces/lib/python3.10/site-packages/chrono_ros_interfaces/msg/_ch_driver_inputs.py
[5.350s] -- Installing: /home/ros/ros/build/src/chrono_ros/chrono_ros_interface/chrono_ros_interfaces/lib/python3.10/site-packages/chrono_ros_interfaces/msg/_ch_vehicle.py
[5.351s] -- Installing: /home/ros/ros/build/src/chrono_ros/chrono_ros_interface/chrono_ros_interfaces/lib/python3.10/site-packages/chrono_ros_interfaces/_chrono_ros_interfaces_s.ep.rosidl_typesupport_introspection_c.c
[5.351s] -- Installing: /home/ros/ros/build/src/chrono_ros/chrono_ros_interface/chrono_ros_interfaces/lib/python3.10/site-packages/chrono_ros_interfaces/chrono_ros_interfaces_s__rosidl_typesupport_introspection_c.cpython-310-x86_64-linux-gnu.so
[5.351s] -- Installing: /home/ros/ros/build/src/chrono_ros/chrono_ros_interface/chrono_ros_interfaces/lib/python3.10/site-packages/chrono_ros_interfaces/chrono_ros_interfaces_s__rosidl_typesupport_c.cpython-310-x86_64-linux-gnu.so
[5.351s] -- Installing: /home/ros/ros/build/src/chrono_ros/chrono_ros_interface/chrono_ros_interfaces/lib/python3.10/site-packages/chrono_ros_interfaces/libchrono_ros_interfaces__rosidl_generator_py.so
[5.351s] -- Installing: /home/ros/ros/build/src/chrono_ros/chrono_ros_interface/chrono_ros_interfaces/lib/python3.10/site-packages/chrono_ros_interfaces/_chrono_ros_interfaces_s.ep.rosidl_typesupport_c.c
[5.351s] -- Installing: /home/ros/ros/build/src/chrono_ros/chrono_ros_interface/chrono_ros_interfaces/lib/python3.10/site-packages/chrono_ros_interfaces/_chrono_ros_interfaces_s.ep.rosidl_typesupport_fastrtps_c.c
[5.379s] Listing '/home/ros/ros/build/src/chrono_ros/chrono_ros_interface/chrono_ros_interfaces/lib/python3.10/site-packages/chrono_ros_interfaces'...
[5.379s] Compiling '/home/ros/ros/build/src/chrono_ros/chrono_ros_interface/chrono_ros_interfaces/lib/python3.10/site-packages/chrono_ros_interfaces/__init__.py'...
[5.379s] Listing '/home/ros/ros/build/src/chrono_ros/chrono_ros_interface/chrono_ros_interfaces/lib/python3.10/site-packages/chrono_ros_interfaces/msg'...
[5.379s] Compiling '/home/ros/ros/build/src/chrono_ros/chrono_ros_interface/chrono_ros_interfaces/lib/python3.10/site-packages/chrono_ros_interfaces/msg/__init__.py'...
[5.379s] Compiling '/home/ros/ros/build/src/chrono_ros/chrono_ros_interface/chrono_ros_interfaces/lib/python3.10/site-packages/chrono_ros_interfaces/msg/_ch_driver_inputs.py'...
[5.379s] Compiling '/home/ros/ros/build/src/chrono_ros/chrono_ros_interface/chrono_ros_interfaces/lib/python3.10/site-packages/chrono_ros_interfaces/msg/_ch_vehicle.py'...
[5.379s] Listing '/home/ros/ros/build/src/chrono_ros/chrono_ros_interface/chrono_ros_interfaces/lib/python3.10/site-packages/chrono_ros_interfaces/srv'...
[5.379s] Compiling '/home/ros/ros/build/src/chrono_ros/chrono_ros_interface/chrono_ros_interfaces/lib/python3.10/site-packages/chrono_ros_interfaces/srv/__init__.py'...
[5.379s] Compiling '/home/ros/ros/build/src/chrono_ros/chrono_ros_interface/chrono_ros_interfaces/lib/python3.10/site-packages/chrono_ros_interfaces/srv/_ch_start_simulation.py'...
[5.379s] Compiling '/home/ros/ros/build/src/chrono_ros/chrono_ros_interface/chrono_ros_interfaces/lib/python3.10/site-packages/chrono_ros_interfaces/srv/_ch_stop_simulation.py'...
[5.381s] -- Installing: /home/ros/ros/build/src/chrono_ros/chrono_ros_interface/chrono_ros_interfaces/lib/python3.10/site-packages/chrono_ros_interfaces/chrono_ros_interfaces_s__rosidl_typesupport_fastrtps_c.cpython-310-x86_64-linux-gnu.so
[5.382s] -- Set runtime path of "/home/ros/ros/build/src/chrono_ros/chrono_ros_interface/chrono_ros_interfaces/lib/python3.10/site-packages/chrono_ros_interfaces/chrono_ros_interfaces_s__rosidl_typesupport_fastrtps_c.cpython-310-x86_64-linux-gnu.so" to ""
[5.382s] -- Installing: /home/ros/ros/build/src/chrono_ros/chrono_ros_interface/chrono_ros_interfaces/lib/python3.10/site-packages/chrono_ros_interfaces/chrono_ros_interfaces_s__rosidl_typesupport_introspection_c.cpython-310-x86_64-linux-gnu.so
[5.382s] -- Set runtime path of "/home/ros/ros/build/src/chrono_ros/chrono_ros_interface/chrono_ros_interfaces/lib/python3.10/site-packages/chrono_ros_interfaces/chrono_ros_interfaces_s__rosidl_typesupport_introspection_c.cpython-310-x86_64-linux-gnu.so" to ""
[5.382s] -- Installing: /home/ros/ros/build/src/chrono_ros/chrono_ros_interface/chrono_ros_interfaces/lib/python3.10/site-packages/chrono_ros_interfaces/chrono_ros_interfaces_s__rosidl_typesupport_c.cpython-310-x86_64-linux-gnu.so
[5.383s] -- Set runtime path of "/home/ros/ros/build/src/chrono_ros/chrono_ros_interface/chrono_ros_interfaces/lib/python3.10/site-packages/chrono_ros_interfaces/chrono_ros_interfaces_s__rosidl_typesupport_c.cpython-310-x86_64-linux-gnu.so" to ""
[5.383s] -- Installing: /home/ros/ros/build/src/chrono_ros/chrono_ros_interface/chrono_ros_interfaces/lib/libchrono_ros_interfaces__rosidl_generator_py.so
[5.383s] -- Set runtime path of "/home/ros/ros/build/src/chrono_ros/chrono_ros_interface/chrono_ros_interfaces/lib/libchrono_ros_interfaces__rosidl_generator_py.so" to ""
[5.383s] -- Installing: /home/ros/ros/build/src/chrono_ros/chrono_ros_interface/chrono_ros_interfaces/share/chrono_ros_interfaces/msg/ChVehicle.idl
[5.383s] -- Installing: /home/ros/ros/build/src/chrono_ros/chrono_ros_interface/chrono_ros_interfaces/share/chrono_ros_interfaces/msg/ChDriverInputs.idl
[5.383s] -- Installing: /home/ros/ros/build/src/chrono_ros/chrono_ros_interface/chrono_ros_interfaces/share/chrono_ros_interfaces/srv/ChStartSimulation.idl
[5.383s] -- Installing: /home/ros/ros/build/src/chrono_ros/chrono_ros_interface/chrono_ros_interfaces/share/chrono_ros_interfaces/srv/ChStopSimulation.idl
[5.384s] -- Installing: /home/ros/ros/build/src/chrono_ros/chrono_ros_interface/chrono_ros_interfaces/share/chrono_ros_interfaces/msg/ChVehicle.msg
[5.384s] -- Installing: /home/ros/ros/build/src/chrono_ros/chrono_ros_interface/chrono_ros_interfaces/share/chrono_ros_interfaces/msg/ChDriverInputs.msg
[5.384s] -- Installing: /home/ros/ros/build/src/chrono_ros/chrono_ros_interface/chrono_ros_interfaces/share/chrono_ros_interfaces/srv/ChStartSimulation.srv
[5.384s] -- Installing: /home/ros/ros/build/src/chrono_ros/chrono_ros_interface/chrono_ros_interfaces/share/chrono_ros_interfaces/srv/ChStartSimulation_Request.msg
[5.384s] -- Installing: /home/ros/ros/build/src/chrono_ros/chrono_ros_interface/chrono_ros_interfaces/share/chrono_ros_interfaces/srv/ChStartSimulation_Response.msg
[5.384s] -- Installing: /home/ros/ros/build/src/chrono_ros/chrono_ros_interface/chrono_ros_interfaces/share/chrono_ros_interfaces/srv/ChStopSimulation.srv
[5.384s] -- Installing: /home/ros/ros/build/src/chrono_ros/chrono_ros_interface/chrono_ros_interfaces/share/chrono_ros_interfaces/srv/ChStopSimulation_Request.msg
[5.384s] -- Installing: /home/ros/ros/build/src/chrono_ros/chrono_ros_interface/chrono_ros_interfaces/share/chrono_ros_interfaces/srv/ChStopSimulation_Response.msg
[5.385s] -- Installing: /home/ros/ros/build/src/chrono_ros/chrono_ros_interface/chrono_ros_interfaces/share/ament_index/resource_index/package_run_dependencies/chrono_ros_interfaces
[5.385s] -- Installing: /home/ros/ros/build/src/chrono_ros/chrono_ros_interface/chrono_ros_interfaces/share/ament_index/resource_index/parent_prefix_path/chrono_ros_interfaces
[5.385s] -- Installing: /home/ros/ros/build/src/chrono_ros/chrono_ros_interface/chrono_ros_interfaces/share/chrono_ros_interfaces/environment/ament_prefix_path.sh
[5.385s] -- Installing: /home/ros/ros/build/src/chrono_ros/chrono_ros_interface/chrono_ros_interfaces/share/chrono_ros_interfaces/environment/ament_prefix_path.dsv
[5.385s] -- Installing: /home/ros/ros/build/src/chrono_ros/chrono_ros_interface/chrono_ros_interfaces/share/chrono_ros_interfaces/environment/path.sh
[5.385s] -- Installing: /home/ros/ros/build/src/chrono_ros/chrono_ros_interface/chrono_ros_interfaces/share/chrono_ros_interfaces/environment/path.dsv
[5.385s] -- Installing: /home/ros/ros/build/src/chrono_ros/chrono_ros_interface/chrono_ros_interfaces/share/chrono_ros_interfaces/local_setup.bash
[5.385s] -- Installing: /home/ros/ros/build/src/chrono_ros/chrono_ros_interface/chrono_ros_interfaces/share/chrono_ros_interfaces/local_setup.sh
[5.386s] -- Installing: /home/ros/ros/build/src/chrono_ros/chrono_ros_interface/chrono_ros_interfaces/share/chrono_ros_interfaces/local_setup.zsh
[5.386s] -- Installing: /home/ros/ros/build/src/chrono_ros/chrono_ros_interface/chrono_ros_interfaces/share/chrono_ros_interfaces/local_setup.dsv
[5.386s] -- Installing: /home/ros/ros/build/src/chrono_ros/chrono_ros_interface/chrono_ros_interfaces/share/chrono_ros_interfaces/package.dsv
[5.386s] -- Installing: /home/ros/ros/build/src/chrono_ros/chrono_ros_interface/chrono_ros_interfaces/share/ament_index/resource_index/packages/chrono_ros_interfaces
[5.386s] -- Installing: /home/ros/ros/build/src/chrono_ros/chrono_ros_interface/chrono_ros_interfaces/share/chrono_ros_interfaces/cmake/export_chrono_ros_interfaces__rosidl_generator_cExport.cmake
[5.386s] -- Installing: /home/ros/ros/build/src/chrono_ros/chrono_ros_interface/chrono_ros_interfaces/share/chrono_ros_interfaces/cmake/export_chrono_ros_interfaces__rosidl_generator_cExport-noconfig.cmake
[5.386s] -- Installing: /home/ros/ros/build/src/chrono_ros/chrono_ros_interface/chrono_ros_interfaces/share/chrono_ros_interfaces/cmake/export_chrono_ros_interfaces__rosidl_typesupport_fastrtps_cExport.cmake
[5.387s] -- Installing: /home/ros/ros/build/src/chrono_ros/chrono_ros_interface/chrono_ros_interfaces/share/chrono_ros_interfaces/cmake/export_chrono_ros_interfaces__rosidl_typesupport_fastrtps_cExport-noconfig.cmake
[5.387s] -- Installing: /home/ros/ros/build/src/chrono_ros/chrono_ros_interface/chrono_ros_interfaces/share/chrono_ros_interfaces/cmake/export_chrono_ros_interfaces__rosidl_generator_cppExport.cmake
[5.387s] -- Installing: /home/ros/ros/build/src/chrono_ros/chrono_ros_interface/chrono_ros_interfaces/share/chrono_ros_interfaces/cmake/export_chrono_ros_interfaces__rosidl_typesupport_fastrtps_cppExport.cmake
[5.387s] -- Installing: /home/ros/ros/build/src/chrono_ros/chrono_ros_interface/chrono_ros_interfaces/share/chrono_ros_interfaces/cmake/export_chrono_ros_interfaces__rosidl_typesupport_fastrtps_cppExport-noconfig.cmake
[5.387s] -- Installing: /home/ros/ros/build/src/chrono_ros/chrono_ros_interface/chrono_ros_interfaces/share/chrono_ros_interfaces/cmake/chrono_ros_interfaces__rosidl_typesupport_introspection_cExport.cmake
[5.387s] -- Installing: /home/ros/ros/build/src/chrono_ros/chrono_ros_interface/chrono_ros_interfaces/share/chrono_ros_interfaces/cmake/chrono_ros_interfaces__rosidl_typesupport_introspection_cExport-noconfig.cmake
[5.387s] -- Installing: /home/ros/ros/build/src/chrono_ros/chrono_ros_interface/chrono_ros_interfaces/share/chrono_ros_interfaces/cmake/chrono_ros_interfaces__rosidl_typesupport_cExport.cmake
[5.387s] -- Installing: /home/ros/ros/build/src/chrono_ros/chrono_ros_interface/chrono_ros_interfaces/share/chrono_ros_interfaces/cmake/chrono_ros_interfaces__rosidl_typesupport_cExport-noconfig.cmake
[5.388s] -- Installing: /home/ros/ros/build/src/chrono_ros/chrono_ros_interface/chrono_ros_interfaces/share/chrono_ros_interfaces/cmake/chrono_ros_interfaces__rosidl_typesupport_introspection_cppExport.cmake
[5.388s] -- Installing: /home/ros/ros/build/src/chrono_ros/chrono_ros_interface/chrono_ros_interfaces/share/chrono_ros_interfaces/cmake/chrono_ros_interfaces__rosidl_typesupport_introspection_cppExport-noconfig.cmake
[5.388s] -- Installing: /home/ros/ros/build/src/chrono_ros/chrono_ros_interface/chrono_ros_interfaces/share/chrono_ros_interfaces/cmake/chrono_ros_interfaces__rosidl_typesupport_cppExport.cmake
[5.388s] -- Installing: /home/ros/ros/build/src/chrono_ros/chrono_ros_interface/chrono_ros_interfaces/share/chrono_ros_interfaces/cmake/chrono_ros_interfaces__rosidl_typesupport_cppExport-noconfig.cmake
[5.388s] -- Installing: /home/ros/ros/build/src/chrono_ros/chrono_ros_interface/chrono_ros_interfaces/share/chrono_ros_interfaces/cmake/export_chrono_ros_interfaces__rosidl_generator_pyExport.cmake
[5.388s] -- Installing: /home/ros/ros/build/src/chrono_ros/chrono_ros_interface/chrono_ros_interfaces/share/chrono_ros_interfaces/cmake/export_chrono_ros_interfaces__rosidl_generator_pyExport-noconfig.cmake
[5.388s] -- Installing: /home/ros/ros/build/src/chrono_ros/chrono_ros_interface/chrono_ros_interfaces/share/chrono_ros_interfaces/cmake/rosidl_cmake-extras.cmake
[5.388s] -- Installing: /home/ros/ros/build/src/chrono_ros/chrono_ros_interface/chrono_ros_interfaces/share/chrono_ros_interfaces/cmake/ament_cmake_export_dependencies-extras.cmake
[5.389s] -- Installing: /home/ros/ros/build/src/chrono_ros/chrono_ros_interface/chrono_ros_interfaces/share/chrono_ros_interfaces/cmake/ament_cmake_export_include_directories-extras.cmake
[5.389s] -- Installing: /home/ros/ros/build/src/chrono_ros/chrono_ros_interface/chrono_ros_interfaces/share/chrono_ros_interfaces/cmake/ament_cmake_export_libraries-extras.cmake
[5.389s] -- Installing: /home/ros/ros/build/src/chrono_ros/chrono_ros_interface/chrono_ros_interfaces/share/chrono_ros_interfaces/cmake/ament_cmake_export_targets-extras.cmake
[5.389s] -- Installing: /home/ros/ros/build/src/chrono_ros/chrono_ros_interface/chrono_ros_interfaces/share/chrono_ros_interfaces/cmake/rosidl_cmake_export_typesupport_targets-extras.cmake
[5.389s] -- Installing: /home/ros/ros/build/src/chrono_ros/chrono_ros_interface/chrono_ros_interfaces/share/chrono_ros_interfaces/cmake/rosidl_cmake_export_typesupport_libraries-extras.cmake
[5.389s] -- Installing: /home/ros/ros/build/src/chrono_ros/chrono_ros_interface/chrono_ros_interfaces/share/chrono_ros_interfaces/cmake/chrono_ros_interfacesConfig.cmake
[5.389s] -- Installing: /home/ros/ros/build/src/chrono_ros/chrono_ros_interface/chrono_ros_interfaces/share/chrono_ros_interfaces/cmake/chrono_ros_interfacesConfig-version.cmake
[5.389s] -- Installing: /home/ros/ros/build/src/chrono_ros/chrono_ros_interface/chrono_ros_interfaces/share/chrono_ros_interfaces/package.xml
[5.391s] Invoked command in '/home/ros/ros/build/src/chrono_ros/chrono_ros_interface/chrono_ros_interfaces' returned '0': CMAKE_PREFIX_PATH=/opt/ros/iron /usr/bin/cmake --install /home/ros/ros/build/src/chrono_ros/chrono_ros_interface/chrono_ros_interfaces
