[0.008s] Invoking command in '/home/ros/ros/src/chrono_ros/chrono_ros_interfaces/build/chrono_ros_interfaces': CMAKE_PREFIX_PATH=/opt/ros/iron /usr/bin/cmake /home/ros/ros/src/chrono_ros/chrono_ros_interfaces -DCMAKE_INSTALL_PREFIX=/home/ros/ros/src/chrono_ros/chrono_ros_interfaces/install/chrono_ros_interfaces
[0.048s] -- The C compiler identification is GNU 11.4.0
[0.087s] -- The CXX compiler identification is GNU 11.4.0
[0.092s] -- Detecting C compiler ABI info
[0.140s] -- Detecting C compiler ABI info - done
[0.152s] -- Check for working C compiler: /usr/bin/cc - skipped
[0.153s] -- Detecting C compile features
[0.153s] -- Detecting C compile features - done
[0.158s] -- Detecting CXX compiler ABI info
[0.221s] -- Detecting CXX compiler ABI info - done
[0.231s] -- Check for working CXX compiler: /usr/bin/c++ - skipped
[0.232s] -- Detecting CXX compile features
[0.232s] -- Detecting CXX compile features - done
[0.235s] -- Found ament_cmake: 2.0.3 (/opt/ros/iron/share/ament_cmake/cmake)
[0.334s] -- Found Python3: /usr/bin/python3.10 (found version "3.10.12") found components: Interpreter 
[0.417s] -- Found ament_cmake_auto: 2.0.3 (/opt/ros/iron/share/ament_cmake_auto/cmake)
[0.418s] -- Found geometry_msgs: 5.0.0 (/opt/ros/iron/share/geometry_msgs/cmake)
[0.447s] -- Found rosidl_generator_c: 4.0.1 (/opt/ros/iron/share/rosidl_generator_c/cmake)
[0.457s] -- Found rosidl_generator_cpp: 4.0.1 (/opt/ros/iron/share/rosidl_generator_cpp/cmake)
[0.471s] -- Using all available rosidl_typesupport_c: rosidl_typesupport_fastrtps_c;rosidl_typesupport_introspection_c
[0.488s] -- Using all available rosidl_typesupport_cpp: rosidl_typesupport_fastrtps_cpp;rosidl_typesupport_introspection_cpp
[0.577s] -- Found ament_lint_auto: 0.14.1 (/opt/ros/iron/share/ament_lint_auto/cmake)
[0.636s] -- Found rosidl_default_generators: 1.5.0 (/opt/ros/iron/share/rosidl_default_generators/cmake)
[0.646s] -- Found rosidl_adapter: 4.0.1 (/opt/ros/iron/share/rosidl_adapter/cmake)
[0.931s] -- Found ament_cmake_ros: 0.11.2 (/opt/ros/iron/share/ament_cmake_ros/cmake)
[1.231s] -- Using all available rosidl_typesupport_c: rosidl_typesupport_fastrtps_c;rosidl_typesupport_introspection_c
[1.372s] -- Using all available rosidl_typesupport_cpp: rosidl_typesupport_fastrtps_cpp;rosidl_typesupport_introspection_cpp
[1.384s] -- Found PythonInterp: /usr/bin/python3 (found suitable version "3.10.12", minimum required is "3.6") 
[1.385s] -- Found python_cmake_module: 0.10.2 (/opt/ros/iron/share/python_cmake_module/cmake)
[1.398s] -- Found PythonLibs: /usr/lib/x86_64-linux-gnu/libpython3.10.so (found suitable version "3.10.12", minimum required is "3.5") 
[1.398s] -- Using PYTHON_EXECUTABLE: /usr/bin/python3
[1.399s] -- Using PYTHON_INCLUDE_DIRS: /usr/include/python3.10
[1.399s] -- Using PYTHON_LIBRARIES: /usr/lib/x86_64-linux-gnu/libpython3.10.so
[1.409s] -- Found PythonExtra: .so  
[1.455s] -- Added test 'copyright' to check source files copyright and LICENSE
[1.463s] -- Added test 'cppcheck' to perform static code analysis on C / C++ code
[1.464s] -- Configured cppcheck include dirs: $<BUILD_INTERFACE:/home/ros/ros/src/chrono_ros/chrono_ros_interfaces/build/chrono_ros_interfaces/rosidl_generator_c>;$<BUILD_INTERFACE:/home/ros/ros/src/chrono_ros/chrono_ros_interfaces/build/chrono_ros_interfaces/rosidl_typesupport_fastrtps_c>;$<BUILD_INTERFACE:/home/ros/ros/src/chrono_ros/chrono_ros_interfaces/build/chrono_ros_interfaces/rosidl_generator_cpp>;$<BUILD_INTERFACE:/home/ros/ros/src/chrono_ros/chrono_ros_interfaces/build/chrono_ros_interfaces/rosidl_typesupport_fastrtps_cpp>;$<BUILD_INTERFACE:/home/ros/ros/src/chrono_ros/chrono_ros_interfaces/build/chrono_ros_interfaces/rosidl_typesupport_introspection_c>;$<BUILD_INTERFACE:/home/ros/ros/src/chrono_ros/chrono_ros_interfaces/build/chrono_ros_interfaces/rosidl_typesupport_introspection_cpp>;/home/ros/ros/src/chrono_ros/chrono_ros_interfaces/build/chrono_ros_interfaces/rosidl_generator_c;/home/ros/ros/src/chrono_ros/chrono_ros_interfaces/build/chrono_ros_interfaces/rosidl_generator_py
[1.464s] -- Configured cppcheck exclude dirs and/or files: 
[1.471s] -- Added test 'cpplint' to check C / C++ code against the Google style
[1.471s] -- Configured cpplint exclude dirs and/or files: 
[1.472s] -- Added test 'flake8' to check Python code syntax and style conventions
[1.472s] -- Configured 'flake8' exclude dirs and/or files: 
[1.474s] -- Added test 'lint_cmake' to check CMake code style
[1.476s] -- Added test 'pep257' to check Python code against some of the docstring style conventions in PEP 257
[1.483s] -- Added test 'uncrustify' to check C / C++ code style
[1.483s] -- Configured uncrustify additional arguments: 
[1.485s] -- Added test 'xmllint' to check XML markup files
[1.488s] -- Configuring done
[1.524s] -- Generating done
[1.527s] -- Build files have been written to: /home/ros/ros/src/chrono_ros/chrono_ros_interfaces/build/chrono_ros_interfaces
[1.533s] Invoked command in '/home/ros/ros/src/chrono_ros/chrono_ros_interfaces/build/chrono_ros_interfaces' returned '0': CMAKE_PREFIX_PATH=/opt/ros/iron /usr/bin/cmake /home/ros/ros/src/chrono_ros/chrono_ros_interfaces -DCMAKE_INSTALL_PREFIX=/home/ros/ros/src/chrono_ros/chrono_ros_interfaces/install/chrono_ros_interfaces
[1.535s] Invoking command in '/home/ros/ros/src/chrono_ros/chrono_ros_interfaces/build/chrono_ros_interfaces': CMAKE_PREFIX_PATH=/opt/ros/iron /usr/bin/cmake --build /home/ros/ros/src/chrono_ros/chrono_ros_interfaces/build/chrono_ros_interfaces -- -j12 -l12
[1.574s] [  1%] [34m[1mGenerating type hashes for ROS interfaces[0m
[1.580s] [  1%] Built target ament_cmake_python_copy_chrono_ros_interfaces
[1.713s] running egg_info
[1.713s] creating chrono_ros_interfaces.egg-info
[1.713s] writing chrono_ros_interfaces.egg-info/PKG-INFO
[1.713s] writing dependency_links to chrono_ros_interfaces.egg-info/dependency_links.txt
[1.713s] writing top-level names to chrono_ros_interfaces.egg-info/top_level.txt
[1.713s] writing manifest file 'chrono_ros_interfaces.egg-info/SOURCES.txt'
[1.714s] reading manifest file 'chrono_ros_interfaces.egg-info/SOURCES.txt'
[1.715s] writing manifest file 'chrono_ros_interfaces.egg-info/SOURCES.txt'
[1.732s] [  1%] Built target ament_cmake_python_build_chrono_ros_interfaces_egg
[1.792s] [  1%] Built target chrono_ros_interfaces__rosidl_generator_type_description
[1.799s] [  3%] [34m[1mGenerating C code for ROS interfaces[0m
[1.807s] [  4%] [34m[1mGenerating C++ code for ROS interfaces[0m
[2.206s] [  4%] Built target chrono_ros_interfaces__cpp
[2.301s] [  6%] [32mBuilding C object CMakeFiles/chrono_ros_interfaces__rosidl_generator_c.dir/rosidl_generator_c/chrono_ros_interfaces/msg/detail/ch_vehicle__description.c.o[0m
[2.301s] [  7%] [32mBuilding C object CMakeFiles/chrono_ros_interfaces__rosidl_generator_c.dir/rosidl_generator_c/chrono_ros_interfaces/msg/detail/ch_driver_inputs__type_support.c.o[0m
[2.302s] [ 17%] [32mBuilding C object CMakeFiles/chrono_ros_interfaces__rosidl_generator_c.dir/rosidl_generator_c/chrono_ros_interfaces/msg/detail/ch_driver_inputs__functions.c.o[0m
[2.302s] [ 17%] [32mBuilding C object CMakeFiles/chrono_ros_interfaces__rosidl_generator_c.dir/rosidl_generator_c/chrono_ros_interfaces/msg/detail/ch_driver_inputs__description.c.o[0m
[2.302s] [ 17%] [32mBuilding C object CMakeFiles/chrono_ros_interfaces__rosidl_generator_c.dir/rosidl_generator_c/chrono_ros_interfaces/msg/detail/ch_vehicle__functions.c.o[0m
[2.302s] [ 17%] [32mBuilding C object CMakeFiles/chrono_ros_interfaces__rosidl_generator_c.dir/rosidl_generator_c/chrono_ros_interfaces/srv/detail/ch_start_simulation__type_support.c.o[0m
[2.302s] [ 17%] [32mBuilding C object CMakeFiles/chrono_ros_interfaces__rosidl_generator_c.dir/rosidl_generator_c/chrono_ros_interfaces/msg/detail/ch_vehicle__type_support.c.o[0m
[2.302s] [ 17%] [32mBuilding C object CMakeFiles/chrono_ros_interfaces__rosidl_generator_c.dir/rosidl_generator_c/chrono_ros_interfaces/srv/detail/ch_start_simulation__description.c.o[0m
[2.303s] [ 18%] [32mBuilding C object CMakeFiles/chrono_ros_interfaces__rosidl_generator_c.dir/rosidl_generator_c/chrono_ros_interfaces/srv/detail/ch_stop_simulation__functions.c.o[0m
[2.303s] [ 20%] [32mBuilding C object CMakeFiles/chrono_ros_interfaces__rosidl_generator_c.dir/rosidl_generator_c/chrono_ros_interfaces/srv/detail/ch_stop_simulation__description.c.o[0m
[2.304s] [ 21%] [32mBuilding C object CMakeFiles/chrono_ros_interfaces__rosidl_generator_c.dir/rosidl_generator_c/chrono_ros_interfaces/srv/detail/ch_stop_simulation__type_support.c.o[0m
[2.307s] [ 23%] [32mBuilding C object CMakeFiles/chrono_ros_interfaces__rosidl_generator_c.dir/rosidl_generator_c/chrono_ros_interfaces/srv/detail/ch_start_simulation__functions.c.o[0m
[2.379s] [ 25%] [32m[1mLinking C shared library libchrono_ros_interfaces__rosidl_generator_c.so[0m
[2.412s] [ 25%] Built target chrono_ros_interfaces__rosidl_generator_c
[2.420s] [ 34%] [34m[1mGenerating C type support dispatch for ROS interfaces[0m
[2.420s] [ 34%] [34m[1mGenerating C++ type support for eProsima Fast-RTPS[0m
[2.420s] [ 34%] [34m[1mGenerating C++ type support dispatch for ROS interfaces[0m
[2.421s] [ 34%] [34m[1mGenerating C introspection for ROS interfaces[0m
[2.421s] [ 34%] [34m[1mGenerating C type support for eProsima Fast-RTPS[0m
[2.421s] [ 34%] [34m[1mGenerating C++ introspection for ROS interfaces[0m
[2.715s] [ 35%] [32mBuilding CXX object CMakeFiles/chrono_ros_interfaces__rosidl_typesupport_c.dir/rosidl_typesupport_c/chrono_ros_interfaces/msg/ch_vehicle__type_support.cpp.o[0m
[2.716s] [ 37%] [32mBuilding CXX object CMakeFiles/chrono_ros_interfaces__rosidl_typesupport_c.dir/rosidl_typesupport_c/chrono_ros_interfaces/msg/ch_driver_inputs__type_support.cpp.o[0m
[2.716s] [ 39%] [32mBuilding CXX object CMakeFiles/chrono_ros_interfaces__rosidl_typesupport_c.dir/rosidl_typesupport_c/chrono_ros_interfaces/srv/ch_stop_simulation__type_support.cpp.o[0m
[2.718s] [ 40%] [32mBuilding CXX object CMakeFiles/chrono_ros_interfaces__rosidl_typesupport_c.dir/rosidl_typesupport_c/chrono_ros_interfaces/srv/ch_start_simulation__type_support.cpp.o[0m
[2.718s] [ 42%] [32mBuilding CXX object CMakeFiles/chrono_ros_interfaces__rosidl_typesupport_cpp.dir/rosidl_typesupport_cpp/chrono_ros_interfaces/msg/ch_driver_inputs__type_support.cpp.o[0m
[2.719s] [ 45%] [32mBuilding CXX object CMakeFiles/chrono_ros_interfaces__rosidl_typesupport_cpp.dir/rosidl_typesupport_cpp/chrono_ros_interfaces/srv/ch_start_simulation__type_support.cpp.o[0m
[2.719s] [ 45%] [32mBuilding CXX object CMakeFiles/chrono_ros_interfaces__rosidl_typesupport_cpp.dir/rosidl_typesupport_cpp/chrono_ros_interfaces/msg/ch_vehicle__type_support.cpp.o[0m
[2.719s] [ 46%] [32mBuilding CXX object CMakeFiles/chrono_ros_interfaces__rosidl_typesupport_cpp.dir/rosidl_typesupport_cpp/chrono_ros_interfaces/srv/ch_stop_simulation__type_support.cpp.o[0m
[2.776s] [ 48%] [32m[1mLinking CXX shared library libchrono_ros_interfaces__rosidl_typesupport_c.so[0m
[2.803s] [ 50%] [32mBuilding CXX object CMakeFiles/chrono_ros_interfaces__rosidl_typesupport_introspection_cpp.dir/rosidl_typesupport_introspection_cpp/chrono_ros_interfaces/msg/detail/ch_vehicle__type_support.cpp.o[0m
[2.806s] [ 51%] [32mBuilding CXX object CMakeFiles/chrono_ros_interfaces__rosidl_typesupport_introspection_cpp.dir/rosidl_typesupport_introspection_cpp/chrono_ros_interfaces/msg/detail/ch_driver_inputs__type_support.cpp.o[0m
[2.813s] [ 54%] [32mBuilding CXX object CMakeFiles/chrono_ros_interfaces__rosidl_typesupport_introspection_cpp.dir/rosidl_typesupport_introspection_cpp/chrono_ros_interfaces/srv/detail/ch_stop_simulation__type_support.cpp.o[0m
[2.813s] [ 54%] [32mBuilding CXX object CMakeFiles/chrono_ros_interfaces__rosidl_typesupport_introspection_cpp.dir/rosidl_typesupport_introspection_cpp/chrono_ros_interfaces/srv/detail/ch_start_simulation__type_support.cpp.o[0m
[2.825s] [ 54%] Built target chrono_ros_interfaces__rosidl_typesupport_c
[2.828s] [ 56%] [32mBuilding C object CMakeFiles/chrono_ros_interfaces__rosidl_typesupport_introspection_c.dir/rosidl_typesupport_introspection_c/chrono_ros_interfaces/msg/detail/ch_vehicle__type_support.c.o[0m
[2.874s] [ 57%] [32mBuilding CXX object CMakeFiles/chrono_ros_interfaces__rosidl_typesupport_fastrtps_c.dir/rosidl_typesupport_fastrtps_c/chrono_ros_interfaces/msg/detail/ch_vehicle__type_support_c.cpp.o[0m
[2.880s] [ 59%] [32mBuilding C object CMakeFiles/chrono_ros_interfaces__rosidl_typesupport_introspection_c.dir/rosidl_typesupport_introspection_c/chrono_ros_interfaces/msg/detail/ch_driver_inputs__type_support.c.o[0m
[2.885s] [ 60%] [32mBuilding CXX object CMakeFiles/chrono_ros_interfaces__rosidl_typesupport_fastrtps_c.dir/rosidl_typesupport_fastrtps_c/chrono_ros_interfaces/msg/detail/ch_driver_inputs__type_support_c.cpp.o[0m
[2.913s] [ 62%] [32mBuilding CXX object CMakeFiles/chrono_ros_interfaces__rosidl_typesupport_fastrtps_cpp.dir/rosidl_typesupport_fastrtps_cpp/chrono_ros_interfaces/msg/detail/dds_fastrtps/ch_vehicle__type_support.cpp.o[0m
[2.926s] [ 64%] [32mBuilding C object CMakeFiles/chrono_ros_interfaces__rosidl_typesupport_introspection_c.dir/rosidl_typesupport_introspection_c/chrono_ros_interfaces/srv/detail/ch_start_simulation__type_support.c.o[0m
[2.982s] [ 65%] [32mBuilding C object CMakeFiles/chrono_ros_interfaces__rosidl_typesupport_introspection_c.dir/rosidl_typesupport_introspection_c/chrono_ros_interfaces/srv/detail/ch_stop_simulation__type_support.c.o[0m
[3.036s] [ 67%] [32m[1mLinking C shared library libchrono_ros_interfaces__rosidl_typesupport_introspection_c.so[0m
[3.076s] [ 67%] Built target chrono_ros_interfaces__rosidl_typesupport_introspection_c
[3.087s] [ 68%] [32mBuilding CXX object CMakeFiles/chrono_ros_interfaces__rosidl_typesupport_fastrtps_c.dir/rosidl_typesupport_fastrtps_c/chrono_ros_interfaces/srv/detail/ch_start_simulation__type_support_c.cpp.o[0m
[3.113s] [ 70%] [32mBuilding CXX object CMakeFiles/chrono_ros_interfaces__rosidl_typesupport_fastrtps_cpp.dir/rosidl_typesupport_fastrtps_cpp/chrono_ros_interfaces/msg/detail/dds_fastrtps/ch_driver_inputs__type_support.cpp.o[0m
[3.121s] [ 71%] [32mBuilding CXX object CMakeFiles/chrono_ros_interfaces__rosidl_typesupport_fastrtps_cpp.dir/rosidl_typesupport_fastrtps_cpp/chrono_ros_interfaces/srv/detail/dds_fastrtps/ch_start_simulation__type_support.cpp.o[0m
[3.210s] [ 73%] [32mBuilding CXX object CMakeFiles/chrono_ros_interfaces__rosidl_typesupport_fastrtps_cpp.dir/rosidl_typesupport_fastrtps_cpp/chrono_ros_interfaces/srv/detail/dds_fastrtps/ch_stop_simulation__type_support.cpp.o[0m
[3.215s] [ 75%] [32m[1mLinking CXX shared library libchrono_ros_interfaces__rosidl_typesupport_cpp.so[0m
[3.224s] [ 76%] [32mBuilding CXX object CMakeFiles/chrono_ros_interfaces__rosidl_typesupport_fastrtps_c.dir/rosidl_typesupport_fastrtps_c/chrono_ros_interfaces/srv/detail/ch_stop_simulation__type_support_c.cpp.o[0m
[3.313s] [ 76%] Built target chrono_ros_interfaces__rosidl_typesupport_cpp
[3.328s] [ 78%] [32m[1mLinking CXX shared library libchrono_ros_interfaces__rosidl_typesupport_introspection_cpp.so[0m
[3.392s] [ 78%] Built target chrono_ros_interfaces__rosidl_typesupport_introspection_cpp
[3.490s] [ 79%] [32m[1mLinking CXX shared library libchrono_ros_interfaces__rosidl_typesupport_fastrtps_c.so[0m
[3.545s] [ 79%] Built target chrono_ros_interfaces__rosidl_typesupport_fastrtps_c
[3.668s] [ 81%] [32m[1mLinking CXX shared library libchrono_ros_interfaces__rosidl_typesupport_fastrtps_cpp.so[0m
[3.723s] [ 81%] Built target chrono_ros_interfaces__rosidl_typesupport_fastrtps_cpp
[3.737s] [ 81%] Built target chrono_ros_interfaces
[3.749s] [ 82%] [34m[1mGenerating Python code for ROS interfaces[0m
[4.424s] [ 82%] Built target chrono_ros_interfaces__py
[4.438s] [ 84%] [32mBuilding C object CMakeFiles/chrono_ros_interfaces__rosidl_generator_py.dir/rosidl_generator_py/chrono_ros_interfaces/msg/_ch_vehicle_s.c.o[0m
[4.438s] [ 85%] [32mBuilding C object CMakeFiles/chrono_ros_interfaces__rosidl_generator_py.dir/rosidl_generator_py/chrono_ros_interfaces/srv/_ch_stop_simulation_s.c.o[0m
[4.438s] [ 89%] [32mBuilding C object CMakeFiles/chrono_ros_interfaces__rosidl_generator_py.dir/rosidl_generator_py/chrono_ros_interfaces/msg/_ch_driver_inputs_s.c.o[0m
[4.438s] [ 89%] [32mBuilding C object CMakeFiles/chrono_ros_interfaces__rosidl_generator_py.dir/rosidl_generator_py/chrono_ros_interfaces/srv/_ch_start_simulation_s.c.o[0m
[4.531s] [ 90%] [32m[1mLinking C shared library rosidl_generator_py/chrono_ros_interfaces/libchrono_ros_interfaces__rosidl_generator_py.so[0m
[4.561s] [ 90%] Built target chrono_ros_interfaces__rosidl_generator_py
[4.575s] [ 93%] [32mBuilding C object CMakeFiles/chrono_ros_interfaces__rosidl_typesupport_fastrtps_c__pyext.dir/rosidl_generator_py/chrono_ros_interfaces/_chrono_ros_interfaces_s.ep.rosidl_typesupport_fastrtps_c.c.o[0m
[4.575s] [ 93%] [32mBuilding C object CMakeFiles/chrono_ros_interfaces__rosidl_typesupport_introspection_c__pyext.dir/rosidl_generator_py/chrono_ros_interfaces/_chrono_ros_interfaces_s.ep.rosidl_typesupport_introspection_c.c.o[0m
[4.575s] [ 95%] [32mBuilding C object CMakeFiles/chrono_ros_interfaces__rosidl_typesupport_c__pyext.dir/rosidl_generator_py/chrono_ros_interfaces/_chrono_ros_interfaces_s.ep.rosidl_typesupport_c.c.o[0m
[4.673s] [ 96%] [32m[1mLinking C shared library rosidl_generator_py/chrono_ros_interfaces/chrono_ros_interfaces_s__rosidl_typesupport_introspection_c.cpython-310-x86_64-linux-gnu.so[0m
[4.674s] [ 98%] [32m[1mLinking C shared library rosidl_generator_py/chrono_ros_interfaces/chrono_ros_interfaces_s__rosidl_typesupport_c.cpython-310-x86_64-linux-gnu.so[0m
[4.674s] [100%] [32m[1mLinking C shared library rosidl_generator_py/chrono_ros_interfaces/chrono_ros_interfaces_s__rosidl_typesupport_fastrtps_c.cpython-310-x86_64-linux-gnu.so[0m
[4.707s] [100%] Built target chrono_ros_interfaces__rosidl_typesupport_fastrtps_c__pyext
[4.707s] [100%] Built target chrono_ros_interfaces__rosidl_typesupport_introspection_c__pyext
[4.707s] [100%] Built target chrono_ros_interfaces__rosidl_typesupport_c__pyext
[4.715s] Invoked command in '/home/ros/ros/src/chrono_ros/chrono_ros_interfaces/build/chrono_ros_interfaces' returned '0': CMAKE_PREFIX_PATH=/opt/ros/iron /usr/bin/cmake --build /home/ros/ros/src/chrono_ros/chrono_ros_interfaces/build/chrono_ros_interfaces -- -j12 -l12
[4.798s] Invoking command in '/home/ros/ros/src/chrono_ros/chrono_ros_interfaces/build/chrono_ros_interfaces': CMAKE_PREFIX_PATH=/opt/ros/iron /usr/bin/cmake --install /home/ros/ros/src/chrono_ros/chrono_ros_interfaces/build/chrono_ros_interfaces
[4.806s] -- Install configuration: ""
[4.806s] -- Installing: /home/ros/ros/src/chrono_ros/chrono_ros_interfaces/install/chrono_ros_interfaces/share/ament_index/resource_index/rosidl_interfaces/chrono_ros_interfaces
[4.807s] -- Installing: /home/ros/ros/src/chrono_ros/chrono_ros_interfaces/install/chrono_ros_interfaces/share/chrono_ros_interfaces/msg/ChVehicle.json
[4.807s] -- Installing: /home/ros/ros/src/chrono_ros/chrono_ros_interfaces/install/chrono_ros_interfaces/share/chrono_ros_interfaces/msg/ChDriverInputs.json
[4.807s] -- Installing: /home/ros/ros/src/chrono_ros/chrono_ros_interfaces/install/chrono_ros_interfaces/share/chrono_ros_interfaces/srv/ChStartSimulation.json
[4.807s] -- Installing: /home/ros/ros/src/chrono_ros/chrono_ros_interfaces/install/chrono_ros_interfaces/share/chrono_ros_interfaces/srv/ChStopSimulation.json
[4.807s] -- Installing: /home/ros/ros/src/chrono_ros/chrono_ros_interfaces/install/chrono_ros_interfaces/include/chrono_ros_interfaces/chrono_ros_interfaces
[4.807s] -- Installing: /home/ros/ros/src/chrono_ros/chrono_ros_interfaces/install/chrono_ros_interfaces/include/chrono_ros_interfaces/chrono_ros_interfaces/srv
[4.807s] -- Installing: /home/ros/ros/src/chrono_ros/chrono_ros_interfaces/install/chrono_ros_interfaces/include/chrono_ros_interfaces/chrono_ros_interfaces/srv/ch_stop_simulation.h
[4.808s] -- Installing: /home/ros/ros/src/chrono_ros/chrono_ros_interfaces/install/chrono_ros_interfaces/include/chrono_ros_interfaces/chrono_ros_interfaces/srv/detail
[4.808s] -- Installing: /home/ros/ros/src/chrono_ros/chrono_ros_interfaces/install/chrono_ros_interfaces/include/chrono_ros_interfaces/chrono_ros_interfaces/srv/detail/ch_stop_simulation__struct.h
[4.808s] -- Installing: /home/ros/ros/src/chrono_ros/chrono_ros_interfaces/install/chrono_ros_interfaces/include/chrono_ros_interfaces/chrono_ros_interfaces/srv/detail/ch_start_simulation__struct.h
[4.808s] -- Installing: /home/ros/ros/src/chrono_ros/chrono_ros_interfaces/install/chrono_ros_interfaces/include/chrono_ros_interfaces/chrono_ros_interfaces/srv/detail/ch_start_simulation__functions.h
[4.808s] -- Installing: /home/ros/ros/src/chrono_ros/chrono_ros_interfaces/install/chrono_ros_interfaces/include/chrono_ros_interfaces/chrono_ros_interfaces/srv/detail/ch_stop_simulation__functions.c
[4.808s] -- Installing: /home/ros/ros/src/chrono_ros/chrono_ros_interfaces/install/chrono_ros_interfaces/include/chrono_ros_interfaces/chrono_ros_interfaces/srv/detail/ch_start_simulation__description.c
[4.808s] -- Installing: /home/ros/ros/src/chrono_ros/chrono_ros_interfaces/install/chrono_ros_interfaces/include/chrono_ros_interfaces/chrono_ros_interfaces/srv/detail/ch_stop_simulation__description.c
[4.808s] -- Installing: /home/ros/ros/src/chrono_ros/chrono_ros_interfaces/install/chrono_ros_interfaces/include/chrono_ros_interfaces/chrono_ros_interfaces/srv/detail/ch_stop_simulation__functions.h
[4.809s] -- Installing: /home/ros/ros/src/chrono_ros/chrono_ros_interfaces/install/chrono_ros_interfaces/include/chrono_ros_interfaces/chrono_ros_interfaces/srv/detail/ch_start_simulation__type_support.c
[4.809s] -- Installing: /home/ros/ros/src/chrono_ros/chrono_ros_interfaces/install/chrono_ros_interfaces/include/chrono_ros_interfaces/chrono_ros_interfaces/srv/detail/ch_stop_simulation__type_support.h
[4.809s] -- Installing: /home/ros/ros/src/chrono_ros/chrono_ros_interfaces/install/chrono_ros_interfaces/include/chrono_ros_interfaces/chrono_ros_interfaces/srv/detail/ch_start_simulation__functions.c
[4.809s] -- Installing: /home/ros/ros/src/chrono_ros/chrono_ros_interfaces/install/chrono_ros_interfaces/include/chrono_ros_interfaces/chrono_ros_interfaces/srv/detail/ch_start_simulation__type_support.h
[4.809s] -- Installing: /home/ros/ros/src/chrono_ros/chrono_ros_interfaces/install/chrono_ros_interfaces/include/chrono_ros_interfaces/chrono_ros_interfaces/srv/detail/ch_stop_simulation__type_support.c
[4.809s] -- Installing: /home/ros/ros/src/chrono_ros/chrono_ros_interfaces/install/chrono_ros_interfaces/include/chrono_ros_interfaces/chrono_ros_interfaces/srv/ch_start_simulation.h
[4.809s] -- Installing: /home/ros/ros/src/chrono_ros/chrono_ros_interfaces/install/chrono_ros_interfaces/include/chrono_ros_interfaces/chrono_ros_interfaces/msg
[4.809s] -- Installing: /home/ros/ros/src/chrono_ros/chrono_ros_interfaces/install/chrono_ros_interfaces/include/chrono_ros_interfaces/chrono_ros_interfaces/msg/rosidl_generator_c__visibility_control.h
[4.809s] -- Installing: /home/ros/ros/src/chrono_ros/chrono_ros_interfaces/install/chrono_ros_interfaces/include/chrono_ros_interfaces/chrono_ros_interfaces/msg/ch_vehicle.h
[4.810s] -- Installing: /home/ros/ros/src/chrono_ros/chrono_ros_interfaces/install/chrono_ros_interfaces/include/chrono_ros_interfaces/chrono_ros_interfaces/msg/detail
[4.810s] -- Installing: /home/ros/ros/src/chrono_ros/chrono_ros_interfaces/install/chrono_ros_interfaces/include/chrono_ros_interfaces/chrono_ros_interfaces/msg/detail/ch_driver_inputs__description.c
[4.810s] -- Installing: /home/ros/ros/src/chrono_ros/chrono_ros_interfaces/install/chrono_ros_interfaces/include/chrono_ros_interfaces/chrono_ros_interfaces/msg/detail/ch_driver_inputs__type_support.c
[4.810s] -- Installing: /home/ros/ros/src/chrono_ros/chrono_ros_interfaces/install/chrono_ros_interfaces/include/chrono_ros_interfaces/chrono_ros_interfaces/msg/detail/ch_driver_inputs__functions.c
[4.810s] -- Installing: /home/ros/ros/src/chrono_ros/chrono_ros_interfaces/install/chrono_ros_interfaces/include/chrono_ros_interfaces/chrono_ros_interfaces/msg/detail/ch_vehicle__struct.h
[4.810s] -- Installing: /home/ros/ros/src/chrono_ros/chrono_ros_interfaces/install/chrono_ros_interfaces/include/chrono_ros_interfaces/chrono_ros_interfaces/msg/detail/ch_vehicle__description.c
[4.810s] -- Installing: /home/ros/ros/src/chrono_ros/chrono_ros_interfaces/install/chrono_ros_interfaces/include/chrono_ros_interfaces/chrono_ros_interfaces/msg/detail/ch_vehicle__type_support.h
[4.810s] -- Installing: /home/ros/ros/src/chrono_ros/chrono_ros_interfaces/install/chrono_ros_interfaces/include/chrono_ros_interfaces/chrono_ros_interfaces/msg/detail/ch_driver_inputs__functions.h
[4.810s] -- Installing: /home/ros/ros/src/chrono_ros/chrono_ros_interfaces/install/chrono_ros_interfaces/include/chrono_ros_interfaces/chrono_ros_interfaces/msg/detail/ch_vehicle__functions.h
[4.810s] -- Installing: /home/ros/ros/src/chrono_ros/chrono_ros_interfaces/install/chrono_ros_interfaces/include/chrono_ros_interfaces/chrono_ros_interfaces/msg/detail/ch_vehicle__type_support.c
[4.811s] -- Installing: /home/ros/ros/src/chrono_ros/chrono_ros_interfaces/install/chrono_ros_interfaces/include/chrono_ros_interfaces/chrono_ros_interfaces/msg/detail/ch_driver_inputs__type_support.h
[4.811s] -- Installing: /home/ros/ros/src/chrono_ros/chrono_ros_interfaces/install/chrono_ros_interfaces/include/chrono_ros_interfaces/chrono_ros_interfaces/msg/detail/ch_driver_inputs__struct.h
[4.811s] -- Installing: /home/ros/ros/src/chrono_ros/chrono_ros_interfaces/install/chrono_ros_interfaces/include/chrono_ros_interfaces/chrono_ros_interfaces/msg/detail/ch_vehicle__functions.c
[4.811s] -- Installing: /home/ros/ros/src/chrono_ros/chrono_ros_interfaces/install/chrono_ros_interfaces/include/chrono_ros_interfaces/chrono_ros_interfaces/msg/ch_driver_inputs.h
[4.811s] -- Installing: /home/ros/ros/src/chrono_ros/chrono_ros_interfaces/install/chrono_ros_interfaces/share/chrono_ros_interfaces/environment/library_path.sh
[4.811s] -- Installing: /home/ros/ros/src/chrono_ros/chrono_ros_interfaces/install/chrono_ros_interfaces/share/chrono_ros_interfaces/environment/library_path.dsv
[4.811s] -- Installing: /home/ros/ros/src/chrono_ros/chrono_ros_interfaces/install/chrono_ros_interfaces/lib/libchrono_ros_interfaces__rosidl_generator_c.so
[4.812s] -- Set runtime path of "/home/ros/ros/src/chrono_ros/chrono_ros_interfaces/install/chrono_ros_interfaces/lib/libchrono_ros_interfaces__rosidl_generator_c.so" to ""
[4.812s] -- Up-to-date: /home/ros/ros/src/chrono_ros/chrono_ros_interfaces/install/chrono_ros_interfaces/include/chrono_ros_interfaces/chrono_ros_interfaces
[4.812s] -- Up-to-date: /home/ros/ros/src/chrono_ros/chrono_ros_interfaces/install/chrono_ros_interfaces/include/chrono_ros_interfaces/chrono_ros_interfaces/srv
[4.812s] -- Up-to-date: /home/ros/ros/src/chrono_ros/chrono_ros_interfaces/install/chrono_ros_interfaces/include/chrono_ros_interfaces/chrono_ros_interfaces/srv/detail
[4.812s] -- Installing: /home/ros/ros/src/chrono_ros/chrono_ros_interfaces/install/chrono_ros_interfaces/include/chrono_ros_interfaces/chrono_ros_interfaces/srv/detail/ch_start_simulation__rosidl_typesupport_fastrtps_c.h
[4.812s] -- Installing: /home/ros/ros/src/chrono_ros/chrono_ros_interfaces/install/chrono_ros_interfaces/include/chrono_ros_interfaces/chrono_ros_interfaces/srv/detail/ch_stop_simulation__rosidl_typesupport_fastrtps_c.h
[4.812s] -- Up-to-date: /home/ros/ros/src/chrono_ros/chrono_ros_interfaces/install/chrono_ros_interfaces/include/chrono_ros_interfaces/chrono_ros_interfaces/msg
[4.812s] -- Installing: /home/ros/ros/src/chrono_ros/chrono_ros_interfaces/install/chrono_ros_interfaces/include/chrono_ros_interfaces/chrono_ros_interfaces/msg/rosidl_typesupport_fastrtps_c__visibility_control.h
[4.812s] -- Up-to-date: /home/ros/ros/src/chrono_ros/chrono_ros_interfaces/install/chrono_ros_interfaces/include/chrono_ros_interfaces/chrono_ros_interfaces/msg/detail
[4.812s] -- Installing: /home/ros/ros/src/chrono_ros/chrono_ros_interfaces/install/chrono_ros_interfaces/include/chrono_ros_interfaces/chrono_ros_interfaces/msg/detail/ch_vehicle__rosidl_typesupport_fastrtps_c.h
[4.813s] -- Installing: /home/ros/ros/src/chrono_ros/chrono_ros_interfaces/install/chrono_ros_interfaces/include/chrono_ros_interfaces/chrono_ros_interfaces/msg/detail/ch_driver_inputs__rosidl_typesupport_fastrtps_c.h
[4.813s] -- Installing: /home/ros/ros/src/chrono_ros/chrono_ros_interfaces/install/chrono_ros_interfaces/lib/libchrono_ros_interfaces__rosidl_typesupport_fastrtps_c.so
[4.813s] -- Set runtime path of "/home/ros/ros/src/chrono_ros/chrono_ros_interfaces/install/chrono_ros_interfaces/lib/libchrono_ros_interfaces__rosidl_typesupport_fastrtps_c.so" to ""
[4.813s] -- Up-to-date: /home/ros/ros/src/chrono_ros/chrono_ros_interfaces/install/chrono_ros_interfaces/include/chrono_ros_interfaces/chrono_ros_interfaces
[4.813s] -- Up-to-date: /home/ros/ros/src/chrono_ros/chrono_ros_interfaces/install/chrono_ros_interfaces/include/chrono_ros_interfaces/chrono_ros_interfaces/srv
[4.813s] -- Up-to-date: /home/ros/ros/src/chrono_ros/chrono_ros_interfaces/install/chrono_ros_interfaces/include/chrono_ros_interfaces/chrono_ros_interfaces/srv/detail
[4.813s] -- Installing: /home/ros/ros/src/chrono_ros/chrono_ros_interfaces/install/chrono_ros_interfaces/include/chrono_ros_interfaces/chrono_ros_interfaces/srv/detail/ch_start_simulation__struct.hpp
[4.813s] -- Installing: /home/ros/ros/src/chrono_ros/chrono_ros_interfaces/install/chrono_ros_interfaces/include/chrono_ros_interfaces/chrono_ros_interfaces/srv/detail/ch_stop_simulation__traits.hpp
[4.813s] -- Installing: /home/ros/ros/src/chrono_ros/chrono_ros_interfaces/install/chrono_ros_interfaces/include/chrono_ros_interfaces/chrono_ros_interfaces/srv/detail/ch_stop_simulation__builder.hpp
[4.814s] -- Installing: /home/ros/ros/src/chrono_ros/chrono_ros_interfaces/install/chrono_ros_interfaces/include/chrono_ros_interfaces/chrono_ros_interfaces/srv/detail/ch_start_simulation__builder.hpp
[4.814s] -- Installing: /home/ros/ros/src/chrono_ros/chrono_ros_interfaces/install/chrono_ros_interfaces/include/chrono_ros_interfaces/chrono_ros_interfaces/srv/detail/ch_start_simulation__traits.hpp
[4.814s] -- Installing: /home/ros/ros/src/chrono_ros/chrono_ros_interfaces/install/chrono_ros_interfaces/include/chrono_ros_interfaces/chrono_ros_interfaces/srv/detail/ch_stop_simulation__struct.hpp
[4.814s] -- Installing: /home/ros/ros/src/chrono_ros/chrono_ros_interfaces/install/chrono_ros_interfaces/include/chrono_ros_interfaces/chrono_ros_interfaces/srv/ch_stop_simulation.hpp
[4.814s] -- Installing: /home/ros/ros/src/chrono_ros/chrono_ros_interfaces/install/chrono_ros_interfaces/include/chrono_ros_interfaces/chrono_ros_interfaces/srv/ch_start_simulation.hpp
[4.814s] -- Up-to-date: /home/ros/ros/src/chrono_ros/chrono_ros_interfaces/install/chrono_ros_interfaces/include/chrono_ros_interfaces/chrono_ros_interfaces/msg
[4.814s] -- Installing: /home/ros/ros/src/chrono_ros/chrono_ros_interfaces/install/chrono_ros_interfaces/include/chrono_ros_interfaces/chrono_ros_interfaces/msg/ch_driver_inputs.hpp
[4.814s] -- Up-to-date: /home/ros/ros/src/chrono_ros/chrono_ros_interfaces/install/chrono_ros_interfaces/include/chrono_ros_interfaces/chrono_ros_interfaces/msg/detail
[4.814s] -- Installing: /home/ros/ros/src/chrono_ros/chrono_ros_interfaces/install/chrono_ros_interfaces/include/chrono_ros_interfaces/chrono_ros_interfaces/msg/detail/ch_driver_inputs__traits.hpp
[4.814s] -- Installing: /home/ros/ros/src/chrono_ros/chrono_ros_interfaces/install/chrono_ros_interfaces/include/chrono_ros_interfaces/chrono_ros_interfaces/msg/detail/ch_vehicle__traits.hpp
[4.815s] -- Installing: /home/ros/ros/src/chrono_ros/chrono_ros_interfaces/install/chrono_ros_interfaces/include/chrono_ros_interfaces/chrono_ros_interfaces/msg/detail/ch_driver_inputs__struct.hpp
[4.815s] -- Installing: /home/ros/ros/src/chrono_ros/chrono_ros_interfaces/install/chrono_ros_interfaces/include/chrono_ros_interfaces/chrono_ros_interfaces/msg/detail/ch_driver_inputs__builder.hpp
[4.815s] -- Installing: /home/ros/ros/src/chrono_ros/chrono_ros_interfaces/install/chrono_ros_interfaces/include/chrono_ros_interfaces/chrono_ros_interfaces/msg/detail/ch_vehicle__struct.hpp
[4.815s] -- Installing: /home/ros/ros/src/chrono_ros/chrono_ros_interfaces/install/chrono_ros_interfaces/include/chrono_ros_interfaces/chrono_ros_interfaces/msg/detail/ch_vehicle__builder.hpp
[4.815s] -- Installing: /home/ros/ros/src/chrono_ros/chrono_ros_interfaces/install/chrono_ros_interfaces/include/chrono_ros_interfaces/chrono_ros_interfaces/msg/ch_vehicle.hpp
[4.815s] -- Up-to-date: /home/ros/ros/src/chrono_ros/chrono_ros_interfaces/install/chrono_ros_interfaces/include/chrono_ros_interfaces/chrono_ros_interfaces
[4.815s] -- Up-to-date: /home/ros/ros/src/chrono_ros/chrono_ros_interfaces/install/chrono_ros_interfaces/include/chrono_ros_interfaces/chrono_ros_interfaces/srv
[4.815s] -- Up-to-date: /home/ros/ros/src/chrono_ros/chrono_ros_interfaces/install/chrono_ros_interfaces/include/chrono_ros_interfaces/chrono_ros_interfaces/srv/detail
[4.815s] -- Installing: /home/ros/ros/src/chrono_ros/chrono_ros_interfaces/install/chrono_ros_interfaces/include/chrono_ros_interfaces/chrono_ros_interfaces/srv/detail/ch_start_simulation__rosidl_typesupport_fastrtps_cpp.hpp
[4.815s] -- Installing: /home/ros/ros/src/chrono_ros/chrono_ros_interfaces/install/chrono_ros_interfaces/include/chrono_ros_interfaces/chrono_ros_interfaces/srv/detail/ch_stop_simulation__rosidl_typesupport_fastrtps_cpp.hpp
[4.816s] -- Installing: /home/ros/ros/src/chrono_ros/chrono_ros_interfaces/install/chrono_ros_interfaces/include/chrono_ros_interfaces/chrono_ros_interfaces/srv/detail/dds_fastrtps
[4.816s] -- Up-to-date: /home/ros/ros/src/chrono_ros/chrono_ros_interfaces/install/chrono_ros_interfaces/include/chrono_ros_interfaces/chrono_ros_interfaces/msg
[4.816s] -- Up-to-date: /home/ros/ros/src/chrono_ros/chrono_ros_interfaces/install/chrono_ros_interfaces/include/chrono_ros_interfaces/chrono_ros_interfaces/msg/detail
[4.816s] -- Installing: /home/ros/ros/src/chrono_ros/chrono_ros_interfaces/install/chrono_ros_interfaces/include/chrono_ros_interfaces/chrono_ros_interfaces/msg/detail/ch_driver_inputs__rosidl_typesupport_fastrtps_cpp.hpp
[4.816s] -- Installing: /home/ros/ros/src/chrono_ros/chrono_ros_interfaces/install/chrono_ros_interfaces/include/chrono_ros_interfaces/chrono_ros_interfaces/msg/detail/dds_fastrtps
[4.816s] -- Installing: /home/ros/ros/src/chrono_ros/chrono_ros_interfaces/install/chrono_ros_interfaces/include/chrono_ros_interfaces/chrono_ros_interfaces/msg/detail/ch_vehicle__rosidl_typesupport_fastrtps_cpp.hpp
[4.816s] -- Installing: /home/ros/ros/src/chrono_ros/chrono_ros_interfaces/install/chrono_ros_interfaces/include/chrono_ros_interfaces/chrono_ros_interfaces/msg/rosidl_typesupport_fastrtps_cpp__visibility_control.h
[4.816s] -- Installing: /home/ros/ros/src/chrono_ros/chrono_ros_interfaces/install/chrono_ros_interfaces/lib/libchrono_ros_interfaces__rosidl_typesupport_fastrtps_cpp.so
[4.817s] -- Set runtime path of "/home/ros/ros/src/chrono_ros/chrono_ros_interfaces/install/chrono_ros_interfaces/lib/libchrono_ros_interfaces__rosidl_typesupport_fastrtps_cpp.so" to ""
[4.817s] -- Up-to-date: /home/ros/ros/src/chrono_ros/chrono_ros_interfaces/install/chrono_ros_interfaces/include/chrono_ros_interfaces/chrono_ros_interfaces
[4.817s] -- Up-to-date: /home/ros/ros/src/chrono_ros/chrono_ros_interfaces/install/chrono_ros_interfaces/include/chrono_ros_interfaces/chrono_ros_interfaces/srv
[4.817s] -- Up-to-date: /home/ros/ros/src/chrono_ros/chrono_ros_interfaces/install/chrono_ros_interfaces/include/chrono_ros_interfaces/chrono_ros_interfaces/srv/detail
[4.817s] -- Installing: /home/ros/ros/src/chrono_ros/chrono_ros_interfaces/install/chrono_ros_interfaces/include/chrono_ros_interfaces/chrono_ros_interfaces/srv/detail/ch_start_simulation__rosidl_typesupport_introspection_c.h
[4.817s] -- Up-to-date: /home/ros/ros/src/chrono_ros/chrono_ros_interfaces/install/chrono_ros_interfaces/include/chrono_ros_interfaces/chrono_ros_interfaces/srv/detail/ch_start_simulation__type_support.c
[4.817s] -- Installing: /home/ros/ros/src/chrono_ros/chrono_ros_interfaces/install/chrono_ros_interfaces/include/chrono_ros_interfaces/chrono_ros_interfaces/srv/detail/ch_stop_simulation__rosidl_typesupport_introspection_c.h
[4.817s] -- Up-to-date: /home/ros/ros/src/chrono_ros/chrono_ros_interfaces/install/chrono_ros_interfaces/include/chrono_ros_interfaces/chrono_ros_interfaces/srv/detail/ch_stop_simulation__type_support.c
[4.817s] -- Up-to-date: /home/ros/ros/src/chrono_ros/chrono_ros_interfaces/install/chrono_ros_interfaces/include/chrono_ros_interfaces/chrono_ros_interfaces/msg
[4.817s] -- Installing: /home/ros/ros/src/chrono_ros/chrono_ros_interfaces/install/chrono_ros_interfaces/include/chrono_ros_interfaces/chrono_ros_interfaces/msg/rosidl_typesupport_introspection_c__visibility_control.h
[4.817s] -- Up-to-date: /home/ros/ros/src/chrono_ros/chrono_ros_interfaces/install/chrono_ros_interfaces/include/chrono_ros_interfaces/chrono_ros_interfaces/msg/detail
[4.817s] -- Up-to-date: /home/ros/ros/src/chrono_ros/chrono_ros_interfaces/install/chrono_ros_interfaces/include/chrono_ros_interfaces/chrono_ros_interfaces/msg/detail/ch_driver_inputs__type_support.c
[4.817s] -- Up-to-date: /home/ros/ros/src/chrono_ros/chrono_ros_interfaces/install/chrono_ros_interfaces/include/chrono_ros_interfaces/chrono_ros_interfaces/msg/detail/ch_vehicle__type_support.c
[4.818s] -- Installing: /home/ros/ros/src/chrono_ros/chrono_ros_interfaces/install/chrono_ros_interfaces/include/chrono_ros_interfaces/chrono_ros_interfaces/msg/detail/ch_driver_inputs__rosidl_typesupport_introspection_c.h
[4.818s] -- Installing: /home/ros/ros/src/chrono_ros/chrono_ros_interfaces/install/chrono_ros_interfaces/include/chrono_ros_interfaces/chrono_ros_interfaces/msg/detail/ch_vehicle__rosidl_typesupport_introspection_c.h
[4.818s] -- Installing: /home/ros/ros/src/chrono_ros/chrono_ros_interfaces/install/chrono_ros_interfaces/lib/libchrono_ros_interfaces__rosidl_typesupport_introspection_c.so
[4.818s] -- Set runtime path of "/home/ros/ros/src/chrono_ros/chrono_ros_interfaces/install/chrono_ros_interfaces/lib/libchrono_ros_interfaces__rosidl_typesupport_introspection_c.so" to ""
[4.818s] -- Installing: /home/ros/ros/src/chrono_ros/chrono_ros_interfaces/install/chrono_ros_interfaces/lib/libchrono_ros_interfaces__rosidl_typesupport_c.so
[4.818s] -- Set runtime path of "/home/ros/ros/src/chrono_ros/chrono_ros_interfaces/install/chrono_ros_interfaces/lib/libchrono_ros_interfaces__rosidl_typesupport_c.so" to ""
[4.818s] -- Up-to-date: /home/ros/ros/src/chrono_ros/chrono_ros_interfaces/install/chrono_ros_interfaces/include/chrono_ros_interfaces/chrono_ros_interfaces
[4.818s] -- Up-to-date: /home/ros/ros/src/chrono_ros/chrono_ros_interfaces/install/chrono_ros_interfaces/include/chrono_ros_interfaces/chrono_ros_interfaces/srv
[4.818s] -- Up-to-date: /home/ros/ros/src/chrono_ros/chrono_ros_interfaces/install/chrono_ros_interfaces/include/chrono_ros_interfaces/chrono_ros_interfaces/srv/detail
[4.818s] -- Installing: /home/ros/ros/src/chrono_ros/chrono_ros_interfaces/install/chrono_ros_interfaces/include/chrono_ros_interfaces/chrono_ros_interfaces/srv/detail/ch_stop_simulation__type_support.cpp
[4.818s] -- Installing: /home/ros/ros/src/chrono_ros/chrono_ros_interfaces/install/chrono_ros_interfaces/include/chrono_ros_interfaces/chrono_ros_interfaces/srv/detail/ch_stop_simulation__rosidl_typesupport_introspection_cpp.hpp
[4.818s] -- Installing: /home/ros/ros/src/chrono_ros/chrono_ros_interfaces/install/chrono_ros_interfaces/include/chrono_ros_interfaces/chrono_ros_interfaces/srv/detail/ch_start_simulation__rosidl_typesupport_introspection_cpp.hpp
[4.819s] -- Installing: /home/ros/ros/src/chrono_ros/chrono_ros_interfaces/install/chrono_ros_interfaces/include/chrono_ros_interfaces/chrono_ros_interfaces/srv/detail/ch_start_simulation__type_support.cpp
[4.819s] -- Up-to-date: /home/ros/ros/src/chrono_ros/chrono_ros_interfaces/install/chrono_ros_interfaces/include/chrono_ros_interfaces/chrono_ros_interfaces/msg
[4.819s] -- Up-to-date: /home/ros/ros/src/chrono_ros/chrono_ros_interfaces/install/chrono_ros_interfaces/include/chrono_ros_interfaces/chrono_ros_interfaces/msg/detail
[4.819s] -- Installing: /home/ros/ros/src/chrono_ros/chrono_ros_interfaces/install/chrono_ros_interfaces/include/chrono_ros_interfaces/chrono_ros_interfaces/msg/detail/ch_vehicle__type_support.cpp
[4.819s] -- Installing: /home/ros/ros/src/chrono_ros/chrono_ros_interfaces/install/chrono_ros_interfaces/include/chrono_ros_interfaces/chrono_ros_interfaces/msg/detail/ch_vehicle__rosidl_typesupport_introspection_cpp.hpp
[4.819s] -- Installing: /home/ros/ros/src/chrono_ros/chrono_ros_interfaces/install/chrono_ros_interfaces/include/chrono_ros_interfaces/chrono_ros_interfaces/msg/detail/ch_driver_inputs__rosidl_typesupport_introspection_cpp.hpp
[4.819s] -- Installing: /home/ros/ros/src/chrono_ros/chrono_ros_interfaces/install/chrono_ros_interfaces/include/chrono_ros_interfaces/chrono_ros_interfaces/msg/detail/ch_driver_inputs__type_support.cpp
[4.819s] -- Installing: /home/ros/ros/src/chrono_ros/chrono_ros_interfaces/install/chrono_ros_interfaces/lib/libchrono_ros_interfaces__rosidl_typesupport_introspection_cpp.so
[4.820s] -- Set runtime path of "/home/ros/ros/src/chrono_ros/chrono_ros_interfaces/install/chrono_ros_interfaces/lib/libchrono_ros_interfaces__rosidl_typesupport_introspection_cpp.so" to ""
[4.820s] -- Installing: /home/ros/ros/src/chrono_ros/chrono_ros_interfaces/install/chrono_ros_interfaces/lib/libchrono_ros_interfaces__rosidl_typesupport_cpp.so
[4.820s] -- Set runtime path of "/home/ros/ros/src/chrono_ros/chrono_ros_interfaces/install/chrono_ros_interfaces/lib/libchrono_ros_interfaces__rosidl_typesupport_cpp.so" to ""
[4.820s] -- Installing: /home/ros/ros/src/chrono_ros/chrono_ros_interfaces/install/chrono_ros_interfaces/share/chrono_ros_interfaces/environment/pythonpath.sh
[4.820s] -- Installing: /home/ros/ros/src/chrono_ros/chrono_ros_interfaces/install/chrono_ros_interfaces/share/chrono_ros_interfaces/environment/pythonpath.dsv
[4.820s] -- Installing: /home/ros/ros/src/chrono_ros/chrono_ros_interfaces/install/chrono_ros_interfaces/lib/python3.10/site-packages/chrono_ros_interfaces-0.0.0-py3.10.egg-info
[4.820s] -- Installing: /home/ros/ros/src/chrono_ros/chrono_ros_interfaces/install/chrono_ros_interfaces/lib/python3.10/site-packages/chrono_ros_interfaces-0.0.0-py3.10.egg-info/SOURCES.txt
[4.820s] -- Installing: /home/ros/ros/src/chrono_ros/chrono_ros_interfaces/install/chrono_ros_interfaces/lib/python3.10/site-packages/chrono_ros_interfaces-0.0.0-py3.10.egg-info/PKG-INFO
[4.820s] -- Installing: /home/ros/ros/src/chrono_ros/chrono_ros_interfaces/install/chrono_ros_interfaces/lib/python3.10/site-packages/chrono_ros_interfaces-0.0.0-py3.10.egg-info/top_level.txt
[4.821s] -- Installing: /home/ros/ros/src/chrono_ros/chrono_ros_interfaces/install/chrono_ros_interfaces/lib/python3.10/site-packages/chrono_ros_interfaces-0.0.0-py3.10.egg-info/dependency_links.txt
[4.821s] -- Installing: /home/ros/ros/src/chrono_ros/chrono_ros_interfaces/install/chrono_ros_interfaces/lib/python3.10/site-packages/chrono_ros_interfaces
[4.821s] -- Installing: /home/ros/ros/src/chrono_ros/chrono_ros_interfaces/install/chrono_ros_interfaces/lib/python3.10/site-packages/chrono_ros_interfaces/srv
[4.821s] -- Installing: /home/ros/ros/src/chrono_ros/chrono_ros_interfaces/install/chrono_ros_interfaces/lib/python3.10/site-packages/chrono_ros_interfaces/srv/_ch_start_simulation_s.c
[4.821s] -- Installing: /home/ros/ros/src/chrono_ros/chrono_ros_interfaces/install/chrono_ros_interfaces/lib/python3.10/site-packages/chrono_ros_interfaces/srv/_ch_stop_simulation_s.c
[4.821s] -- Installing: /home/ros/ros/src/chrono_ros/chrono_ros_interfaces/install/chrono_ros_interfaces/lib/python3.10/site-packages/chrono_ros_interfaces/srv/__init__.py
[4.821s] -- Installing: /home/ros/ros/src/chrono_ros/chrono_ros_interfaces/install/chrono_ros_interfaces/lib/python3.10/site-packages/chrono_ros_interfaces/srv/_ch_start_simulation.py
[4.821s] -- Installing: /home/ros/ros/src/chrono_ros/chrono_ros_interfaces/install/chrono_ros_interfaces/lib/python3.10/site-packages/chrono_ros_interfaces/srv/_ch_stop_simulation.py
[4.821s] -- Installing: /home/ros/ros/src/chrono_ros/chrono_ros_interfaces/install/chrono_ros_interfaces/lib/python3.10/site-packages/chrono_ros_interfaces/__init__.py
[4.821s] -- Installing: /home/ros/ros/src/chrono_ros/chrono_ros_interfaces/install/chrono_ros_interfaces/lib/python3.10/site-packages/chrono_ros_interfaces/chrono_ros_interfaces_s__rosidl_typesupport_fastrtps_c.cpython-310-x86_64-linux-gnu.so
[4.822s] -- Installing: /home/ros/ros/src/chrono_ros/chrono_ros_interfaces/install/chrono_ros_interfaces/lib/python3.10/site-packages/chrono_ros_interfaces/msg
[4.822s] -- Installing: /home/ros/ros/src/chrono_ros/chrono_ros_interfaces/install/chrono_ros_interfaces/lib/python3.10/site-packages/chrono_ros_interfaces/msg/_ch_driver_inputs_s.c
[4.822s] -- Installing: /home/ros/ros/src/chrono_ros/chrono_ros_interfaces/install/chrono_ros_interfaces/lib/python3.10/site-packages/chrono_ros_interfaces/msg/__init__.py
[4.822s] -- Installing: /home/ros/ros/src/chrono_ros/chrono_ros_interfaces/install/chrono_ros_interfaces/lib/python3.10/site-packages/chrono_ros_interfaces/msg/_ch_vehicle_s.c
[4.822s] -- Installing: /home/ros/ros/src/chrono_ros/chrono_ros_interfaces/install/chrono_ros_interfaces/lib/python3.10/site-packages/chrono_ros_interfaces/msg/_ch_driver_inputs.py
[4.822s] -- Installing: /home/ros/ros/src/chrono_ros/chrono_ros_interfaces/install/chrono_ros_interfaces/lib/python3.10/site-packages/chrono_ros_interfaces/msg/_ch_vehicle.py
[4.822s] -- Installing: /home/ros/ros/src/chrono_ros/chrono_ros_interfaces/install/chrono_ros_interfaces/lib/python3.10/site-packages/chrono_ros_interfaces/_chrono_ros_interfaces_s.ep.rosidl_typesupport_introspection_c.c
[4.822s] -- Installing: /home/ros/ros/src/chrono_ros/chrono_ros_interfaces/install/chrono_ros_interfaces/lib/python3.10/site-packages/chrono_ros_interfaces/chrono_ros_interfaces_s__rosidl_typesupport_introspection_c.cpython-310-x86_64-linux-gnu.so
[4.822s] -- Installing: /home/ros/ros/src/chrono_ros/chrono_ros_interfaces/install/chrono_ros_interfaces/lib/python3.10/site-packages/chrono_ros_interfaces/chrono_ros_interfaces_s__rosidl_typesupport_c.cpython-310-x86_64-linux-gnu.so
[4.822s] -- Installing: /home/ros/ros/src/chrono_ros/chrono_ros_interfaces/install/chrono_ros_interfaces/lib/python3.10/site-packages/chrono_ros_interfaces/libchrono_ros_interfaces__rosidl_generator_py.so
[4.823s] -- Installing: /home/ros/ros/src/chrono_ros/chrono_ros_interfaces/install/chrono_ros_interfaces/lib/python3.10/site-packages/chrono_ros_interfaces/_chrono_ros_interfaces_s.ep.rosidl_typesupport_c.c
[4.823s] -- Installing: /home/ros/ros/src/chrono_ros/chrono_ros_interfaces/install/chrono_ros_interfaces/lib/python3.10/site-packages/chrono_ros_interfaces/_chrono_ros_interfaces_s.ep.rosidl_typesupport_fastrtps_c.c
[4.850s] Listing '/home/ros/ros/src/chrono_ros/chrono_ros_interfaces/install/chrono_ros_interfaces/lib/python3.10/site-packages/chrono_ros_interfaces'...
[4.850s] Compiling '/home/ros/ros/src/chrono_ros/chrono_ros_interfaces/install/chrono_ros_interfaces/lib/python3.10/site-packages/chrono_ros_interfaces/__init__.py'...
[4.850s] Listing '/home/ros/ros/src/chrono_ros/chrono_ros_interfaces/install/chrono_ros_interfaces/lib/python3.10/site-packages/chrono_ros_interfaces/msg'...
[4.851s] Compiling '/home/ros/ros/src/chrono_ros/chrono_ros_interfaces/install/chrono_ros_interfaces/lib/python3.10/site-packages/chrono_ros_interfaces/msg/__init__.py'...
[4.851s] Compiling '/home/ros/ros/src/chrono_ros/chrono_ros_interfaces/install/chrono_ros_interfaces/lib/python3.10/site-packages/chrono_ros_interfaces/msg/_ch_driver_inputs.py'...
[4.851s] Compiling '/home/ros/ros/src/chrono_ros/chrono_ros_interfaces/install/chrono_ros_interfaces/lib/python3.10/site-packages/chrono_ros_interfaces/msg/_ch_vehicle.py'...
[4.851s] Listing '/home/ros/ros/src/chrono_ros/chrono_ros_interfaces/install/chrono_ros_interfaces/lib/python3.10/site-packages/chrono_ros_interfaces/srv'...
[4.851s] Compiling '/home/ros/ros/src/chrono_ros/chrono_ros_interfaces/install/chrono_ros_interfaces/lib/python3.10/site-packages/chrono_ros_interfaces/srv/__init__.py'...
[4.851s] Compiling '/home/ros/ros/src/chrono_ros/chrono_ros_interfaces/install/chrono_ros_interfaces/lib/python3.10/site-packages/chrono_ros_interfaces/srv/_ch_start_simulation.py'...
[4.851s] Compiling '/home/ros/ros/src/chrono_ros/chrono_ros_interfaces/install/chrono_ros_interfaces/lib/python3.10/site-packages/chrono_ros_interfaces/srv/_ch_stop_simulation.py'...
[4.853s] -- Installing: /home/ros/ros/src/chrono_ros/chrono_ros_interfaces/install/chrono_ros_interfaces/lib/python3.10/site-packages/chrono_ros_interfaces/chrono_ros_interfaces_s__rosidl_typesupport_fastrtps_c.cpython-310-x86_64-linux-gnu.so
[4.853s] -- Set runtime path of "/home/ros/ros/src/chrono_ros/chrono_ros_interfaces/install/chrono_ros_interfaces/lib/python3.10/site-packages/chrono_ros_interfaces/chrono_ros_interfaces_s__rosidl_typesupport_fastrtps_c.cpython-310-x86_64-linux-gnu.so" to ""
[4.854s] -- Installing: /home/ros/ros/src/chrono_ros/chrono_ros_interfaces/install/chrono_ros_interfaces/lib/python3.10/site-packages/chrono_ros_interfaces/chrono_ros_interfaces_s__rosidl_typesupport_introspection_c.cpython-310-x86_64-linux-gnu.so
[4.854s] -- Set runtime path of "/home/ros/ros/src/chrono_ros/chrono_ros_interfaces/install/chrono_ros_interfaces/lib/python3.10/site-packages/chrono_ros_interfaces/chrono_ros_interfaces_s__rosidl_typesupport_introspection_c.cpython-310-x86_64-linux-gnu.so" to ""
[4.854s] -- Installing: /home/ros/ros/src/chrono_ros/chrono_ros_interfaces/install/chrono_ros_interfaces/lib/python3.10/site-packages/chrono_ros_interfaces/chrono_ros_interfaces_s__rosidl_typesupport_c.cpython-310-x86_64-linux-gnu.so
[4.854s] -- Set runtime path of "/home/ros/ros/src/chrono_ros/chrono_ros_interfaces/install/chrono_ros_interfaces/lib/python3.10/site-packages/chrono_ros_interfaces/chrono_ros_interfaces_s__rosidl_typesupport_c.cpython-310-x86_64-linux-gnu.so" to ""
[4.854s] -- Installing: /home/ros/ros/src/chrono_ros/chrono_ros_interfaces/install/chrono_ros_interfaces/lib/libchrono_ros_interfaces__rosidl_generator_py.so
[4.855s] -- Set runtime path of "/home/ros/ros/src/chrono_ros/chrono_ros_interfaces/install/chrono_ros_interfaces/lib/libchrono_ros_interfaces__rosidl_generator_py.so" to ""
[4.855s] -- Installing: /home/ros/ros/src/chrono_ros/chrono_ros_interfaces/install/chrono_ros_interfaces/share/chrono_ros_interfaces/msg/ChVehicle.idl
[4.855s] -- Installing: /home/ros/ros/src/chrono_ros/chrono_ros_interfaces/install/chrono_ros_interfaces/share/chrono_ros_interfaces/msg/ChDriverInputs.idl
[4.855s] -- Installing: /home/ros/ros/src/chrono_ros/chrono_ros_interfaces/install/chrono_ros_interfaces/share/chrono_ros_interfaces/srv/ChStartSimulation.idl
[4.855s] -- Installing: /home/ros/ros/src/chrono_ros/chrono_ros_interfaces/install/chrono_ros_interfaces/share/chrono_ros_interfaces/srv/ChStopSimulation.idl
[4.855s] -- Installing: /home/ros/ros/src/chrono_ros/chrono_ros_interfaces/install/chrono_ros_interfaces/share/chrono_ros_interfaces/msg/ChVehicle.msg
[4.855s] -- Installing: /home/ros/ros/src/chrono_ros/chrono_ros_interfaces/install/chrono_ros_interfaces/share/chrono_ros_interfaces/msg/ChDriverInputs.msg
[4.855s] -- Installing: /home/ros/ros/src/chrono_ros/chrono_ros_interfaces/install/chrono_ros_interfaces/share/chrono_ros_interfaces/srv/ChStartSimulation.srv
[4.856s] -- Installing: /home/ros/ros/src/chrono_ros/chrono_ros_interfaces/install/chrono_ros_interfaces/share/chrono_ros_interfaces/srv/ChStartSimulation_Request.msg
[4.856s] -- Installing: /home/ros/ros/src/chrono_ros/chrono_ros_interfaces/install/chrono_ros_interfaces/share/chrono_ros_interfaces/srv/ChStartSimulation_Response.msg
[4.856s] -- Installing: /home/ros/ros/src/chrono_ros/chrono_ros_interfaces/install/chrono_ros_interfaces/share/chrono_ros_interfaces/srv/ChStopSimulation.srv
[4.856s] -- Installing: /home/ros/ros/src/chrono_ros/chrono_ros_interfaces/install/chrono_ros_interfaces/share/chrono_ros_interfaces/srv/ChStopSimulation_Request.msg
[4.856s] -- Installing: /home/ros/ros/src/chrono_ros/chrono_ros_interfaces/install/chrono_ros_interfaces/share/chrono_ros_interfaces/srv/ChStopSimulation_Response.msg
[4.856s] -- Installing: /home/ros/ros/src/chrono_ros/chrono_ros_interfaces/install/chrono_ros_interfaces/share/ament_index/resource_index/package_run_dependencies/chrono_ros_interfaces
[4.856s] -- Installing: /home/ros/ros/src/chrono_ros/chrono_ros_interfaces/install/chrono_ros_interfaces/share/ament_index/resource_index/parent_prefix_path/chrono_ros_interfaces
[4.856s] -- Installing: /home/ros/ros/src/chrono_ros/chrono_ros_interfaces/install/chrono_ros_interfaces/share/chrono_ros_interfaces/environment/ament_prefix_path.sh
[4.857s] -- Installing: /home/ros/ros/src/chrono_ros/chrono_ros_interfaces/install/chrono_ros_interfaces/share/chrono_ros_interfaces/environment/ament_prefix_path.dsv
[4.857s] -- Installing: /home/ros/ros/src/chrono_ros/chrono_ros_interfaces/install/chrono_ros_interfaces/share/chrono_ros_interfaces/environment/path.sh
[4.857s] -- Installing: /home/ros/ros/src/chrono_ros/chrono_ros_interfaces/install/chrono_ros_interfaces/share/chrono_ros_interfaces/environment/path.dsv
[4.857s] -- Installing: /home/ros/ros/src/chrono_ros/chrono_ros_interfaces/install/chrono_ros_interfaces/share/chrono_ros_interfaces/local_setup.bash
[4.857s] -- Installing: /home/ros/ros/src/chrono_ros/chrono_ros_interfaces/install/chrono_ros_interfaces/share/chrono_ros_interfaces/local_setup.sh
[4.857s] -- Installing: /home/ros/ros/src/chrono_ros/chrono_ros_interfaces/install/chrono_ros_interfaces/share/chrono_ros_interfaces/local_setup.zsh
[4.857s] -- Installing: /home/ros/ros/src/chrono_ros/chrono_ros_interfaces/install/chrono_ros_interfaces/share/chrono_ros_interfaces/local_setup.dsv
[4.857s] -- Installing: /home/ros/ros/src/chrono_ros/chrono_ros_interfaces/install/chrono_ros_interfaces/share/chrono_ros_interfaces/package.dsv
[4.857s] -- Installing: /home/ros/ros/src/chrono_ros/chrono_ros_interfaces/install/chrono_ros_interfaces/share/ament_index/resource_index/packages/chrono_ros_interfaces
[4.858s] -- Installing: /home/ros/ros/src/chrono_ros/chrono_ros_interfaces/install/chrono_ros_interfaces/share/chrono_ros_interfaces/cmake/export_chrono_ros_interfaces__rosidl_generator_cExport.cmake
[4.858s] -- Installing: /home/ros/ros/src/chrono_ros/chrono_ros_interfaces/install/chrono_ros_interfaces/share/chrono_ros_interfaces/cmake/export_chrono_ros_interfaces__rosidl_generator_cExport-noconfig.cmake
[4.858s] -- Installing: /home/ros/ros/src/chrono_ros/chrono_ros_interfaces/install/chrono_ros_interfaces/share/chrono_ros_interfaces/cmake/export_chrono_ros_interfaces__rosidl_typesupport_fastrtps_cExport.cmake
[4.858s] -- Installing: /home/ros/ros/src/chrono_ros/chrono_ros_interfaces/install/chrono_ros_interfaces/share/chrono_ros_interfaces/cmake/export_chrono_ros_interfaces__rosidl_typesupport_fastrtps_cExport-noconfig.cmake
[4.858s] -- Installing: /home/ros/ros/src/chrono_ros/chrono_ros_interfaces/install/chrono_ros_interfaces/share/chrono_ros_interfaces/cmake/export_chrono_ros_interfaces__rosidl_generator_cppExport.cmake
[4.858s] -- Installing: /home/ros/ros/src/chrono_ros/chrono_ros_interfaces/install/chrono_ros_interfaces/share/chrono_ros_interfaces/cmake/export_chrono_ros_interfaces__rosidl_typesupport_fastrtps_cppExport.cmake
[4.858s] -- Installing: /home/ros/ros/src/chrono_ros/chrono_ros_interfaces/install/chrono_ros_interfaces/share/chrono_ros_interfaces/cmake/export_chrono_ros_interfaces__rosidl_typesupport_fastrtps_cppExport-noconfig.cmake
[4.859s] -- Installing: /home/ros/ros/src/chrono_ros/chrono_ros_interfaces/install/chrono_ros_interfaces/share/chrono_ros_interfaces/cmake/chrono_ros_interfaces__rosidl_typesupport_introspection_cExport.cmake
[4.859s] -- Installing: /home/ros/ros/src/chrono_ros/chrono_ros_interfaces/install/chrono_ros_interfaces/share/chrono_ros_interfaces/cmake/chrono_ros_interfaces__rosidl_typesupport_introspection_cExport-noconfig.cmake
[4.859s] -- Installing: /home/ros/ros/src/chrono_ros/chrono_ros_interfaces/install/chrono_ros_interfaces/share/chrono_ros_interfaces/cmake/chrono_ros_interfaces__rosidl_typesupport_cExport.cmake
[4.859s] -- Installing: /home/ros/ros/src/chrono_ros/chrono_ros_interfaces/install/chrono_ros_interfaces/share/chrono_ros_interfaces/cmake/chrono_ros_interfaces__rosidl_typesupport_cExport-noconfig.cmake
[4.859s] -- Installing: /home/ros/ros/src/chrono_ros/chrono_ros_interfaces/install/chrono_ros_interfaces/share/chrono_ros_interfaces/cmake/chrono_ros_interfaces__rosidl_typesupport_introspection_cppExport.cmake
[4.859s] -- Installing: /home/ros/ros/src/chrono_ros/chrono_ros_interfaces/install/chrono_ros_interfaces/share/chrono_ros_interfaces/cmake/chrono_ros_interfaces__rosidl_typesupport_introspection_cppExport-noconfig.cmake
[4.859s] -- Installing: /home/ros/ros/src/chrono_ros/chrono_ros_interfaces/install/chrono_ros_interfaces/share/chrono_ros_interfaces/cmake/chrono_ros_interfaces__rosidl_typesupport_cppExport.cmake
[4.859s] -- Installing: /home/ros/ros/src/chrono_ros/chrono_ros_interfaces/install/chrono_ros_interfaces/share/chrono_ros_interfaces/cmake/chrono_ros_interfaces__rosidl_typesupport_cppExport-noconfig.cmake
[4.860s] -- Installing: /home/ros/ros/src/chrono_ros/chrono_ros_interfaces/install/chrono_ros_interfaces/share/chrono_ros_interfaces/cmake/export_chrono_ros_interfaces__rosidl_generator_pyExport.cmake
[4.860s] -- Installing: /home/ros/ros/src/chrono_ros/chrono_ros_interfaces/install/chrono_ros_interfaces/share/chrono_ros_interfaces/cmake/export_chrono_ros_interfaces__rosidl_generator_pyExport-noconfig.cmake
[4.860s] -- Installing: /home/ros/ros/src/chrono_ros/chrono_ros_interfaces/install/chrono_ros_interfaces/share/chrono_ros_interfaces/cmake/rosidl_cmake-extras.cmake
[4.860s] -- Installing: /home/ros/ros/src/chrono_ros/chrono_ros_interfaces/install/chrono_ros_interfaces/share/chrono_ros_interfaces/cmake/ament_cmake_export_dependencies-extras.cmake
[4.860s] -- Installing: /home/ros/ros/src/chrono_ros/chrono_ros_interfaces/install/chrono_ros_interfaces/share/chrono_ros_interfaces/cmake/ament_cmake_export_include_directories-extras.cmake
[4.860s] -- Installing: /home/ros/ros/src/chrono_ros/chrono_ros_interfaces/install/chrono_ros_interfaces/share/chrono_ros_interfaces/cmake/ament_cmake_export_libraries-extras.cmake
[4.860s] -- Installing: /home/ros/ros/src/chrono_ros/chrono_ros_interfaces/install/chrono_ros_interfaces/share/chrono_ros_interfaces/cmake/ament_cmake_export_targets-extras.cmake
[4.860s] -- Installing: /home/ros/ros/src/chrono_ros/chrono_ros_interfaces/install/chrono_ros_interfaces/share/chrono_ros_interfaces/cmake/rosidl_cmake_export_typesupport_targets-extras.cmake
[4.861s] -- Installing: /home/ros/ros/src/chrono_ros/chrono_ros_interfaces/install/chrono_ros_interfaces/share/chrono_ros_interfaces/cmake/rosidl_cmake_export_typesupport_libraries-extras.cmake
[4.861s] -- Installing: /home/ros/ros/src/chrono_ros/chrono_ros_interfaces/install/chrono_ros_interfaces/share/chrono_ros_interfaces/cmake/chrono_ros_interfacesConfig.cmake
[4.861s] -- Installing: /home/ros/ros/src/chrono_ros/chrono_ros_interfaces/install/chrono_ros_interfaces/share/chrono_ros_interfaces/cmake/chrono_ros_interfacesConfig-version.cmake
[4.861s] -- Installing: /home/ros/ros/src/chrono_ros/chrono_ros_interfaces/install/chrono_ros_interfaces/share/chrono_ros_interfaces/package.xml
[4.864s] Invoked command in '/home/ros/ros/src/chrono_ros/chrono_ros_interfaces/build/chrono_ros_interfaces' returned '0': CMAKE_PREFIX_PATH=/opt/ros/iron /usr/bin/cmake --install /home/ros/ros/src/chrono_ros/chrono_ros_interfaces/build/chrono_ros_interfaces
