[0.009s] Invoking command in '/home/ros/ros/build/src/chrono_ros/chrono_ros_interfaces/chrono_ros_interfaces': CMAKE_PREFIX_PATH=${CMAKE_PREFIX_PATH}:/opt/ros/iron /usr/bin/cmake --build /home/ros/ros/build/src/chrono_ros/chrono_ros_interfaces/chrono_ros_interfaces -- -j12 -l12
[0.050s] [  1%] Built target chrono_ros_interfaces__rosidl_generator_type_description
[0.060s] [  1%] Built target ament_cmake_python_copy_chrono_ros_interfaces
[0.066s] Consolidate compiler generated dependencies of target chrono_ros_interfaces__rosidl_generator_c
[0.068s] [  2%] Built target chrono_ros_interfaces__cpp
[0.077s] [ 25%] Built target chrono_ros_interfaces__rosidl_generator_c
[0.090s] Consolidate compiler generated dependencies of target chrono_ros_interfaces__rosidl_typesupport_c
[0.091s] Consolidate compiler generated dependencies of target chrono_ros_interfaces__rosidl_typesupport_introspection_c
[0.096s] Consolidate compiler generated dependencies of target chrono_ros_interfaces__rosidl_typesupport_cpp
[0.098s] Consolidate compiler generated dependencies of target chrono_ros_interfaces__rosidl_typesupport_fastrtps_c
[0.098s] Consolidate compiler generated dependencies of target chrono_ros_interfaces__rosidl_typesupport_introspection_cpp
[0.098s] Consolidate compiler generated dependencies of target chrono_ros_interfaces__rosidl_typesupport_fastrtps_cpp
[0.103s] [ 39%] Built target chrono_ros_interfaces__rosidl_typesupport_c
[0.103s] [ 44%] Built target chrono_ros_interfaces__rosidl_typesupport_introspection_c
[0.110s] [ 54%] Built target chrono_ros_interfaces__rosidl_typesupport_cpp
[0.111s] [ 72%] Built target chrono_ros_interfaces__rosidl_typesupport_fastrtps_cpp
[0.111s] [ 72%] Built target chrono_ros_interfaces__rosidl_typesupport_introspection_cpp
[0.113s] [ 82%] Built target chrono_ros_interfaces__rosidl_typesupport_fastrtps_c
[0.129s] [ 82%] Built target chrono_ros_interfaces
[0.145s] [ 83%] Built target chrono_ros_interfaces__py
[0.163s] Consolidate compiler generated dependencies of target chrono_ros_interfaces__rosidl_generator_py
[0.174s] [ 91%] Built target chrono_ros_interfaces__rosidl_generator_py
[0.188s] Consolidate compiler generated dependencies of target chrono_ros_interfaces__rosidl_typesupport_fastrtps_c__pyext
[0.188s] Consolidate compiler generated dependencies of target chrono_ros_interfaces__rosidl_typesupport_introspection_c__pyext
[0.189s] Consolidate compiler generated dependencies of target chrono_ros_interfaces__rosidl_typesupport_c__pyext
[0.199s] [ 97%] Built target chrono_ros_interfaces__rosidl_typesupport_fastrtps_c__pyext
[0.199s] [ 97%] Built target chrono_ros_interfaces__rosidl_typesupport_introspection_c__pyext
[0.202s] [100%] Built target chrono_ros_interfaces__rosidl_typesupport_c__pyext
[0.220s] running egg_info
[0.220s] writing chrono_ros_interfaces.egg-info/PKG-INFO
[0.221s] writing dependency_links to chrono_ros_interfaces.egg-info/dependency_links.txt
[0.221s] writing top-level names to chrono_ros_interfaces.egg-info/top_level.txt
[0.222s] reading manifest file 'chrono_ros_interfaces.egg-info/SOURCES.txt'
[0.223s] writing manifest file 'chrono_ros_interfaces.egg-info/SOURCES.txt'
[0.243s] [100%] Built target ament_cmake_python_build_chrono_ros_interfaces_egg
[0.252s] Invoked command in '/home/ros/ros/build/src/chrono_ros/chrono_ros_interfaces/chrono_ros_interfaces' returned '0': CMAKE_PREFIX_PATH=${CMAKE_PREFIX_PATH}:/opt/ros/iron /usr/bin/cmake --build /home/ros/ros/build/src/chrono_ros/chrono_ros_interfaces/chrono_ros_interfaces -- -j12 -l12
[0.379s] Invoking command in '/home/ros/ros/build/src/chrono_ros/chrono_ros_interfaces/chrono_ros_interfaces': CMAKE_PREFIX_PATH=${CMAKE_PREFIX_PATH}:/opt/ros/iron /usr/bin/cmake --install /home/ros/ros/build/src/chrono_ros/chrono_ros_interfaces/chrono_ros_interfaces
[0.386s] -- Install configuration: ""
[0.387s] -- Up-to-date: /home/ros/ros/build/src/chrono_ros/chrono_ros_interfaces/chrono_ros_interfaces/share/ament_index/resource_index/rosidl_interfaces/chrono_ros_interfaces
[0.387s] -- Up-to-date: /home/ros/ros/build/src/chrono_ros/chrono_ros_interfaces/chrono_ros_interfaces/share/chrono_ros_interfaces/msg/ChVehicle.json
[0.387s] -- Up-to-date: /home/ros/ros/build/src/chrono_ros/chrono_ros_interfaces/chrono_ros_interfaces/share/chrono_ros_interfaces/msg/ChDriverInputs.json
[0.388s] -- Up-to-date: /home/ros/ros/build/src/chrono_ros/chrono_ros_interfaces/chrono_ros_interfaces/share/chrono_ros_interfaces/msg/ChBody.json
[0.388s] -- Up-to-date: /home/ros/ros/build/src/chrono_ros/chrono_ros_interfaces/chrono_ros_interfaces/share/chrono_ros_interfaces/srv/ChStartSimulation.json
[0.388s] -- Up-to-date: /home/ros/ros/build/src/chrono_ros/chrono_ros_interfaces/chrono_ros_interfaces/share/chrono_ros_interfaces/srv/ChStopSimulation.json
[0.388s] -- Up-to-date: /home/ros/ros/build/src/chrono_ros/chrono_ros_interfaces/chrono_ros_interfaces/include/chrono_ros_interfaces/chrono_ros_interfaces
[0.388s] -- Up-to-date: /home/ros/ros/build/src/chrono_ros/chrono_ros_interfaces/chrono_ros_interfaces/include/chrono_ros_interfaces/chrono_ros_interfaces/srv
[0.388s] -- Up-to-date: /home/ros/ros/build/src/chrono_ros/chrono_ros_interfaces/chrono_ros_interfaces/include/chrono_ros_interfaces/chrono_ros_interfaces/srv/ch_stop_simulation.h
[0.389s] -- Up-to-date: /home/ros/ros/build/src/chrono_ros/chrono_ros_interfaces/chrono_ros_interfaces/include/chrono_ros_interfaces/chrono_ros_interfaces/srv/detail
[0.389s] -- Up-to-date: /home/ros/ros/build/src/chrono_ros/chrono_ros_interfaces/chrono_ros_interfaces/include/chrono_ros_interfaces/chrono_ros_interfaces/srv/detail/ch_stop_simulation__struct.h
[0.389s] -- Up-to-date: /home/ros/ros/build/src/chrono_ros/chrono_ros_interfaces/chrono_ros_interfaces/include/chrono_ros_interfaces/chrono_ros_interfaces/srv/detail/ch_start_simulation__struct.h
[0.389s] -- Up-to-date: /home/ros/ros/build/src/chrono_ros/chrono_ros_interfaces/chrono_ros_interfaces/include/chrono_ros_interfaces/chrono_ros_interfaces/srv/detail/ch_start_simulation__functions.h
[0.390s] -- Up-to-date: /home/ros/ros/build/src/chrono_ros/chrono_ros_interfaces/chrono_ros_interfaces/include/chrono_ros_interfaces/chrono_ros_interfaces/srv/detail/ch_stop_simulation__functions.c
[0.390s] -- Up-to-date: /home/ros/ros/build/src/chrono_ros/chrono_ros_interfaces/chrono_ros_interfaces/include/chrono_ros_interfaces/chrono_ros_interfaces/srv/detail/ch_start_simulation__description.c
[0.390s] -- Up-to-date: /home/ros/ros/build/src/chrono_ros/chrono_ros_interfaces/chrono_ros_interfaces/include/chrono_ros_interfaces/chrono_ros_interfaces/srv/detail/ch_stop_simulation__description.c
[0.390s] -- Up-to-date: /home/ros/ros/build/src/chrono_ros/chrono_ros_interfaces/chrono_ros_interfaces/include/chrono_ros_interfaces/chrono_ros_interfaces/srv/detail/ch_stop_simulation__functions.h
[0.390s] -- Up-to-date: /home/ros/ros/build/src/chrono_ros/chrono_ros_interfaces/chrono_ros_interfaces/include/chrono_ros_interfaces/chrono_ros_interfaces/srv/detail/ch_start_simulation__type_support.c
[0.390s] -- Up-to-date: /home/ros/ros/build/src/chrono_ros/chrono_ros_interfaces/chrono_ros_interfaces/include/chrono_ros_interfaces/chrono_ros_interfaces/srv/detail/ch_stop_simulation__type_support.h
[0.390s] -- Up-to-date: /home/ros/ros/build/src/chrono_ros/chrono_ros_interfaces/chrono_ros_interfaces/include/chrono_ros_interfaces/chrono_ros_interfaces/srv/detail/ch_start_simulation__functions.c
[0.390s] -- Up-to-date: /home/ros/ros/build/src/chrono_ros/chrono_ros_interfaces/chrono_ros_interfaces/include/chrono_ros_interfaces/chrono_ros_interfaces/srv/detail/ch_start_simulation__type_support.h
[0.391s] -- Up-to-date: /home/ros/ros/build/src/chrono_ros/chrono_ros_interfaces/chrono_ros_interfaces/include/chrono_ros_interfaces/chrono_ros_interfaces/srv/detail/ch_stop_simulation__type_support.c
[0.391s] -- Up-to-date: /home/ros/ros/build/src/chrono_ros/chrono_ros_interfaces/chrono_ros_interfaces/include/chrono_ros_interfaces/chrono_ros_interfaces/srv/ch_start_simulation.h
[0.391s] -- Up-to-date: /home/ros/ros/build/src/chrono_ros/chrono_ros_interfaces/chrono_ros_interfaces/include/chrono_ros_interfaces/chrono_ros_interfaces/msg
[0.391s] -- Up-to-date: /home/ros/ros/build/src/chrono_ros/chrono_ros_interfaces/chrono_ros_interfaces/include/chrono_ros_interfaces/chrono_ros_interfaces/msg/rosidl_generator_c__visibility_control.h
[0.391s] -- Up-to-date: /home/ros/ros/build/src/chrono_ros/chrono_ros_interfaces/chrono_ros_interfaces/include/chrono_ros_interfaces/chrono_ros_interfaces/msg/ch_vehicle.h
[0.391s] -- Up-to-date: /home/ros/ros/build/src/chrono_ros/chrono_ros_interfaces/chrono_ros_interfaces/include/chrono_ros_interfaces/chrono_ros_interfaces/msg/ch_body.h
[0.391s] -- Up-to-date: /home/ros/ros/build/src/chrono_ros/chrono_ros_interfaces/chrono_ros_interfaces/include/chrono_ros_interfaces/chrono_ros_interfaces/msg/detail
[0.391s] -- Up-to-date: /home/ros/ros/build/src/chrono_ros/chrono_ros_interfaces/chrono_ros_interfaces/include/chrono_ros_interfaces/chrono_ros_interfaces/msg/detail/ch_driver_inputs__description.c
[0.391s] -- Up-to-date: /home/ros/ros/build/src/chrono_ros/chrono_ros_interfaces/chrono_ros_interfaces/include/chrono_ros_interfaces/chrono_ros_interfaces/msg/detail/ch_driver_inputs__type_support.c
[0.392s] -- Up-to-date: /home/ros/ros/build/src/chrono_ros/chrono_ros_interfaces/chrono_ros_interfaces/include/chrono_ros_interfaces/chrono_ros_interfaces/msg/detail/ch_driver_inputs__functions.c
[0.392s] -- Up-to-date: /home/ros/ros/build/src/chrono_ros/chrono_ros_interfaces/chrono_ros_interfaces/include/chrono_ros_interfaces/chrono_ros_interfaces/msg/detail/ch_body__functions.h
[0.392s] -- Up-to-date: /home/ros/ros/build/src/chrono_ros/chrono_ros_interfaces/chrono_ros_interfaces/include/chrono_ros_interfaces/chrono_ros_interfaces/msg/detail/ch_vehicle__struct.h
[0.392s] -- Up-to-date: /home/ros/ros/build/src/chrono_ros/chrono_ros_interfaces/chrono_ros_interfaces/include/chrono_ros_interfaces/chrono_ros_interfaces/msg/detail/ch_vehicle__description.c
[0.392s] -- Up-to-date: /home/ros/ros/build/src/chrono_ros/chrono_ros_interfaces/chrono_ros_interfaces/include/chrono_ros_interfaces/chrono_ros_interfaces/msg/detail/ch_vehicle__type_support.h
[0.392s] -- Up-to-date: /home/ros/ros/build/src/chrono_ros/chrono_ros_interfaces/chrono_ros_interfaces/include/chrono_ros_interfaces/chrono_ros_interfaces/msg/detail/ch_body__type_support.h
[0.392s] -- Up-to-date: /home/ros/ros/build/src/chrono_ros/chrono_ros_interfaces/chrono_ros_interfaces/include/chrono_ros_interfaces/chrono_ros_interfaces/msg/detail/ch_driver_inputs__functions.h
[0.392s] -- Up-to-date: /home/ros/ros/build/src/chrono_ros/chrono_ros_interfaces/chrono_ros_interfaces/include/chrono_ros_interfaces/chrono_ros_interfaces/msg/detail/ch_vehicle__functions.h
[0.392s] -- Up-to-date: /home/ros/ros/build/src/chrono_ros/chrono_ros_interfaces/chrono_ros_interfaces/include/chrono_ros_interfaces/chrono_ros_interfaces/msg/detail/ch_vehicle__type_support.c
[0.392s] -- Up-to-date: /home/ros/ros/build/src/chrono_ros/chrono_ros_interfaces/chrono_ros_interfaces/include/chrono_ros_interfaces/chrono_ros_interfaces/msg/detail/ch_driver_inputs__type_support.h
[0.392s] -- Up-to-date: /home/ros/ros/build/src/chrono_ros/chrono_ros_interfaces/chrono_ros_interfaces/include/chrono_ros_interfaces/chrono_ros_interfaces/msg/detail/ch_body__struct.h
[0.392s] -- Up-to-date: /home/ros/ros/build/src/chrono_ros/chrono_ros_interfaces/chrono_ros_interfaces/include/chrono_ros_interfaces/chrono_ros_interfaces/msg/detail/ch_driver_inputs__struct.h
[0.392s] -- Up-to-date: /home/ros/ros/build/src/chrono_ros/chrono_ros_interfaces/chrono_ros_interfaces/include/chrono_ros_interfaces/chrono_ros_interfaces/msg/detail/ch_body__functions.c
[0.393s] -- Up-to-date: /home/ros/ros/build/src/chrono_ros/chrono_ros_interfaces/chrono_ros_interfaces/include/chrono_ros_interfaces/chrono_ros_interfaces/msg/detail/ch_body__description.c
[0.393s] -- Up-to-date: /home/ros/ros/build/src/chrono_ros/chrono_ros_interfaces/chrono_ros_interfaces/include/chrono_ros_interfaces/chrono_ros_interfaces/msg/detail/ch_vehicle__functions.c
[0.393s] -- Up-to-date: /home/ros/ros/build/src/chrono_ros/chrono_ros_interfaces/chrono_ros_interfaces/include/chrono_ros_interfaces/chrono_ros_interfaces/msg/detail/ch_body__type_support.c
[0.393s] -- Up-to-date: /home/ros/ros/build/src/chrono_ros/chrono_ros_interfaces/chrono_ros_interfaces/include/chrono_ros_interfaces/chrono_ros_interfaces/msg/ch_driver_inputs.h
[0.394s] -- Up-to-date: /home/ros/ros/build/src/chrono_ros/chrono_ros_interfaces/chrono_ros_interfaces/share/chrono_ros_interfaces/environment/library_path.sh
[0.394s] -- Up-to-date: /home/ros/ros/build/src/chrono_ros/chrono_ros_interfaces/chrono_ros_interfaces/share/chrono_ros_interfaces/environment/library_path.dsv
[0.394s] -- Up-to-date: /home/ros/ros/build/src/chrono_ros/chrono_ros_interfaces/chrono_ros_interfaces/lib/libchrono_ros_interfaces__rosidl_generator_c.so
[0.394s] -- Up-to-date: /home/ros/ros/build/src/chrono_ros/chrono_ros_interfaces/chrono_ros_interfaces/include/chrono_ros_interfaces/chrono_ros_interfaces
[0.394s] -- Up-to-date: /home/ros/ros/build/src/chrono_ros/chrono_ros_interfaces/chrono_ros_interfaces/include/chrono_ros_interfaces/chrono_ros_interfaces/srv
[0.394s] -- Up-to-date: /home/ros/ros/build/src/chrono_ros/chrono_ros_interfaces/chrono_ros_interfaces/include/chrono_ros_interfaces/chrono_ros_interfaces/srv/detail
[0.394s] -- Up-to-date: /home/ros/ros/build/src/chrono_ros/chrono_ros_interfaces/chrono_ros_interfaces/include/chrono_ros_interfaces/chrono_ros_interfaces/srv/detail/ch_start_simulation__rosidl_typesupport_fastrtps_c.h
[0.394s] -- Up-to-date: /home/ros/ros/build/src/chrono_ros/chrono_ros_interfaces/chrono_ros_interfaces/include/chrono_ros_interfaces/chrono_ros_interfaces/srv/detail/ch_stop_simulation__rosidl_typesupport_fastrtps_c.h
[0.394s] -- Up-to-date: /home/ros/ros/build/src/chrono_ros/chrono_ros_interfaces/chrono_ros_interfaces/include/chrono_ros_interfaces/chrono_ros_interfaces/msg
[0.394s] -- Up-to-date: /home/ros/ros/build/src/chrono_ros/chrono_ros_interfaces/chrono_ros_interfaces/include/chrono_ros_interfaces/chrono_ros_interfaces/msg/rosidl_typesupport_fastrtps_c__visibility_control.h
[0.394s] -- Up-to-date: /home/ros/ros/build/src/chrono_ros/chrono_ros_interfaces/chrono_ros_interfaces/include/chrono_ros_interfaces/chrono_ros_interfaces/msg/detail
[0.394s] -- Up-to-date: /home/ros/ros/build/src/chrono_ros/chrono_ros_interfaces/chrono_ros_interfaces/include/chrono_ros_interfaces/chrono_ros_interfaces/msg/detail/ch_body__rosidl_typesupport_fastrtps_c.h
[0.394s] -- Up-to-date: /home/ros/ros/build/src/chrono_ros/chrono_ros_interfaces/chrono_ros_interfaces/include/chrono_ros_interfaces/chrono_ros_interfaces/msg/detail/ch_vehicle__rosidl_typesupport_fastrtps_c.h
[0.394s] -- Up-to-date: /home/ros/ros/build/src/chrono_ros/chrono_ros_interfaces/chrono_ros_interfaces/include/chrono_ros_interfaces/chrono_ros_interfaces/msg/detail/ch_driver_inputs__rosidl_typesupport_fastrtps_c.h
[0.394s] -- Up-to-date: /home/ros/ros/build/src/chrono_ros/chrono_ros_interfaces/chrono_ros_interfaces/lib/libchrono_ros_interfaces__rosidl_typesupport_fastrtps_c.so
[0.394s] -- Up-to-date: /home/ros/ros/build/src/chrono_ros/chrono_ros_interfaces/chrono_ros_interfaces/include/chrono_ros_interfaces/chrono_ros_interfaces
[0.394s] -- Up-to-date: /home/ros/ros/build/src/chrono_ros/chrono_ros_interfaces/chrono_ros_interfaces/include/chrono_ros_interfaces/chrono_ros_interfaces/srv
[0.394s] -- Up-to-date: /home/ros/ros/build/src/chrono_ros/chrono_ros_interfaces/chrono_ros_interfaces/include/chrono_ros_interfaces/chrono_ros_interfaces/srv/detail
[0.394s] -- Up-to-date: /home/ros/ros/build/src/chrono_ros/chrono_ros_interfaces/chrono_ros_interfaces/include/chrono_ros_interfaces/chrono_ros_interfaces/srv/detail/ch_start_simulation__struct.hpp
[0.394s] -- Up-to-date: /home/ros/ros/build/src/chrono_ros/chrono_ros_interfaces/chrono_ros_interfaces/include/chrono_ros_interfaces/chrono_ros_interfaces/srv/detail/ch_stop_simulation__traits.hpp
[0.394s] -- Up-to-date: /home/ros/ros/build/src/chrono_ros/chrono_ros_interfaces/chrono_ros_interfaces/include/chrono_ros_interfaces/chrono_ros_interfaces/srv/detail/ch_stop_simulation__builder.hpp
[0.394s] -- Up-to-date: /home/ros/ros/build/src/chrono_ros/chrono_ros_interfaces/chrono_ros_interfaces/include/chrono_ros_interfaces/chrono_ros_interfaces/srv/detail/ch_start_simulation__builder.hpp
[0.395s] -- Up-to-date: /home/ros/ros/build/src/chrono_ros/chrono_ros_interfaces/chrono_ros_interfaces/include/chrono_ros_interfaces/chrono_ros_interfaces/srv/detail/ch_start_simulation__traits.hpp
[0.395s] -- Up-to-date: /home/ros/ros/build/src/chrono_ros/chrono_ros_interfaces/chrono_ros_interfaces/include/chrono_ros_interfaces/chrono_ros_interfaces/srv/detail/ch_stop_simulation__struct.hpp
[0.395s] -- Up-to-date: /home/ros/ros/build/src/chrono_ros/chrono_ros_interfaces/chrono_ros_interfaces/include/chrono_ros_interfaces/chrono_ros_interfaces/srv/ch_stop_simulation.hpp
[0.395s] -- Up-to-date: /home/ros/ros/build/src/chrono_ros/chrono_ros_interfaces/chrono_ros_interfaces/include/chrono_ros_interfaces/chrono_ros_interfaces/srv/ch_start_simulation.hpp
[0.395s] -- Up-to-date: /home/ros/ros/build/src/chrono_ros/chrono_ros_interfaces/chrono_ros_interfaces/include/chrono_ros_interfaces/chrono_ros_interfaces/msg
[0.395s] -- Up-to-date: /home/ros/ros/build/src/chrono_ros/chrono_ros_interfaces/chrono_ros_interfaces/include/chrono_ros_interfaces/chrono_ros_interfaces/msg/ch_driver_inputs.hpp
[0.395s] -- Up-to-date: /home/ros/ros/build/src/chrono_ros/chrono_ros_interfaces/chrono_ros_interfaces/include/chrono_ros_interfaces/chrono_ros_interfaces/msg/detail
[0.395s] -- Up-to-date: /home/ros/ros/build/src/chrono_ros/chrono_ros_interfaces/chrono_ros_interfaces/include/chrono_ros_interfaces/chrono_ros_interfaces/msg/detail/ch_driver_inputs__traits.hpp
[0.395s] -- Up-to-date: /home/ros/ros/build/src/chrono_ros/chrono_ros_interfaces/chrono_ros_interfaces/include/chrono_ros_interfaces/chrono_ros_interfaces/msg/detail/ch_vehicle__traits.hpp
[0.395s] -- Up-to-date: /home/ros/ros/build/src/chrono_ros/chrono_ros_interfaces/chrono_ros_interfaces/include/chrono_ros_interfaces/chrono_ros_interfaces/msg/detail/ch_driver_inputs__struct.hpp
[0.395s] -- Up-to-date: /home/ros/ros/build/src/chrono_ros/chrono_ros_interfaces/chrono_ros_interfaces/include/chrono_ros_interfaces/chrono_ros_interfaces/msg/detail/ch_driver_inputs__builder.hpp
[0.395s] -- Up-to-date: /home/ros/ros/build/src/chrono_ros/chrono_ros_interfaces/chrono_ros_interfaces/include/chrono_ros_interfaces/chrono_ros_interfaces/msg/detail/ch_vehicle__struct.hpp
[0.395s] -- Up-to-date: /home/ros/ros/build/src/chrono_ros/chrono_ros_interfaces/chrono_ros_interfaces/include/chrono_ros_interfaces/chrono_ros_interfaces/msg/detail/ch_body__builder.hpp
[0.395s] -- Up-to-date: /home/ros/ros/build/src/chrono_ros/chrono_ros_interfaces/chrono_ros_interfaces/include/chrono_ros_interfaces/chrono_ros_interfaces/msg/detail/ch_body__traits.hpp
[0.395s] -- Up-to-date: /home/ros/ros/build/src/chrono_ros/chrono_ros_interfaces/chrono_ros_interfaces/include/chrono_ros_interfaces/chrono_ros_interfaces/msg/detail/ch_vehicle__builder.hpp
[0.395s] -- Up-to-date: /home/ros/ros/build/src/chrono_ros/chrono_ros_interfaces/chrono_ros_interfaces/include/chrono_ros_interfaces/chrono_ros_interfaces/msg/detail/ch_body__struct.hpp
[0.395s] -- Up-to-date: /home/ros/ros/build/src/chrono_ros/chrono_ros_interfaces/chrono_ros_interfaces/include/chrono_ros_interfaces/chrono_ros_interfaces/msg/ch_body.hpp
[0.395s] -- Up-to-date: /home/ros/ros/build/src/chrono_ros/chrono_ros_interfaces/chrono_ros_interfaces/include/chrono_ros_interfaces/chrono_ros_interfaces/msg/ch_vehicle.hpp
[0.395s] -- Up-to-date: /home/ros/ros/build/src/chrono_ros/chrono_ros_interfaces/chrono_ros_interfaces/include/chrono_ros_interfaces/chrono_ros_interfaces
[0.395s] -- Up-to-date: /home/ros/ros/build/src/chrono_ros/chrono_ros_interfaces/chrono_ros_interfaces/include/chrono_ros_interfaces/chrono_ros_interfaces/srv
[0.395s] -- Up-to-date: /home/ros/ros/build/src/chrono_ros/chrono_ros_interfaces/chrono_ros_interfaces/include/chrono_ros_interfaces/chrono_ros_interfaces/srv/detail
[0.395s] -- Up-to-date: /home/ros/ros/build/src/chrono_ros/chrono_ros_interfaces/chrono_ros_interfaces/include/chrono_ros_interfaces/chrono_ros_interfaces/srv/detail/ch_start_simulation__rosidl_typesupport_fastrtps_cpp.hpp
[0.396s] -- Up-to-date: /home/ros/ros/build/src/chrono_ros/chrono_ros_interfaces/chrono_ros_interfaces/include/chrono_ros_interfaces/chrono_ros_interfaces/srv/detail/ch_stop_simulation__rosidl_typesupport_fastrtps_cpp.hpp
[0.396s] -- Up-to-date: /home/ros/ros/build/src/chrono_ros/chrono_ros_interfaces/chrono_ros_interfaces/include/chrono_ros_interfaces/chrono_ros_interfaces/srv/detail/dds_fastrtps
[0.396s] -- Up-to-date: /home/ros/ros/build/src/chrono_ros/chrono_ros_interfaces/chrono_ros_interfaces/include/chrono_ros_interfaces/chrono_ros_interfaces/msg
[0.396s] -- Up-to-date: /home/ros/ros/build/src/chrono_ros/chrono_ros_interfaces/chrono_ros_interfaces/include/chrono_ros_interfaces/chrono_ros_interfaces/msg/detail
[0.396s] -- Up-to-date: /home/ros/ros/build/src/chrono_ros/chrono_ros_interfaces/chrono_ros_interfaces/include/chrono_ros_interfaces/chrono_ros_interfaces/msg/detail/ch_body__rosidl_typesupport_fastrtps_cpp.hpp
[0.396s] -- Up-to-date: /home/ros/ros/build/src/chrono_ros/chrono_ros_interfaces/chrono_ros_interfaces/include/chrono_ros_interfaces/chrono_ros_interfaces/msg/detail/ch_driver_inputs__rosidl_typesupport_fastrtps_cpp.hpp
[0.396s] -- Up-to-date: /home/ros/ros/build/src/chrono_ros/chrono_ros_interfaces/chrono_ros_interfaces/include/chrono_ros_interfaces/chrono_ros_interfaces/msg/detail/dds_fastrtps
[0.396s] -- Up-to-date: /home/ros/ros/build/src/chrono_ros/chrono_ros_interfaces/chrono_ros_interfaces/include/chrono_ros_interfaces/chrono_ros_interfaces/msg/detail/ch_vehicle__rosidl_typesupport_fastrtps_cpp.hpp
[0.396s] -- Up-to-date: /home/ros/ros/build/src/chrono_ros/chrono_ros_interfaces/chrono_ros_interfaces/include/chrono_ros_interfaces/chrono_ros_interfaces/msg/rosidl_typesupport_fastrtps_cpp__visibility_control.h
[0.396s] -- Up-to-date: /home/ros/ros/build/src/chrono_ros/chrono_ros_interfaces/chrono_ros_interfaces/lib/libchrono_ros_interfaces__rosidl_typesupport_fastrtps_cpp.so
[0.396s] -- Up-to-date: /home/ros/ros/build/src/chrono_ros/chrono_ros_interfaces/chrono_ros_interfaces/include/chrono_ros_interfaces/chrono_ros_interfaces
[0.396s] -- Up-to-date: /home/ros/ros/build/src/chrono_ros/chrono_ros_interfaces/chrono_ros_interfaces/include/chrono_ros_interfaces/chrono_ros_interfaces/srv
[0.396s] -- Up-to-date: /home/ros/ros/build/src/chrono_ros/chrono_ros_interfaces/chrono_ros_interfaces/include/chrono_ros_interfaces/chrono_ros_interfaces/srv/detail
[0.396s] -- Up-to-date: /home/ros/ros/build/src/chrono_ros/chrono_ros_interfaces/chrono_ros_interfaces/include/chrono_ros_interfaces/chrono_ros_interfaces/srv/detail/ch_start_simulation__rosidl_typesupport_introspection_c.h
[0.396s] -- Up-to-date: /home/ros/ros/build/src/chrono_ros/chrono_ros_interfaces/chrono_ros_interfaces/include/chrono_ros_interfaces/chrono_ros_interfaces/srv/detail/ch_start_simulation__type_support.c
[0.396s] -- Up-to-date: /home/ros/ros/build/src/chrono_ros/chrono_ros_interfaces/chrono_ros_interfaces/include/chrono_ros_interfaces/chrono_ros_interfaces/srv/detail/ch_stop_simulation__rosidl_typesupport_introspection_c.h
[0.396s] -- Up-to-date: /home/ros/ros/build/src/chrono_ros/chrono_ros_interfaces/chrono_ros_interfaces/include/chrono_ros_interfaces/chrono_ros_interfaces/srv/detail/ch_stop_simulation__type_support.c
[0.396s] -- Up-to-date: /home/ros/ros/build/src/chrono_ros/chrono_ros_interfaces/chrono_ros_interfaces/include/chrono_ros_interfaces/chrono_ros_interfaces/msg
[0.396s] -- Up-to-date: /home/ros/ros/build/src/chrono_ros/chrono_ros_interfaces/chrono_ros_interfaces/include/chrono_ros_interfaces/chrono_ros_interfaces/msg/rosidl_typesupport_introspection_c__visibility_control.h
[0.396s] -- Up-to-date: /home/ros/ros/build/src/chrono_ros/chrono_ros_interfaces/chrono_ros_interfaces/include/chrono_ros_interfaces/chrono_ros_interfaces/msg/detail
[0.396s] -- Up-to-date: /home/ros/ros/build/src/chrono_ros/chrono_ros_interfaces/chrono_ros_interfaces/include/chrono_ros_interfaces/chrono_ros_interfaces/msg/detail/ch_driver_inputs__type_support.c
[0.396s] -- Up-to-date: /home/ros/ros/build/src/chrono_ros/chrono_ros_interfaces/chrono_ros_interfaces/include/chrono_ros_interfaces/chrono_ros_interfaces/msg/detail/ch_body__rosidl_typesupport_introspection_c.h
[0.397s] -- Up-to-date: /home/ros/ros/build/src/chrono_ros/chrono_ros_interfaces/chrono_ros_interfaces/include/chrono_ros_interfaces/chrono_ros_interfaces/msg/detail/ch_vehicle__type_support.c
[0.397s] -- Up-to-date: /home/ros/ros/build/src/chrono_ros/chrono_ros_interfaces/chrono_ros_interfaces/include/chrono_ros_interfaces/chrono_ros_interfaces/msg/detail/ch_driver_inputs__rosidl_typesupport_introspection_c.h
[0.397s] -- Up-to-date: /home/ros/ros/build/src/chrono_ros/chrono_ros_interfaces/chrono_ros_interfaces/include/chrono_ros_interfaces/chrono_ros_interfaces/msg/detail/ch_vehicle__rosidl_typesupport_introspection_c.h
[0.397s] -- Up-to-date: /home/ros/ros/build/src/chrono_ros/chrono_ros_interfaces/chrono_ros_interfaces/include/chrono_ros_interfaces/chrono_ros_interfaces/msg/detail/ch_body__type_support.c
[0.397s] -- Up-to-date: /home/ros/ros/build/src/chrono_ros/chrono_ros_interfaces/chrono_ros_interfaces/lib/libchrono_ros_interfaces__rosidl_typesupport_introspection_c.so
[0.397s] -- Up-to-date: /home/ros/ros/build/src/chrono_ros/chrono_ros_interfaces/chrono_ros_interfaces/lib/libchrono_ros_interfaces__rosidl_typesupport_c.so
[0.397s] -- Up-to-date: /home/ros/ros/build/src/chrono_ros/chrono_ros_interfaces/chrono_ros_interfaces/include/chrono_ros_interfaces/chrono_ros_interfaces
[0.397s] -- Up-to-date: /home/ros/ros/build/src/chrono_ros/chrono_ros_interfaces/chrono_ros_interfaces/include/chrono_ros_interfaces/chrono_ros_interfaces/srv
[0.397s] -- Up-to-date: /home/ros/ros/build/src/chrono_ros/chrono_ros_interfaces/chrono_ros_interfaces/include/chrono_ros_interfaces/chrono_ros_interfaces/srv/detail
[0.397s] -- Up-to-date: /home/ros/ros/build/src/chrono_ros/chrono_ros_interfaces/chrono_ros_interfaces/include/chrono_ros_interfaces/chrono_ros_interfaces/srv/detail/ch_stop_simulation__type_support.cpp
[0.397s] -- Up-to-date: /home/ros/ros/build/src/chrono_ros/chrono_ros_interfaces/chrono_ros_interfaces/include/chrono_ros_interfaces/chrono_ros_interfaces/srv/detail/ch_stop_simulation__rosidl_typesupport_introspection_cpp.hpp
[0.397s] -- Up-to-date: /home/ros/ros/build/src/chrono_ros/chrono_ros_interfaces/chrono_ros_interfaces/include/chrono_ros_interfaces/chrono_ros_interfaces/srv/detail/ch_start_simulation__rosidl_typesupport_introspection_cpp.hpp
[0.397s] -- Up-to-date: /home/ros/ros/build/src/chrono_ros/chrono_ros_interfaces/chrono_ros_interfaces/include/chrono_ros_interfaces/chrono_ros_interfaces/srv/detail/ch_start_simulation__type_support.cpp
[0.397s] -- Up-to-date: /home/ros/ros/build/src/chrono_ros/chrono_ros_interfaces/chrono_ros_interfaces/include/chrono_ros_interfaces/chrono_ros_interfaces/msg
[0.397s] -- Up-to-date: /home/ros/ros/build/src/chrono_ros/chrono_ros_interfaces/chrono_ros_interfaces/include/chrono_ros_interfaces/chrono_ros_interfaces/msg/detail
[0.397s] -- Up-to-date: /home/ros/ros/build/src/chrono_ros/chrono_ros_interfaces/chrono_ros_interfaces/include/chrono_ros_interfaces/chrono_ros_interfaces/msg/detail/ch_body__type_support.cpp
[0.397s] -- Up-to-date: /home/ros/ros/build/src/chrono_ros/chrono_ros_interfaces/chrono_ros_interfaces/include/chrono_ros_interfaces/chrono_ros_interfaces/msg/detail/ch_vehicle__type_support.cpp
[0.397s] -- Up-to-date: /home/ros/ros/build/src/chrono_ros/chrono_ros_interfaces/chrono_ros_interfaces/include/chrono_ros_interfaces/chrono_ros_interfaces/msg/detail/ch_vehicle__rosidl_typesupport_introspection_cpp.hpp
[0.397s] -- Up-to-date: /home/ros/ros/build/src/chrono_ros/chrono_ros_interfaces/chrono_ros_interfaces/include/chrono_ros_interfaces/chrono_ros_interfaces/msg/detail/ch_driver_inputs__rosidl_typesupport_introspection_cpp.hpp
[0.397s] -- Up-to-date: /home/ros/ros/build/src/chrono_ros/chrono_ros_interfaces/chrono_ros_interfaces/include/chrono_ros_interfaces/chrono_ros_interfaces/msg/detail/ch_body__rosidl_typesupport_introspection_cpp.hpp
[0.397s] -- Up-to-date: /home/ros/ros/build/src/chrono_ros/chrono_ros_interfaces/chrono_ros_interfaces/include/chrono_ros_interfaces/chrono_ros_interfaces/msg/detail/ch_driver_inputs__type_support.cpp
[0.398s] -- Up-to-date: /home/ros/ros/build/src/chrono_ros/chrono_ros_interfaces/chrono_ros_interfaces/lib/libchrono_ros_interfaces__rosidl_typesupport_introspection_cpp.so
[0.398s] -- Up-to-date: /home/ros/ros/build/src/chrono_ros/chrono_ros_interfaces/chrono_ros_interfaces/lib/libchrono_ros_interfaces__rosidl_typesupport_cpp.so
[0.398s] -- Up-to-date: /home/ros/ros/build/src/chrono_ros/chrono_ros_interfaces/chrono_ros_interfaces/share/chrono_ros_interfaces/environment/pythonpath.sh
[0.398s] -- Up-to-date: /home/ros/ros/build/src/chrono_ros/chrono_ros_interfaces/chrono_ros_interfaces/share/chrono_ros_interfaces/environment/pythonpath.dsv
[0.398s] -- Up-to-date: /home/ros/ros/build/src/chrono_ros/chrono_ros_interfaces/chrono_ros_interfaces/lib/python3.10/site-packages/chrono_ros_interfaces-0.0.0-py3.10.egg-info
[0.398s] -- Installing: /home/ros/ros/build/src/chrono_ros/chrono_ros_interfaces/chrono_ros_interfaces/lib/python3.10/site-packages/chrono_ros_interfaces-0.0.0-py3.10.egg-info/SOURCES.txt
[0.398s] -- Installing: /home/ros/ros/build/src/chrono_ros/chrono_ros_interfaces/chrono_ros_interfaces/lib/python3.10/site-packages/chrono_ros_interfaces-0.0.0-py3.10.egg-info/PKG-INFO
[0.398s] -- Installing: /home/ros/ros/build/src/chrono_ros/chrono_ros_interfaces/chrono_ros_interfaces/lib/python3.10/site-packages/chrono_ros_interfaces-0.0.0-py3.10.egg-info/top_level.txt
[0.398s] -- Installing: /home/ros/ros/build/src/chrono_ros/chrono_ros_interfaces/chrono_ros_interfaces/lib/python3.10/site-packages/chrono_ros_interfaces-0.0.0-py3.10.egg-info/dependency_links.txt
[0.398s] -- Up-to-date: /home/ros/ros/build/src/chrono_ros/chrono_ros_interfaces/chrono_ros_interfaces/lib/python3.10/site-packages/chrono_ros_interfaces
[0.398s] -- Up-to-date: /home/ros/ros/build/src/chrono_ros/chrono_ros_interfaces/chrono_ros_interfaces/lib/python3.10/site-packages/chrono_ros_interfaces/srv
[0.398s] -- Up-to-date: /home/ros/ros/build/src/chrono_ros/chrono_ros_interfaces/chrono_ros_interfaces/lib/python3.10/site-packages/chrono_ros_interfaces/srv/_ch_start_simulation_s.c
[0.398s] -- Up-to-date: /home/ros/ros/build/src/chrono_ros/chrono_ros_interfaces/chrono_ros_interfaces/lib/python3.10/site-packages/chrono_ros_interfaces/srv/_ch_stop_simulation_s.c
[0.398s] -- Up-to-date: /home/ros/ros/build/src/chrono_ros/chrono_ros_interfaces/chrono_ros_interfaces/lib/python3.10/site-packages/chrono_ros_interfaces/srv/__init__.py
[0.398s] -- Up-to-date: /home/ros/ros/build/src/chrono_ros/chrono_ros_interfaces/chrono_ros_interfaces/lib/python3.10/site-packages/chrono_ros_interfaces/srv/_ch_start_simulation.py
[0.398s] -- Up-to-date: /home/ros/ros/build/src/chrono_ros/chrono_ros_interfaces/chrono_ros_interfaces/lib/python3.10/site-packages/chrono_ros_interfaces/srv/_ch_stop_simulation.py
[0.398s] -- Up-to-date: /home/ros/ros/build/src/chrono_ros/chrono_ros_interfaces/chrono_ros_interfaces/lib/python3.10/site-packages/chrono_ros_interfaces/__init__.py
[0.398s] -- Up-to-date: /home/ros/ros/build/src/chrono_ros/chrono_ros_interfaces/chrono_ros_interfaces/lib/python3.10/site-packages/chrono_ros_interfaces/chrono_ros_interfaces_s__rosidl_typesupport_fastrtps_c.cpython-310-x86_64-linux-gnu.so
[0.398s] -- Up-to-date: /home/ros/ros/build/src/chrono_ros/chrono_ros_interfaces/chrono_ros_interfaces/lib/python3.10/site-packages/chrono_ros_interfaces/msg
[0.398s] -- Up-to-date: /home/ros/ros/build/src/chrono_ros/chrono_ros_interfaces/chrono_ros_interfaces/lib/python3.10/site-packages/chrono_ros_interfaces/msg/_ch_body_s.c
[0.398s] -- Up-to-date: /home/ros/ros/build/src/chrono_ros/chrono_ros_interfaces/chrono_ros_interfaces/lib/python3.10/site-packages/chrono_ros_interfaces/msg/_ch_driver_inputs_s.c
[0.399s] -- Up-to-date: /home/ros/ros/build/src/chrono_ros/chrono_ros_interfaces/chrono_ros_interfaces/lib/python3.10/site-packages/chrono_ros_interfaces/msg/__init__.py
[0.399s] -- Up-to-date: /home/ros/ros/build/src/chrono_ros/chrono_ros_interfaces/chrono_ros_interfaces/lib/python3.10/site-packages/chrono_ros_interfaces/msg/_ch_vehicle_s.c
[0.399s] -- Up-to-date: /home/ros/ros/build/src/chrono_ros/chrono_ros_interfaces/chrono_ros_interfaces/lib/python3.10/site-packages/chrono_ros_interfaces/msg/_ch_driver_inputs.py
[0.399s] -- Up-to-date: /home/ros/ros/build/src/chrono_ros/chrono_ros_interfaces/chrono_ros_interfaces/lib/python3.10/site-packages/chrono_ros_interfaces/msg/_ch_vehicle.py
[0.399s] -- Up-to-date: /home/ros/ros/build/src/chrono_ros/chrono_ros_interfaces/chrono_ros_interfaces/lib/python3.10/site-packages/chrono_ros_interfaces/msg/_ch_body.py
[0.399s] -- Up-to-date: /home/ros/ros/build/src/chrono_ros/chrono_ros_interfaces/chrono_ros_interfaces/lib/python3.10/site-packages/chrono_ros_interfaces/_chrono_ros_interfaces_s.ep.rosidl_typesupport_introspection_c.c
[0.399s] -- Up-to-date: /home/ros/ros/build/src/chrono_ros/chrono_ros_interfaces/chrono_ros_interfaces/lib/python3.10/site-packages/chrono_ros_interfaces/chrono_ros_interfaces_s__rosidl_typesupport_introspection_c.cpython-310-x86_64-linux-gnu.so
[0.399s] -- Up-to-date: /home/ros/ros/build/src/chrono_ros/chrono_ros_interfaces/chrono_ros_interfaces/lib/python3.10/site-packages/chrono_ros_interfaces/chrono_ros_interfaces_s__rosidl_typesupport_c.cpython-310-x86_64-linux-gnu.so
[0.399s] -- Up-to-date: /home/ros/ros/build/src/chrono_ros/chrono_ros_interfaces/chrono_ros_interfaces/lib/python3.10/site-packages/chrono_ros_interfaces/libchrono_ros_interfaces__rosidl_generator_py.so
[0.399s] -- Up-to-date: /home/ros/ros/build/src/chrono_ros/chrono_ros_interfaces/chrono_ros_interfaces/lib/python3.10/site-packages/chrono_ros_interfaces/_chrono_ros_interfaces_s.ep.rosidl_typesupport_c.c
[0.399s] -- Up-to-date: /home/ros/ros/build/src/chrono_ros/chrono_ros_interfaces/chrono_ros_interfaces/lib/python3.10/site-packages/chrono_ros_interfaces/_chrono_ros_interfaces_s.ep.rosidl_typesupport_fastrtps_c.c
[0.420s] Listing '/home/ros/ros/build/src/chrono_ros/chrono_ros_interfaces/chrono_ros_interfaces/lib/python3.10/site-packages/chrono_ros_interfaces'...
[0.420s] Listing '/home/ros/ros/build/src/chrono_ros/chrono_ros_interfaces/chrono_ros_interfaces/lib/python3.10/site-packages/chrono_ros_interfaces/msg'...
[0.420s] Listing '/home/ros/ros/build/src/chrono_ros/chrono_ros_interfaces/chrono_ros_interfaces/lib/python3.10/site-packages/chrono_ros_interfaces/srv'...
[0.423s] -- Up-to-date: /home/ros/ros/build/src/chrono_ros/chrono_ros_interfaces/chrono_ros_interfaces/lib/python3.10/site-packages/chrono_ros_interfaces/chrono_ros_interfaces_s__rosidl_typesupport_fastrtps_c.cpython-310-x86_64-linux-gnu.so
[0.424s] -- Up-to-date: /home/ros/ros/build/src/chrono_ros/chrono_ros_interfaces/chrono_ros_interfaces/lib/python3.10/site-packages/chrono_ros_interfaces/chrono_ros_interfaces_s__rosidl_typesupport_introspection_c.cpython-310-x86_64-linux-gnu.so
[0.424s] -- Up-to-date: /home/ros/ros/build/src/chrono_ros/chrono_ros_interfaces/chrono_ros_interfaces/lib/python3.10/site-packages/chrono_ros_interfaces/chrono_ros_interfaces_s__rosidl_typesupport_c.cpython-310-x86_64-linux-gnu.so
[0.424s] -- Up-to-date: /home/ros/ros/build/src/chrono_ros/chrono_ros_interfaces/chrono_ros_interfaces/lib/libchrono_ros_interfaces__rosidl_generator_py.so
[0.424s] -- Up-to-date: /home/ros/ros/build/src/chrono_ros/chrono_ros_interfaces/chrono_ros_interfaces/share/chrono_ros_interfaces/msg/ChVehicle.idl
[0.425s] -- Up-to-date: /home/ros/ros/build/src/chrono_ros/chrono_ros_interfaces/chrono_ros_interfaces/share/chrono_ros_interfaces/msg/ChDriverInputs.idl
[0.425s] -- Up-to-date: /home/ros/ros/build/src/chrono_ros/chrono_ros_interfaces/chrono_ros_interfaces/share/chrono_ros_interfaces/msg/ChBody.idl
[0.425s] -- Up-to-date: /home/ros/ros/build/src/chrono_ros/chrono_ros_interfaces/chrono_ros_interfaces/share/chrono_ros_interfaces/srv/ChStartSimulation.idl
[0.425s] -- Up-to-date: /home/ros/ros/build/src/chrono_ros/chrono_ros_interfaces/chrono_ros_interfaces/share/chrono_ros_interfaces/srv/ChStopSimulation.idl
[0.425s] -- Up-to-date: /home/ros/ros/build/src/chrono_ros/chrono_ros_interfaces/chrono_ros_interfaces/share/chrono_ros_interfaces/msg/ChVehicle.msg
[0.425s] -- Up-to-date: /home/ros/ros/build/src/chrono_ros/chrono_ros_interfaces/chrono_ros_interfaces/share/chrono_ros_interfaces/msg/ChDriverInputs.msg
[0.425s] -- Up-to-date: /home/ros/ros/build/src/chrono_ros/chrono_ros_interfaces/chrono_ros_interfaces/share/chrono_ros_interfaces/msg/ChBody.msg
[0.425s] -- Up-to-date: /home/ros/ros/build/src/chrono_ros/chrono_ros_interfaces/chrono_ros_interfaces/share/chrono_ros_interfaces/srv/ChStartSimulation.srv
[0.425s] -- Up-to-date: /home/ros/ros/build/src/chrono_ros/chrono_ros_interfaces/chrono_ros_interfaces/share/chrono_ros_interfaces/srv/ChStartSimulation_Request.msg
[0.425s] -- Up-to-date: /home/ros/ros/build/src/chrono_ros/chrono_ros_interfaces/chrono_ros_interfaces/share/chrono_ros_interfaces/srv/ChStartSimulation_Response.msg
[0.426s] -- Up-to-date: /home/ros/ros/build/src/chrono_ros/chrono_ros_interfaces/chrono_ros_interfaces/share/chrono_ros_interfaces/srv/ChStopSimulation.srv
[0.426s] -- Up-to-date: /home/ros/ros/build/src/chrono_ros/chrono_ros_interfaces/chrono_ros_interfaces/share/chrono_ros_interfaces/srv/ChStopSimulation_Request.msg
[0.426s] -- Up-to-date: /home/ros/ros/build/src/chrono_ros/chrono_ros_interfaces/chrono_ros_interfaces/share/chrono_ros_interfaces/srv/ChStopSimulation_Response.msg
[0.426s] -- Up-to-date: /home/ros/ros/build/src/chrono_ros/chrono_ros_interfaces/chrono_ros_interfaces/share/ament_index/resource_index/package_run_dependencies/chrono_ros_interfaces
[0.426s] -- Up-to-date: /home/ros/ros/build/src/chrono_ros/chrono_ros_interfaces/chrono_ros_interfaces/share/ament_index/resource_index/parent_prefix_path/chrono_ros_interfaces
[0.426s] -- Up-to-date: /home/ros/ros/build/src/chrono_ros/chrono_ros_interfaces/chrono_ros_interfaces/share/chrono_ros_interfaces/environment/ament_prefix_path.sh
[0.426s] -- Up-to-date: /home/ros/ros/build/src/chrono_ros/chrono_ros_interfaces/chrono_ros_interfaces/share/chrono_ros_interfaces/environment/ament_prefix_path.dsv
[0.427s] -- Up-to-date: /home/ros/ros/build/src/chrono_ros/chrono_ros_interfaces/chrono_ros_interfaces/share/chrono_ros_interfaces/environment/path.sh
[0.427s] -- Up-to-date: /home/ros/ros/build/src/chrono_ros/chrono_ros_interfaces/chrono_ros_interfaces/share/chrono_ros_interfaces/environment/path.dsv
[0.427s] -- Up-to-date: /home/ros/ros/build/src/chrono_ros/chrono_ros_interfaces/chrono_ros_interfaces/share/chrono_ros_interfaces/local_setup.bash
[0.427s] -- Up-to-date: /home/ros/ros/build/src/chrono_ros/chrono_ros_interfaces/chrono_ros_interfaces/share/chrono_ros_interfaces/local_setup.sh
[0.427s] -- Up-to-date: /home/ros/ros/build/src/chrono_ros/chrono_ros_interfaces/chrono_ros_interfaces/share/chrono_ros_interfaces/local_setup.zsh
[0.427s] -- Up-to-date: /home/ros/ros/build/src/chrono_ros/chrono_ros_interfaces/chrono_ros_interfaces/share/chrono_ros_interfaces/local_setup.dsv
[0.427s] -- Installing: /home/ros/ros/build/src/chrono_ros/chrono_ros_interfaces/chrono_ros_interfaces/share/chrono_ros_interfaces/package.dsv
[0.427s] -- Up-to-date: /home/ros/ros/build/src/chrono_ros/chrono_ros_interfaces/chrono_ros_interfaces/share/ament_index/resource_index/packages/chrono_ros_interfaces
[0.428s] -- Up-to-date: /home/ros/ros/build/src/chrono_ros/chrono_ros_interfaces/chrono_ros_interfaces/share/chrono_ros_interfaces/cmake/export_chrono_ros_interfaces__rosidl_generator_cExport.cmake
[0.428s] -- Up-to-date: /home/ros/ros/build/src/chrono_ros/chrono_ros_interfaces/chrono_ros_interfaces/share/chrono_ros_interfaces/cmake/export_chrono_ros_interfaces__rosidl_generator_cExport-noconfig.cmake
[0.428s] -- Up-to-date: /home/ros/ros/build/src/chrono_ros/chrono_ros_interfaces/chrono_ros_interfaces/share/chrono_ros_interfaces/cmake/export_chrono_ros_interfaces__rosidl_typesupport_fastrtps_cExport.cmake
[0.428s] -- Up-to-date: /home/ros/ros/build/src/chrono_ros/chrono_ros_interfaces/chrono_ros_interfaces/share/chrono_ros_interfaces/cmake/export_chrono_ros_interfaces__rosidl_typesupport_fastrtps_cExport-noconfig.cmake
[0.428s] -- Up-to-date: /home/ros/ros/build/src/chrono_ros/chrono_ros_interfaces/chrono_ros_interfaces/share/chrono_ros_interfaces/cmake/export_chrono_ros_interfaces__rosidl_generator_cppExport.cmake
[0.428s] -- Up-to-date: /home/ros/ros/build/src/chrono_ros/chrono_ros_interfaces/chrono_ros_interfaces/share/chrono_ros_interfaces/cmake/export_chrono_ros_interfaces__rosidl_typesupport_fastrtps_cppExport.cmake
[0.428s] -- Up-to-date: /home/ros/ros/build/src/chrono_ros/chrono_ros_interfaces/chrono_ros_interfaces/share/chrono_ros_interfaces/cmake/export_chrono_ros_interfaces__rosidl_typesupport_fastrtps_cppExport-noconfig.cmake
[0.428s] -- Up-to-date: /home/ros/ros/build/src/chrono_ros/chrono_ros_interfaces/chrono_ros_interfaces/share/chrono_ros_interfaces/cmake/chrono_ros_interfaces__rosidl_typesupport_introspection_cExport.cmake
[0.428s] -- Up-to-date: /home/ros/ros/build/src/chrono_ros/chrono_ros_interfaces/chrono_ros_interfaces/share/chrono_ros_interfaces/cmake/chrono_ros_interfaces__rosidl_typesupport_introspection_cExport-noconfig.cmake
[0.428s] -- Up-to-date: /home/ros/ros/build/src/chrono_ros/chrono_ros_interfaces/chrono_ros_interfaces/share/chrono_ros_interfaces/cmake/chrono_ros_interfaces__rosidl_typesupport_cExport.cmake
[0.428s] -- Up-to-date: /home/ros/ros/build/src/chrono_ros/chrono_ros_interfaces/chrono_ros_interfaces/share/chrono_ros_interfaces/cmake/chrono_ros_interfaces__rosidl_typesupport_cExport-noconfig.cmake
[0.428s] -- Up-to-date: /home/ros/ros/build/src/chrono_ros/chrono_ros_interfaces/chrono_ros_interfaces/share/chrono_ros_interfaces/cmake/chrono_ros_interfaces__rosidl_typesupport_introspection_cppExport.cmake
[0.428s] -- Up-to-date: /home/ros/ros/build/src/chrono_ros/chrono_ros_interfaces/chrono_ros_interfaces/share/chrono_ros_interfaces/cmake/chrono_ros_interfaces__rosidl_typesupport_introspection_cppExport-noconfig.cmake
[0.428s] -- Up-to-date: /home/ros/ros/build/src/chrono_ros/chrono_ros_interfaces/chrono_ros_interfaces/share/chrono_ros_interfaces/cmake/chrono_ros_interfaces__rosidl_typesupport_cppExport.cmake
[0.428s] -- Up-to-date: /home/ros/ros/build/src/chrono_ros/chrono_ros_interfaces/chrono_ros_interfaces/share/chrono_ros_interfaces/cmake/chrono_ros_interfaces__rosidl_typesupport_cppExport-noconfig.cmake
[0.428s] -- Up-to-date: /home/ros/ros/build/src/chrono_ros/chrono_ros_interfaces/chrono_ros_interfaces/share/chrono_ros_interfaces/cmake/export_chrono_ros_interfaces__rosidl_generator_pyExport.cmake
[0.428s] -- Up-to-date: /home/ros/ros/build/src/chrono_ros/chrono_ros_interfaces/chrono_ros_interfaces/share/chrono_ros_interfaces/cmake/export_chrono_ros_interfaces__rosidl_generator_pyExport-noconfig.cmake
[0.428s] -- Up-to-date: /home/ros/ros/build/src/chrono_ros/chrono_ros_interfaces/chrono_ros_interfaces/share/chrono_ros_interfaces/cmake/rosidl_cmake-extras.cmake
[0.428s] -- Up-to-date: /home/ros/ros/build/src/chrono_ros/chrono_ros_interfaces/chrono_ros_interfaces/share/chrono_ros_interfaces/cmake/ament_cmake_export_dependencies-extras.cmake
[0.428s] -- Up-to-date: /home/ros/ros/build/src/chrono_ros/chrono_ros_interfaces/chrono_ros_interfaces/share/chrono_ros_interfaces/cmake/ament_cmake_export_include_directories-extras.cmake
[0.428s] -- Up-to-date: /home/ros/ros/build/src/chrono_ros/chrono_ros_interfaces/chrono_ros_interfaces/share/chrono_ros_interfaces/cmake/ament_cmake_export_libraries-extras.cmake
[0.428s] -- Up-to-date: /home/ros/ros/build/src/chrono_ros/chrono_ros_interfaces/chrono_ros_interfaces/share/chrono_ros_interfaces/cmake/ament_cmake_export_targets-extras.cmake
[0.429s] -- Up-to-date: /home/ros/ros/build/src/chrono_ros/chrono_ros_interfaces/chrono_ros_interfaces/share/chrono_ros_interfaces/cmake/rosidl_cmake_export_typesupport_targets-extras.cmake
[0.429s] -- Up-to-date: /home/ros/ros/build/src/chrono_ros/chrono_ros_interfaces/chrono_ros_interfaces/share/chrono_ros_interfaces/cmake/rosidl_cmake_export_typesupport_libraries-extras.cmake
[0.429s] -- Up-to-date: /home/ros/ros/build/src/chrono_ros/chrono_ros_interfaces/chrono_ros_interfaces/share/chrono_ros_interfaces/cmake/chrono_ros_interfacesConfig.cmake
[0.430s] -- Up-to-date: /home/ros/ros/build/src/chrono_ros/chrono_ros_interfaces/chrono_ros_interfaces/share/chrono_ros_interfaces/cmake/chrono_ros_interfacesConfig-version.cmake
[0.430s] -- Up-to-date: /home/ros/ros/build/src/chrono_ros/chrono_ros_interfaces/chrono_ros_interfaces/share/chrono_ros_interfaces/package.xml
[0.430s] Invoked command in '/home/ros/ros/build/src/chrono_ros/chrono_ros_interfaces/chrono_ros_interfaces' returned '0': CMAKE_PREFIX_PATH=${CMAKE_PREFIX_PATH}:/opt/ros/iron /usr/bin/cmake --install /home/ros/ros/build/src/chrono_ros/chrono_ros_interfaces/chrono_ros_interfaces
